;  LST file generated by mikroListExporter - v.2.0 
; Date/Time: 30/03/2021 18:51:22
;----------------------------------------------

;Address Opcode 	ASM
0x0000	0xF000EF45  	GOTO        138
_interrupt:
;lab3.c,112 :: 		void interrupt(){
0x0008	0xF015C000  	MOVFF       R0, 21
;lab3.c,115 :: 		if(INTCON.TMR0IF){
0x000C	0xA4F2      	BTFSS       INTCON, 2 
0x000E	0xD006      	BRA         L_interrupt8
;lab3.c,116 :: 		INTCON.TMR0IF = 0;
0x0010	0x94F2      	BCF         INTCON, 2 
;lab3.c,118 :: 		led_ms += 33;
0x0012	0x0E21      	MOVLW       33
0x0014	0x2618      	ADDWF       _led_ms, 1 
0x0016	0x0E00      	MOVLW       0
0x0018	0x2219      	ADDWFC      _led_ms+1, 1 
;lab3.c,120 :: 		}
0x001A	0xD02C      	BRA         L_interrupt9
L_interrupt8:
;lab3.c,121 :: 		else if(INTCON.RBIF){
0x001C	0xA0F2      	BTFSS       INTCON, 0 
0x001E	0xD02A      	BRA         L_interrupt10
;lab3.c,123 :: 		if(PORTB.RB7)
0x0020	0xAE81      	BTFSS       PORTB, 7 
0x0022	0xD005      	BRA         L_interrupt11
;lab3.c,124 :: 		kitt_delay += 50;
0x0024	0x0E32      	MOVLW       50
0x0026	0x2616      	ADDWF       _kitt_delay, 1 
0x0028	0x0E00      	MOVLW       0
0x002A	0x2217      	ADDWFC      _kitt_delay+1, 1 
0x002C	0xD006      	BRA         L_interrupt12
L_interrupt11:
;lab3.c,125 :: 		else if(PORTB.RB6)
0x002E	0xAC81      	BTFSS       PORTB, 6 
0x0030	0xD004      	BRA         L_interrupt13
;lab3.c,126 :: 		kitt_delay -= 50;
0x0032	0x0E32      	MOVLW       50
0x0034	0x5E16      	SUBWF       _kitt_delay, 1 
0x0036	0x0E00      	MOVLW       0
0x0038	0x5A17      	SUBWFB      _kitt_delay+1, 1 
L_interrupt13:
L_interrupt12:
;lab3.c,128 :: 		if(kitt_delay < 50)
0x003A	0x0E80      	MOVLW       128
0x003C	0x1817      	XORWF       _kitt_delay+1, 0 
0x003E	0x6E00      	MOVWF       R0 
0x0040	0x0E80      	MOVLW       128
0x0042	0x5C00      	SUBWF       R0, 0 
0x0044	0xE102      	BNZ         L__interrupt21
0x0046	0x0E32      	MOVLW       50
0x0048	0x5C16      	SUBWF       _kitt_delay, 0 
L__interrupt21:
0x004A	0xE205      	BC          L_interrupt14
;lab3.c,129 :: 		kitt_delay = 50;
0x004C	0x0E32      	MOVLW       50
0x004E	0x6E16      	MOVWF       _kitt_delay 
0x0050	0x0E00      	MOVLW       0
0x0052	0x6E17      	MOVWF       _kitt_delay+1 
0x0054	0xD00E      	BRA         L_interrupt15
L_interrupt14:
;lab3.c,130 :: 		else if(kitt_delay > 3000)
0x0056	0x0E80      	MOVLW       128
0x0058	0x0A0B      	XORLW       11
0x005A	0x6E00      	MOVWF       R0 
0x005C	0x0E80      	MOVLW       128
0x005E	0x1817      	XORWF       _kitt_delay+1, 0 
0x0060	0x5C00      	SUBWF       R0, 0 
0x0062	0xE102      	BNZ         L__interrupt22
0x0064	0x5016      	MOVF        _kitt_delay, 0 
0x0066	0x08B8      	SUBLW       184
L__interrupt22:
0x0068	0xE204      	BC          L_interrupt16
;lab3.c,131 :: 		kitt_delay = 3000;
0x006A	0x0EB8      	MOVLW       184
0x006C	0x6E16      	MOVWF       _kitt_delay 
0x006E	0x0E0B      	MOVLW       11
0x0070	0x6E17      	MOVWF       _kitt_delay+1 
L_interrupt16:
L_interrupt15:
;lab3.c,133 :: 		INTCON.RBIF = 0;
0x0072	0x90F2      	BCF         INTCON, 0 
;lab3.c,134 :: 		}
L_interrupt10:
L_interrupt9:
;lab3.c,141 :: 		}
L_end_interrupt:
L__interrupt20:
0x0074	0xF000C015  	MOVFF       21, R0
0x0078	0x0011      	RETFIE      1
; end of _interrupt
___CC2DW:
;__Lib_System.c,21 :: 		
;__Lib_System.c,23 :: 		
_CC2DL_Loop1:
;__Lib_System.c,24 :: 		
0x007A	0x0009      	TBLRD*+
;__Lib_System.c,25 :: 		
0x007C	0xFFE6CFF5  	MOVFF       TABLAT, POSTINC1
;__Lib_System.c,26 :: 		
0x0080	0x0600      	DECF        R0, 1, 0
;__Lib_System.c,27 :: 		
0x0082	0xE1FB      	BNZ         _CC2DL_Loop1
;__Lib_System.c,28 :: 		
0x0084	0x0601      	DECF        R1, 1, 0
;__Lib_System.c,29 :: 		
0x0086	0xE1F9      	BNZ         _CC2DL_Loop1
;__Lib_System.c,31 :: 		
L_end___CC2DW:
0x0088	0x0012      	RETURN      0
; end of ___CC2DW
_main:
0x008A	0x0EE8      	MOVLW       232
0x008C	0x6E16      	MOVWF       _kitt_delay 
0x008E	0x0E03      	MOVLW       3
0x0090	0x6E17      	MOVWF       23 
0x0092	0x6A18      	CLRF        _led_ms 
0x0094	0x6A19      	CLRF        25 
;lab3.c,5 :: 		void main() {
;lab3.c,10 :: 		short unsigned int dir = 1;
0x0096	0x0E01      	MOVLW       1
0x0098	0x6E1A      	MOVWF       main_dir_L0 
;lab3.c,17 :: 		TRISB.RB7 = 1;		// RB7, RB6 configured as input
0x009A	0x8E93      	BSF         TRISB, 7 
;lab3.c,18 :: 		TRISB.RB6 = 1;
0x009C	0x8C93      	BSF         TRISB, 6 
;lab3.c,20 :: 		ANSELB.RB7 = 0;		// RB7, RB6 configured as "Digital"
0x009E	0x010F      	MOVLB       15
0x00A0	0x9F39      	BCF         ANSELB, 7, 1
;lab3.c,21 :: 		ANSELB.RB6 = 0;
0x00A2	0x9D39      	BCF         ANSELB, 6, 1
;lab3.c,23 :: 		IOCB = 0b11000000;	//RB6-7 IOCB Active
0x00A4	0x0EC0      	MOVLW       192
0x00A6	0x6E62      	MOVWF       IOCB 
;lab3.c,27 :: 		TRISC = 0;  		// PORTC configured as Output, ANSELC not required
0x00A8	0x6A94      	CLRF        TRISC 
;lab3.c,31 :: 		INTCON.RBIE = 1;
0x00AA	0x86F2      	BSF         INTCON, 3 
;lab3.c,32 :: 		INTCON.RBIF = 0; // Set IOCB
0x00AC	0x90F2      	BCF         INTCON, 0 
;lab3.c,41 :: 		T0CON = 0b11000111;
0x00AE	0x0EC7      	MOVLW       199
0x00B0	0x6ED5      	MOVWF       T0CON 
;lab3.c,53 :: 		INTCON.TMR0IE = 1;
0x00B2	0x8AF2      	BSF         INTCON, 5 
;lab3.c,54 :: 		INTCON.TMR0IF = 0;
0x00B4	0x94F2      	BCF         INTCON, 2 
;lab3.c,59 :: 		LATC = 1;
0x00B6	0x0E01      	MOVLW       1
0x00B8	0x6E8B      	MOVWF       LATC 
;lab3.c,64 :: 		INTCON.GIE = 1;
0x00BA	0x8EF2      	BSF         INTCON, 7 
;lab3.c,66 :: 		while(1){
L_main0:
;lab3.c,69 :: 		if (led_ms >= kitt_delay){
0x00BC	0x0E80      	MOVLW       128
0x00BE	0x1819      	XORWF       _led_ms+1, 0 
0x00C0	0x6E00      	MOVWF       R0 
0x00C2	0x0E80      	MOVLW       128
0x00C4	0x1817      	XORWF       _kitt_delay+1, 0 
0x00C6	0x5C00      	SUBWF       R0, 0 
0x00C8	0xE102      	BNZ         L__main18
0x00CA	0x5016      	MOVF        _kitt_delay, 0 
0x00CC	0x5C18      	SUBWF       _led_ms, 0 
L__main18:
0x00CE	0xE31B      	BNC         L_main2
;lab3.c,72 :: 		if(dir)
0x00D0	0x521A      	MOVF        main_dir_L0, 1 
0x00D2	0xE007      	BZ          L_main3
;lab3.c,73 :: 		LATC <<= 1;
0x00D4	0xF000CF8B  	MOVFF       LATC, R0
0x00D8	0x3600      	RLCF        R0, 1 
0x00DA	0x9000      	BCF         R0, 0 
0x00DC	0xFF8BC000  	MOVFF       R0, LATC
0x00E0	0xD006      	BRA         L_main4
L_main3:
;lab3.c,75 :: 		LATC >>= 1;
0x00E2	0xF000CF8B  	MOVFF       LATC, R0
0x00E6	0x3200      	RRCF        R0, 1 
0x00E8	0x9E00      	BCF         R0, 7 
0x00EA	0xFF8BC000  	MOVFF       R0, LATC
L_main4:
;lab3.c,86 :: 		if(LATC >= 0b00000001)
0x00EE	0x0E01      	MOVLW       1
0x00F0	0x5C8B      	SUBWF       LATC, 0 
0x00F2	0xE303      	BNC         L_main5
;lab3.c,87 :: 		dir = 1;
0x00F4	0x0E01      	MOVLW       1
0x00F6	0x6E1A      	MOVWF       main_dir_L0 
0x00F8	0xD004      	BRA         L_main6
L_main5:
;lab3.c,88 :: 		else if(LATC <= 0b10000000)
0x00FA	0x508B      	MOVF        LATC, 0 
0x00FC	0x0880      	SUBLW       128
0x00FE	0xB0D8      	BTFSC       STATUS, 0 
;lab3.c,89 :: 		dir = 0;
0x0100	0x6A1A      	CLRF        main_dir_L0 
L_main7:
L_main6:
;lab3.c,92 :: 		led_ms = 0;
0x0102	0x6A18      	CLRF        _led_ms 
0x0104	0x6A19      	CLRF        _led_ms+1 
;lab3.c,93 :: 		}
L_main2:
;lab3.c,106 :: 		}
0x0106	0xD7DA      	BRA         L_main0
;lab3.c,108 :: 		}
L_end_main:
0x0108	0xD7FF      	BRA         $+0
; end of _main
Symbol List:
//** Routines locations **
//ADDRESS    SIZE    PROCEDURE
//----------------------------------------------
0x0008     [114]    _interrupt
0x007A      [16]    ___CC2DW
0x008A     [128]    _main
//** Variables locations ** 
//ADDRESS    SIZE    VARIABLE
//----------------------------------------------
0x0000       [1]    R0
0x0001       [1]    R1
0x0002       [1]    R2
0x0003       [1]    R3
0x0004       [1]    R4
0x0005       [1]    R5
0x0006       [1]    R6
0x0007       [1]    R7
0x0008       [1]    R8
0x0009       [1]    R9
0x000A       [1]    R10
0x000B       [1]    R11
0x000C       [1]    R12
0x000D       [1]    R13
0x000E       [1]    R14
0x000F       [1]    R15
0x0010       [1]    R16
0x0011       [1]    R17
0x0012       [1]    R18
0x0013       [1]    R19
0x0014       [1]    R20
0x0016       [2]    _kitt_delay
0x0018       [2]    _led_ms
0x001A       [1]    main_dir_L0
0x0F39       [1]    ANSELB
0x0F62       [1]    IOCB
0x0F81       [1]    PORTB
0x0F8B       [1]    LATC
0x0F93       [1]    TRISB
0x0F94       [1]    TRISC
0x0FD5       [1]    T0CON
0x0FD8       [1]    STATUS
0x0FD9       [1]    FSR2L
0x0FDA       [1]    FSR2H
0x0FDE       [1]    POSTINC2
0x0FE0       [1]    BSR
0x0FE1       [1]    FSR1L
0x0FE2       [1]    FSR1H
0x0FE4       [1]    PREINC1
0x0FE6       [1]    POSTINC1
0x0FE7       [1]    INDF1
0x0FE8       [1]    WREG
0x0FE9       [1]    FSR0L
0x0FEA       [1]    FSR0H
0x0FEE       [1]    POSTINC0
0x0FF2       [1]    INTCON
0x0FF3       [1]    PRODL
0x0FF4       [1]    PRODH
0x0FF5       [1]    TABLAT
0x0FF6       [1]    TBLPTRL
0x0FF7       [1]    TBLPTRH
0x0FF8       [1]    TBLPTRU
