;  LST file generated by mikroListExporter - v.2.0 
; Date/Time: 16/06/2021 11:29:38
;----------------------------------------------

;Address Opcode 	ASM
0x0000	0xF003EFD3  	GOTO        1958
_interrupt:
;B.c,105 :: 		void interrupt(){
;B.c,106 :: 		if (INTCON.TMR0IF){
0x0008	0xA4F2      	BTFSS       INTCON, 2 
0x000A	0xD005      	BRA         L_interrupt14
;B.c,107 :: 		INTCON.TMR0IE=0;
0x000C	0x9AF2      	BCF         INTCON, 5 
;B.c,108 :: 		tmr0_overflof=1;
0x000E	0x0E01      	MOVLW       1
0x0010	0x6E42      	MOVWF       _tmr0_overflof 
;B.c,109 :: 		INTCON.TMR0IF=0;
0x0012	0x94F2      	BCF         INTCON, 2 
;B.c,110 :: 		INTCON.TMR0IE=1;
0x0014	0x8AF2      	BSF         INTCON, 5 
;B.c,111 :: 		}
L_interrupt14:
;B.c,112 :: 		}
L_end_interrupt:
L__interrupt20:
0x0016	0x0011      	RETFIE      1
; end of _interrupt
_Delay_1us:
;__Lib_Delays.c,7 :: 		void Delay_1us() {
;__Lib_Delays.c,8 :: 		Delay_us(1);
0x0018	0x0000      	NOP
0x001A	0x0000      	NOP
;__Lib_Delays.c,9 :: 		}
L_end_Delay_1us:
0x001C	0x0012      	RETURN      0
; end of _Delay_1us
_Delay_5500us:
;__Lib_Delays.c,31 :: 		void Delay_5500us() {
;__Lib_Delays.c,32 :: 		Delay_us(5500);
0x001E	0x0E0F      	MOVLW       15
0x0020	0x6E0C      	MOVWF       R12, 0
0x0022	0x0E47      	MOVLW       71
0x0024	0x6E0D      	MOVWF       R13, 0
L_Delay_5500us5:
0x0026	0x2E0D      	DECFSZ      R13, 1, 0
0x0028	0xD7FE      	BRA         L_Delay_5500us5
0x002A	0x2E0C      	DECFSZ      R12, 1, 0
0x002C	0xD7FC      	BRA         L_Delay_5500us5
0x002E	0x0000      	NOP
0x0030	0x0000      	NOP
;__Lib_Delays.c,33 :: 		}
L_end_Delay_5500us:
0x0032	0x0012      	RETURN      0
; end of _Delay_5500us
_Delay_50us:
;__Lib_Delays.c,19 :: 		void Delay_50us() {
;__Lib_Delays.c,20 :: 		Delay_us(50);
0x0034	0x0E21      	MOVLW       33
0x0036	0x6E0D      	MOVWF       R13, 0
L_Delay_50us2:
0x0038	0x2E0D      	DECFSZ      R13, 1, 0
0x003A	0xD7FE      	BRA         L_Delay_50us2
;__Lib_Delays.c,21 :: 		}
L_end_Delay_50us:
0x003C	0x0012      	RETURN      0
; end of _Delay_50us
_SETFOV32:
;__Lib_MathDouble.c,82 :: 		
;__Lib_MathDouble.c,90 :: 		
0x003E	0x820B      	BSF         R11, 1, 0
;__Lib_MathDouble.c,91 :: 		
0x0040	0xAE0B      	BTFSS       R11, 7, 0
;__Lib_MathDouble.c,92 :: 		
0x0042	0xF000EF29  	GOTO        SETFOV32EEE
;__Lib_MathDouble.c,94 :: 		
0x0046	0x6803      	SETF        R3, 0
;__Lib_MathDouble.c,95 :: 		
0x0048	0x6802      	SETF        R2, 0
;__Lib_MathDouble.c,96 :: 		
0x004A	0x6801      	SETF        R1, 0
;__Lib_MathDouble.c,97 :: 		
0x004C	0x6800      	SETF        R0, 0
;__Lib_MathDouble.c,98 :: 		
0x004E	0x360A      	RLCF        R10, 1, 0
;__Lib_MathDouble.c,99 :: 		
0x0050	0x3202      	RRCF        R2, 1, 0
;__Lib_MathDouble.c,100 :: 		
SETFOV32EEE:
;__Lib_MathDouble.c,101 :: 		
0x0052	0x0EFF      	MOVLW       255
;__Lib_MathDouble.c,103 :: 		
L_end_SETFOV32:
0x0054	0x0012      	RETURN      0
; end of _SETFOV32
_FIXSIGN32:
;__Lib_MathDouble.c,117 :: 		
;__Lib_MathDouble.c,121 :: 		
0x0056	0xAE0A      	BTFSS       R10, 7, 0
;__Lib_MathDouble.c,122 :: 		
0x0058	0x9E02      	BCF         R2, 7, 0
;__Lib_MathDouble.c,123 :: 		
0x005A	0x0E00      	MOVLW       0
;__Lib_MathDouble.c,125 :: 		
L_end_FIXSIGN32:
0x005C	0x0012      	RETURN      0
; end of _FIXSIGN32
_SETFUN32:
;__Lib_MathDouble.c,144 :: 		
;__Lib_MathDouble.c,152 :: 		
0x005E	0x840B      	BSF         R11, 2, 0
;__Lib_MathDouble.c,153 :: 		
0x0060	0xAE0B      	BTFSS       R11, 7, 0
;__Lib_MathDouble.c,154 :: 		
0x0062	0xF000EF3A  	GOTO        SETFUN32EEE
;__Lib_MathDouble.c,156 :: 		
0x0066	0x0E01      	MOVLW       1
;__Lib_MathDouble.c,157 :: 		
0x0068	0x6E03      	MOVWF       R3, 0
;__Lib_MathDouble.c,158 :: 		
0x006A	0x6A02      	CLRF        R2, 0
;__Lib_MathDouble.c,159 :: 		
0x006C	0x6A01      	CLRF        R1, 0
;__Lib_MathDouble.c,160 :: 		
0x006E	0x6A00      	CLRF        R0, 0
;__Lib_MathDouble.c,161 :: 		
0x0070	0x360A      	RLCF        R10, 1, 0
;__Lib_MathDouble.c,162 :: 		
0x0072	0x3202      	RRCF        R2, 1, 0
;__Lib_MathDouble.c,163 :: 		
SETFUN32EEE:
;__Lib_MathDouble.c,164 :: 		
0x0074	0x0EFF      	MOVLW       255
;__Lib_MathDouble.c,166 :: 		
L_end_SETFUN32:
0x0076	0x0012      	RETURN      0
; end of _SETFUN32
_RES032:
;__Lib_MathDouble.c,128 :: 		
;__Lib_MathDouble.c,134 :: 		
0x0078	0x6A02      	CLRF        R2, 0
;__Lib_MathDouble.c,135 :: 		
0x007A	0x6A01      	CLRF        R1, 0
;__Lib_MathDouble.c,136 :: 		
0x007C	0x6A00      	CLRF        R0, 0
;__Lib_MathDouble.c,137 :: 		
0x007E	0x6A08      	CLRF        R8, 0
;__Lib_MathDouble.c,138 :: 		
0x0080	0x6A03      	CLRF        R3, 0
;__Lib_MathDouble.c,139 :: 		
0x0082	0x0E00      	MOVLW       0
;__Lib_MathDouble.c,141 :: 		
L_end_RES032:
0x0084	0x0012      	RETURN      0
; end of _RES032
_Lcd_Cmd:
;__Lib_Lcd.c,18 :: 		
;__Lib_Lcd.c,20 :: 		
0x0086	0x0100      	MOVLB       0
0x0088	0xBF6B      	BTFSC       FARG_Lcd_Cmd_out_char, 7, 1
0x008A	0xD002      	BRA         L__Lcd_Cmd21
0x008C	0x968A      	BCF         LCD_D7, BitPos(LCD_D7+0) 
0x008E	0xD001      	BRA         L__Lcd_Cmd22
L__Lcd_Cmd21:
0x0090	0x868A      	BSF         LCD_D7, BitPos(LCD_D7+0) 
L__Lcd_Cmd22:
;__Lib_Lcd.c,21 :: 		
0x0092	0xBD6B      	BTFSC       FARG_Lcd_Cmd_out_char, 6, 1
0x0094	0xD002      	BRA         L__Lcd_Cmd23
0x0096	0x948A      	BCF         LCD_D6, BitPos(LCD_D6+0) 
0x0098	0xD001      	BRA         L__Lcd_Cmd24
L__Lcd_Cmd23:
0x009A	0x848A      	BSF         LCD_D6, BitPos(LCD_D6+0) 
L__Lcd_Cmd24:
;__Lib_Lcd.c,22 :: 		
0x009C	0xBB6B      	BTFSC       FARG_Lcd_Cmd_out_char, 5, 1
0x009E	0xD002      	BRA         L__Lcd_Cmd25
0x00A0	0x928A      	BCF         LCD_D5, BitPos(LCD_D5+0) 
0x00A2	0xD001      	BRA         L__Lcd_Cmd26
L__Lcd_Cmd25:
0x00A4	0x828A      	BSF         LCD_D5, BitPos(LCD_D5+0) 
L__Lcd_Cmd26:
;__Lib_Lcd.c,23 :: 		
0x00A6	0xB96B      	BTFSC       FARG_Lcd_Cmd_out_char, 4, 1
0x00A8	0xD002      	BRA         L__Lcd_Cmd27
0x00AA	0x908A      	BCF         LCD_D4, BitPos(LCD_D4+0) 
0x00AC	0xD001      	BRA         L__Lcd_Cmd28
L__Lcd_Cmd27:
0x00AE	0x808A      	BSF         LCD_D4, BitPos(LCD_D4+0) 
L__Lcd_Cmd28:
;__Lib_Lcd.c,25 :: 		
0x00B0	0xB04D      	BTFSC       __Lib_Lcd_cmd_status, BitPos(__Lib_Lcd_cmd_status+0) 
0x00B2	0xD002      	BRA         L__Lcd_Cmd29
0x00B4	0x888A      	BSF         LCD_RS, BitPos(LCD_RS+0) 
0x00B6	0xD001      	BRA         L__Lcd_Cmd30
L__Lcd_Cmd29:
0x00B8	0x988A      	BCF         LCD_RS, BitPos(LCD_RS+0) 
L__Lcd_Cmd30:
;__Lib_Lcd.c,28 :: 		
0x00BA	0x8A8A      	BSF         LCD_EN, BitPos(LCD_EN+0) 
;__Lib_Lcd.c,29 :: 		
0x00BC	0xDFAD      	RCALL       _Delay_1us
;__Lib_Lcd.c,30 :: 		
0x00BE	0x9A8A      	BCF         LCD_EN, BitPos(LCD_EN+0) 
;__Lib_Lcd.c,33 :: 		
0x00C0	0xB76B      	BTFSC       FARG_Lcd_Cmd_out_char, 3, 1
0x00C2	0xD002      	BRA         L__Lcd_Cmd31
0x00C4	0x968A      	BCF         LCD_D7, BitPos(LCD_D7+0) 
0x00C6	0xD001      	BRA         L__Lcd_Cmd32
L__Lcd_Cmd31:
0x00C8	0x868A      	BSF         LCD_D7, BitPos(LCD_D7+0) 
L__Lcd_Cmd32:
;__Lib_Lcd.c,34 :: 		
0x00CA	0xB56B      	BTFSC       FARG_Lcd_Cmd_out_char, 2, 1
0x00CC	0xD002      	BRA         L__Lcd_Cmd33
0x00CE	0x948A      	BCF         LCD_D6, BitPos(LCD_D6+0) 
0x00D0	0xD001      	BRA         L__Lcd_Cmd34
L__Lcd_Cmd33:
0x00D2	0x848A      	BSF         LCD_D6, BitPos(LCD_D6+0) 
L__Lcd_Cmd34:
;__Lib_Lcd.c,35 :: 		
0x00D4	0xB36B      	BTFSC       FARG_Lcd_Cmd_out_char, 1, 1
0x00D6	0xD002      	BRA         L__Lcd_Cmd35
0x00D8	0x928A      	BCF         LCD_D5, BitPos(LCD_D5+0) 
0x00DA	0xD001      	BRA         L__Lcd_Cmd36
L__Lcd_Cmd35:
0x00DC	0x828A      	BSF         LCD_D5, BitPos(LCD_D5+0) 
L__Lcd_Cmd36:
;__Lib_Lcd.c,36 :: 		
0x00DE	0xB16B      	BTFSC       FARG_Lcd_Cmd_out_char, 0, 1
0x00E0	0xD002      	BRA         L__Lcd_Cmd37
0x00E2	0x908A      	BCF         LCD_D4, BitPos(LCD_D4+0) 
0x00E4	0xD001      	BRA         L__Lcd_Cmd38
L__Lcd_Cmd37:
0x00E6	0x808A      	BSF         LCD_D4, BitPos(LCD_D4+0) 
L__Lcd_Cmd38:
;__Lib_Lcd.c,38 :: 		
0x00E8	0xB04D      	BTFSC       __Lib_Lcd_cmd_status, BitPos(__Lib_Lcd_cmd_status+0) 
0x00EA	0xD002      	BRA         L__Lcd_Cmd39
0x00EC	0x888A      	BSF         LCD_RS, BitPos(LCD_RS+0) 
0x00EE	0xD001      	BRA         L__Lcd_Cmd40
L__Lcd_Cmd39:
0x00F0	0x988A      	BCF         LCD_RS, BitPos(LCD_RS+0) 
L__Lcd_Cmd40:
;__Lib_Lcd.c,40 :: 		
0x00F2	0x8A8A      	BSF         LCD_EN, BitPos(LCD_EN+0) 
;__Lib_Lcd.c,41 :: 		
0x00F4	0xDF91      	RCALL       _Delay_1us
;__Lib_Lcd.c,42 :: 		
0x00F6	0x9A8A      	BCF         LCD_EN, BitPos(LCD_EN+0) 
;__Lib_Lcd.c,44 :: 		
0x00F8	0xA04D      	BTFSS       __Lib_Lcd_cmd_status, BitPos(__Lib_Lcd_cmd_status+0) 
0x00FA	0xD002      	BRA         L_Lcd_Cmd0
;__Lib_Lcd.c,45 :: 		
0x00FC	0xDF90      	RCALL       _Delay_5500us
0x00FE	0xD001      	BRA         L_Lcd_Cmd1
L_Lcd_Cmd0:
;__Lib_Lcd.c,47 :: 		
0x0100	0xDF99      	RCALL       _Delay_50us
L_Lcd_Cmd1:
;__Lib_Lcd.c,48 :: 		
L_end_Lcd_Cmd:
0x0102	0x0012      	RETURN      0
; end of _Lcd_Cmd
_Div_16X16_U:
;__Lib_Math.c,102 :: 		
;__Lib_Math.c,109 :: 		
0x0104	0x6A08      	CLRF        R8, 0
;__Lib_Math.c,110 :: 		
0x0106	0x6A09      	CLRF        R9, 0
;__Lib_Math.c,111 :: 		
0x0108	0x0E10      	MOVLW       16
;__Lib_Math.c,112 :: 		
0x010A	0x6E0C      	MOVWF       R12, 0
;__Lib_Math.c,113 :: 		
0x010C	0x3401      	RLCF        R1, 0, 0
;__Lib_Math.c,114 :: 		
0x010E	0x3608      	RLCF        R8, 1, 0
;__Lib_Math.c,115 :: 		
0x0110	0x3609      	RLCF        R9, 1, 0
;__Lib_Math.c,116 :: 		
0x0112	0x5004      	MOVF        R4, 0, 0
;__Lib_Math.c,117 :: 		
0x0114	0x5E08      	SUBWF       R8, 1, 0
;__Lib_Math.c,118 :: 		
0x0116	0x5005      	MOVF        R5, 0, 0
;__Lib_Math.c,119 :: 		
0x0118	0xA0D8      	BTFSS       STATUS, 0, 0
;__Lib_Math.c,120 :: 		
0x011A	0x3C05      	INCFSZ      R5, 0, 0
;__Lib_Math.c,121 :: 		
0x011C	0x5E09      	SUBWF       R9, 1, 0
;__Lib_Math.c,122 :: 		
0x011E	0xB0D8      	BTFSC       STATUS, 0, 0
;__Lib_Math.c,123 :: 		
0x0120	0xD007      	BRA         $+16
;__Lib_Math.c,124 :: 		
0x0122	0x5004      	MOVF        R4, 0, 0
;__Lib_Math.c,125 :: 		
0x0124	0x2608      	ADDWF       R8, 1, 0
;__Lib_Math.c,126 :: 		
0x0126	0x5005      	MOVF        R5, 0, 0
;__Lib_Math.c,127 :: 		
0x0128	0xB0D8      	BTFSC       STATUS, 0, 0
;__Lib_Math.c,128 :: 		
0x012A	0x3C05      	INCFSZ      R5, 0, 0
;__Lib_Math.c,129 :: 		
0x012C	0x2609      	ADDWF       R9, 1, 0
;__Lib_Math.c,130 :: 		
0x012E	0x90D8      	BCF         STATUS, 0, 0
;__Lib_Math.c,131 :: 		
0x0130	0x3600      	RLCF        R0, 1, 0
;__Lib_Math.c,132 :: 		
0x0132	0x3601      	RLCF        R1, 1, 0
;__Lib_Math.c,133 :: 		
0x0134	0x2E0C      	DECFSZ      R12, 1, 0
;__Lib_Math.c,134 :: 		
0x0136	0xD7EA      	BRA         $-42
;__Lib_Math.c,136 :: 		
L_end_Div_16X16_U:
0x0138	0x0012      	RETURN      0
; end of _Div_16X16_U
_SETIOV3224:
;__Lib_MathDouble.c,530 :: 		
;__Lib_MathDouble.c,537 :: 		
0x013A	0x800B      	BSF         R11, 0, 0
;__Lib_MathDouble.c,538 :: 		
0x013C	0xAE0B      	BTFSS       R11, 7, 0
;__Lib_MathDouble.c,539 :: 		
0x013E	0xF000EFA9  	GOTO        SETIOV3224EEE
;__Lib_MathDouble.c,541 :: 		
0x0142	0x6A02      	CLRF        R2, 0
;__Lib_MathDouble.c,542 :: 		
0x0144	0xAE0A      	BTFSS       R10, 7, 0
;__Lib_MathDouble.c,543 :: 		
0x0146	0x0EFF      	MOVLW       255
;__Lib_MathDouble.c,544 :: 		
0x0148	0x6E02      	MOVWF       R2, 0
;__Lib_MathDouble.c,545 :: 		
0x014A	0x6E01      	MOVWF       R1, 0
;__Lib_MathDouble.c,546 :: 		
0x014C	0x6E00      	MOVWF       R0, 0
;__Lib_MathDouble.c,547 :: 		
0x014E	0x360A      	RLCF        R10, 1, 0
;__Lib_MathDouble.c,548 :: 		
0x0150	0x3202      	RRCF        R2, 1, 0
;__Lib_MathDouble.c,549 :: 		
SETIOV3224EEE:
;__Lib_MathDouble.c,550 :: 		
0x0152	0x0EFF      	MOVLW       255
;__Lib_MathDouble.c,552 :: 		
L_end_SETIOV3224:
0x0154	0x0012      	RETURN      0
; end of _SETIOV3224
_WordToStr:
;__Lib_Conversions.c,98 :: 		
;__Lib_Conversions.c,103 :: 		
0x0156	0x0100      	MOVLB       0
0x0158	0x6B60      	CLRF        WordToStr_len_L0, 1
L_WordToStr11:
0x015A	0x0E05      	MOVLW       5
0x015C	0x5D60      	SUBWF       WordToStr_len_L0, 0, 1
0x015E	0xE20A      	BC          L_WordToStr12
;__Lib_Conversions.c,104 :: 		
0x0160	0x5160      	MOVF        WordToStr_len_L0, 0, 1
0x0162	0x2567      	ADDWF       FARG_WordToStr_output, 0, 1
0x0164	0x6EE1      	MOVWF       FSR1L 
0x0166	0x0E00      	MOVLW       0
0x0168	0x2168      	ADDWFC      FARG_WordToStr_output+1, 0, 1
0x016A	0x6EE2      	MOVWF       FSR1L+1 
0x016C	0x0E20      	MOVLW       32
0x016E	0x6EE6      	MOVWF       POSTINC1 
;__Lib_Conversions.c,103 :: 		
0x0170	0x2B60      	INCF        WordToStr_len_L0, 1, 1
;__Lib_Conversions.c,104 :: 		
0x0172	0xD7F3      	BRA         L_WordToStr11
L_WordToStr12:
;__Lib_Conversions.c,105 :: 		
0x0174	0x5160      	MOVF        WordToStr_len_L0, 0, 1
0x0176	0x2567      	ADDWF       FARG_WordToStr_output, 0, 1
0x0178	0x6EE1      	MOVWF       FSR1L 
0x017A	0x0E00      	MOVLW       0
0x017C	0x2168      	ADDWFC      FARG_WordToStr_output+1, 0, 1
0x017E	0x6EE2      	MOVWF       FSR1L+1 
0x0180	0x6AE6      	CLRF        POSTINC1 
0x0182	0x0760      	DECF        WordToStr_len_L0, 1, 1
;__Lib_Conversions.c,107 :: 		
L_WordToStr14:
;__Lib_Conversions.c,108 :: 		
0x0184	0x5160      	MOVF        WordToStr_len_L0, 0, 1
0x0186	0x2567      	ADDWF       FARG_WordToStr_output, 0, 1
0x0188	0x6F69      	MOVWF       FLOC__WordToStr, 1
0x018A	0x0E00      	MOVLW       0
0x018C	0x2168      	ADDWFC      FARG_WordToStr_output+1, 0, 1
0x018E	0x6F6A      	MOVWF       FLOC__WordToStr+1, 1
0x0190	0x0E0A      	MOVLW       10
0x0192	0x6E04      	MOVWF       R4 
0x0194	0x0E00      	MOVLW       0
0x0196	0x6E05      	MOVWF       R5 
0x0198	0xF000C065  	MOVFF       FARG_WordToStr_input, R0
0x019C	0xF001C066  	MOVFF       FARG_WordToStr_input+1, R1
0x01A0	0xDFB1      	RCALL       _Div_16X16_U
0x01A2	0xF000C008  	MOVFF       R8, R0
0x01A6	0xF001C009  	MOVFF       R9, R1
0x01AA	0x0E30      	MOVLW       48
0x01AC	0x2600      	ADDWF       R0, 1 
0x01AE	0xFFE1C069  	MOVFF       FLOC__WordToStr, FSR1L
0x01B2	0xFFE2C06A  	MOVFF       FLOC__WordToStr+1, FSR1H
0x01B6	0xFFE6C000  	MOVFF       R0, POSTINC1
;__Lib_Conversions.c,109 :: 		
0x01BA	0x0E0A      	MOVLW       10
0x01BC	0x6E04      	MOVWF       R4 
0x01BE	0x0E00      	MOVLW       0
0x01C0	0x6E05      	MOVWF       R5 
0x01C2	0xF000C065  	MOVFF       FARG_WordToStr_input, R0
0x01C6	0xF001C066  	MOVFF       FARG_WordToStr_input+1, R1
0x01CA	0xDF9C      	RCALL       _Div_16X16_U
0x01CC	0xF065C000  	MOVFF       R0, FARG_WordToStr_input
0x01D0	0xF066C001  	MOVFF       R1, FARG_WordToStr_input+1
;__Lib_Conversions.c,110 :: 		
0x01D4	0x0E00      	MOVLW       0
0x01D6	0x1801      	XORWF       R1, 0 
0x01D8	0xE102      	BNZ         L__WordToStr379
0x01DA	0x0E00      	MOVLW       0
0x01DC	0x1800      	XORWF       R0, 0 
L__WordToStr379:
0x01DE	0xE101      	BNZ         L_WordToStr16
;__Lib_Conversions.c,111 :: 		
0x01E0	0xD002      	BRA         L_WordToStr15
L_WordToStr16:
;__Lib_Conversions.c,112 :: 		
0x01E2	0x0760      	DECF        WordToStr_len_L0, 1, 1
;__Lib_Conversions.c,113 :: 		
0x01E4	0xD7CF      	BRA         L_WordToStr14
L_WordToStr15:
;__Lib_Conversions.c,114 :: 		
L_end_WordToStr:
0x01E6	0x0012      	RETURN      0
; end of _WordToStr
_NRM4032:
;__Lib_MathDouble.c,174 :: 		
;__Lib_MathDouble.c,183 :: 		
0x01E8	0xB00C      	BTFSC       R12, 0, 0
;__Lib_MathDouble.c,184 :: 		
0x01EA	0xF001EF36  	GOTO        NRMRND4032
;__Lib_MathDouble.c,185 :: 		
0x01EE	0xA20C      	BTFSS       R12, 1, 0
;__Lib_MathDouble.c,186 :: 		
0x01F0	0xF001EFDC  	GOTO        NRM40JPSETFOV32
;__Lib_MathDouble.c,188 :: 		
0x01F4	0x6A0E      	CLRF        R14, 0
;__Lib_MathDouble.c,189 :: 		
0x01F6	0x0E00      	MOVLW       0
;__Lib_MathDouble.c,190 :: 		
0x01F8	0x6402      	CPFSGT      R2, 0
;__Lib_MathDouble.c,191 :: 		
0x01FA	0xF001EF4D  	GOTO        NRM4032A
;__Lib_MathDouble.c,194 :: 		
0x01FE	0x0EF0      	MOVLW       240
;__Lib_MathDouble.c,195 :: 		
0x0200	0x1402      	ANDWF       R2, 0, 0
;__Lib_MathDouble.c,196 :: 		
0x0202	0xA4D8      	BTFSS       STATUS, 2, 0
;__Lib_MathDouble.c,197 :: 		
0x0204	0xF001EF18  	GOTO        NORM4032
;__Lib_MathDouble.c,199 :: 		
0x0208	0x3A02      	SWAPF       R2, 1, 0
;__Lib_MathDouble.c,200 :: 		
0x020A	0x3801      	SWAPF       R1, 0, 0
;__Lib_MathDouble.c,201 :: 		
0x020C	0x0B0F      	ANDLW       15
;__Lib_MathDouble.c,202 :: 		
0x020E	0x2602      	ADDWF       R2, 1, 0
;__Lib_MathDouble.c,204 :: 		
0x0210	0x3801      	SWAPF       R1, 0, 0
;__Lib_MathDouble.c,205 :: 		
0x0212	0x0BF0      	ANDLW       240
;__Lib_MathDouble.c,206 :: 		
0x0214	0x6E01      	MOVWF       R1, 0
;__Lib_MathDouble.c,207 :: 		
0x0216	0x3800      	SWAPF       R0, 0, 0
;__Lib_MathDouble.c,208 :: 		
0x0218	0x0B0F      	ANDLW       15
;__Lib_MathDouble.c,209 :: 		
0x021A	0x2601      	ADDWF       R1, 1, 0
;__Lib_MathDouble.c,211 :: 		
0x021C	0x3800      	SWAPF       R0, 0, 0
;__Lib_MathDouble.c,212 :: 		
0x021E	0x0BF0      	ANDLW       240
;__Lib_MathDouble.c,213 :: 		
0x0220	0x6E00      	MOVWF       R0, 0
;__Lib_MathDouble.c,214 :: 		
0x0222	0x3808      	SWAPF       R8, 0, 0
;__Lib_MathDouble.c,215 :: 		
0x0224	0x0B0F      	ANDLW       15
;__Lib_MathDouble.c,216 :: 		
0x0226	0x2600      	ADDWF       R0, 1, 0
;__Lib_MathDouble.c,218 :: 		
0x0228	0x3808      	SWAPF       R8, 0, 0
;__Lib_MathDouble.c,219 :: 		
0x022A	0x0BF0      	ANDLW       240
;__Lib_MathDouble.c,220 :: 		
0x022C	0x6E08      	MOVWF       R8, 0
;__Lib_MathDouble.c,222 :: 		
0x022E	0x840E      	BSF         R14, 2, 0
;__Lib_MathDouble.c,224 :: 		
NORM4032:
;__Lib_MathDouble.c,225 :: 		
0x0230	0x90D8      	BCF         STATUS, 0, 0
;__Lib_MathDouble.c,227 :: 		
0x0232	0xBE02      	BTFSC       R2, 7, 0
;__Lib_MathDouble.c,228 :: 		
0x0234	0xF001EF31  	GOTO        TNORMUN4032
;__Lib_MathDouble.c,229 :: 		
0x0238	0x3608      	RLCF        R8, 1, 0
;__Lib_MathDouble.c,230 :: 		
0x023A	0x3600      	RLCF        R0, 1, 0
;__Lib_MathDouble.c,231 :: 		
0x023C	0x3601      	RLCF        R1, 1, 0
;__Lib_MathDouble.c,232 :: 		
0x023E	0x3602      	RLCF        R2, 1, 0
;__Lib_MathDouble.c,233 :: 		
0x0240	0x2A0E      	INCF        R14, 1, 0
;__Lib_MathDouble.c,234 :: 		
0x0242	0xBE02      	BTFSC       R2, 7, 0
;__Lib_MathDouble.c,235 :: 		
0x0244	0xF001EF31  	GOTO        TNORMUN4032
;__Lib_MathDouble.c,236 :: 		
0x0248	0x3608      	RLCF        R8, 1, 0
;__Lib_MathDouble.c,237 :: 		
0x024A	0x3600      	RLCF        R0, 1, 0
;__Lib_MathDouble.c,238 :: 		
0x024C	0x3601      	RLCF        R1, 1, 0
;__Lib_MathDouble.c,239 :: 		
0x024E	0x3602      	RLCF        R2, 1, 0
;__Lib_MathDouble.c,240 :: 		
0x0250	0x2A0E      	INCF        R14, 1, 0
;__Lib_MathDouble.c,241 :: 		
0x0252	0xBE02      	BTFSC       R2, 7, 0
;__Lib_MathDouble.c,242 :: 		
0x0254	0xF001EF31  	GOTO        TNORMUN4032
;__Lib_MathDouble.c,243 :: 		
0x0258	0x3608      	RLCF        R8, 1, 0
;__Lib_MathDouble.c,244 :: 		
0x025A	0x3600      	RLCF        R0, 1, 0
;__Lib_MathDouble.c,245 :: 		
0x025C	0x3601      	RLCF        R1, 1, 0
;__Lib_MathDouble.c,246 :: 		
0x025E	0x3602      	RLCF        R2, 1, 0
;__Lib_MathDouble.c,247 :: 		
0x0260	0x2A0E      	INCF        R14, 1, 0
;__Lib_MathDouble.c,249 :: 		
TNORMUN4032:
;__Lib_MathDouble.c,250 :: 		
0x0262	0x500E      	MOVF        R14, 0, 0
;__Lib_MathDouble.c,251 :: 		
0x0264	0x6403      	CPFSGT      R3, 0
;__Lib_MathDouble.c,252 :: 		
0x0266	0xF001EFD2  	GOTO        NRM40JPSETFUN32
;__Lib_MathDouble.c,253 :: 		
0x026A	0x5E03      	SUBWF       R3, 1, 0
;__Lib_MathDouble.c,255 :: 		
NRMRND4032:
;__Lib_MathDouble.c,256 :: 		
0x026C	0xBC0B      	BTFSC       R11, 6, 0
;__Lib_MathDouble.c,257 :: 		
0x026E	0xAE08      	BTFSS       R8, 7, 0
;__Lib_MathDouble.c,258 :: 		
0x0270	0xF001EFD7  	GOTO        NRM40JPFIXSIGN32
;__Lib_MathDouble.c,259 :: 		
0x0274	0x80D8      	BSF         STATUS, 0, 0
;__Lib_MathDouble.c,260 :: 		
0x0276	0x0E80      	MOVLW       128
;__Lib_MathDouble.c,261 :: 		
0x0278	0x6408      	CPFSGT      R8, 0
;__Lib_MathDouble.c,262 :: 		
0x027A	0x3000      	RRCF        R0, 0, 0
;__Lib_MathDouble.c,263 :: 		
0x027C	0x0E00      	MOVLW       0
;__Lib_MathDouble.c,264 :: 		
0x027E	0x2200      	ADDWFC      R0, 1, 0
;__Lib_MathDouble.c,265 :: 		
0x0280	0x2201      	ADDWFC      R1, 1, 0
;__Lib_MathDouble.c,266 :: 		
0x0282	0x2202      	ADDWFC      R2, 1, 0
;__Lib_MathDouble.c,268 :: 		
0x0284	0xA0D8      	BTFSS       STATUS, 0, 0
;__Lib_MathDouble.c,269 :: 		
0x0286	0xF001EFD7  	GOTO        NRM40JPFIXSIGN32
;__Lib_MathDouble.c,270 :: 		
0x028A	0x3202      	RRCF        R2, 1, 0
;__Lib_MathDouble.c,271 :: 		
0x028C	0x3201      	RRCF        R1, 1, 0
;__Lib_MathDouble.c,272 :: 		
0x028E	0x3200      	RRCF        R0, 1, 0
;__Lib_MathDouble.c,273 :: 		
0x0290	0x4A03      	INFSNZ      R3, 1, 0
;__Lib_MathDouble.c,274 :: 		
0x0292	0xF001EFDC  	GOTO        NRM40JPSETFOV32
;__Lib_MathDouble.c,275 :: 		
0x0296	0xF001EFD7  	GOTO        NRM40JPFIXSIGN32
;__Lib_MathDouble.c,277 :: 		
NRM4032A:
;__Lib_MathDouble.c,278 :: 		
0x029A	0xF002C001  	MOVFF       R1, R2
;__Lib_MathDouble.c,279 :: 		
0x029E	0xF001C000  	MOVFF       R0, R1
;__Lib_MathDouble.c,280 :: 		
0x02A2	0xF000C008  	MOVFF       R8, R0
;__Lib_MathDouble.c,281 :: 		
0x02A6	0x6A08      	CLRF        R8, 0
;__Lib_MathDouble.c,282 :: 		
0x02A8	0x0E00      	MOVLW       0
;__Lib_MathDouble.c,283 :: 		
0x02AA	0x860E      	BSF         R14, 3, 0
;__Lib_MathDouble.c,284 :: 		
0x02AC	0x6402      	CPFSGT      R2, 0
;__Lib_MathDouble.c,285 :: 		
0x02AE	0xF001EF84  	GOTO        NRM4032B
;__Lib_MathDouble.c,288 :: 		
0x02B2	0x0EF0      	MOVLW       240
;__Lib_MathDouble.c,289 :: 		
0x02B4	0x1402      	ANDWF       R2, 0, 0
;__Lib_MathDouble.c,290 :: 		
0x02B6	0xA4D8      	BTFSS       STATUS, 2, 0
;__Lib_MathDouble.c,291 :: 		
0x02B8	0xF001EF6C  	GOTO        NORM4032A
;__Lib_MathDouble.c,292 :: 		
0x02BC	0x3A02      	SWAPF       R2, 1, 0
;__Lib_MathDouble.c,293 :: 		
0x02BE	0x3801      	SWAPF       R1, 0, 0
;__Lib_MathDouble.c,294 :: 		
0x02C0	0x0B0F      	ANDLW       15
;__Lib_MathDouble.c,295 :: 		
0x02C2	0x2602      	ADDWF       R2, 1, 0
;__Lib_MathDouble.c,297 :: 		
0x02C4	0x3801      	SWAPF       R1, 0, 0
;__Lib_MathDouble.c,298 :: 		
0x02C6	0x0BF0      	ANDLW       240
;__Lib_MathDouble.c,299 :: 		
0x02C8	0x6E01      	MOVWF       R1, 0
;__Lib_MathDouble.c,300 :: 		
0x02CA	0x3800      	SWAPF       R0, 0, 0
;__Lib_MathDouble.c,301 :: 		
0x02CC	0x0B0F      	ANDLW       15
;__Lib_MathDouble.c,302 :: 		
0x02CE	0x2601      	ADDWF       R1, 1, 0
;__Lib_MathDouble.c,304 :: 		
0x02D0	0x3800      	SWAPF       R0, 0, 0
;__Lib_MathDouble.c,305 :: 		
0x02D2	0x0BF0      	ANDLW       240
;__Lib_MathDouble.c,306 :: 		
0x02D4	0x6E00      	MOVWF       R0, 0
;__Lib_MathDouble.c,308 :: 		
0x02D6	0x840E      	BSF         R14, 2, 0
;__Lib_MathDouble.c,310 :: 		
NORM4032A:
;__Lib_MathDouble.c,311 :: 		
0x02D8	0x90D8      	BCF         STATUS, 0, 0
;__Lib_MathDouble.c,313 :: 		
0x02DA	0xBE02      	BTFSC       R2, 7, 0
;__Lib_MathDouble.c,314 :: 		
0x02DC	0xF001EF31  	GOTO        TNORMUN4032
;__Lib_MathDouble.c,315 :: 		
0x02E0	0x3600      	RLCF        R0, 1, 0
;__Lib_MathDouble.c,316 :: 		
0x02E2	0x3601      	RLCF        R1, 1, 0
;__Lib_MathDouble.c,317 :: 		
0x02E4	0x3602      	RLCF        R2, 1, 0
;__Lib_MathDouble.c,318 :: 		
0x02E6	0x2A0E      	INCF        R14, 1, 0
;__Lib_MathDouble.c,319 :: 		
0x02E8	0xBE02      	BTFSC       R2, 7, 0
;__Lib_MathDouble.c,320 :: 		
0x02EA	0xF001EF31  	GOTO        TNORMUN4032
;__Lib_MathDouble.c,321 :: 		
0x02EE	0x3600      	RLCF        R0, 1, 0
;__Lib_MathDouble.c,322 :: 		
0x02F0	0x3601      	RLCF        R1, 1, 0
;__Lib_MathDouble.c,323 :: 		
0x02F2	0x3602      	RLCF        R2, 1, 0
;__Lib_MathDouble.c,324 :: 		
0x02F4	0x2A0E      	INCF        R14, 1, 0
;__Lib_MathDouble.c,325 :: 		
0x02F6	0xBE02      	BTFSC       R2, 7, 0
;__Lib_MathDouble.c,326 :: 		
0x02F8	0xF001EF31  	GOTO        TNORMUN4032
;__Lib_MathDouble.c,327 :: 		
0x02FC	0x3600      	RLCF        R0, 1, 0
;__Lib_MathDouble.c,328 :: 		
0x02FE	0x3601      	RLCF        R1, 1, 0
;__Lib_MathDouble.c,329 :: 		
0x0300	0x3602      	RLCF        R2, 1, 0
;__Lib_MathDouble.c,330 :: 		
0x0302	0x2A0E      	INCF        R14, 1, 0
;__Lib_MathDouble.c,331 :: 		
0x0304	0xF001EF31  	GOTO        TNORMUN4032
;__Lib_MathDouble.c,333 :: 		
NRM4032B:
;__Lib_MathDouble.c,334 :: 		
0x0308	0xF002C001  	MOVFF       R1, R2
;__Lib_MathDouble.c,335 :: 		
0x030C	0xF001C000  	MOVFF       R0, R1
;__Lib_MathDouble.c,336 :: 		
0x0310	0x6A00      	CLRF        R0, 0
;__Lib_MathDouble.c,337 :: 		
0x0312	0x0E00      	MOVLW       0
;__Lib_MathDouble.c,338 :: 		
0x0314	0x960E      	BCF         R14, 3, 0
;__Lib_MathDouble.c,339 :: 		
0x0316	0x880E      	BSF         R14, 4, 0
;__Lib_MathDouble.c,340 :: 		
0x0318	0x6402      	CPFSGT      R2, 0
;__Lib_MathDouble.c,341 :: 		
0x031A	0xF001EFB1  	GOTO        NRM4032C
;__Lib_MathDouble.c,344 :: 		
0x031E	0x0EF0      	MOVLW       240
;__Lib_MathDouble.c,345 :: 		
0x0320	0x1402      	ANDWF       R2, 0, 0
;__Lib_MathDouble.c,346 :: 		
0x0322	0xA4D8      	BTFSS       STATUS, 2, 0
;__Lib_MathDouble.c,347 :: 		
0x0324	0xF001EF9C  	GOTO        NORM4032B
;__Lib_MathDouble.c,349 :: 		
0x0328	0x3A02      	SWAPF       R2, 1, 0
;__Lib_MathDouble.c,350 :: 		
0x032A	0x3801      	SWAPF       R1, 0, 0
;__Lib_MathDouble.c,351 :: 		
0x032C	0x0B0F      	ANDLW       15
;__Lib_MathDouble.c,352 :: 		
0x032E	0x2602      	ADDWF       R2, 1, 0
;__Lib_MathDouble.c,354 :: 		
0x0330	0x3801      	SWAPF       R1, 0, 0
;__Lib_MathDouble.c,355 :: 		
0x0332	0x0BF0      	ANDLW       240
;__Lib_MathDouble.c,356 :: 		
0x0334	0x6E01      	MOVWF       R1, 0
;__Lib_MathDouble.c,358 :: 		
0x0336	0x840E      	BSF         R14, 2, 0
;__Lib_MathDouble.c,360 :: 		
NORM4032B:
;__Lib_MathDouble.c,361 :: 		
0x0338	0x90D8      	BCF         STATUS, 0, 0
;__Lib_MathDouble.c,362 :: 		
0x033A	0xBE02      	BTFSC       R2, 7, 0
;__Lib_MathDouble.c,363 :: 		
0x033C	0xF001EF31  	GOTO        TNORMUN4032
;__Lib_MathDouble.c,364 :: 		
0x0340	0x3601      	RLCF        R1, 1, 0
;__Lib_MathDouble.c,365 :: 		
0x0342	0x3602      	RLCF        R2, 1, 0
;__Lib_MathDouble.c,366 :: 		
0x0344	0x2A0E      	INCF        R14, 1, 0
;__Lib_MathDouble.c,367 :: 		
0x0346	0xBE02      	BTFSC       R2, 7, 0
;__Lib_MathDouble.c,368 :: 		
0x0348	0xF001EF31  	GOTO        TNORMUN4032
;__Lib_MathDouble.c,369 :: 		
0x034C	0x3601      	RLCF        R1, 1, 0
;__Lib_MathDouble.c,370 :: 		
0x034E	0x3602      	RLCF        R2, 1, 0
;__Lib_MathDouble.c,371 :: 		
0x0350	0x2A0E      	INCF        R14, 1, 0
;__Lib_MathDouble.c,372 :: 		
0x0352	0xBE02      	BTFSC       R2, 7, 0
;__Lib_MathDouble.c,373 :: 		
0x0354	0xF001EF31  	GOTO        TNORMUN4032
;__Lib_MathDouble.c,374 :: 		
0x0358	0x3601      	RLCF        R1, 1, 0
;__Lib_MathDouble.c,375 :: 		
0x035A	0x3602      	RLCF        R2, 1, 0
;__Lib_MathDouble.c,376 :: 		
0x035C	0x2A0E      	INCF        R14, 1, 0
;__Lib_MathDouble.c,377 :: 		
0x035E	0xF001EF31  	GOTO        TNORMUN4032
;__Lib_MathDouble.c,379 :: 		
NRM4032C:
;__Lib_MathDouble.c,380 :: 		
0x0362	0xF002C001  	MOVFF       R1, R2
;__Lib_MathDouble.c,381 :: 		
0x0366	0x6A01      	CLRF        R1, 0
;__Lib_MathDouble.c,382 :: 		
0x0368	0x0E00      	MOVLW       0
;__Lib_MathDouble.c,383 :: 		
0x036A	0x860E      	BSF         R14, 3, 0
;__Lib_MathDouble.c,384 :: 		
0x036C	0x6402      	CPFSGT      R2, 0
;__Lib_MathDouble.c,385 :: 		
0x036E	0xF001EFE1  	GOTO        NRM40JPRES032
;__Lib_MathDouble.c,388 :: 		
0x0372	0x0EF0      	MOVLW       240
;__Lib_MathDouble.c,389 :: 		
0x0374	0x1402      	ANDWF       R2, 0, 0
;__Lib_MathDouble.c,390 :: 		
0x0376	0xA4D8      	BTFSS       STATUS, 2, 0
;__Lib_MathDouble.c,391 :: 		
0x0378	0xF001EFC0  	GOTO        NORM4032C
;__Lib_MathDouble.c,392 :: 		
0x037C	0x3A02      	SWAPF       R2, 1, 0
;__Lib_MathDouble.c,394 :: 		
0x037E	0x840E      	BSF         R14, 2, 0
;__Lib_MathDouble.c,396 :: 		
NORM4032C:
;__Lib_MathDouble.c,397 :: 		
0x0380	0x90D8      	BCF         STATUS, 0, 0
;__Lib_MathDouble.c,399 :: 		
0x0382	0xBE02      	BTFSC       R2, 7, 0
;__Lib_MathDouble.c,400 :: 		
0x0384	0xF001EF31  	GOTO        TNORMUN4032
;__Lib_MathDouble.c,401 :: 		
0x0388	0x3602      	RLCF        R2, 1, 0
;__Lib_MathDouble.c,402 :: 		
0x038A	0x2A0E      	INCF        R14, 1, 0
;__Lib_MathDouble.c,403 :: 		
0x038C	0xBE02      	BTFSC       R2, 7, 0
;__Lib_MathDouble.c,404 :: 		
0x038E	0xF001EF31  	GOTO        TNORMUN4032
;__Lib_MathDouble.c,405 :: 		
0x0392	0x3602      	RLCF        R2, 1, 0
;__Lib_MathDouble.c,406 :: 		
0x0394	0x2A0E      	INCF        R14, 1, 0
;__Lib_MathDouble.c,407 :: 		
0x0396	0xBE02      	BTFSC       R2, 7, 0
;__Lib_MathDouble.c,408 :: 		
0x0398	0xF001EF31  	GOTO        TNORMUN4032
;__Lib_MathDouble.c,409 :: 		
0x039C	0x3602      	RLCF        R2, 1, 0
;__Lib_MathDouble.c,410 :: 		
0x039E	0x2A0E      	INCF        R14, 1, 0
;__Lib_MathDouble.c,411 :: 		
0x03A0	0xF001EF31  	GOTO        TNORMUN4032
;__Lib_MathDouble.c,413 :: 		
NRM40JPSETFUN32:
;__Lib_MathDouble.c,414 :: 		
0x03A4	0x0E01      	MOVLW       1
;__Lib_MathDouble.c,415 :: 		
0x03A6	0x6E0C      	MOVWF       R12, 0
;__Lib_MathDouble.c,417 :: 		
0x03A8	0xDE5A      	RCALL       _SETFUN32
;__Lib_MathDouble.c,419 :: 		
0x03AA	0xF001EFE4  	GOTO        NRM40EEE
;__Lib_MathDouble.c,420 :: 		
NRM40JPFIXSIGN32:
;__Lib_MathDouble.c,421 :: 		
0x03AE	0x0E02      	MOVLW       2
;__Lib_MathDouble.c,422 :: 		
0x03B0	0x6E0C      	MOVWF       R12, 0
;__Lib_MathDouble.c,424 :: 		
0x03B2	0xDE51      	RCALL       _FIXSIGN32
;__Lib_MathDouble.c,426 :: 		
0x03B4	0xF001EFE4  	GOTO        NRM40EEE
;__Lib_MathDouble.c,427 :: 		
NRM40JPSETFOV32:
;__Lib_MathDouble.c,428 :: 		
0x03B8	0x0E04      	MOVLW       4
;__Lib_MathDouble.c,429 :: 		
0x03BA	0x6E0C      	MOVWF       R12, 0
;__Lib_MathDouble.c,431 :: 		
0x03BC	0xDE40      	RCALL       _SETFOV32
;__Lib_MathDouble.c,433 :: 		
0x03BE	0xF001EFE4  	GOTO        NRM40EEE
;__Lib_MathDouble.c,434 :: 		
NRM40JPRES032:
;__Lib_MathDouble.c,435 :: 		
0x03C2	0x0E08      	MOVLW       8
;__Lib_MathDouble.c,436 :: 		
0x03C4	0x6E0C      	MOVWF       R12, 0
;__Lib_MathDouble.c,438 :: 		
0x03C6	0xDE58      	RCALL       _RES032
;__Lib_MathDouble.c,440 :: 		
NRM40EEE:
;__Lib_MathDouble.c,448 :: 		
L_end_NRM4032:
0x03C8	0x0012      	RETURN      0
; end of _NRM4032
_Lcd_Chr_CP:
;__Lib_Lcd.c,50 :: 		
;__Lib_Lcd.c,52 :: 		
0x03CA	0x904D      	BCF         __Lib_Lcd_cmd_status, BitPos(__Lib_Lcd_cmd_status+0) 
;__Lib_Lcd.c,53 :: 		
0x03CC	0xF06BC060  	MOVFF       FARG_Lcd_Chr_CP_out_char, FARG_Lcd_Cmd_out_char
0x03D0	0xDE5A      	RCALL       _Lcd_Cmd
;__Lib_Lcd.c,54 :: 		
0x03D2	0x804D      	BSF         __Lib_Lcd_cmd_status, BitPos(__Lib_Lcd_cmd_status+0) 
;__Lib_Lcd.c,55 :: 		
L_end_Lcd_Chr_CP:
0x03D4	0x0012      	RETURN      0
; end of _Lcd_Chr_CP
_Lcd_Out:
;__Lib_Lcd.c,184 :: 		
;__Lib_Lcd.c,187 :: 		
0x03D6	0xD00F      	BRA         L_Lcd_Out11
;__Lib_Lcd.c,188 :: 		
L_Lcd_Out13:
0x03D8	0x0E80      	MOVLW       128
0x03DA	0x6E5A      	MOVWF       FARG_Lcd_Out_row 
0x03DC	0xD019      	BRA         L_Lcd_Out12
;__Lib_Lcd.c,189 :: 		
L_Lcd_Out14:
0x03DE	0x0EC0      	MOVLW       192
0x03E0	0x6E5A      	MOVWF       FARG_Lcd_Out_row 
0x03E2	0xD016      	BRA         L_Lcd_Out12
;__Lib_Lcd.c,190 :: 		
L_Lcd_Out15:
0x03E4	0x0E94      	MOVLW       148
0x03E6	0x6E5A      	MOVWF       FARG_Lcd_Out_row 
0x03E8	0xD013      	BRA         L_Lcd_Out12
;__Lib_Lcd.c,191 :: 		
L_Lcd_Out16:
0x03EA	0x0ED4      	MOVLW       212
0x03EC	0x6E5A      	MOVWF       FARG_Lcd_Out_row 
0x03EE	0xD010      	BRA         L_Lcd_Out12
;__Lib_Lcd.c,192 :: 		
L_Lcd_Out17:
0x03F0	0x0E80      	MOVLW       128
0x03F2	0x6E5A      	MOVWF       FARG_Lcd_Out_row 
;__Lib_Lcd.c,193 :: 		
0x03F4	0xD00D      	BRA         L_Lcd_Out12
L_Lcd_Out11:
0x03F6	0x505A      	MOVF        FARG_Lcd_Out_row, 0 
0x03F8	0x0A01      	XORLW       1
0x03FA	0xE0EE      	BZ          L_Lcd_Out13
0x03FC	0x505A      	MOVF        FARG_Lcd_Out_row, 0 
0x03FE	0x0A02      	XORLW       2
0x0400	0xE0EE      	BZ          L_Lcd_Out14
0x0402	0x505A      	MOVF        FARG_Lcd_Out_row, 0 
0x0404	0x0A03      	XORLW       3
0x0406	0xE0EE      	BZ          L_Lcd_Out15
0x0408	0x505A      	MOVF        FARG_Lcd_Out_row, 0 
0x040A	0x0A04      	XORLW       4
0x040C	0xE0EE      	BZ          L_Lcd_Out16
0x040E	0xD7F0      	BRA         L_Lcd_Out17
L_Lcd_Out12:
;__Lib_Lcd.c,194 :: 		
0x0410	0x045B      	DECF        FARG_Lcd_Out_column, 0 
0x0412	0x6E00      	MOVWF       R0 
0x0414	0x505A      	MOVF        FARG_Lcd_Out_row, 0 
0x0416	0x2600      	ADDWF       R0, 1 
0x0418	0xF05AC000  	MOVFF       R0, FARG_Lcd_Out_row
;__Lib_Lcd.c,196 :: 		
0x041C	0xF06BC000  	MOVFF       R0, FARG_Lcd_Cmd_out_char
0x0420	0xDE32      	RCALL       _Lcd_Cmd
;__Lib_Lcd.c,197 :: 		
0x0422	0x904D      	BCF         __Lib_Lcd_cmd_status, BitPos(__Lib_Lcd_cmd_status+0) 
;__Lib_Lcd.c,198 :: 		
0x0424	0x6A5E      	CLRF        Lcd_Out_i_L0 
;__Lib_Lcd.c,199 :: 		
L_Lcd_Out18:
0x0426	0x505E      	MOVF        Lcd_Out_i_L0, 0 
0x0428	0x245C      	ADDWF       FARG_Lcd_Out_text, 0 
0x042A	0x6EE9      	MOVWF       FSR0L 
0x042C	0x0E00      	MOVLW       0
0x042E	0x205D      	ADDWFC      FARG_Lcd_Out_text+1, 0 
0x0430	0x6EEA      	MOVWF       FSR0L+1 
0x0432	0x52EE      	MOVF        POSTINC0, 1 
0x0434	0xE00B      	BZ          L_Lcd_Out19
;__Lib_Lcd.c,200 :: 		
0x0436	0x505E      	MOVF        Lcd_Out_i_L0, 0 
0x0438	0x245C      	ADDWF       FARG_Lcd_Out_text, 0 
0x043A	0x6EE9      	MOVWF       FSR0L 
0x043C	0x0E00      	MOVLW       0
0x043E	0x205D      	ADDWFC      FARG_Lcd_Out_text+1, 0 
0x0440	0x6EEA      	MOVWF       FSR0L+1 
0x0442	0xF060CFEE  	MOVFF       POSTINC0, FARG_Lcd_Chr_CP_out_char
0x0446	0xDFC1      	RCALL       _Lcd_Chr_CP
0x0448	0x2A5E      	INCF        Lcd_Out_i_L0, 1 
0x044A	0xD7ED      	BRA         L_Lcd_Out18
L_Lcd_Out19:
;__Lib_Lcd.c,201 :: 		
0x044C	0x804D      	BSF         __Lib_Lcd_cmd_status, BitPos(__Lib_Lcd_cmd_status+0) 
;__Lib_Lcd.c,202 :: 		
L_end_Lcd_Out:
0x044E	0x0012      	RETURN      0
; end of _Lcd_Out
_Lcd_Init:
;__Lib_Lcd.c,84 :: 		
;__Lib_Lcd.c,86 :: 		
0x0450	0x9A93      	BCF         LCD_EN_Direction, BitPos(LCD_EN_Direction+0) 
;__Lib_Lcd.c,87 :: 		
0x0452	0x9893      	BCF         LCD_RS_Direction, BitPos(LCD_RS_Direction+0) 
;__Lib_Lcd.c,88 :: 		
0x0454	0x9093      	BCF         LCD_D4_Direction, BitPos(LCD_D4_Direction+0) 
;__Lib_Lcd.c,89 :: 		
0x0456	0x9293      	BCF         LCD_D5_Direction, BitPos(LCD_D5_Direction+0) 
;__Lib_Lcd.c,90 :: 		
0x0458	0x9493      	BCF         LCD_D6_Direction, BitPos(LCD_D6_Direction+0) 
;__Lib_Lcd.c,91 :: 		
0x045A	0x9693      	BCF         LCD_D7_Direction, BitPos(LCD_D7_Direction+0) 
;__Lib_Lcd.c,93 :: 		
0x045C	0x9A8A      	BCF         LCD_EN, BitPos(LCD_EN+0) 
;__Lib_Lcd.c,94 :: 		
0x045E	0x988A      	BCF         LCD_RS, BitPos(LCD_RS+0) 
;__Lib_Lcd.c,95 :: 		
0x0460	0x968A      	BCF         LCD_D7, BitPos(LCD_D7+0) 
;__Lib_Lcd.c,96 :: 		
0x0462	0x948A      	BCF         LCD_D6, BitPos(LCD_D6+0) 
;__Lib_Lcd.c,97 :: 		
0x0464	0x928A      	BCF         LCD_D5, BitPos(LCD_D5+0) 
;__Lib_Lcd.c,98 :: 		
0x0466	0x908A      	BCF         LCD_D4, BitPos(LCD_D4+0) 
;__Lib_Lcd.c,100 :: 		
0x0468	0xDDDA      	RCALL       _Delay_5500us
;__Lib_Lcd.c,101 :: 		
0x046A	0xDDD9      	RCALL       _Delay_5500us
;__Lib_Lcd.c,102 :: 		
0x046C	0xDDD8      	RCALL       _Delay_5500us
;__Lib_Lcd.c,105 :: 		
0x046E	0x828A      	BSF         LCD_D5, BitPos(LCD_D5+0) 
;__Lib_Lcd.c,106 :: 		
0x0470	0x808A      	BSF         LCD_D4, BitPos(LCD_D4+0) 
;__Lib_Lcd.c,107 :: 		
0x0472	0x8A8A      	BSF         LCD_EN, BitPos(LCD_EN+0) 
;__Lib_Lcd.c,108 :: 		
0x0474	0xDDD1      	RCALL       _Delay_1us
;__Lib_Lcd.c,109 :: 		
0x0476	0x9A8A      	BCF         LCD_EN, BitPos(LCD_EN+0) 
;__Lib_Lcd.c,110 :: 		
0x0478	0xDDD2      	RCALL       _Delay_5500us
;__Lib_Lcd.c,112 :: 		
0x047A	0x8A8A      	BSF         LCD_EN, BitPos(LCD_EN+0) 
;__Lib_Lcd.c,113 :: 		
0x047C	0xDDCD      	RCALL       _Delay_1us
;__Lib_Lcd.c,114 :: 		
0x047E	0x9A8A      	BCF         LCD_EN, BitPos(LCD_EN+0) 
;__Lib_Lcd.c,115 :: 		
0x0480	0xDDCE      	RCALL       _Delay_5500us
;__Lib_Lcd.c,117 :: 		
0x0482	0x8A8A      	BSF         LCD_EN, BitPos(LCD_EN+0) 
;__Lib_Lcd.c,118 :: 		
0x0484	0xDDC9      	RCALL       _Delay_1us
;__Lib_Lcd.c,119 :: 		
0x0486	0x9A8A      	BCF         LCD_EN, BitPos(LCD_EN+0) 
;__Lib_Lcd.c,120 :: 		
0x0488	0xDDCA      	RCALL       _Delay_5500us
;__Lib_Lcd.c,123 :: 		
0x048A	0x908A      	BCF         LCD_D4, BitPos(LCD_D4+0) 
;__Lib_Lcd.c,124 :: 		
0x048C	0x8A8A      	BSF         LCD_EN, BitPos(LCD_EN+0) 
;__Lib_Lcd.c,125 :: 		
0x048E	0xDDC4      	RCALL       _Delay_1us
;__Lib_Lcd.c,126 :: 		
0x0490	0x9A8A      	BCF         LCD_EN, BitPos(LCD_EN+0) 
;__Lib_Lcd.c,127 :: 		
0x0492	0xDDC5      	RCALL       _Delay_5500us
;__Lib_Lcd.c,130 :: 		
0x0494	0x8A8A      	BSF         LCD_EN, BitPos(LCD_EN+0) 
;__Lib_Lcd.c,131 :: 		
0x0496	0xDDC0      	RCALL       _Delay_1us
;__Lib_Lcd.c,132 :: 		
0x0498	0x9A8A      	BCF         LCD_EN, BitPos(LCD_EN+0) 
;__Lib_Lcd.c,134 :: 		
0x049A	0x928A      	BCF         LCD_D5, BitPos(LCD_D5+0) 
;__Lib_Lcd.c,135 :: 		
0x049C	0x868A      	BSF         LCD_D7, BitPos(LCD_D7+0) 
;__Lib_Lcd.c,136 :: 		
0x049E	0x8A8A      	BSF         LCD_EN, BitPos(LCD_EN+0) 
;__Lib_Lcd.c,137 :: 		
0x04A0	0xDDBB      	RCALL       _Delay_1us
;__Lib_Lcd.c,138 :: 		
0x04A2	0x9A8A      	BCF         LCD_EN, BitPos(LCD_EN+0) 
;__Lib_Lcd.c,139 :: 		
0x04A4	0xDDBC      	RCALL       _Delay_5500us
;__Lib_Lcd.c,142 :: 		
0x04A6	0x968A      	BCF         LCD_D7, BitPos(LCD_D7+0) 
;__Lib_Lcd.c,143 :: 		
0x04A8	0x808A      	BSF         LCD_D4, BitPos(LCD_D4+0) 
;__Lib_Lcd.c,144 :: 		
0x04AA	0x8A8A      	BSF         LCD_EN, BitPos(LCD_EN+0) 
;__Lib_Lcd.c,145 :: 		
0x04AC	0xDDB5      	RCALL       _Delay_1us
;__Lib_Lcd.c,146 :: 		
0x04AE	0x9A8A      	BCF         LCD_EN, BitPos(LCD_EN+0) 
;__Lib_Lcd.c,148 :: 		
0x04B0	0x908A      	BCF         LCD_D4, BitPos(LCD_D4+0) 
;__Lib_Lcd.c,149 :: 		
0x04B2	0x8A8A      	BSF         LCD_EN, BitPos(LCD_EN+0) 
;__Lib_Lcd.c,150 :: 		
0x04B4	0xDDB1      	RCALL       _Delay_1us
;__Lib_Lcd.c,151 :: 		
0x04B6	0x9A8A      	BCF         LCD_EN, BitPos(LCD_EN+0) 
;__Lib_Lcd.c,152 :: 		
0x04B8	0xDDB2      	RCALL       _Delay_5500us
;__Lib_Lcd.c,155 :: 		
0x04BA	0x8A8A      	BSF         LCD_EN, BitPos(LCD_EN+0) 
;__Lib_Lcd.c,156 :: 		
0x04BC	0xDDAD      	RCALL       _Delay_1us
;__Lib_Lcd.c,157 :: 		
0x04BE	0x9A8A      	BCF         LCD_EN, BitPos(LCD_EN+0) 
;__Lib_Lcd.c,159 :: 		
0x04C0	0x808A      	BSF         LCD_D4, BitPos(LCD_D4+0) 
;__Lib_Lcd.c,160 :: 		
0x04C2	0x8A8A      	BSF         LCD_EN, BitPos(LCD_EN+0) 
;__Lib_Lcd.c,161 :: 		
0x04C4	0xDDA9      	RCALL       _Delay_1us
;__Lib_Lcd.c,162 :: 		
0x04C6	0x9A8A      	BCF         LCD_EN, BitPos(LCD_EN+0) 
;__Lib_Lcd.c,163 :: 		
0x04C8	0xDDAA      	RCALL       _Delay_5500us
;__Lib_Lcd.c,166 :: 		
0x04CA	0x908A      	BCF         LCD_D4, BitPos(LCD_D4+0) 
;__Lib_Lcd.c,167 :: 		
0x04CC	0x8A8A      	BSF         LCD_EN, BitPos(LCD_EN+0) 
;__Lib_Lcd.c,168 :: 		
0x04CE	0xDDA4      	RCALL       _Delay_1us
;__Lib_Lcd.c,169 :: 		
0x04D0	0x9A8A      	BCF         LCD_EN, BitPos(LCD_EN+0) 
;__Lib_Lcd.c,171 :: 		
0x04D2	0x868A      	BSF         LCD_D7, BitPos(LCD_D7+0) 
;__Lib_Lcd.c,172 :: 		
0x04D4	0x848A      	BSF         LCD_D6, BitPos(LCD_D6+0) 
;__Lib_Lcd.c,173 :: 		
0x04D6	0x828A      	BSF         LCD_D5, BitPos(LCD_D5+0) 
;__Lib_Lcd.c,174 :: 		
0x04D8	0x808A      	BSF         LCD_D4, BitPos(LCD_D4+0) 
;__Lib_Lcd.c,175 :: 		
0x04DA	0x8A8A      	BSF         LCD_EN, BitPos(LCD_EN+0) 
;__Lib_Lcd.c,176 :: 		
0x04DC	0xDD9D      	RCALL       _Delay_1us
;__Lib_Lcd.c,177 :: 		
0x04DE	0x9A8A      	BCF         LCD_EN, BitPos(LCD_EN+0) 
;__Lib_Lcd.c,179 :: 		
0x04E0	0xDD9E      	RCALL       _Delay_5500us
;__Lib_Lcd.c,181 :: 		
0x04E2	0x804D      	BSF         __Lib_Lcd_cmd_status, BitPos(__Lib_Lcd_cmd_status+0) 
;__Lib_Lcd.c,182 :: 		
L_end_Lcd_Init:
0x04E4	0x0012      	RETURN      0
; end of _Lcd_Init
___CC2DW:
;__Lib_System.c,21 :: 		
;__Lib_System.c,23 :: 		
_CC2DL_Loop1:
;__Lib_System.c,24 :: 		
0x04E6	0x0009      	TBLRD*+
;__Lib_System.c,25 :: 		
0x04E8	0xFFE6CFF5  	MOVFF       TABLAT, POSTINC1
;__Lib_System.c,26 :: 		
0x04EC	0x0600      	DECF        R0, 1, 0
;__Lib_System.c,27 :: 		
0x04EE	0xE1FB      	BNZ         _CC2DL_Loop1
;__Lib_System.c,28 :: 		
0x04F0	0x0601      	DECF        R1, 1, 0
;__Lib_System.c,29 :: 		
0x04F2	0xE1F9      	BNZ         _CC2DL_Loop1
;__Lib_System.c,31 :: 		
L_end___CC2DW:
0x04F4	0x0012      	RETURN      0
; end of ___CC2DW
_byte2double:
;__Lib_MathDouble.c,2253 :: 		
;__Lib_MathDouble.c,2262 :: 		
0x04F6	0xF008C000  	MOVFF       R0, R8
;__Lib_MathDouble.c,2265 :: 		
0x04FA	0x6A0B      	CLRF        R11, 0
;__Lib_MathDouble.c,2266 :: 		
0x04FC	0x6A0C      	CLRF        R12, 0
;__Lib_MathDouble.c,2268 :: 		
0x04FE	0x0E9E      	MOVLW       158
;__Lib_MathDouble.c,2269 :: 		
0x0500	0x6E03      	MOVWF       R3, 0
;__Lib_MathDouble.c,2270 :: 		
0x0502	0x6A0A      	CLRF        R10, 0
;__Lib_MathDouble.c,2271 :: 		
0x0504	0x6A02      	CLRF        R2, 0
;__Lib_MathDouble.c,2272 :: 		
0x0506	0x6A01      	CLRF        R1, 0
;__Lib_MathDouble.c,2273 :: 		
0x0508	0x6A00      	CLRF        R0, 0
;__Lib_MathDouble.c,2274 :: 		
0x050A	0x0E02      	MOVLW       2
;__Lib_MathDouble.c,2275 :: 		
0x050C	0x6E0C      	MOVWF       R12, 0
;__Lib_MathDouble.c,2277 :: 		
0x050E	0xDE6C      	RCALL       _NRM4032
;__Lib_MathDouble.c,2278 :: 		
L_end_byte2double:
0x0510	0x0012      	RETURN      0
; end of _byte2double
_double2byte:
;__Lib_MathDouble.c,2154 :: 		
;__Lib_MathDouble.c,2163 :: 		
0x0512	0x6A0B      	CLRF        R11, 0
;__Lib_MathDouble.c,2164 :: 		
0x0514	0x6A0C      	CLRF        R12, 0
;__Lib_MathDouble.c,2165 :: 		
0x0516	0x6A0A      	CLRF        R10, 0
;__Lib_MathDouble.c,2167 :: 		
0x0518	0x5003      	MOVF        R3, 0, 0
;__Lib_MathDouble.c,2168 :: 		
0x051A	0xB4D8      	BTFSC       STATUS, 2, 0
;__Lib_MathDouble.c,2169 :: 		
0x051C	0xF002EFBE  	GOTO        IRES008
;__Lib_MathDouble.c,2171 :: 		
0x0520	0x9E0A      	BCF         R10, 7, 0
;__Lib_MathDouble.c,2172 :: 		
0x0522	0x8E02      	BSF         R2, 7, 0
;__Lib_MathDouble.c,2174 :: 		
0x0524	0x0E86      	MOVLW       134
;__Lib_MathDouble.c,2175 :: 		
0x0526	0x5E03      	SUBWF       R3, 1, 0
;__Lib_MathDouble.c,2176 :: 		
0x0528	0xBE03      	BTFSC       R3, 7, 0
;__Lib_MathDouble.c,2177 :: 		
0x052A	0xF002EF9C  	GOTO        SETEXP08
;__Lib_MathDouble.c,2178 :: 		
0x052E	0xB4D8      	BTFSC       STATUS, 2, 0
;__Lib_MathDouble.c,2179 :: 		
0x0530	0xF002EF9C  	GOTO        SETEXP08
;__Lib_MathDouble.c,2180 :: 		
0x0534	0xF002EFC1  	GOTO        SETIOV08
;__Lib_MathDouble.c,2181 :: 		
SETEXP08:
;__Lib_MathDouble.c,2182 :: 		
0x0538	0x6C03      	NEGF        R3, 0
;__Lib_MathDouble.c,2184 :: 		
0x053A	0x0E08      	MOVLW       8
;__Lib_MathDouble.c,2185 :: 		
0x053C	0x5C03      	SUBWF       R3, 0, 0
;__Lib_MathDouble.c,2186 :: 		
0x053E	0xA0D8      	BTFSS       STATUS, 0, 0
;__Lib_MathDouble.c,2187 :: 		
0x0540	0xF002EFAA  	GOTO        TSHIFT3208
;__Lib_MathDouble.c,2188 :: 		
0x0544	0x6E03      	MOVWF       R3, 0
;__Lib_MathDouble.c,2189 :: 		
0x0546	0x3602      	RLCF        R2, 1, 0
;__Lib_MathDouble.c,2190 :: 		
0x0548	0x6A02      	CLRF        R2, 0
;__Lib_MathDouble.c,2192 :: 		
0x054A	0x5003      	MOVF        R3, 0, 0
;__Lib_MathDouble.c,2193 :: 		
0x054C	0xA4D8      	BTFSS       STATUS, 2, 0
;__Lib_MathDouble.c,2194 :: 		
0x054E	0x90D8      	BCF         STATUS, 0, 0
;__Lib_MathDouble.c,2195 :: 		
0x0550	0xF002EFB3  	GOTO        SHIFT3208OK
;__Lib_MathDouble.c,2196 :: 		
TSHIFT3208:
;__Lib_MathDouble.c,2197 :: 		
0x0554	0x5003      	MOVF        R3, 0, 0
;__Lib_MathDouble.c,2198 :: 		
0x0556	0xB4D8      	BTFSC       STATUS, 2, 0
;__Lib_MathDouble.c,2199 :: 		
0x0558	0xF002EFB3  	GOTO        SHIFT3208OK
;__Lib_MathDouble.c,2200 :: 		
SHIFT3208:
;__Lib_MathDouble.c,2201 :: 		
0x055C	0x90D8      	BCF         STATUS, 0, 0
;__Lib_MathDouble.c,2202 :: 		
0x055E	0x3202      	RRCF        R2, 1, 0
;__Lib_MathDouble.c,2203 :: 		
0x0560	0x2E03      	DECFSZ      R3, 1, 0
;__Lib_MathDouble.c,2204 :: 		
0x0562	0xF002EFAE  	GOTO        SHIFT3208
;__Lib_MathDouble.c,2205 :: 		
SHIFT3208OK:
;__Lib_MathDouble.c,2206 :: 		
0x0566	0xBC0B      	BTFSC       R11, 6, 0
;__Lib_MathDouble.c,2207 :: 		
0x0568	0xA002      	BTFSS       R2, 0, 0
;__Lib_MathDouble.c,2208 :: 		
0x056A	0xF002EFBE  	GOTO        INT3208OK
;__Lib_MathDouble.c,2209 :: 		
0x056E	0xA0D8      	BTFSS       STATUS, 0, 0
;__Lib_MathDouble.c,2210 :: 		
0x0570	0xF002EFBE  	GOTO        INT3208OK
;__Lib_MathDouble.c,2211 :: 		
0x0574	0x2A02      	INCF        R2, 1, 0
;__Lib_MathDouble.c,2212 :: 		
0x0576	0xB4D8      	BTFSC       STATUS, 2, 0
;__Lib_MathDouble.c,2213 :: 		
0x0578	0xF002EFC8  	GOTO        D2B_JPKSETIOV3224
;__Lib_MathDouble.c,2214 :: 		
INT3208OK:
;__Lib_MathDouble.c,2215 :: 		
IRES008:
;__Lib_MathDouble.c,2216 :: 		
0x057C	0x6A01      	CLRF        R1, 0
;__Lib_MathDouble.c,2217 :: 		
0x057E	0xF002EFCD  	GOTO        INT3208EOK
;__Lib_MathDouble.c,2218 :: 		
SETIOV08:
;__Lib_MathDouble.c,2219 :: 		
0x0582	0x800B      	BSF         R11, 0, 0
;__Lib_MathDouble.c,2220 :: 		
0x0584	0xAE0B      	BTFSS       R11, 7, 0
;__Lib_MathDouble.c,2221 :: 		
0x0586	0xF002EFD1  	GOTO        INT3208EER
;__Lib_MathDouble.c,2223 :: 		
0x058A	0x6A01      	CLRF        R1, 0
;__Lib_MathDouble.c,2224 :: 		
0x058C	0xF002EFD1  	GOTO        INT3208EER
;__Lib_MathDouble.c,2225 :: 		
D2B_JPKSETIOV3224:
;__Lib_MathDouble.c,2226 :: 		
0x0590	0x0E01      	MOVLW       1
;__Lib_MathDouble.c,2227 :: 		
0x0592	0x6E0C      	MOVWF       R12, 0
;__Lib_MathDouble.c,2229 :: 		
0x0594	0xDDD2      	RCALL       _SETIOV3224
;__Lib_MathDouble.c,2231 :: 		
0x0596	0xF002EFD3  	GOTO        INT3208EEE
;__Lib_MathDouble.c,2232 :: 		
INT3208EOK:
;__Lib_MathDouble.c,2233 :: 		
0x059A	0x0E00      	MOVLW       0
;__Lib_MathDouble.c,2234 :: 		
0x059C	0x6E0C      	MOVWF       R12, 0
;__Lib_MathDouble.c,2235 :: 		
0x059E	0xF002EFD3  	GOTO        INT3208EEE
;__Lib_MathDouble.c,2236 :: 		
INT3208EER:
;__Lib_MathDouble.c,2237 :: 		
0x05A2	0x0EFF      	MOVLW       255
;__Lib_MathDouble.c,2238 :: 		
0x05A4	0x6E0C      	MOVWF       R12, 0
;__Lib_MathDouble.c,2239 :: 		
INT3208EEE:
;__Lib_MathDouble.c,2240 :: 		
0x05A6	0x5002      	MOVF        R2, 0, 0
;__Lib_MathDouble.c,2241 :: 		
0x05A8	0x6E00      	MOVWF       R0, 0
;__Lib_MathDouble.c,2246 :: 		
L_end_double2byte:
0x05AA	0x0012      	RETURN      0
; end of _double2byte
_Mul_32x32_FP:
;__Lib_MathDouble.c,1130 :: 		
;__Lib_MathDouble.c,1148 :: 		
0x05AC	0x6A08      	CLRF        R8, 0
;__Lib_MathDouble.c,1149 :: 		
0x05AE	0x6A09      	CLRF        R9, 0
;__Lib_MathDouble.c,1151 :: 		
0x05B0	0x0E00      	MOVLW       0
;__Lib_MathDouble.c,1152 :: 		
0x05B2	0x6207      	CPFSEQ      R7, 0
;__Lib_MathDouble.c,1153 :: 		
0x05B4	0x6403      	CPFSGT      R3, 0
;__Lib_MathDouble.c,1154 :: 		
0x05B6	0xF003EF5B  	GOTO        MULJPRES032
;__Lib_MathDouble.c,1157 :: 		
0x05BA	0x5002      	MOVF        R2, 0, 0
;__Lib_MathDouble.c,1158 :: 		
0x05BC	0x1806      	XORWF       R6, 0, 0
;__Lib_MathDouble.c,1159 :: 		
0x05BE	0x6E0A      	MOVWF       R10, 0
;__Lib_MathDouble.c,1161 :: 		
0x05C0	0x5007      	MOVF        R7, 0, 0
;__Lib_MathDouble.c,1162 :: 		
0x05C2	0x2603      	ADDWF       R3, 1, 0
;__Lib_MathDouble.c,1163 :: 		
0x05C4	0x0E7E      	MOVLW       126
;__Lib_MathDouble.c,1164 :: 		
0x05C6	0xA0D8      	BTFSS       STATUS, 0, 0
;__Lib_MathDouble.c,1165 :: 		
0x05C8	0xF002EFEC  	GOTO        MTUN32
;__Lib_MathDouble.c,1167 :: 		
0x05CC	0x5E03      	SUBWF       R3, 1, 0
;__Lib_MathDouble.c,1168 :: 		
0x05CE	0xB0D8      	BTFSC       STATUS, 0, 0
;__Lib_MathDouble.c,1169 :: 		
0x05D0	0xF003EF5F  	GOTO        MULJPSETFOV32
;__Lib_MathDouble.c,1170 :: 		
0x05D4	0xF002EFF0  	GOTO        MOK32
;__Lib_MathDouble.c,1172 :: 		
MTUN32:
;__Lib_MathDouble.c,1173 :: 		
0x05D8	0x5E03      	SUBWF       R3, 1, 0
;__Lib_MathDouble.c,1174 :: 		
0x05DA	0xA0D8      	BTFSS       STATUS, 0, 0
;__Lib_MathDouble.c,1175 :: 		
0x05DC	0xF003EF63  	GOTO        MULJPSETFUN32
;__Lib_MathDouble.c,1177 :: 		
MOK32:
;__Lib_MathDouble.c,1178 :: 		
0x05E0	0x8E02      	BSF         R2, 7, 0
;__Lib_MathDouble.c,1179 :: 		
0x05E2	0x8E06      	BSF         R6, 7, 0
;__Lib_MathDouble.c,1181 :: 		
0x05E4	0xF00EC002  	MOVFF       R2, R14
;__Lib_MathDouble.c,1182 :: 		
0x05E8	0xF00BC001  	MOVFF       R1, R11
;__Lib_MathDouble.c,1183 :: 		
0x05EC	0xF00DC000  	MOVFF       R0, R13
;__Lib_MathDouble.c,1185 :: 		
0x05F0	0x5000      	MOVF        R0, 0, 0
;__Lib_MathDouble.c,1186 :: 		
0x05F2	0x0204      	MULWF       R4, 0
;__Lib_MathDouble.c,1187 :: 		
0x05F4	0xF00CCFF4  	MOVFF       PRODH, R12
;__Lib_MathDouble.c,1189 :: 		
0x05F8	0x5001      	MOVF        R1, 0, 0
;__Lib_MathDouble.c,1190 :: 		
0x05FA	0x0205      	MULWF       R5, 0
;__Lib_MathDouble.c,1191 :: 		
0x05FC	0xF000CFF4  	MOVFF       PRODH, R0
;__Lib_MathDouble.c,1192 :: 		
0x0600	0xF008CFF3  	MOVFF       PRODL, R8
;__Lib_MathDouble.c,1194 :: 		
0x0604	0x0204      	MULWF       R4, 0
;__Lib_MathDouble.c,1195 :: 		
0x0606	0x50F3      	MOVF        PRODL, 0, 0
;__Lib_MathDouble.c,1196 :: 		
0x0608	0x260C      	ADDWF       R12, 1, 0
;__Lib_MathDouble.c,1197 :: 		
0x060A	0x50F4      	MOVF        PRODH, 0, 0
;__Lib_MathDouble.c,1198 :: 		
0x060C	0x2208      	ADDWFC      R8, 1, 0
;__Lib_MathDouble.c,1199 :: 		
0x060E	0x0E00      	MOVLW       0
;__Lib_MathDouble.c,1200 :: 		
0x0610	0x2200      	ADDWFC      R0, 1, 0
;__Lib_MathDouble.c,1202 :: 		
0x0612	0x500D      	MOVF        R13, 0, 0
;__Lib_MathDouble.c,1203 :: 		
0x0614	0x0205      	MULWF       R5, 0
;__Lib_MathDouble.c,1204 :: 		
0x0616	0x50F3      	MOVF        PRODL, 0, 0
;__Lib_MathDouble.c,1205 :: 		
0x0618	0x260C      	ADDWF       R12, 1, 0
;__Lib_MathDouble.c,1206 :: 		
0x061A	0x50F4      	MOVF        PRODH, 0, 0
;__Lib_MathDouble.c,1207 :: 		
0x061C	0x2208      	ADDWFC      R8, 1, 0
;__Lib_MathDouble.c,1208 :: 		
0x061E	0x0E00      	MOVLW       0
;__Lib_MathDouble.c,1209 :: 		
0x0620	0x2200      	ADDWFC      R0, 1, 0
;__Lib_MathDouble.c,1211 :: 		
0x0622	0x5002      	MOVF        R2, 0, 0
;__Lib_MathDouble.c,1212 :: 		
0x0624	0x0204      	MULWF       R4, 0
;__Lib_MathDouble.c,1213 :: 		
0x0626	0x50F3      	MOVF        PRODL, 0, 0
;__Lib_MathDouble.c,1214 :: 		
0x0628	0x2608      	ADDWF       R8, 1, 0
;__Lib_MathDouble.c,1215 :: 		
0x062A	0x50F4      	MOVF        PRODH, 0, 0
;__Lib_MathDouble.c,1216 :: 		
0x062C	0x2200      	ADDWFC      R0, 1, 0
;__Lib_MathDouble.c,1217 :: 		
0x062E	0x5002      	MOVF        R2, 0, 0
;__Lib_MathDouble.c,1218 :: 		
0x0630	0x0205      	MULWF       R5, 0
;__Lib_MathDouble.c,1219 :: 		
0x0632	0x6A01      	CLRF        R1, 0
;__Lib_MathDouble.c,1220 :: 		
0x0634	0x0E00      	MOVLW       0
;__Lib_MathDouble.c,1221 :: 		
0x0636	0x2201      	ADDWFC      R1, 1, 0
;__Lib_MathDouble.c,1222 :: 		
0x0638	0x50F3      	MOVF        PRODL, 0, 0
;__Lib_MathDouble.c,1223 :: 		
0x063A	0x2600      	ADDWF       R0, 1, 0
;__Lib_MathDouble.c,1224 :: 		
0x063C	0x50F4      	MOVF        PRODH, 0, 0
;__Lib_MathDouble.c,1225 :: 		
0x063E	0x2201      	ADDWFC      R1, 1, 0
;__Lib_MathDouble.c,1227 :: 		
0x0640	0x500D      	MOVF        R13, 0, 0
;__Lib_MathDouble.c,1228 :: 		
0x0642	0x0206      	MULWF       R6, 0
;__Lib_MathDouble.c,1229 :: 		
0x0644	0x50F3      	MOVF        PRODL, 0, 0
;__Lib_MathDouble.c,1230 :: 		
0x0646	0x2608      	ADDWF       R8, 1, 0
;__Lib_MathDouble.c,1231 :: 		
0x0648	0x50F4      	MOVF        PRODH, 0, 0
;__Lib_MathDouble.c,1232 :: 		
0x064A	0x2200      	ADDWFC      R0, 1, 0
;__Lib_MathDouble.c,1233 :: 		
0x064C	0x6A02      	CLRF        R2, 0
;__Lib_MathDouble.c,1234 :: 		
0x064E	0x0E00      	MOVLW       0
;__Lib_MathDouble.c,1235 :: 		
0x0650	0x2201      	ADDWFC      R1, 1, 0
;__Lib_MathDouble.c,1236 :: 		
0x0652	0x2202      	ADDWFC      R2, 1, 0
;__Lib_MathDouble.c,1238 :: 		
0x0654	0x500B      	MOVF        R11, 0, 0
;__Lib_MathDouble.c,1239 :: 		
0x0656	0x0206      	MULWF       R6, 0
;__Lib_MathDouble.c,1240 :: 		
0x0658	0x50F3      	MOVF        PRODL, 0, 0
;__Lib_MathDouble.c,1241 :: 		
0x065A	0x2600      	ADDWF       R0, 1, 0
;__Lib_MathDouble.c,1242 :: 		
0x065C	0x50F4      	MOVF        PRODH, 0, 0
;__Lib_MathDouble.c,1243 :: 		
0x065E	0x2201      	ADDWFC      R1, 1, 0
;__Lib_MathDouble.c,1244 :: 		
0x0660	0x0E00      	MOVLW       0
;__Lib_MathDouble.c,1245 :: 		
0x0662	0x2202      	ADDWFC      R2, 1, 0
;__Lib_MathDouble.c,1247 :: 		
0x0664	0x500E      	MOVF        R14, 0, 0
;__Lib_MathDouble.c,1248 :: 		
0x0666	0x0206      	MULWF       R6, 0
;__Lib_MathDouble.c,1249 :: 		
0x0668	0x50F3      	MOVF        PRODL, 0, 0
;__Lib_MathDouble.c,1250 :: 		
0x066A	0x2601      	ADDWF       R1, 1, 0
;__Lib_MathDouble.c,1251 :: 		
0x066C	0x50F4      	MOVF        PRODH, 0, 0
;__Lib_MathDouble.c,1252 :: 		
0x066E	0x2202      	ADDWFC      R2, 1, 0
;__Lib_MathDouble.c,1254 :: 		
0x0670	0xBE02      	BTFSC       R2, 7, 0
;__Lib_MathDouble.c,1255 :: 		
0x0672	0xF003EF43  	GOTO        MROUND32
;__Lib_MathDouble.c,1256 :: 		
0x0676	0x3608      	RLCF        R8, 1, 0
;__Lib_MathDouble.c,1257 :: 		
0x0678	0x3600      	RLCF        R0, 1, 0
;__Lib_MathDouble.c,1258 :: 		
0x067A	0x3601      	RLCF        R1, 1, 0
;__Lib_MathDouble.c,1259 :: 		
0x067C	0x3602      	RLCF        R2, 1, 0
;__Lib_MathDouble.c,1260 :: 		
0x067E	0x0603      	DECF        R3, 1, 0
;__Lib_MathDouble.c,1261 :: 		
0x0680	0xB4D8      	BTFSC       STATUS, 2, 0
;__Lib_MathDouble.c,1262 :: 		
0x0682	0xF003EF63  	GOTO        MULJPSETFUN32
;__Lib_MathDouble.c,1264 :: 		
MROUND32:
;__Lib_MathDouble.c,1267 :: 		
0x0686	0xF003EF56  	GOTO        MUL32OK
;__Lib_MathDouble.c,1268 :: 		
0x068A	0x80D8      	BSF         STATUS, 0, 0
;__Lib_MathDouble.c,1269 :: 		
0x068C	0x0E80      	MOVLW       128
;__Lib_MathDouble.c,1270 :: 		
0x068E	0x6408      	CPFSGT      R8, 0
;__Lib_MathDouble.c,1271 :: 		
0x0690	0x3000      	RRCF        R0, 0, 0
;__Lib_MathDouble.c,1272 :: 		
0x0692	0x0E00      	MOVLW       0
;__Lib_MathDouble.c,1273 :: 		
0x0694	0x2200      	ADDWFC      R0, 1, 0
;__Lib_MathDouble.c,1274 :: 		
0x0696	0x2201      	ADDWFC      R1, 1, 0
;__Lib_MathDouble.c,1275 :: 		
0x0698	0x2202      	ADDWFC      R2, 1, 0
;__Lib_MathDouble.c,1277 :: 		
0x069A	0xA0D8      	BTFSS       STATUS, 0, 0
;__Lib_MathDouble.c,1278 :: 		
0x069C	0xF003EF56  	GOTO        MUL32OK
;__Lib_MathDouble.c,1279 :: 		
0x06A0	0x3202      	RRCF        R2, 1, 0
;__Lib_MathDouble.c,1280 :: 		
0x06A2	0x3201      	RRCF        R1, 1, 0
;__Lib_MathDouble.c,1281 :: 		
0x06A4	0x3200      	RRCF        R0, 1, 0
;__Lib_MathDouble.c,1282 :: 		
0x06A6	0x4A03      	INFSNZ      R3, 1, 0
;__Lib_MathDouble.c,1283 :: 		
0x06A8	0xF003EF5F  	GOTO        MULJPSETFOV32
;__Lib_MathDouble.c,1285 :: 		
MUL32OK:
;__Lib_MathDouble.c,1286 :: 		
0x06AC	0xAE0A      	BTFSS       R10, 7, 0
;__Lib_MathDouble.c,1287 :: 		
0x06AE	0x9E02      	BCF         R2, 7, 0
;__Lib_MathDouble.c,1289 :: 		
0x06B0	0x0E00      	MOVLW       0
;__Lib_MathDouble.c,1290 :: 		
0x06B2	0xF003EF65  	GOTO        MULEEE
;__Lib_MathDouble.c,1291 :: 		
MULJPRES032:
;__Lib_MathDouble.c,1292 :: 		
0x06B6	0x0E01      	MOVLW       1
;__Lib_MathDouble.c,1295 :: 		
0x06B8	0xDCDF      	RCALL       _RES032
;__Lib_MathDouble.c,1297 :: 		
0x06BA	0xF003EF65  	GOTO        MULEEE
;__Lib_MathDouble.c,1298 :: 		
MULJPSETFOV32:
;__Lib_MathDouble.c,1299 :: 		
0x06BE	0x0E02      	MOVLW       2
;__Lib_MathDouble.c,1302 :: 		
0x06C0	0xDCBE      	RCALL       _SETFOV32
;__Lib_MathDouble.c,1304 :: 		
0x06C2	0xF003EF65  	GOTO        MULEEE
;__Lib_MathDouble.c,1305 :: 		
MULJPSETFUN32:
;__Lib_MathDouble.c,1306 :: 		
0x06C6	0x0E04      	MOVLW       4
;__Lib_MathDouble.c,1309 :: 		
0x06C8	0xDCCA      	RCALL       _SETFUN32
;__Lib_MathDouble.c,1311 :: 		
MULEEE:
;__Lib_MathDouble.c,1318 :: 		
L_end_Mul_32x32_FP:
0x06CA	0x0012      	RETURN      0
; end of _Mul_32x32_FP
_IntToStr:
;__Lib_Conversions.c,195 :: 		
;__Lib_Conversions.c,201 :: 		
0x06CC	0x0100      	MOVLB       0
0x06CE	0x6B61      	CLRF        IntToStr_negative_L0, 1
0x06D0	0x6B62      	CLRF        IntToStr_negative_L0+1, 1
;__Lib_Conversions.c,202 :: 		
0x06D2	0xF063C05A  	MOVFF       FARG_IntToStr_input, IntToStr_inword_L0
0x06D6	0xF064C05B  	MOVFF       FARG_IntToStr_input+1, IntToStr_inword_L0+1
;__Lib_Conversions.c,203 :: 		
0x06DA	0x0E80      	MOVLW       128
0x06DC	0x185B      	XORWF       FARG_IntToStr_input+1, 0 
0x06DE	0x6E00      	MOVWF       R0 
0x06E0	0x0E80      	MOVLW       128
0x06E2	0x5C00      	SUBWF       R0, 0 
0x06E4	0xE102      	BNZ         L__IntToStr387
0x06E6	0x0E00      	MOVLW       0
0x06E8	0x5C5A      	SUBWF       FARG_IntToStr_input, 0 
L__IntToStr387:
0x06EA	0xE20B      	BC          L_IntToStr37
;__Lib_Conversions.c,204 :: 		
0x06EC	0x0E01      	MOVLW       1
0x06EE	0x6F61      	MOVWF       IntToStr_negative_L0, 1
0x06F0	0x0E00      	MOVLW       0
0x06F2	0x6F62      	MOVWF       IntToStr_negative_L0+1, 1
;__Lib_Conversions.c,205 :: 		
0x06F4	0x505A      	MOVF        FARG_IntToStr_input, 0 
0x06F6	0x0800      	SUBLW       0
0x06F8	0x6F63      	MOVWF       IntToStr_inword_L0, 1
0x06FA	0xF064C05B  	MOVFF       FARG_IntToStr_input+1, IntToStr_inword_L0+1
0x06FE	0x0E00      	MOVLW       0
0x0700	0x5764      	SUBFWB      IntToStr_inword_L0+1, 1, 1
;__Lib_Conversions.c,206 :: 		
L_IntToStr37:
;__Lib_Conversions.c,207 :: 		
0x0702	0xF065C063  	MOVFF       IntToStr_inword_L0, FARG_WordToStr_input
0x0706	0xF066C064  	MOVFF       IntToStr_inword_L0+1, FARG_WordToStr_input+1
0x070A	0xF067C05C  	MOVFF       FARG_IntToStr_output, FARG_WordToStr_output
0x070E	0xF068C05D  	MOVFF       FARG_IntToStr_output+1, FARG_WordToStr_output+1
0x0712	0xDD21      	RCALL       _WordToStr
;__Lib_Conversions.c,209 :: 		
0x0714	0x0E06      	MOVLW       6
0x0716	0x6E5E      	MOVWF       IntToStr_i_L0 
0x0718	0x0E00      	MOVLW       0
0x071A	0x6E5F      	MOVWF       IntToStr_i_L0+1 
;__Lib_Conversions.c,210 :: 		
L_IntToStr38:
0x071C	0x0E00      	MOVLW       0
0x071E	0x6E00      	MOVWF       R0 
0x0720	0x505F      	MOVF        IntToStr_i_L0+1, 0 
0x0722	0x5C00      	SUBWF       R0, 0 
0x0724	0xE102      	BNZ         L__IntToStr388
0x0726	0x505E      	MOVF        IntToStr_i_L0, 0 
0x0728	0x0800      	SUBLW       0
L__IntToStr388:
0x072A	0xE219      	BC          L_IntToStr39
;__Lib_Conversions.c,211 :: 		
0x072C	0x505E      	MOVF        IntToStr_i_L0, 0 
0x072E	0x245C      	ADDWF       FARG_IntToStr_output, 0 
0x0730	0x6EE1      	MOVWF       FSR1L 
0x0732	0x505F      	MOVF        IntToStr_i_L0+1, 0 
0x0734	0x205D      	ADDWFC      FARG_IntToStr_output+1, 0 
0x0736	0x6EE2      	MOVWF       FSR1L+1 
0x0738	0x0E01      	MOVLW       1
0x073A	0x5C5E      	SUBWF       IntToStr_i_L0, 0 
0x073C	0x6E00      	MOVWF       R0 
0x073E	0x0E00      	MOVLW       0
0x0740	0x585F      	SUBWFB      IntToStr_i_L0+1, 0 
0x0742	0x6E01      	MOVWF       R1 
0x0744	0x5000      	MOVF        R0, 0 
0x0746	0x245C      	ADDWF       FARG_IntToStr_output, 0 
0x0748	0x6EE9      	MOVWF       FSR0L 
0x074A	0x5001      	MOVF        R1, 0 
0x074C	0x205D      	ADDWFC      FARG_IntToStr_output+1, 0 
0x074E	0x6EEA      	MOVWF       FSR0L+1 
0x0750	0xFFE6CFEE  	MOVFF       POSTINC0, POSTINC1
;__Lib_Conversions.c,212 :: 		
0x0754	0x0E01      	MOVLW       1
0x0756	0x5E5E      	SUBWF       IntToStr_i_L0, 1 
0x0758	0x0E00      	MOVLW       0
0x075A	0x5A5F      	SUBWFB      IntToStr_i_L0+1, 1 
;__Lib_Conversions.c,213 :: 		
0x075C	0xD7DF      	BRA         L_IntToStr38
L_IntToStr39:
;__Lib_Conversions.c,214 :: 		
0x075E	0xFFE1C05C  	MOVFF       FARG_IntToStr_output, FSR1L
0x0762	0xFFE2C05D  	MOVFF       FARG_IntToStr_output+1, FSR1H
0x0766	0x0E20      	MOVLW       32
0x0768	0x6EE6      	MOVWF       POSTINC1 
;__Lib_Conversions.c,215 :: 		
0x076A	0x5161      	MOVF        IntToStr_negative_L0, 0, 1
0x076C	0x1162      	IORWF       IntToStr_negative_L0+1, 0, 1
0x076E	0xE01A      	BZ          L_IntToStr40
;__Lib_Conversions.c,216 :: 		
0x0770	0x6A5E      	CLRF        IntToStr_i_L0 
0x0772	0x6A5F      	CLRF        IntToStr_i_L0+1 
;__Lib_Conversions.c,217 :: 		
L_IntToStr41:
0x0774	0x505E      	MOVF        IntToStr_i_L0, 0 
0x0776	0x245C      	ADDWF       FARG_IntToStr_output, 0 
0x0778	0x6EE9      	MOVWF       FSR0L 
0x077A	0x505F      	MOVF        IntToStr_i_L0+1, 0 
0x077C	0x205D      	ADDWFC      FARG_IntToStr_output+1, 0 
0x077E	0x6EEA      	MOVWF       FSR0L+1 
0x0780	0x50EE      	MOVF        POSTINC0, 0 
0x0782	0x0A20      	XORLW       32
0x0784	0xE103      	BNZ         L_IntToStr42
0x0786	0x4A5E      	INFSNZ      IntToStr_i_L0, 1 
0x0788	0x2A5F      	INCF        IntToStr_i_L0+1, 1 
0x078A	0xD7F4      	BRA         L_IntToStr41
L_IntToStr42:
;__Lib_Conversions.c,218 :: 		
0x078C	0x0E01      	MOVLW       1
0x078E	0x5E5E      	SUBWF       IntToStr_i_L0, 1 
0x0790	0x0E00      	MOVLW       0
0x0792	0x5A5F      	SUBWFB      IntToStr_i_L0+1, 1 
;__Lib_Conversions.c,219 :: 		
0x0794	0x505E      	MOVF        IntToStr_i_L0, 0 
0x0796	0x245C      	ADDWF       FARG_IntToStr_output, 0 
0x0798	0x6EE1      	MOVWF       FSR1L 
0x079A	0x505F      	MOVF        IntToStr_i_L0+1, 0 
0x079C	0x205D      	ADDWFC      FARG_IntToStr_output+1, 0 
0x079E	0x6EE2      	MOVWF       FSR1L+1 
0x07A0	0x0E2D      	MOVLW       45
0x07A2	0x6EE6      	MOVWF       POSTINC1 
L_IntToStr40:
;__Lib_Conversions.c,220 :: 		
L_end_IntToStr:
0x07A4	0x0012      	RETURN      0
; end of _IntToStr
_main:
0x07A6	0xF004EC98  	CALL        2352, 0
;B.c,17 :: 		void main() {
;B.c,20 :: 		unsigned short int RA0_NEW=0;
0x07AA	0x6A56      	CLRF        main_RA0_NEW_L0 
0x07AC	0x6A57      	CLRF        main_RA0_OLD_L0 
0x07AE	0x6A58      	CLRF        main_stato_accensione_L0 
0x07B0	0x6A59      	CLRF        main_potenza_motore_L0 
;B.c,29 :: 		TRISA=0b00000111;
0x07B2	0x0E07      	MOVLW       7
0x07B4	0x6E92      	MOVWF       TRISA 
;B.c,30 :: 		ANSELA=0b11111000;
0x07B6	0x0EF8      	MOVLW       248
0x07B8	0x010F      	MOVLB       15
0x07BA	0x6F38      	MOVWF       ANSELA, 1
;B.c,32 :: 		TRISE=0b00000100; //per ora RE2  un imput perch devo settare il PWM
0x07BC	0x0E04      	MOVLW       4
0x07BE	0x6E96      	MOVWF       TRISE 
;B.c,33 :: 		LATE=0; //tutto spento inizialmente
0x07C0	0x6A8D      	CLRF        LATE 
;B.c,36 :: 		Lcd_Init();
0x07C2	0xDE46      	RCALL       _Lcd_Init
;B.c,37 :: 		Lcd_Cmd(_LCD_CLEAR);
0x07C4	0x0E01      	MOVLW       1
0x07C6	0x0100      	MOVLB       0
0x07C8	0x6F6B      	MOVWF       FARG_Lcd_Cmd_out_char, 1
0x07CA	0xDC5D      	RCALL       _Lcd_Cmd
;B.c,38 :: 		Lcd_Cmd(_LCD_CURSOR_OFF);
0x07CC	0x0E0C      	MOVLW       12
0x07CE	0x6F6B      	MOVWF       FARG_Lcd_Cmd_out_char, 1
0x07D0	0xDC5A      	RCALL       _Lcd_Cmd
;B.c,39 :: 		Lcd_out(1,1,"VEICOLO SPENTO");
0x07D2	0x0E01      	MOVLW       1
0x07D4	0x6E5A      	MOVWF       FARG_Lcd_Out_row 
0x07D6	0x0E01      	MOVLW       1
0x07D8	0x6E5B      	MOVWF       FARG_Lcd_Out_column 
0x07DA	0x0E33      	MOVLW       ?lstr1_B
0x07DC	0x6E5C      	MOVWF       FARG_Lcd_Out_text 
0x07DE	0x0E00      	MOVLW       hi_addr(?lstr1_B)
0x07E0	0x6E5D      	MOVWF       FARG_Lcd_Out_text+1 
0x07E2	0xDDF9      	RCALL       _Lcd_Out
;B.c,41 :: 		CCPTMRS1.C5TSEL0=0;
0x07E4	0x010F      	MOVLB       15
0x07E6	0x9548      	BCF         CCPTMRS1, 2, 1
;B.c,42 :: 		CCPTMRS1.C5TSEL1=1;
0x07E8	0x8748      	BSF         CCPTMRS1, 3, 1
;B.c,44 :: 		PR6=255;
0x07EA	0x0EFF      	MOVLW       255
0x07EC	0x6F4B      	MOVWF       PR6, 1
;B.c,46 :: 		CCP5CON.CCP5M3=1;
0x07EE	0x8754      	BSF         CCP5CON, 3, 1
;B.c,47 :: 		CCP5CON.CCP5M2=1;
0x07F0	0x8554      	BSF         CCP5CON, 2, 1
;B.c,49 :: 		CCPR5L=0; //inizialmente spento
0x07F2	0x6B55      	CLRF        CCPR5L, 1
;B.c,51 :: 		T6CON.TMR6ON=1;
0x07F4	0x854A      	BSF         T6CON, 2, 1
;B.c,53 :: 		TRISE.RE2=0;
0x07F6	0x9496      	BCF         TRISE, 2 
;B.c,55 :: 		T0CON=0b11001000;
0x07F8	0x0EC8      	MOVLW       200
0x07FA	0x6ED5      	MOVWF       T0CON 
;B.c,56 :: 		TMR0L=100;//in questo modo abbiamo overflow ogni 256*(4/fosc)*(256-TMROL)*PSA=128*126=19968us =20 ms
0x07FC	0x0E64      	MOVLW       100
0x07FE	0x6ED6      	MOVWF       TMR0L 
;B.c,58 :: 		INTCON=0b10100000;
0x0800	0x0EA0      	MOVLW       160
0x0802	0x6EF2      	MOVWF       INTCON 
;B.c,61 :: 		while(1){
L_main0:
;B.c,64 :: 		RA0_NEW=PORTA.RA0;
0x0804	0x0E00      	MOVLW       0
0x0806	0xB080      	BTFSC       PORTA, 0 
0x0808	0x0E01      	MOVLW       1
0x080A	0x6E56      	MOVWF       main_RA0_NEW_L0 
;B.c,66 :: 		if (RA0_NEW && RA0_NEW!=RA0_OLD){
0x080C	0x5256      	MOVF        main_RA0_NEW_L0, 1 
0x080E	0xE02A      	BZ          L_main4
0x0810	0x5056      	MOVF        main_RA0_NEW_L0, 0 
0x0812	0x1857      	XORWF       main_RA0_OLD_L0, 0 
0x0814	0xE027      	BZ          L_main4
L__main17:
;B.c,67 :: 		stato_accensione=!stato_accensione;
0x0816	0x5258      	MOVF        main_stato_accensione_L0, 1 
0x0818	0x0E01      	MOVLW       1
0x081A	0xA4D8      	BTFSS       STATUS, 2 
0x081C	0x0E00      	MOVLW       0
0x081E	0x6E01      	MOVWF       R1 
0x0820	0xF058C001  	MOVFF       R1, main_stato_accensione_L0
;B.c,68 :: 		if (stato_accensione==1){
0x0824	0x5001      	MOVF        R1, 0 
0x0826	0x0A01      	XORLW       1
0x0828	0xE10F      	BNZ         L_main5
;B.c,69 :: 		Lcd_Cmd(_LCD_CLEAR);
0x082A	0x0E01      	MOVLW       1
0x082C	0x0100      	MOVLB       0
0x082E	0x6F6B      	MOVWF       FARG_Lcd_Cmd_out_char, 1
0x0830	0xDC2A      	RCALL       _Lcd_Cmd
;B.c,70 :: 		Lcd_out(1,1,"VEICOLO ACCESO");
0x0832	0x0E01      	MOVLW       1
0x0834	0x6E5A      	MOVWF       FARG_Lcd_Out_row 
0x0836	0x0E01      	MOVLW       1
0x0838	0x6E5B      	MOVWF       FARG_Lcd_Out_column 
0x083A	0x0E24      	MOVLW       ?lstr2_B
0x083C	0x6E5C      	MOVWF       FARG_Lcd_Out_text 
0x083E	0x0E00      	MOVLW       hi_addr(?lstr2_B)
0x0840	0x6E5D      	MOVWF       FARG_Lcd_Out_text+1 
0x0842	0xDDC9      	RCALL       _Lcd_Out
;B.c,71 :: 		LATE.RE0=1;
0x0844	0x808D      	BSF         LATE, 0 
;B.c,72 :: 		}
0x0846	0xD00E      	BRA         L_main6
L_main5:
0x0848	0x0100      	MOVLB       0
;B.c,74 :: 		Lcd_Cmd(_LCD_CLEAR);
0x084A	0x0E01      	MOVLW       1
0x084C	0x6F6B      	MOVWF       FARG_Lcd_Cmd_out_char, 1
0x084E	0xDC1B      	RCALL       _Lcd_Cmd
;B.c,75 :: 		Lcd_out(1,1,"VEICOLO SPENTO");
0x0850	0x0E01      	MOVLW       1
0x0852	0x6E5A      	MOVWF       FARG_Lcd_Out_row 
0x0854	0x0E01      	MOVLW       1
0x0856	0x6E5B      	MOVWF       FARG_Lcd_Out_column 
0x0858	0x0E15      	MOVLW       ?lstr3_B
0x085A	0x6E5C      	MOVWF       FARG_Lcd_Out_text 
0x085C	0x0E00      	MOVLW       hi_addr(?lstr3_B)
0x085E	0x6E5D      	MOVWF       FARG_Lcd_Out_text+1 
0x0860	0xDDBA      	RCALL       _Lcd_Out
;B.c,76 :: 		LATE.RE0=0;
0x0862	0x908D      	BCF         LATE, 0 
;B.c,77 :: 		}
L_main6:
;B.c,78 :: 		}
L_main4:
;B.c,79 :: 		RA0_OLD=RA0_NEW;
0x0864	0xF057C056  	MOVFF       main_RA0_NEW_L0, main_RA0_OLD_L0
;B.c,82 :: 		if (stato_accensione==1){
0x0868	0x5058      	MOVF        main_stato_accensione_L0, 0 
0x086A	0x0A01      	XORLW       1
0x086C	0xE143      	BNZ         L_main7
;B.c,84 :: 		if (PORTA.RA1 && tmr0_overflof==1){
0x086E	0xA280      	BTFSS       PORTA, 1 
0x0870	0xD007      	BRA         L_main10
0x0872	0x5042      	MOVF        _tmr0_overflof, 0 
0x0874	0x0A01      	XORLW       1
0x0876	0xE104      	BNZ         L_main10
L__main16:
;B.c,85 :: 		potenza_motore+=1;
0x0878	0x2A59      	INCF        main_potenza_motore_L0, 1 
;B.c,86 :: 		tmr0_overflof=0;
0x087A	0x6A42      	CLRF        _tmr0_overflof 
;B.c,87 :: 		CCPR5L=potenza_motore;
0x087C	0xFF55C059  	MOVFF       main_potenza_motore_L0, CCPR5L
;B.c,88 :: 		}
L_main10:
;B.c,89 :: 		if (PORTA.RA2 && tmr0_overflof==1){
0x0880	0xA480      	BTFSS       PORTA, 2 
0x0882	0xD007      	BRA         L_main13
0x0884	0x5042      	MOVF        _tmr0_overflof, 0 
0x0886	0x0A01      	XORLW       1
0x0888	0xE104      	BNZ         L_main13
L__main15:
;B.c,90 :: 		potenza_motore-=1;
0x088A	0x0659      	DECF        main_potenza_motore_L0, 1 
;B.c,91 :: 		tmr0_overflof=0;
0x088C	0x6A42      	CLRF        _tmr0_overflof 
;B.c,92 :: 		CCPR5L=potenza_motore;
0x088E	0xFF55C059  	MOVFF       main_potenza_motore_L0, CCPR5L
;B.c,93 :: 		}
L_main13:
;B.c,94 :: 		potenza_motore_percent=potenza_motore*0.39; //0,39=100/256
0x0892	0xF000C059  	MOVFF       main_potenza_motore_L0, R0
0x0896	0xDE2F      	RCALL       _byte2double
0x0898	0x0E14      	MOVLW       20
0x089A	0x6E04      	MOVWF       R4 
0x089C	0x0EAE      	MOVLW       174
0x089E	0x6E05      	MOVWF       R5 
0x08A0	0x0E47      	MOVLW       71
0x08A2	0x6E06      	MOVWF       R6 
0x08A4	0x0E7D      	MOVLW       125
0x08A6	0x6E07      	MOVWF       R7 
0x08A8	0xDE81      	RCALL       _Mul_32x32_FP
0x08AA	0xDE33      	RCALL       _double2byte
;B.c,96 :: 		IntToStr(potenza_motore_percent,potenza_motore_char);
0x08AC	0xF05AC000  	MOVFF       R0, FARG_IntToStr_input
0x08B0	0x0E00      	MOVLW       0
0x08B2	0x6E5B      	MOVWF       FARG_IntToStr_input+1 
0x08B4	0x0E4E      	MOVLW       main_potenza_motore_char_L0
0x08B6	0x6E5C      	MOVWF       FARG_IntToStr_output 
0x08B8	0x0E00      	MOVLW       hi_addr(main_potenza_motore_char_L0)
0x08BA	0x6E5D      	MOVWF       FARG_IntToStr_output+1 
0x08BC	0xDF07      	RCALL       _IntToStr
;B.c,97 :: 		Lcd_Out(2,1,"MOTORE:");
0x08BE	0x0E02      	MOVLW       2
0x08C0	0x6E5A      	MOVWF       FARG_Lcd_Out_row 
0x08C2	0x0E01      	MOVLW       1
0x08C4	0x6E5B      	MOVWF       FARG_Lcd_Out_column 
0x08C6	0x0E45      	MOVLW       ?lstr4_B
0x08C8	0x6E5C      	MOVWF       FARG_Lcd_Out_text 
0x08CA	0x0E00      	MOVLW       hi_addr(?lstr4_B)
0x08CC	0x6E5D      	MOVWF       FARG_Lcd_Out_text+1 
0x08CE	0xDD83      	RCALL       _Lcd_Out
;B.c,98 :: 		Lcd_Out(2,5,potenza_motore_char);
0x08D0	0x0E02      	MOVLW       2
0x08D2	0x6E5A      	MOVWF       FARG_Lcd_Out_row 
0x08D4	0x0E05      	MOVLW       5
0x08D6	0x6E5B      	MOVWF       FARG_Lcd_Out_column 
0x08D8	0x0E4E      	MOVLW       main_potenza_motore_char_L0
0x08DA	0x6E5C      	MOVWF       FARG_Lcd_Out_text 
0x08DC	0x0E00      	MOVLW       hi_addr(main_potenza_motore_char_L0)
0x08DE	0x6E5D      	MOVWF       FARG_Lcd_Out_text+1 
0x08E0	0xDD7A      	RCALL       _Lcd_Out
;B.c,99 :: 		Lcd_Out(2,11,"%");
0x08E2	0x0E02      	MOVLW       2
0x08E4	0x6E5A      	MOVWF       FARG_Lcd_Out_row 
0x08E6	0x0E0B      	MOVLW       11
0x08E8	0x6E5B      	MOVWF       FARG_Lcd_Out_column 
0x08EA	0x0E43      	MOVLW       ?lstr5_B
0x08EC	0x6E5C      	MOVWF       FARG_Lcd_Out_text 
0x08EE	0x0E00      	MOVLW       hi_addr(?lstr5_B)
0x08F0	0x6E5D      	MOVWF       FARG_Lcd_Out_text+1 
0x08F2	0xDD71      	RCALL       _Lcd_Out
;B.c,100 :: 		}
L_main7:
;B.c,102 :: 		}
0x08F4	0xD787      	BRA         L_main0
;B.c,103 :: 		}
L_end_main:
0x08F6	0xD7FF      	BRA         $+0
; end of _main
0x0930	0xF015EE10  	LFSR        1, 21
0x0934	0x0E38      	MOVLW       56
0x0936	0x6E00      	MOVWF       R0 
0x0938	0x0E01      	MOVLW       1
0x093A	0x6E01      	MOVWF       R1 
0x093C	0x0EF8      	MOVLW       248
0x093E	0x6EF6      	MOVWF       TBLPTR 
0x0940	0x0E08      	MOVLW       8
0x0942	0x6EF7      	MOVWF       TBLPTRH 
0x0944	0x0E00      	MOVLW       0
0x0946	0x6EF8      	MOVWF       TBLPTRU 
0x0948	0xF002EC73  	CALL        1254, 0
0x094C	0x0012      	RETURN      0
;B.c,0 :: ?ICS?lstr3_B
0x08F8	0x4556 ;?ICS?lstr3_B+0
0x08FA	0x4349 ;?ICS?lstr3_B+2
0x08FC	0x4C4F ;?ICS?lstr3_B+4
0x08FE	0x204F ;?ICS?lstr3_B+6
0x0900	0x5053 ;?ICS?lstr3_B+8
0x0902	0x4E45 ;?ICS?lstr3_B+10
0x0904	0x4F54 ;?ICS?lstr3_B+12
0x0906	0x00 ;?ICS?lstr3_B+14
; end of ?ICS?lstr3_B
;B.c,0 :: ?ICS?lstr2_B
0x0907	0x4556 ;?ICS?lstr2_B+0
0x0909	0x4349 ;?ICS?lstr2_B+2
0x090B	0x4C4F ;?ICS?lstr2_B+4
0x090D	0x204F ;?ICS?lstr2_B+6
0x090F	0x4341 ;?ICS?lstr2_B+8
0x0911	0x4543 ;?ICS?lstr2_B+10
0x0913	0x4F53 ;?ICS?lstr2_B+12
0x0915	0x00 ;?ICS?lstr2_B+14
; end of ?ICS?lstr2_B
;B.c,0 :: ?ICS?lstr1_B
0x0916	0x4556 ;?ICS?lstr1_B+0
0x0918	0x4349 ;?ICS?lstr1_B+2
0x091A	0x4C4F ;?ICS?lstr1_B+4
0x091C	0x204F ;?ICS?lstr1_B+6
0x091E	0x5053 ;?ICS?lstr1_B+8
0x0920	0x4E45 ;?ICS?lstr1_B+10
0x0922	0x4F54 ;?ICS?lstr1_B+12
0x0924	0x00 ;?ICS?lstr1_B+14
; end of ?ICS?lstr1_B
;B.c,0 :: ?ICS_tmr0_overflof
0x0925	0x00 ;?ICS_tmr0_overflof+0
; end of ?ICS_tmr0_overflof
;B.c,0 :: ?ICS?lstr5_B
0x0926	0x0025 ;?ICS?lstr5_B+0
; end of ?ICS?lstr5_B
;B.c,0 :: ?ICS?lstr4_B
0x0928	0x4F4D ;?ICS?lstr4_B+0
0x092A	0x4F54 ;?ICS?lstr4_B+2
0x092C	0x4552 ;?ICS?lstr4_B+4
0x092E	0x003A ;?ICS?lstr4_B+6
; end of ?ICS?lstr4_B
Symbol List:
//** Routines locations **
//ADDRESS    SIZE    PROCEDURE
//----------------------------------------------
0x0008      [16]    _interrupt
0x0018       [6]    _Delay_1us
0x001E      [22]    _Delay_5500us
0x0034      [10]    _Delay_50us
0x003E      [24]    _SETFOV32
0x0056       [8]    _FIXSIGN32
0x005E      [26]    _SETFUN32
0x0078      [14]    _RES032
0x0086     [126]    _Lcd_Cmd
0x0104      [54]    _Div_16X16_U
0x013A      [28]    _SETIOV3224
0x0156     [146]    _WordToStr
0x01E8     [482]    _NRM4032
0x03CA      [12]    _Lcd_Chr_CP
0x03D6     [122]    _Lcd_Out
0x0450     [150]    _Lcd_Init
0x04E6      [16]    ___CC2DW
0x04F6      [28]    _byte2double
0x0512     [154]    _double2byte
0x05AC     [288]    _Mul_32x32_FP
0x06CC     [218]    _IntToStr
0x07A6     [338]    _main
//** Variables locations ** 
//ADDRESS    SIZE    VARIABLE
//----------------------------------------------
0x0000       [1]    R0
0x0001       [1]    __Lib_Conversions_Adjust_Hex_tmp_L0
0x0001       [1]    R1
0x0002       [2]    memset_pp_L0
0x0002       [1]    R2
0x0002       [2]    strlen_cp_L0
0x0002       [2]    memcpy_dd_L0
0x0002       [2]    memchr_s_L0
0x0003       [1]    R3
0x0003       [2]    memmove_tt_L0
0x0003       [2]    Ltrim_original_L0
0x0004       [2]    strcat_cp_L0
0x0004       [2]    memcpy_ss_L0
0x0004       [2]    strncat_cp_L0
0x0004       [1]    R4
0x0004       [2]    strncpy_cp_L0
0x0004       [2]    strcpy_cp_L0
0x0005       [1]    R5
0x0005       [2]    Ltrim_p_L0
0x0005       [2]    LongWordToHex_input_half_L0
0x0005       [2]    LongIntToHex_input_half_L0
0x0005       [2]    memmove_ff_L0
0x0006       [1]    R6
0x0007       [1]    R7
0x0008       [1]    R8
0x0009       [1]    R9
0x000A       [1]    R10
0x000B       [1]    R11
0x000C       [1]    R12
0x000D       [1]    R13
0x000E       [1]    R14
0x000F       [1]    R15
0x0010       [1]    R16
0x0011       [1]    R17
0x0012       [1]    R18
0x0013       [1]    R19
0x0014       [1]    R20
0x0015      [15]    ?lstr3_B
0x0024      [15]    ?lstr2_B
0x0033      [15]    ?lstr1_B
0x0042       [1]    _tmr0_overflof
0x0043       [2]    ?lstr5_B
0x0045       [8]    ?lstr4_B
0x004D       [0]    __Lib_Lcd_cmd_status
0x004E       [8]    main_potenza_motore_char_L0
0x0056       [1]    main_RA0_NEW_L0
0x0057       [1]    main_RA0_OLD_L0
0x0058       [1]    main_stato_accensione_L0
0x0059       [1]    main_potenza_motore_L0
0x005A       [2]    FARG_IntToStr_input
0x005A       [1]    FARG_Lcd_Out_row
0x005B       [1]    FARG_Lcd_Out_column
0x005C       [2]    FARG_Lcd_Out_text
0x005C       [2]    FARG_IntToStr_output
0x005E       [2]    IntToStr_i_L0
0x005E       [1]    Lcd_Out_i_L0
0x0060       [1]    WordToStr_len_L0
0x0060       [1]    FARG_Lcd_Chr_CP_out_char
0x0061       [2]    IntToStr_negative_L0
0x0063       [2]    IntToStr_inword_L0
0x0065       [2]    FARG_WordToStr_input
0x0067       [2]    FARG_WordToStr_output
0x0069       [2]    FLOC__WordToStr
0x006B       [1]    FARG_Lcd_Cmd_out_char
0x0F38       [1]    ANSELA
0x0F48       [1]    CCPTMRS1
0x0F4A       [1]    T6CON
0x0F4B       [1]    PR6
0x0F54       [1]    CCP5CON
0x0F55       [1]    CCPR5L
0x0F80       [1]    PORTA
0x0F8A       [0]    LATB1_bit
0x0F8A       [0]    LATB0_bit
0x0F8A       [0]    LATB2_bit
0x0F8A       [0]    LATB3_bit
0x0F8A       [0]    LCD_D7
0x0F8A       [0]    LCD_EN
0x0F8A       [0]    LCD_RS
0x0F8A       [0]    LCD_D4
0x0F8A       [0]    LCD_D6
0x0F8A       [0]    LCD_D5
0x0F8A       [0]    LATB4_bit
0x0F8A       [0]    LATB5_bit
0x0F8D       [1]    LATE
0x0F92       [1]    TRISA
0x0F93       [0]    LCD_D4_Direction
0x0F93       [0]    LCD_EN_Direction
0x0F93       [0]    LCD_RS_Direction
0x0F93       [0]    LCD_D7_Direction
0x0F93       [0]    LCD_D6_Direction
0x0F93       [0]    LCD_D5_Direction
0x0F93       [0]    TRISB0_bit
0x0F93       [0]    TRISB5_bit
0x0F93       [0]    TRISB1_bit
0x0F93       [0]    TRISB3_bit
0x0F93       [0]    TRISB4_bit
0x0F93       [0]    TRISB2_bit
0x0F96       [1]    TRISE
0x0FD5       [1]    T0CON
0x0FD6       [1]    TMR0L
0x0FD8       [1]    STATUS
0x0FD9       [1]    FSR2L
0x0FDA       [1]    FSR2H
0x0FDE       [1]    POSTINC2
0x0FE0       [1]    BSR
0x0FE1       [1]    FSR1L
0x0FE2       [1]    FSR1H
0x0FE4       [1]    PREINC1
0x0FE6       [1]    POSTINC1
0x0FE7       [1]    INDF1
0x0FE8       [1]    WREG
0x0FE9       [1]    FSR0L
0x0FEA       [1]    FSR0H
0x0FEE       [1]    POSTINC0
0x0FF2       [1]    INTCON
0x0FF3       [1]    PRODL
0x0FF4       [1]    PRODH
0x0FF5       [1]    TABLAT
0x0FF6       [3]    TBLPTR
0x0FF6       [1]    TBLPTRL
0x0FF7       [1]    TBLPTRH
0x0FF8       [1]    TBLPTRU
//** Constants locations ** 
//ADDRESS    SIZE    CONSTANT
//----------------------------------------------
0x08F8      [15]    ?ICS?lstr3_B
0x0907      [15]    ?ICS?lstr2_B
0x0916      [15]    ?ICS?lstr1_B
0x0925       [1]    ?ICS_tmr0_overflof
0x0926       [2]    ?ICS?lstr5_B
0x0928       [8]    ?ICS?lstr4_B
