;  LST file generated by mikroListExporter - v.2.0 
; Date/Time: 18/05/2021 18:07:59
;----------------------------------------------

;Address Opcode 	ASM
0x0000	0xF000EF0D  	GOTO        26
_interrupt:
;PWM_ADC.c,75 :: 		void interrupt() {
;PWM_ADC.c,76 :: 		INTCON.GIE = 0;
0x0008	0x9EF2      	BCF         INTCON, 7 
;PWM_ADC.c,77 :: 		if (PIR1.ADIF) {
0x000A	0xAC9E      	BTFSS       PIR1, 6 
0x000C	0xD004      	BRA         L_interrupt2
;PWM_ADC.c,78 :: 		PIR1.ADIF = 0;
0x000E	0x9C9E      	BCF         PIR1, 6 
;PWM_ADC.c,79 :: 		CCPR5L=ADRESH;
0x0010	0xFF55CFC4  	MOVFF       ADRESH, CCPR5L
;PWM_ADC.c,80 :: 		ADCON0.GO_NOT_DONE = 1; // do il go
0x0014	0x82C2      	BSF         ADCON0, 1 
;PWM_ADC.c,81 :: 		}
L_interrupt2:
;PWM_ADC.c,84 :: 		INTCON.GIE = 1;
0x0016	0x8EF2      	BSF         INTCON, 7 
;PWM_ADC.c,85 :: 		}
L_end_interrupt:
L__interrupt5:
0x0018	0x0011      	RETFIE      1
; end of _interrupt
_main:
;PWM_ADC.c,1 :: 		void main() {
;PWM_ADC.c,4 :: 		TRISE.RE2 = 1;
0x001A	0x8496      	BSF         TRISE, 2 
;PWM_ADC.c,7 :: 		CCPTMRS1.C5TSEL0 = 0;
0x001C	0x010F      	MOVLB       15
0x001E	0x9548      	BCF         CCPTMRS1, 2, 1
;PWM_ADC.c,8 :: 		CCPTMRS1.C5TSEL1 = 0;
0x0020	0x9748      	BCF         CCPTMRS1, 3, 1
;PWM_ADC.c,11 :: 		PR2=255;
0x0022	0x0EFF      	MOVLW       255
0x0024	0x6EBB      	MOVWF       PR2 
;PWM_ADC.c,14 :: 		CCPR5L=128;
0x0026	0x0E80      	MOVLW       128
0x0028	0x6F55      	MOVWF       CCPR5L, 1
;PWM_ADC.c,17 :: 		CCP5CON.CCP5M3 = 1;
0x002A	0x8754      	BSF         CCP5CON, 3, 1
;PWM_ADC.c,18 :: 		CCP5CON.CCP5M2 = 1;
0x002C	0x8554      	BSF         CCP5CON, 2, 1
;PWM_ADC.c,22 :: 		T2CON = 0b00000111;
0x002E	0x0E07      	MOVLW       7
0x0030	0x6EBA      	MOVWF       T2CON 
;PWM_ADC.c,25 :: 		TRISE.RE2=0;
0x0032	0x9496      	BCF         TRISE, 2 
;PWM_ADC.c,29 :: 		TRISA.RA0=1; // C input : valore che l'adc andrà a leggere
0x0034	0x8092      	BSF         TRISA, 0 
;PWM_ADC.c,30 :: 		ANSELA.RA0=1; //
0x0036	0x8138      	BSF         ANSELA, 0, 1
;PWM_ADC.c,33 :: 		ADCON0.CHS0= 0;
0x0038	0x94C2      	BCF         ADCON0, 2 
;PWM_ADC.c,34 :: 		ADCON0.CHS1= 0;
0x003A	0x96C2      	BCF         ADCON0, 3 
;PWM_ADC.c,35 :: 		ADCON0.CHS2= 0;
0x003C	0x98C2      	BCF         ADCON0, 4 
;PWM_ADC.c,36 :: 		ADCON0.CHS3= 0;
0x003E	0x9AC2      	BCF         ADCON0, 5 
;PWM_ADC.c,37 :: 		ADCON0.CHS4= 0;
0x0040	0x9CC2      	BCF         ADCON0, 6 
;PWM_ADC.c,42 :: 		ADCON2.ADCS0=1;
0x0042	0x80C0      	BSF         ADCON2, 0 
;PWM_ADC.c,43 :: 		ADCON2.ADCS1=0;
0x0044	0x92C0      	BCF         ADCON2, 1 
;PWM_ADC.c,44 :: 		ADCON2.ADCS2=0;
0x0046	0x94C0      	BCF         ADCON2, 2 
;PWM_ADC.c,50 :: 		ADCON2.ACQT0=0;
0x0048	0x96C0      	BCF         ADCON2, 3 
;PWM_ADC.c,51 :: 		ADCON2.ACQT1=0;
0x004A	0x98C0      	BCF         ADCON2, 4 
;PWM_ADC.c,52 :: 		ADCON2.ACQT2=1;
0x004C	0x8AC0      	BSF         ADCON2, 5 
;PWM_ADC.c,56 :: 		ADCON2.ADFM=0;
0x004E	0x9EC0      	BCF         ADCON2, 7 
;PWM_ADC.c,60 :: 		PIE1.ADIE=1; // enable interrupt adc
0x0050	0x8C9D      	BSF         PIE1, 6 
;PWM_ADC.c,61 :: 		PIR1.ADIF=0; // interrupt flag =0
0x0052	0x9C9E      	BCF         PIR1, 6 
;PWM_ADC.c,62 :: 		INTCON.PEIE=1;// enable interrupt periferiche
0x0054	0x8CF2      	BSF         INTCON, 6 
;PWM_ADC.c,63 :: 		INTCON.GIE=1; // eanble interrupt globale
0x0056	0x8EF2      	BSF         INTCON, 7 
;PWM_ADC.c,65 :: 		ADCON0.ADON=1; // accendo adc
0x0058	0x80C2      	BSF         ADCON0, 0 
;PWM_ADC.c,66 :: 		ADCON0.GO_NOT_DONE=1; // do il go
0x005A	0x82C2      	BSF         ADCON0, 1 
;PWM_ADC.c,68 :: 		while (1){
L_main0:
;PWM_ADC.c,71 :: 		}
0x005C	0xD7FF      	BRA         L_main0
;PWM_ADC.c,73 :: 		}
L_end_main:
0x005E	0xD7FF      	BRA         $+0
; end of _main
Symbol List:
//** Routines locations **
//ADDRESS    SIZE    PROCEDURE
//----------------------------------------------
0x0008      [18]    _interrupt
0x001A      [70]    _main
//** Variables locations ** 
//ADDRESS    SIZE    VARIABLE
//----------------------------------------------
0x0000       [1]    R0
0x0001       [1]    R1
0x0002       [1]    R2
0x0003       [1]    R3
0x0004       [1]    R4
0x0005       [1]    R5
0x0006       [1]    R6
0x0007       [1]    R7
0x0008       [1]    R8
0x0009       [1]    R9
0x000A       [1]    R10
0x000B       [1]    R11
0x000C       [1]    R12
0x000D       [1]    R13
0x000E       [1]    R14
0x000F       [1]    R15
0x0010       [1]    R16
0x0011       [1]    R17
0x0012       [1]    R18
0x0013       [1]    R19
0x0014       [1]    R20
0x0F38       [1]    ANSELA
0x0F48       [1]    CCPTMRS1
0x0F54       [1]    CCP5CON
0x0F55       [1]    CCPR5L
0x0F92       [1]    TRISA
0x0F96       [1]    TRISE
0x0F9D       [1]    PIE1
0x0F9E       [1]    PIR1
0x0FBA       [1]    T2CON
0x0FBB       [1]    PR2
0x0FC0       [1]    ADCON2
0x0FC2       [1]    ADCON0
0x0FC4       [1]    ADRESH
0x0FD8       [1]    STATUS
0x0FD9       [1]    FSR2L
0x0FDA       [1]    FSR2H
0x0FDE       [1]    POSTINC2
0x0FE0       [1]    BSR
0x0FE1       [1]    FSR1L
0x0FE2       [1]    FSR1H
0x0FE4       [1]    PREINC1
0x0FE6       [1]    POSTINC1
0x0FE7       [1]    INDF1
0x0FE8       [1]    WREG
0x0FE9       [1]    FSR0L
0x0FEA       [1]    FSR0H
0x0FEE       [1]    POSTINC0
0x0FF2       [1]    INTCON
0x0FF3       [1]    PRODL
0x0FF4       [1]    PRODH
0x0FF5       [1]    TABLAT
0x0FF6       [1]    TBLPTRL
0x0FF7       [1]    TBLPTRH
0x0FF8       [1]    TBLPTRU
