;  LST file generated by mikroListExporter - v.2.0 
; Date/Time: 07/05/2021 15:36:05
;----------------------------------------------

;Address Opcode 	ASM
0x0000	0xF000EF0E  	GOTO        28
0x0004	0x0000      	NOP
0x0006	0x0000      	NOP
0x0008	0xF000EF00  	GOTO        0
0x000C	0x0000      	NOP
0x000E	0x0000      	NOP
0x0010	0x0000      	NOP
0x0012	0x0000      	NOP
0x0014	0x0000      	NOP
0x0016	0x0000      	NOP
0x0018	0xD7F3      	BRA         0
_main:
;polling_adc.c,2 :: 		void main() {
;polling_adc.c,4 :: 		TRISC=0; // C output
0x001C	0x6A94      	CLRF        TRISC 
;polling_adc.c,6 :: 		TRISA.RA0=1; // C input : valore che l'adc andrà a leggere
0x001E	0x8092      	BSF         TRISA, 0 
;polling_adc.c,7 :: 		ANSELA.RA0=1; //
0x0020	0x010F      	MOVLB       15
0x0022	0x8138      	BSF         ANSELA, 0, 1
;polling_adc.c,10 :: 		ADCON0.CHS0= 0;
0x0024	0x94C2      	BCF         ADCON0, 2 
;polling_adc.c,11 :: 		ADCON0.CHS1= 0;
0x0026	0x96C2      	BCF         ADCON0, 3 
;polling_adc.c,12 :: 		ADCON0.CHS2= 0;
0x0028	0x98C2      	BCF         ADCON0, 4 
;polling_adc.c,13 :: 		ADCON0.CHS3= 0;
0x002A	0x9AC2      	BCF         ADCON0, 5 
;polling_adc.c,14 :: 		ADCON0.CHS4= 0;
0x002C	0x9CC2      	BCF         ADCON0, 6 
;polling_adc.c,19 :: 		ADCON2.ADCS0=1;
0x002E	0x80C0      	BSF         ADCON2, 0 
;polling_adc.c,20 :: 		ADCON2.ADCS1=0;
0x0030	0x92C0      	BCF         ADCON2, 1 
;polling_adc.c,21 :: 		ADCON2.ADCS2=0;
0x0032	0x94C0      	BCF         ADCON2, 2 
;polling_adc.c,27 :: 		ADCON2.ACQT0=0;
0x0034	0x96C0      	BCF         ADCON2, 3 
;polling_adc.c,28 :: 		ADCON2.ACQT1=0;
0x0036	0x98C0      	BCF         ADCON2, 4 
;polling_adc.c,29 :: 		ADCON2.ACQT2=1;
0x0038	0x8AC0      	BSF         ADCON2, 5 
;polling_adc.c,33 :: 		ADCON2.ADFM=0;
0x003A	0x9EC0      	BCF         ADCON2, 7 
;polling_adc.c,36 :: 		ADCON0.ADON=1; // accendo adc
0x003C	0x80C2      	BSF         ADCON0, 0 
;polling_adc.c,37 :: 		ADCON0.GO_NOT_DONE=1; // do il go
0x003E	0x82C2      	BSF         ADCON0, 1 
;polling_adc.c,39 :: 		while (1){
L_main0:
;polling_adc.c,41 :: 		if (ADCON0.GO_NOT_DONE == 0){ // la conversione è finita
0x0040	0xB2C2      	BTFSC       ADCON0, 1 
0x0042	0xD003      	BRA         L_main2
;polling_adc.c,42 :: 		LATC=ADRESH; // stampa il risultato su port C
0x0044	0xFF8BCFC4  	MOVFF       ADRESH, LATC
;polling_adc.c,43 :: 		ADCON0.GO_NOT_DONE=1; // riprendi la conversione
0x0048	0x82C2      	BSF         ADCON0, 1 
;polling_adc.c,44 :: 		}
L_main2:
;polling_adc.c,45 :: 		}
0x004A	0xD7FA      	BRA         L_main0
;polling_adc.c,46 :: 		}
L_end_main:
0x004C	0xD7FF      	BRA         $+0
; end of _main
Symbol List:
//** Routines locations **
//ADDRESS    SIZE    PROCEDURE
//----------------------------------------------
0x001C      [50]    _main
//** Variables locations ** 
//ADDRESS    SIZE    VARIABLE
//----------------------------------------------
0x0000       [1]    R0
0x0001       [1]    R1
0x0002       [1]    R2
0x0003       [1]    R3
0x0004       [1]    R4
0x0005       [1]    R5
0x0006       [1]    R6
0x0007       [1]    R7
0x0008       [1]    R8
0x0009       [1]    R9
0x000A       [1]    R10
0x000B       [1]    R11
0x000C       [1]    R12
0x000D       [1]    R13
0x000E       [1]    R14
0x000F       [1]    R15
0x0010       [1]    R16
0x0011       [1]    R17
0x0012       [1]    R18
0x0013       [1]    R19
0x0014       [1]    R20
0x0F38       [1]    ANSELA
0x0F8B       [1]    LATC
0x0F92       [1]    TRISA
0x0F94       [1]    TRISC
0x0FC0       [1]    ADCON2
0x0FC2       [1]    ADCON0
0x0FC4       [1]    ADRESH
0x0FD8       [1]    STATUS
0x0FD9       [1]    FSR2L
0x0FDA       [1]    FSR2H
0x0FDE       [1]    POSTINC2
0x0FE0       [1]    BSR
0x0FE1       [1]    FSR1L
0x0FE2       [1]    FSR1H
0x0FE4       [1]    PREINC1
0x0FE6       [1]    POSTINC1
0x0FE7       [1]    INDF1
0x0FE8       [1]    WREG
0x0FE9       [1]    FSR0L
0x0FEA       [1]    FSR0H
0x0FEE       [1]    POSTINC0
0x0FF3       [1]    PRODL
0x0FF4       [1]    PRODH
0x0FF5       [1]    TABLAT
0x0FF6       [1]    TBLPTRL
0x0FF7       [1]    TBLPTRH
0x0FF8       [1]    TBLPTRU
