;  LST file generated by mikroListExporter - v.2.0 
; Date/Time: 03/06/2021 15:29:23
;----------------------------------------------

;Address Opcode 	ASM
0x0000	0xF002EF89  	GOTO        1298
_interrupt:
;parteC.c,216 :: 		void interrupt(){
;parteC.c,217 :: 		INTCON.GIE=0;
0x0008	0x9EF2      	BCF         INTCON, 7 
;parteC.c,218 :: 		if (INTCON.TMR0IF){
0x000A	0xA4F2      	BTFSS       INTCON, 2 
0x000C	0xD003      	BRA         L_interrupt21
;parteC.c,219 :: 		INTCON.TMR0IF=0;
0x000E	0x94F2      	BCF         INTCON, 2 
;parteC.c,220 :: 		clk+=1;//ms
0x0010	0x4A15      	INFSNZ      _clk, 1 
0x0012	0x2A16      	INCF        _clk+1, 1 
;parteC.c,222 :: 		}
L_interrupt21:
;parteC.c,224 :: 		INTCON.GIE=1;
0x0014	0x8EF2      	BSF         INTCON, 7 
;parteC.c,225 :: 		}
L_end_interrupt:
L__interrupt32:
0x0016	0x0011      	RETFIE      1
; end of _interrupt
_Delay_50us:
;__Lib_Delays.c,19 :: 		void Delay_50us() {
;__Lib_Delays.c,20 :: 		Delay_us(50);
0x0018	0x0E21      	MOVLW       33
0x001A	0x6E0D      	MOVWF       R13, 0
L_Delay_50us2:
0x001C	0x2E0D      	DECFSZ      R13, 1, 0
0x001E	0xD7FE      	BRA         L_Delay_50us2
;__Lib_Delays.c,21 :: 		}
L_end_Delay_50us:
0x0020	0x0012      	RETURN      0
; end of _Delay_50us
_Delay_5500us:
;__Lib_Delays.c,31 :: 		void Delay_5500us() {
;__Lib_Delays.c,32 :: 		Delay_us(5500);
0x0022	0x0E0F      	MOVLW       15
0x0024	0x6E0C      	MOVWF       R12, 0
0x0026	0x0E47      	MOVLW       71
0x0028	0x6E0D      	MOVWF       R13, 0
L_Delay_5500us5:
0x002A	0x2E0D      	DECFSZ      R13, 1, 0
0x002C	0xD7FE      	BRA         L_Delay_5500us5
0x002E	0x2E0C      	DECFSZ      R12, 1, 0
0x0030	0xD7FC      	BRA         L_Delay_5500us5
0x0032	0x0000      	NOP
0x0034	0x0000      	NOP
;__Lib_Delays.c,33 :: 		}
L_end_Delay_5500us:
0x0036	0x0012      	RETURN      0
; end of _Delay_5500us
_Delay_1us:
;__Lib_Delays.c,7 :: 		void Delay_1us() {
;__Lib_Delays.c,8 :: 		Delay_us(1);
0x0038	0x0000      	NOP
0x003A	0x0000      	NOP
;__Lib_Delays.c,9 :: 		}
L_end_Delay_1us:
0x003C	0x0012      	RETURN      0
; end of _Delay_1us
_Div_16X16_U:
;__Lib_Math.c,102 :: 		
;__Lib_Math.c,109 :: 		
0x003E	0x6A08      	CLRF        R8, 0
;__Lib_Math.c,110 :: 		
0x0040	0x6A09      	CLRF        R9, 0
;__Lib_Math.c,111 :: 		
0x0042	0x0E10      	MOVLW       16
;__Lib_Math.c,112 :: 		
0x0044	0x6E0C      	MOVWF       R12, 0
;__Lib_Math.c,113 :: 		
0x0046	0x3401      	RLCF        R1, 0, 0
;__Lib_Math.c,114 :: 		
0x0048	0x3608      	RLCF        R8, 1, 0
;__Lib_Math.c,115 :: 		
0x004A	0x3609      	RLCF        R9, 1, 0
;__Lib_Math.c,116 :: 		
0x004C	0x5004      	MOVF        R4, 0, 0
;__Lib_Math.c,117 :: 		
0x004E	0x5E08      	SUBWF       R8, 1, 0
;__Lib_Math.c,118 :: 		
0x0050	0x5005      	MOVF        R5, 0, 0
;__Lib_Math.c,119 :: 		
0x0052	0xA0D8      	BTFSS       STATUS, 0, 0
;__Lib_Math.c,120 :: 		
0x0054	0x3C05      	INCFSZ      R5, 0, 0
;__Lib_Math.c,121 :: 		
0x0056	0x5E09      	SUBWF       R9, 1, 0
;__Lib_Math.c,122 :: 		
0x0058	0xB0D8      	BTFSC       STATUS, 0, 0
;__Lib_Math.c,123 :: 		
0x005A	0xD007      	BRA         $+16
;__Lib_Math.c,124 :: 		
0x005C	0x5004      	MOVF        R4, 0, 0
;__Lib_Math.c,125 :: 		
0x005E	0x2608      	ADDWF       R8, 1, 0
;__Lib_Math.c,126 :: 		
0x0060	0x5005      	MOVF        R5, 0, 0
;__Lib_Math.c,127 :: 		
0x0062	0xB0D8      	BTFSC       STATUS, 0, 0
;__Lib_Math.c,128 :: 		
0x0064	0x3C05      	INCFSZ      R5, 0, 0
;__Lib_Math.c,129 :: 		
0x0066	0x2609      	ADDWF       R9, 1, 0
;__Lib_Math.c,130 :: 		
0x0068	0x90D8      	BCF         STATUS, 0, 0
;__Lib_Math.c,131 :: 		
0x006A	0x3600      	RLCF        R0, 1, 0
;__Lib_Math.c,132 :: 		
0x006C	0x3601      	RLCF        R1, 1, 0
;__Lib_Math.c,133 :: 		
0x006E	0x2E0C      	DECFSZ      R12, 1, 0
;__Lib_Math.c,134 :: 		
0x0070	0xD7EA      	BRA         $-42
;__Lib_Math.c,136 :: 		
L_end_Div_16X16_U:
0x0072	0x0012      	RETURN      0
; end of _Div_16X16_U
_Lcd_Cmd:
;__Lib_Lcd.c,18 :: 		
;__Lib_Lcd.c,20 :: 		
0x0074	0xBE5F      	BTFSC       FARG_Lcd_Cmd_out_char, 7 
0x0076	0xD002      	BRA         L__Lcd_Cmd21
0x0078	0x968A      	BCF         LCD_D7, BitPos(LCD_D7+0) 
0x007A	0xD001      	BRA         L__Lcd_Cmd22
L__Lcd_Cmd21:
0x007C	0x868A      	BSF         LCD_D7, BitPos(LCD_D7+0) 
L__Lcd_Cmd22:
;__Lib_Lcd.c,21 :: 		
0x007E	0xBC5F      	BTFSC       FARG_Lcd_Cmd_out_char, 6 
0x0080	0xD002      	BRA         L__Lcd_Cmd23
0x0082	0x948A      	BCF         LCD_D6, BitPos(LCD_D6+0) 
0x0084	0xD001      	BRA         L__Lcd_Cmd24
L__Lcd_Cmd23:
0x0086	0x848A      	BSF         LCD_D6, BitPos(LCD_D6+0) 
L__Lcd_Cmd24:
;__Lib_Lcd.c,22 :: 		
0x0088	0xBA5F      	BTFSC       FARG_Lcd_Cmd_out_char, 5 
0x008A	0xD002      	BRA         L__Lcd_Cmd25
0x008C	0x928A      	BCF         LCD_D5, BitPos(LCD_D5+0) 
0x008E	0xD001      	BRA         L__Lcd_Cmd26
L__Lcd_Cmd25:
0x0090	0x828A      	BSF         LCD_D5, BitPos(LCD_D5+0) 
L__Lcd_Cmd26:
;__Lib_Lcd.c,23 :: 		
0x0092	0xB85F      	BTFSC       FARG_Lcd_Cmd_out_char, 4 
0x0094	0xD002      	BRA         L__Lcd_Cmd27
0x0096	0x908A      	BCF         LCD_D4, BitPos(LCD_D4+0) 
0x0098	0xD001      	BRA         L__Lcd_Cmd28
L__Lcd_Cmd27:
0x009A	0x808A      	BSF         LCD_D4, BitPos(LCD_D4+0) 
L__Lcd_Cmd28:
;__Lib_Lcd.c,25 :: 		
0x009C	0xB02C      	BTFSC       __Lib_Lcd_cmd_status, BitPos(__Lib_Lcd_cmd_status+0) 
0x009E	0xD002      	BRA         L__Lcd_Cmd29
0x00A0	0x888A      	BSF         LCD_RS, BitPos(LCD_RS+0) 
0x00A2	0xD001      	BRA         L__Lcd_Cmd30
L__Lcd_Cmd29:
0x00A4	0x988A      	BCF         LCD_RS, BitPos(LCD_RS+0) 
L__Lcd_Cmd30:
;__Lib_Lcd.c,28 :: 		
0x00A6	0x8A8A      	BSF         LCD_EN, BitPos(LCD_EN+0) 
;__Lib_Lcd.c,29 :: 		
0x00A8	0xDFC7      	RCALL       _Delay_1us
;__Lib_Lcd.c,30 :: 		
0x00AA	0x9A8A      	BCF         LCD_EN, BitPos(LCD_EN+0) 
;__Lib_Lcd.c,33 :: 		
0x00AC	0xB65F      	BTFSC       FARG_Lcd_Cmd_out_char, 3 
0x00AE	0xD002      	BRA         L__Lcd_Cmd31
0x00B0	0x968A      	BCF         LCD_D7, BitPos(LCD_D7+0) 
0x00B2	0xD001      	BRA         L__Lcd_Cmd32
L__Lcd_Cmd31:
0x00B4	0x868A      	BSF         LCD_D7, BitPos(LCD_D7+0) 
L__Lcd_Cmd32:
;__Lib_Lcd.c,34 :: 		
0x00B6	0xB45F      	BTFSC       FARG_Lcd_Cmd_out_char, 2 
0x00B8	0xD002      	BRA         L__Lcd_Cmd33
0x00BA	0x948A      	BCF         LCD_D6, BitPos(LCD_D6+0) 
0x00BC	0xD001      	BRA         L__Lcd_Cmd34
L__Lcd_Cmd33:
0x00BE	0x848A      	BSF         LCD_D6, BitPos(LCD_D6+0) 
L__Lcd_Cmd34:
;__Lib_Lcd.c,35 :: 		
0x00C0	0xB25F      	BTFSC       FARG_Lcd_Cmd_out_char, 1 
0x00C2	0xD002      	BRA         L__Lcd_Cmd35
0x00C4	0x928A      	BCF         LCD_D5, BitPos(LCD_D5+0) 
0x00C6	0xD001      	BRA         L__Lcd_Cmd36
L__Lcd_Cmd35:
0x00C8	0x828A      	BSF         LCD_D5, BitPos(LCD_D5+0) 
L__Lcd_Cmd36:
;__Lib_Lcd.c,36 :: 		
0x00CA	0xB05F      	BTFSC       FARG_Lcd_Cmd_out_char, 0 
0x00CC	0xD002      	BRA         L__Lcd_Cmd37
0x00CE	0x908A      	BCF         LCD_D4, BitPos(LCD_D4+0) 
0x00D0	0xD001      	BRA         L__Lcd_Cmd38
L__Lcd_Cmd37:
0x00D2	0x808A      	BSF         LCD_D4, BitPos(LCD_D4+0) 
L__Lcd_Cmd38:
;__Lib_Lcd.c,38 :: 		
0x00D4	0xB02C      	BTFSC       __Lib_Lcd_cmd_status, BitPos(__Lib_Lcd_cmd_status+0) 
0x00D6	0xD002      	BRA         L__Lcd_Cmd39
0x00D8	0x888A      	BSF         LCD_RS, BitPos(LCD_RS+0) 
0x00DA	0xD001      	BRA         L__Lcd_Cmd40
L__Lcd_Cmd39:
0x00DC	0x988A      	BCF         LCD_RS, BitPos(LCD_RS+0) 
L__Lcd_Cmd40:
;__Lib_Lcd.c,40 :: 		
0x00DE	0x8A8A      	BSF         LCD_EN, BitPos(LCD_EN+0) 
;__Lib_Lcd.c,41 :: 		
0x00E0	0xDFAB      	RCALL       _Delay_1us
;__Lib_Lcd.c,42 :: 		
0x00E2	0x9A8A      	BCF         LCD_EN, BitPos(LCD_EN+0) 
;__Lib_Lcd.c,44 :: 		
0x00E4	0xA02C      	BTFSS       __Lib_Lcd_cmd_status, BitPos(__Lib_Lcd_cmd_status+0) 
0x00E6	0xD002      	BRA         L_Lcd_Cmd0
;__Lib_Lcd.c,45 :: 		
0x00E8	0xDF9C      	RCALL       _Delay_5500us
0x00EA	0xD001      	BRA         L_Lcd_Cmd1
L_Lcd_Cmd0:
;__Lib_Lcd.c,47 :: 		
0x00EC	0xDF95      	RCALL       _Delay_50us
L_Lcd_Cmd1:
;__Lib_Lcd.c,48 :: 		
L_end_Lcd_Cmd:
0x00EE	0x0012      	RETURN      0
; end of _Lcd_Cmd
_WordToStr:
;__Lib_Conversions.c,98 :: 		
;__Lib_Conversions.c,103 :: 		
0x00F0	0x6A5C      	CLRF        WordToStr_len_L0 
L_WordToStr11:
0x00F2	0x0E05      	MOVLW       5
0x00F4	0x5C5C      	SUBWF       WordToStr_len_L0, 0 
0x00F6	0xE20A      	BC          L_WordToStr12
;__Lib_Conversions.c,104 :: 		
0x00F8	0x505C      	MOVF        WordToStr_len_L0, 0 
0x00FA	0x245A      	ADDWF       FARG_WordToStr_output, 0 
0x00FC	0x6EE1      	MOVWF       FSR1L 
0x00FE	0x0E00      	MOVLW       0
0x0100	0x205B      	ADDWFC      FARG_WordToStr_output+1, 0 
0x0102	0x6EE2      	MOVWF       FSR1L+1 
0x0104	0x0E20      	MOVLW       32
0x0106	0x6EE6      	MOVWF       POSTINC1 
;__Lib_Conversions.c,103 :: 		
0x0108	0x2A5C      	INCF        WordToStr_len_L0, 1 
;__Lib_Conversions.c,104 :: 		
0x010A	0xD7F3      	BRA         L_WordToStr11
L_WordToStr12:
;__Lib_Conversions.c,105 :: 		
0x010C	0x505C      	MOVF        WordToStr_len_L0, 0 
0x010E	0x245A      	ADDWF       FARG_WordToStr_output, 0 
0x0110	0x6EE1      	MOVWF       FSR1L 
0x0112	0x0E00      	MOVLW       0
0x0114	0x205B      	ADDWFC      FARG_WordToStr_output+1, 0 
0x0116	0x6EE2      	MOVWF       FSR1L+1 
0x0118	0x6AE6      	CLRF        POSTINC1 
0x011A	0x065C      	DECF        WordToStr_len_L0, 1 
;__Lib_Conversions.c,107 :: 		
L_WordToStr14:
;__Lib_Conversions.c,108 :: 		
0x011C	0x505C      	MOVF        WordToStr_len_L0, 0 
0x011E	0x245A      	ADDWF       FARG_WordToStr_output, 0 
0x0120	0x6E5D      	MOVWF       FLOC__WordToStr 
0x0122	0x0E00      	MOVLW       0
0x0124	0x205B      	ADDWFC      FARG_WordToStr_output+1, 0 
0x0126	0x6E5E      	MOVWF       FLOC__WordToStr+1 
0x0128	0x0E0A      	MOVLW       10
0x012A	0x6E04      	MOVWF       R4 
0x012C	0x0E00      	MOVLW       0
0x012E	0x6E05      	MOVWF       R5 
0x0130	0xF000C058  	MOVFF       FARG_WordToStr_input, R0
0x0134	0xF001C059  	MOVFF       FARG_WordToStr_input+1, R1
0x0138	0xDF82      	RCALL       _Div_16X16_U
0x013A	0xF000C008  	MOVFF       R8, R0
0x013E	0xF001C009  	MOVFF       R9, R1
0x0142	0x0E30      	MOVLW       48
0x0144	0x2600      	ADDWF       R0, 1 
0x0146	0xFFE1C05D  	MOVFF       FLOC__WordToStr, FSR1L
0x014A	0xFFE2C05E  	MOVFF       FLOC__WordToStr+1, FSR1H
0x014E	0xFFE6C000  	MOVFF       R0, POSTINC1
;__Lib_Conversions.c,109 :: 		
0x0152	0x0E0A      	MOVLW       10
0x0154	0x6E04      	MOVWF       R4 
0x0156	0x0E00      	MOVLW       0
0x0158	0x6E05      	MOVWF       R5 
0x015A	0xF000C058  	MOVFF       FARG_WordToStr_input, R0
0x015E	0xF001C059  	MOVFF       FARG_WordToStr_input+1, R1
0x0162	0xDF6D      	RCALL       _Div_16X16_U
0x0164	0xF058C000  	MOVFF       R0, FARG_WordToStr_input
0x0168	0xF059C001  	MOVFF       R1, FARG_WordToStr_input+1
;__Lib_Conversions.c,110 :: 		
0x016C	0x0E00      	MOVLW       0
0x016E	0x1801      	XORWF       R1, 0 
0x0170	0xE102      	BNZ         L__WordToStr379
0x0172	0x0E00      	MOVLW       0
0x0174	0x1800      	XORWF       R0, 0 
L__WordToStr379:
0x0176	0xE101      	BNZ         L_WordToStr16
;__Lib_Conversions.c,111 :: 		
0x0178	0xD002      	BRA         L_WordToStr15
L_WordToStr16:
;__Lib_Conversions.c,112 :: 		
0x017A	0x065C      	DECF        WordToStr_len_L0, 1 
;__Lib_Conversions.c,113 :: 		
0x017C	0xD7CF      	BRA         L_WordToStr14
L_WordToStr15:
;__Lib_Conversions.c,114 :: 		
L_end_WordToStr:
0x017E	0x0012      	RETURN      0
; end of _WordToStr
_Div_16x16_S_L:
;__Lib_Math.c,139 :: 		
;__Lib_Math.c,146 :: 		
0x0180	0x3401      	RLCF        R1, 0, 0
;__Lib_Math.c,147 :: 		
0x0182	0x3608      	RLCF        R8, 1, 0
;__Lib_Math.c,148 :: 		
0x0184	0x3609      	RLCF        R9, 1, 0
;__Lib_Math.c,149 :: 		
0x0186	0x5004      	MOVF        R4, 0, 0
;__Lib_Math.c,150 :: 		
0x0188	0x5E08      	SUBWF       R8, 1, 0
;__Lib_Math.c,151 :: 		
0x018A	0x5005      	MOVF        R5, 0, 0
;__Lib_Math.c,152 :: 		
0x018C	0xA0D8      	BTFSS       STATUS, 0, 0
;__Lib_Math.c,153 :: 		
0x018E	0x3C05      	INCFSZ      R5, 0, 0
;__Lib_Math.c,154 :: 		
0x0190	0x5E09      	SUBWF       R9, 1, 0
;__Lib_Math.c,155 :: 		
0x0192	0x3600      	RLCF        R0, 1, 0
;__Lib_Math.c,156 :: 		
0x0194	0x3601      	RLCF        R1, 1, 0
;__Lib_Math.c,158 :: 		
0x0196	0x0E0F      	MOVLW       15
;__Lib_Math.c,159 :: 		
0x0198	0x6E0C      	MOVWF       R12, 0
;__Lib_Math.c,161 :: 		
0x019A	0x3401      	RLCF        R1, 0, 0
;__Lib_Math.c,162 :: 		
0x019C	0x3608      	RLCF        R8, 1, 0
;__Lib_Math.c,163 :: 		
0x019E	0x3609      	RLCF        R9, 1, 0
;__Lib_Math.c,164 :: 		
0x01A0	0x5004      	MOVF        R4, 0, 0
;__Lib_Math.c,166 :: 		
0x01A2	0xA000      	BTFSS       R0, 0, 0
;__Lib_Math.c,167 :: 		
0x01A4	0xD006      	BRA         $+14
;__Lib_Math.c,168 :: 		
0x01A6	0x5E08      	SUBWF       R8, 1, 0
;__Lib_Math.c,169 :: 		
0x01A8	0x5005      	MOVF        R5, 0, 0
;__Lib_Math.c,170 :: 		
0x01AA	0xA0D8      	BTFSS       STATUS, 0, 0
;__Lib_Math.c,171 :: 		
0x01AC	0x3C05      	INCFSZ      R5, 0, 0
;__Lib_Math.c,172 :: 		
0x01AE	0x5E09      	SUBWF       R9, 1, 0
;__Lib_Math.c,173 :: 		
0x01B0	0xD005      	BRA         $+12
;__Lib_Math.c,175 :: 		
0x01B2	0x2608      	ADDWF       R8, 1, 0
;__Lib_Math.c,176 :: 		
0x01B4	0x5005      	MOVF        R5, 0, 0
;__Lib_Math.c,177 :: 		
0x01B6	0xB0D8      	BTFSC       STATUS, 0, 0
;__Lib_Math.c,178 :: 		
0x01B8	0x3C05      	INCFSZ      R5, 0, 0
;__Lib_Math.c,179 :: 		
0x01BA	0x2609      	ADDWF       R9, 1, 0
;__Lib_Math.c,181 :: 		
0x01BC	0x3600      	RLCF        R0, 1, 0
;__Lib_Math.c,182 :: 		
0x01BE	0x3601      	RLCF        R1, 1, 0
;__Lib_Math.c,184 :: 		
0x01C0	0x2E0C      	DECFSZ      R12, 1, 0
;__Lib_Math.c,185 :: 		
0x01C2	0xD7EB      	BRA         $-40
;__Lib_Math.c,187 :: 		
0x01C4	0xB000      	BTFSC       R0, 0, 0
;__Lib_Math.c,188 :: 		
0x01C6	0xD006      	BRA         $+14
;__Lib_Math.c,189 :: 		
0x01C8	0x5004      	MOVF        R4, 0, 0
;__Lib_Math.c,190 :: 		
0x01CA	0x2608      	ADDWF       R8, 1, 0
;__Lib_Math.c,191 :: 		
0x01CC	0x5005      	MOVF        R5, 0, 0
;__Lib_Math.c,192 :: 		
0x01CE	0xB0D8      	BTFSC       STATUS, 0, 0
;__Lib_Math.c,193 :: 		
0x01D0	0x3C05      	INCFSZ      R5, 0, 0
;__Lib_Math.c,194 :: 		
0x01D2	0x2609      	ADDWF       R9, 1, 0
;__Lib_Math.c,195 :: 		
0x01D4	0x0000      	NOP
;__Lib_Math.c,197 :: 		
L_end_Div_16x16_S_L:
0x01D6	0x0012      	RETURN      0
; end of _Div_16x16_S_L
_Lcd_Chr_CP:
;__Lib_Lcd.c,50 :: 		
;__Lib_Lcd.c,52 :: 		
0x01D8	0x902C      	BCF         __Lib_Lcd_cmd_status, BitPos(__Lib_Lcd_cmd_status+0) 
;__Lib_Lcd.c,53 :: 		
0x01DA	0xF05FC058  	MOVFF       FARG_Lcd_Chr_CP_out_char, FARG_Lcd_Cmd_out_char
0x01DE	0xDF4A      	RCALL       _Lcd_Cmd
;__Lib_Lcd.c,54 :: 		
0x01E0	0x802C      	BSF         __Lib_Lcd_cmd_status, BitPos(__Lib_Lcd_cmd_status+0) 
;__Lib_Lcd.c,55 :: 		
L_end_Lcd_Chr_CP:
0x01E2	0x0012      	RETURN      0
; end of _Lcd_Chr_CP
___CC2DW:
;__Lib_System.c,21 :: 		
;__Lib_System.c,23 :: 		
_CC2DL_Loop1:
;__Lib_System.c,24 :: 		
0x01E4	0x0009      	TBLRD*+
;__Lib_System.c,25 :: 		
0x01E6	0xFFE6CFF5  	MOVFF       TABLAT, POSTINC1
;__Lib_System.c,26 :: 		
0x01EA	0x0600      	DECF        R0, 1, 0
;__Lib_System.c,27 :: 		
0x01EC	0xE1FB      	BNZ         _CC2DL_Loop1
;__Lib_System.c,28 :: 		
0x01EE	0x0601      	DECF        R1, 1, 0
;__Lib_System.c,29 :: 		
0x01F0	0xE1F9      	BNZ         _CC2DL_Loop1
;__Lib_System.c,31 :: 		
L_end___CC2DW:
0x01F2	0x0012      	RETURN      0
; end of ___CC2DW
_Lcd_Init:
;__Lib_Lcd.c,84 :: 		
;__Lib_Lcd.c,86 :: 		
0x01F4	0x9A93      	BCF         LCD_EN_Direction, BitPos(LCD_EN_Direction+0) 
;__Lib_Lcd.c,87 :: 		
0x01F6	0x9893      	BCF         LCD_RS_Direction, BitPos(LCD_RS_Direction+0) 
;__Lib_Lcd.c,88 :: 		
0x01F8	0x9093      	BCF         LCD_D4_Direction, BitPos(LCD_D4_Direction+0) 
;__Lib_Lcd.c,89 :: 		
0x01FA	0x9293      	BCF         LCD_D5_Direction, BitPos(LCD_D5_Direction+0) 
;__Lib_Lcd.c,90 :: 		
0x01FC	0x9493      	BCF         LCD_D6_Direction, BitPos(LCD_D6_Direction+0) 
;__Lib_Lcd.c,91 :: 		
0x01FE	0x9693      	BCF         LCD_D7_Direction, BitPos(LCD_D7_Direction+0) 
;__Lib_Lcd.c,93 :: 		
0x0200	0x9A8A      	BCF         LCD_EN, BitPos(LCD_EN+0) 
;__Lib_Lcd.c,94 :: 		
0x0202	0x988A      	BCF         LCD_RS, BitPos(LCD_RS+0) 
;__Lib_Lcd.c,95 :: 		
0x0204	0x968A      	BCF         LCD_D7, BitPos(LCD_D7+0) 
;__Lib_Lcd.c,96 :: 		
0x0206	0x948A      	BCF         LCD_D6, BitPos(LCD_D6+0) 
;__Lib_Lcd.c,97 :: 		
0x0208	0x928A      	BCF         LCD_D5, BitPos(LCD_D5+0) 
;__Lib_Lcd.c,98 :: 		
0x020A	0x908A      	BCF         LCD_D4, BitPos(LCD_D4+0) 
;__Lib_Lcd.c,100 :: 		
0x020C	0xDF0A      	RCALL       _Delay_5500us
;__Lib_Lcd.c,101 :: 		
0x020E	0xDF09      	RCALL       _Delay_5500us
;__Lib_Lcd.c,102 :: 		
0x0210	0xDF08      	RCALL       _Delay_5500us
;__Lib_Lcd.c,105 :: 		
0x0212	0x828A      	BSF         LCD_D5, BitPos(LCD_D5+0) 
;__Lib_Lcd.c,106 :: 		
0x0214	0x808A      	BSF         LCD_D4, BitPos(LCD_D4+0) 
;__Lib_Lcd.c,107 :: 		
0x0216	0x8A8A      	BSF         LCD_EN, BitPos(LCD_EN+0) 
;__Lib_Lcd.c,108 :: 		
0x0218	0xDF0F      	RCALL       _Delay_1us
;__Lib_Lcd.c,109 :: 		
0x021A	0x9A8A      	BCF         LCD_EN, BitPos(LCD_EN+0) 
;__Lib_Lcd.c,110 :: 		
0x021C	0xDF02      	RCALL       _Delay_5500us
;__Lib_Lcd.c,112 :: 		
0x021E	0x8A8A      	BSF         LCD_EN, BitPos(LCD_EN+0) 
;__Lib_Lcd.c,113 :: 		
0x0220	0xDF0B      	RCALL       _Delay_1us
;__Lib_Lcd.c,114 :: 		
0x0222	0x9A8A      	BCF         LCD_EN, BitPos(LCD_EN+0) 
;__Lib_Lcd.c,115 :: 		
0x0224	0xDEFE      	RCALL       _Delay_5500us
;__Lib_Lcd.c,117 :: 		
0x0226	0x8A8A      	BSF         LCD_EN, BitPos(LCD_EN+0) 
;__Lib_Lcd.c,118 :: 		
0x0228	0xDF07      	RCALL       _Delay_1us
;__Lib_Lcd.c,119 :: 		
0x022A	0x9A8A      	BCF         LCD_EN, BitPos(LCD_EN+0) 
;__Lib_Lcd.c,120 :: 		
0x022C	0xDEFA      	RCALL       _Delay_5500us
;__Lib_Lcd.c,123 :: 		
0x022E	0x908A      	BCF         LCD_D4, BitPos(LCD_D4+0) 
;__Lib_Lcd.c,124 :: 		
0x0230	0x8A8A      	BSF         LCD_EN, BitPos(LCD_EN+0) 
;__Lib_Lcd.c,125 :: 		
0x0232	0xDF02      	RCALL       _Delay_1us
;__Lib_Lcd.c,126 :: 		
0x0234	0x9A8A      	BCF         LCD_EN, BitPos(LCD_EN+0) 
;__Lib_Lcd.c,127 :: 		
0x0236	0xDEF5      	RCALL       _Delay_5500us
;__Lib_Lcd.c,130 :: 		
0x0238	0x8A8A      	BSF         LCD_EN, BitPos(LCD_EN+0) 
;__Lib_Lcd.c,131 :: 		
0x023A	0xDEFE      	RCALL       _Delay_1us
;__Lib_Lcd.c,132 :: 		
0x023C	0x9A8A      	BCF         LCD_EN, BitPos(LCD_EN+0) 
;__Lib_Lcd.c,134 :: 		
0x023E	0x928A      	BCF         LCD_D5, BitPos(LCD_D5+0) 
;__Lib_Lcd.c,135 :: 		
0x0240	0x868A      	BSF         LCD_D7, BitPos(LCD_D7+0) 
;__Lib_Lcd.c,136 :: 		
0x0242	0x8A8A      	BSF         LCD_EN, BitPos(LCD_EN+0) 
;__Lib_Lcd.c,137 :: 		
0x0244	0xDEF9      	RCALL       _Delay_1us
;__Lib_Lcd.c,138 :: 		
0x0246	0x9A8A      	BCF         LCD_EN, BitPos(LCD_EN+0) 
;__Lib_Lcd.c,139 :: 		
0x0248	0xDEEC      	RCALL       _Delay_5500us
;__Lib_Lcd.c,142 :: 		
0x024A	0x968A      	BCF         LCD_D7, BitPos(LCD_D7+0) 
;__Lib_Lcd.c,143 :: 		
0x024C	0x808A      	BSF         LCD_D4, BitPos(LCD_D4+0) 
;__Lib_Lcd.c,144 :: 		
0x024E	0x8A8A      	BSF         LCD_EN, BitPos(LCD_EN+0) 
;__Lib_Lcd.c,145 :: 		
0x0250	0xDEF3      	RCALL       _Delay_1us
;__Lib_Lcd.c,146 :: 		
0x0252	0x9A8A      	BCF         LCD_EN, BitPos(LCD_EN+0) 
;__Lib_Lcd.c,148 :: 		
0x0254	0x908A      	BCF         LCD_D4, BitPos(LCD_D4+0) 
;__Lib_Lcd.c,149 :: 		
0x0256	0x8A8A      	BSF         LCD_EN, BitPos(LCD_EN+0) 
;__Lib_Lcd.c,150 :: 		
0x0258	0xDEEF      	RCALL       _Delay_1us
;__Lib_Lcd.c,151 :: 		
0x025A	0x9A8A      	BCF         LCD_EN, BitPos(LCD_EN+0) 
;__Lib_Lcd.c,152 :: 		
0x025C	0xDEE2      	RCALL       _Delay_5500us
;__Lib_Lcd.c,155 :: 		
0x025E	0x8A8A      	BSF         LCD_EN, BitPos(LCD_EN+0) 
;__Lib_Lcd.c,156 :: 		
0x0260	0xDEEB      	RCALL       _Delay_1us
;__Lib_Lcd.c,157 :: 		
0x0262	0x9A8A      	BCF         LCD_EN, BitPos(LCD_EN+0) 
;__Lib_Lcd.c,159 :: 		
0x0264	0x808A      	BSF         LCD_D4, BitPos(LCD_D4+0) 
;__Lib_Lcd.c,160 :: 		
0x0266	0x8A8A      	BSF         LCD_EN, BitPos(LCD_EN+0) 
;__Lib_Lcd.c,161 :: 		
0x0268	0xDEE7      	RCALL       _Delay_1us
;__Lib_Lcd.c,162 :: 		
0x026A	0x9A8A      	BCF         LCD_EN, BitPos(LCD_EN+0) 
;__Lib_Lcd.c,163 :: 		
0x026C	0xDEDA      	RCALL       _Delay_5500us
;__Lib_Lcd.c,166 :: 		
0x026E	0x908A      	BCF         LCD_D4, BitPos(LCD_D4+0) 
;__Lib_Lcd.c,167 :: 		
0x0270	0x8A8A      	BSF         LCD_EN, BitPos(LCD_EN+0) 
;__Lib_Lcd.c,168 :: 		
0x0272	0xDEE2      	RCALL       _Delay_1us
;__Lib_Lcd.c,169 :: 		
0x0274	0x9A8A      	BCF         LCD_EN, BitPos(LCD_EN+0) 
;__Lib_Lcd.c,171 :: 		
0x0276	0x868A      	BSF         LCD_D7, BitPos(LCD_D7+0) 
;__Lib_Lcd.c,172 :: 		
0x0278	0x848A      	BSF         LCD_D6, BitPos(LCD_D6+0) 
;__Lib_Lcd.c,173 :: 		
0x027A	0x828A      	BSF         LCD_D5, BitPos(LCD_D5+0) 
;__Lib_Lcd.c,174 :: 		
0x027C	0x808A      	BSF         LCD_D4, BitPos(LCD_D4+0) 
;__Lib_Lcd.c,175 :: 		
0x027E	0x8A8A      	BSF         LCD_EN, BitPos(LCD_EN+0) 
;__Lib_Lcd.c,176 :: 		
0x0280	0xDEDB      	RCALL       _Delay_1us
;__Lib_Lcd.c,177 :: 		
0x0282	0x9A8A      	BCF         LCD_EN, BitPos(LCD_EN+0) 
;__Lib_Lcd.c,179 :: 		
0x0284	0xDECE      	RCALL       _Delay_5500us
;__Lib_Lcd.c,181 :: 		
0x0286	0x802C      	BSF         __Lib_Lcd_cmd_status, BitPos(__Lib_Lcd_cmd_status+0) 
;__Lib_Lcd.c,182 :: 		
L_end_Lcd_Init:
0x0288	0x0012      	RETURN      0
; end of _Lcd_Init
_Lcd_Out:
;__Lib_Lcd.c,184 :: 		
;__Lib_Lcd.c,187 :: 		
0x028A	0xD00F      	BRA         L_Lcd_Out11
;__Lib_Lcd.c,188 :: 		
L_Lcd_Out13:
0x028C	0x0E80      	MOVLW       128
0x028E	0x6E4E      	MOVWF       FARG_Lcd_Out_row 
0x0290	0xD019      	BRA         L_Lcd_Out12
;__Lib_Lcd.c,189 :: 		
L_Lcd_Out14:
0x0292	0x0EC0      	MOVLW       192
0x0294	0x6E4E      	MOVWF       FARG_Lcd_Out_row 
0x0296	0xD016      	BRA         L_Lcd_Out12
;__Lib_Lcd.c,190 :: 		
L_Lcd_Out15:
0x0298	0x0E94      	MOVLW       148
0x029A	0x6E4E      	MOVWF       FARG_Lcd_Out_row 
0x029C	0xD013      	BRA         L_Lcd_Out12
;__Lib_Lcd.c,191 :: 		
L_Lcd_Out16:
0x029E	0x0ED4      	MOVLW       212
0x02A0	0x6E4E      	MOVWF       FARG_Lcd_Out_row 
0x02A2	0xD010      	BRA         L_Lcd_Out12
;__Lib_Lcd.c,192 :: 		
L_Lcd_Out17:
0x02A4	0x0E80      	MOVLW       128
0x02A6	0x6E4E      	MOVWF       FARG_Lcd_Out_row 
;__Lib_Lcd.c,193 :: 		
0x02A8	0xD00D      	BRA         L_Lcd_Out12
L_Lcd_Out11:
0x02AA	0x504E      	MOVF        FARG_Lcd_Out_row, 0 
0x02AC	0x0A01      	XORLW       1
0x02AE	0xE0EE      	BZ          L_Lcd_Out13
0x02B0	0x504E      	MOVF        FARG_Lcd_Out_row, 0 
0x02B2	0x0A02      	XORLW       2
0x02B4	0xE0EE      	BZ          L_Lcd_Out14
0x02B6	0x504E      	MOVF        FARG_Lcd_Out_row, 0 
0x02B8	0x0A03      	XORLW       3
0x02BA	0xE0EE      	BZ          L_Lcd_Out15
0x02BC	0x504E      	MOVF        FARG_Lcd_Out_row, 0 
0x02BE	0x0A04      	XORLW       4
0x02C0	0xE0EE      	BZ          L_Lcd_Out16
0x02C2	0xD7F0      	BRA         L_Lcd_Out17
L_Lcd_Out12:
;__Lib_Lcd.c,194 :: 		
0x02C4	0x044F      	DECF        FARG_Lcd_Out_column, 0 
0x02C6	0x6E00      	MOVWF       R0 
0x02C8	0x504E      	MOVF        FARG_Lcd_Out_row, 0 
0x02CA	0x2600      	ADDWF       R0, 1 
0x02CC	0xF04EC000  	MOVFF       R0, FARG_Lcd_Out_row
;__Lib_Lcd.c,196 :: 		
0x02D0	0xF05FC000  	MOVFF       R0, FARG_Lcd_Cmd_out_char
0x02D4	0xDECF      	RCALL       _Lcd_Cmd
;__Lib_Lcd.c,197 :: 		
0x02D6	0x902C      	BCF         __Lib_Lcd_cmd_status, BitPos(__Lib_Lcd_cmd_status+0) 
;__Lib_Lcd.c,198 :: 		
0x02D8	0x6A52      	CLRF        Lcd_Out_i_L0 
;__Lib_Lcd.c,199 :: 		
L_Lcd_Out18:
0x02DA	0x5052      	MOVF        Lcd_Out_i_L0, 0 
0x02DC	0x2450      	ADDWF       FARG_Lcd_Out_text, 0 
0x02DE	0x6EE9      	MOVWF       FSR0L 
0x02E0	0x0E00      	MOVLW       0
0x02E2	0x2051      	ADDWFC      FARG_Lcd_Out_text+1, 0 
0x02E4	0x6EEA      	MOVWF       FSR0L+1 
0x02E6	0x52EE      	MOVF        POSTINC0, 1 
0x02E8	0xE00B      	BZ          L_Lcd_Out19
;__Lib_Lcd.c,200 :: 		
0x02EA	0x5052      	MOVF        Lcd_Out_i_L0, 0 
0x02EC	0x2450      	ADDWF       FARG_Lcd_Out_text, 0 
0x02EE	0x6EE9      	MOVWF       FSR0L 
0x02F0	0x0E00      	MOVLW       0
0x02F2	0x2051      	ADDWFC      FARG_Lcd_Out_text+1, 0 
0x02F4	0x6EEA      	MOVWF       FSR0L+1 
0x02F6	0xF058CFEE  	MOVFF       POSTINC0, FARG_Lcd_Chr_CP_out_char
0x02FA	0xDF6E      	RCALL       _Lcd_Chr_CP
0x02FC	0x2A52      	INCF        Lcd_Out_i_L0, 1 
0x02FE	0xD7ED      	BRA         L_Lcd_Out18
L_Lcd_Out19:
;__Lib_Lcd.c,201 :: 		
0x0300	0x802C      	BSF         __Lib_Lcd_cmd_status, BitPos(__Lib_Lcd_cmd_status+0) 
;__Lib_Lcd.c,202 :: 		
L_end_Lcd_Out:
0x0302	0x0012      	RETURN      0
; end of _Lcd_Out
_Mul_16X16_U:
;__Lib_Math.c,440 :: 		
;__Lib_Math.c,447 :: 		
0x0304	0x6A0B      	CLRF        R11, 0
;__Lib_Math.c,448 :: 		
0x0306	0x6A0A      	CLRF        R10, 0
;__Lib_Math.c,449 :: 		
0x0308	0x6A09      	CLRF        R9, 0
;__Lib_Math.c,450 :: 		
0x030A	0x5000      	MOVF        R0, 0, 0
;__Lib_Math.c,451 :: 		
0x030C	0x0204      	MULWF       R4, 0
;__Lib_Math.c,453 :: 		
0x030E	0xF009CFF4  	MOVFF       PRODH, R9
;__Lib_Math.c,454 :: 		
0x0312	0xF008CFF3  	MOVFF       PRODL, R8
;__Lib_Math.c,455 :: 		
0x0316	0x5001      	MOVF        R1, 0, 0
;__Lib_Math.c,456 :: 		
0x0318	0x0205      	MULWF       R5, 0
;__Lib_Math.c,458 :: 		
0x031A	0xF00BCFF4  	MOVFF       PRODH, R11
;__Lib_Math.c,459 :: 		
0x031E	0xF00ACFF3  	MOVFF       PRODL, R10
;__Lib_Math.c,460 :: 		
0x0322	0x5000      	MOVF        R0, 0, 0
;__Lib_Math.c,461 :: 		
0x0324	0x0205      	MULWF       R5, 0
;__Lib_Math.c,463 :: 		
0x0326	0x50F3      	MOVF        PRODL, 0, 0
;__Lib_Math.c,464 :: 		
0x0328	0x2609      	ADDWF       R9, 1, 0
;__Lib_Math.c,465 :: 		
0x032A	0x50F4      	MOVF        PRODH, 0, 0
;__Lib_Math.c,466 :: 		
0x032C	0x220A      	ADDWFC      R10, 1, 0
;__Lib_Math.c,467 :: 		
0x032E	0x6AE8      	CLRF        WREG, 0
;__Lib_Math.c,468 :: 		
0x0330	0x220B      	ADDWFC      R11, 1, 0
;__Lib_Math.c,469 :: 		
0x0332	0x5001      	MOVF        R1, 0, 0
;__Lib_Math.c,470 :: 		
0x0334	0x0204      	MULWF       R4, 0
;__Lib_Math.c,472 :: 		
0x0336	0x50F3      	MOVF        PRODL, 0, 0
;__Lib_Math.c,473 :: 		
0x0338	0x2609      	ADDWF       R9, 1, 0
;__Lib_Math.c,474 :: 		
0x033A	0x50F4      	MOVF        PRODH, 0, 0
;__Lib_Math.c,475 :: 		
0x033C	0x220A      	ADDWFC      R10, 1, 0
;__Lib_Math.c,476 :: 		
0x033E	0x6AE8      	CLRF        WREG, 0
;__Lib_Math.c,477 :: 		
0x0340	0x220B      	ADDWFC      R11, 1, 0
;__Lib_Math.c,479 :: 		
0x0342	0xF000C008  	MOVFF       R8, R0
;__Lib_Math.c,480 :: 		
0x0346	0xF001C009  	MOVFF       R9, R1
;__Lib_Math.c,481 :: 		
0x034A	0xF002C00A  	MOVFF       R10, R2
;__Lib_Math.c,482 :: 		
0x034E	0xF003C00B  	MOVFF       R11, R3
;__Lib_Math.c,485 :: 		
L_end_Mul_16X16_U:
0x0352	0x0012      	RETURN      0
; end of _Mul_16X16_U
_Div_16x16_S:
;__Lib_Math.c,200 :: 		
;__Lib_Math.c,208 :: 		
0x0354	0x5004      	MOVF        R4, 0 
0x0356	0x0A00      	XORLW       0
0x0358	0xE108      	BNZ         L_Div_16x16_S0
;__Lib_Math.c,209 :: 		
0x035A	0x5005      	MOVF        R5, 0 
0x035C	0x0A00      	XORLW       0
0x035E	0xE105      	BNZ         L_Div_16x16_S1
;__Lib_Math.c,210 :: 		
0x0360	0x0EFF      	MOVLW       255
0x0362	0x6E00      	MOVWF       R0 
;__Lib_Math.c,211 :: 		
0x0364	0x0E7F      	MOVLW       127
0x0366	0x6E01      	MOVWF       R1 
;__Lib_Math.c,212 :: 		
0x0368	0xD057      	BRA         L_end_Div_16x16_S
;__Lib_Math.c,213 :: 		
L_Div_16x16_S1:
L_Div_16x16_S0:
;__Lib_Math.c,216 :: 		
0x036A	0x6A0D      	CLRF        R13, 0
;__Lib_Math.c,217 :: 		
0x036C	0x6A09      	CLRF        R9, 0
;__Lib_Math.c,218 :: 		
0x036E	0x6A08      	CLRF        R8, 0
;__Lib_Math.c,219 :: 		
0x0370	0x5001      	MOVF        R1, 0, 0
;__Lib_Math.c,220 :: 		
0x0372	0x1000      	IORWF       R0, 0, 0
;__Lib_Math.c,221 :: 		
0x0374	0xB4D8      	BTFSC       STATUS, 2, 0
;__Lib_Math.c,222 :: 		
0x0376	0x0C00      	RETLW       0
;__Lib_Math.c,224 :: 		
0x0378	0x5001      	MOVF        R1, 0, 0
;__Lib_Math.c,225 :: 		
0x037A	0x1805      	XORWF       R5, 0, 0
;__Lib_Math.c,226 :: 		
0x037C	0x6E0A      	MOVWF       R10, 0
;__Lib_Math.c,227 :: 		
0x037E	0xBE0A      	BTFSC       R10, 7, 0
;__Lib_Math.c,228 :: 		
0x0380	0x1E0D      	COMF        R13, 1, 0
;__Lib_Math.c,230 :: 		
0x0382	0x6A0B      	CLRF        R11, 0
;__Lib_Math.c,232 :: 		
0x0384	0xAE05      	BTFSS       R5, 7, 0
;__Lib_Math.c,233 :: 		
0x0386	0xD005      	BRA         $+12
;__Lib_Math.c,235 :: 		
0x0388	0x1E04      	COMF        R4, 1, 0
;__Lib_Math.c,236 :: 		
0x038A	0x1E05      	COMF        R5, 1, 0
;__Lib_Math.c,237 :: 		
0x038C	0x2A04      	INCF        R4, 1, 0
;__Lib_Math.c,238 :: 		
0x038E	0xB4D8      	BTFSC       STATUS, 2, 0
;__Lib_Math.c,239 :: 		
0x0390	0x2A05      	INCF        R5, 1, 0
;__Lib_Math.c,241 :: 		
0x0392	0xAE01      	BTFSS       R1, 7, 0
;__Lib_Math.c,242 :: 		
0x0394	0xD005      	BRA         $+12
;__Lib_Math.c,244 :: 		
0x0396	0x1E00      	COMF        R0, 1, 0
;__Lib_Math.c,245 :: 		
0x0398	0x1E01      	COMF        R1, 1, 0
;__Lib_Math.c,246 :: 		
0x039A	0x2A00      	INCF        R0, 1, 0
;__Lib_Math.c,247 :: 		
0x039C	0xB4D8      	BTFSC       STATUS, 2, 0
;__Lib_Math.c,248 :: 		
0x039E	0x2A01      	INCF        R1, 1, 0
;__Lib_Math.c,250 :: 		
0x03A0	0x5001      	MOVF        R1, 0, 0
;__Lib_Math.c,251 :: 		
0x03A2	0x1005      	IORWF       R5, 0, 0
;__Lib_Math.c,252 :: 		
0x03A4	0x6E0A      	MOVWF       R10, 0
;__Lib_Math.c,253 :: 		
0x03A6	0xBE0A      	BTFSC       R10, 7, 0
;__Lib_Math.c,254 :: 		
0x03A8	0xD010      	BRA         $+34
;__Lib_Math.c,256 :: 		
0x03AA	0xDEEA      	RCALL       _Div_16x16_S_L
;__Lib_Math.c,258 :: 		
0x03AC	0xB00B      	BTFSC       R11, 0, 0
;__Lib_Math.c,259 :: 		
0x03AE	0xD020      	BRA         $+66
;__Lib_Math.c,261 :: 		
0x03B0	0xAE0D      	BTFSS       R13, 7, 0
;__Lib_Math.c,262 :: 		
0x03B2	0x0C00      	RETLW       0
;__Lib_Math.c,264 :: 		
0x03B4	0x1E00      	COMF        R0, 1, 0
;__Lib_Math.c,265 :: 		
0x03B6	0x1E01      	COMF        R1, 1, 0
;__Lib_Math.c,266 :: 		
0x03B8	0x2A00      	INCF        R0, 1, 0
;__Lib_Math.c,267 :: 		
0x03BA	0xB4D8      	BTFSC       STATUS, 2, 0
;__Lib_Math.c,268 :: 		
0x03BC	0x2A01      	INCF        R1, 1, 0
;__Lib_Math.c,270 :: 		
0x03BE	0x1E08      	COMF        R8, 1, 0
;__Lib_Math.c,271 :: 		
0x03C0	0x1E09      	COMF        R9, 1, 0
;__Lib_Math.c,272 :: 		
0x03C2	0x2A08      	INCF        R8, 1, 0
;__Lib_Math.c,273 :: 		
0x03C4	0xB4D8      	BTFSC       STATUS, 2, 0
;__Lib_Math.c,274 :: 		
0x03C6	0x2A09      	INCF        R9, 1, 0
;__Lib_Math.c,276 :: 		
0x03C8	0x0C00      	RETLW       0
;__Lib_Math.c,278 :: 		
0x03CA	0xAE05      	BTFSS       R5, 7, 0
;__Lib_Math.c,279 :: 		
0x03CC	0xD00D      	BRA         $+28
;__Lib_Math.c,280 :: 		
0x03CE	0xBE01      	BTFSC       R1, 7, 0
;__Lib_Math.c,281 :: 		
0x03D0	0xD007      	BRA         $+16
;__Lib_Math.c,282 :: 		
0x03D2	0x5001      	MOVF        R1, 0, 0
;__Lib_Math.c,283 :: 		
0x03D4	0x6E09      	MOVWF       R9, 0
;__Lib_Math.c,284 :: 		
0x03D6	0x5000      	MOVF        R0, 0, 0
;__Lib_Math.c,285 :: 		
0x03D8	0x6E08      	MOVWF       R8, 0
;__Lib_Math.c,286 :: 		
0x03DA	0x6A01      	CLRF        R1, 0
;__Lib_Math.c,287 :: 		
0x03DC	0x6A00      	CLRF        R0, 0
;__Lib_Math.c,288 :: 		
0x03DE	0xD7E8      	BRA         $-46
;__Lib_Math.c,289 :: 		
0x03E0	0x6A01      	CLRF        R1, 0
;__Lib_Math.c,290 :: 		
0x03E2	0x6A00      	CLRF        R0, 0
;__Lib_Math.c,291 :: 		
0x03E4	0x2A00      	INCF        R0, 1, 0
;__Lib_Math.c,292 :: 		
0x03E6	0x0C00      	RETLW       0
;__Lib_Math.c,294 :: 		
0x03E8	0x1E01      	COMF        R1, 1, 0
;__Lib_Math.c,295 :: 		
0x03EA	0x1E00      	COMF        R0, 1, 0
;__Lib_Math.c,296 :: 		
0x03EC	0x2A0B      	INCF        R11, 1, 0
;__Lib_Math.c,297 :: 		
0x03EE	0xD7DD      	BRA         $-68
;__Lib_Math.c,299 :: 		
0x03F0	0x2A08      	INCF        R8, 1, 0
;__Lib_Math.c,300 :: 		
0x03F2	0xB4D8      	BTFSC       STATUS, 2, 0
;__Lib_Math.c,301 :: 		
0x03F4	0x2A09      	INCF        R9, 1, 0
;__Lib_Math.c,302 :: 		
0x03F6	0x5004      	MOVF        R4, 0, 0
;__Lib_Math.c,303 :: 		
0x03F8	0x5C08      	SUBWF       R8, 0, 0
;__Lib_Math.c,304 :: 		
0x03FA	0xA4D8      	BTFSS       STATUS, 2, 0
;__Lib_Math.c,305 :: 		
0x03FC	0xD7D9      	BRA         $-76
;__Lib_Math.c,306 :: 		
0x03FE	0x5005      	MOVF        R5, 0, 0
;__Lib_Math.c,307 :: 		
0x0400	0x5C09      	SUBWF       R9, 0, 0
;__Lib_Math.c,308 :: 		
0x0402	0xA4D8      	BTFSS       STATUS, 2, 0
;__Lib_Math.c,309 :: 		
0x0404	0xD7D5      	BRA         $-84
;__Lib_Math.c,310 :: 		
0x0406	0x6A09      	CLRF        R9, 0
;__Lib_Math.c,311 :: 		
0x0408	0x6A08      	CLRF        R8, 0
;__Lib_Math.c,312 :: 		
0x040A	0x2A00      	INCF        R0, 1, 0
;__Lib_Math.c,313 :: 		
0x040C	0xB4D8      	BTFSC       STATUS, 2, 0
;__Lib_Math.c,314 :: 		
0x040E	0x2A01      	INCF        R1, 1, 0
;__Lib_Math.c,315 :: 		
0x0410	0xAE01      	BTFSS       R1, 7, 0
;__Lib_Math.c,316 :: 		
0x0412	0xD7CE      	BRA         $-98
;__Lib_Math.c,317 :: 		
0x0414	0x0000      	NOP
;__Lib_Math.c,318 :: 		
0x0416	0x0CFF      	RETLW       255
;__Lib_Math.c,320 :: 		
L_end_Div_16x16_S:
0x0418	0x0012      	RETURN      0
; end of _Div_16x16_S
_abs:
;parteC.c,21 :: 		unsigned short int abs(int x){
;parteC.c,22 :: 		if (x>=0){
0x041A	0x0E80      	MOVLW       128
0x041C	0x184F      	XORWF       FARG_abs_x+1, 0 
0x041E	0x6E00      	MOVWF       R0 
0x0420	0x0E80      	MOVLW       128
0x0422	0x5C00      	SUBWF       R0, 0 
0x0424	0xE102      	BNZ         L__abs26
0x0426	0x0E00      	MOVLW       0
0x0428	0x5C4E      	SUBWF       FARG_abs_x, 0 
L__abs26:
0x042A	0xE303      	BNC         L_abs0
;parteC.c,23 :: 		return x;
0x042C	0xF000C04E  	MOVFF       FARG_abs_x, R0
0x0430	0xD003      	BRA         L_end_abs
;parteC.c,24 :: 		}
L_abs0:
;parteC.c,26 :: 		return -x;
0x0432	0x504E      	MOVF        FARG_abs_x, 0 
0x0434	0x0800      	SUBLW       0
0x0436	0x6E00      	MOVWF       R0 
;parteC.c,29 :: 		}
L_end_abs:
0x0438	0x0012      	RETURN      0
; end of _abs
_IntToStr:
;__Lib_Conversions.c,195 :: 		
;__Lib_Conversions.c,201 :: 		
0x043A	0x6A54      	CLRF        IntToStr_negative_L0 
0x043C	0x6A55      	CLRF        IntToStr_negative_L0+1 
;__Lib_Conversions.c,202 :: 		
0x043E	0xF056C04E  	MOVFF       FARG_IntToStr_input, IntToStr_inword_L0
0x0442	0xF057C04F  	MOVFF       FARG_IntToStr_input+1, IntToStr_inword_L0+1
;__Lib_Conversions.c,203 :: 		
0x0446	0x0E80      	MOVLW       128
0x0448	0x184F      	XORWF       FARG_IntToStr_input+1, 0 
0x044A	0x6E00      	MOVWF       R0 
0x044C	0x0E80      	MOVLW       128
0x044E	0x5C00      	SUBWF       R0, 0 
0x0450	0xE102      	BNZ         L__IntToStr387
0x0452	0x0E00      	MOVLW       0
0x0454	0x5C4E      	SUBWF       FARG_IntToStr_input, 0 
L__IntToStr387:
0x0456	0xE20B      	BC          L_IntToStr37
;__Lib_Conversions.c,204 :: 		
0x0458	0x0E01      	MOVLW       1
0x045A	0x6E54      	MOVWF       IntToStr_negative_L0 
0x045C	0x0E00      	MOVLW       0
0x045E	0x6E55      	MOVWF       IntToStr_negative_L0+1 
;__Lib_Conversions.c,205 :: 		
0x0460	0x504E      	MOVF        FARG_IntToStr_input, 0 
0x0462	0x0800      	SUBLW       0
0x0464	0x6E56      	MOVWF       IntToStr_inword_L0 
0x0466	0xF057C04F  	MOVFF       FARG_IntToStr_input+1, IntToStr_inword_L0+1
0x046A	0x0E00      	MOVLW       0
0x046C	0x5657      	SUBFWB      IntToStr_inword_L0+1, 1 
;__Lib_Conversions.c,206 :: 		
L_IntToStr37:
;__Lib_Conversions.c,207 :: 		
0x046E	0xF058C056  	MOVFF       IntToStr_inword_L0, FARG_WordToStr_input
0x0472	0xF059C057  	MOVFF       IntToStr_inword_L0+1, FARG_WordToStr_input+1
0x0476	0xF05AC050  	MOVFF       FARG_IntToStr_output, FARG_WordToStr_output
0x047A	0xF05BC051  	MOVFF       FARG_IntToStr_output+1, FARG_WordToStr_output+1
0x047E	0xDE38      	RCALL       _WordToStr
;__Lib_Conversions.c,209 :: 		
0x0480	0x0E06      	MOVLW       6
0x0482	0x6E52      	MOVWF       IntToStr_i_L0 
0x0484	0x0E00      	MOVLW       0
0x0486	0x6E53      	MOVWF       IntToStr_i_L0+1 
;__Lib_Conversions.c,210 :: 		
L_IntToStr38:
0x0488	0x0E00      	MOVLW       0
0x048A	0x6E00      	MOVWF       R0 
0x048C	0x5053      	MOVF        IntToStr_i_L0+1, 0 
0x048E	0x5C00      	SUBWF       R0, 0 
0x0490	0xE102      	BNZ         L__IntToStr388
0x0492	0x5052      	MOVF        IntToStr_i_L0, 0 
0x0494	0x0800      	SUBLW       0
L__IntToStr388:
0x0496	0xE219      	BC          L_IntToStr39
;__Lib_Conversions.c,211 :: 		
0x0498	0x5052      	MOVF        IntToStr_i_L0, 0 
0x049A	0x2450      	ADDWF       FARG_IntToStr_output, 0 
0x049C	0x6EE1      	MOVWF       FSR1L 
0x049E	0x5053      	MOVF        IntToStr_i_L0+1, 0 
0x04A0	0x2051      	ADDWFC      FARG_IntToStr_output+1, 0 
0x04A2	0x6EE2      	MOVWF       FSR1L+1 
0x04A4	0x0E01      	MOVLW       1
0x04A6	0x5C52      	SUBWF       IntToStr_i_L0, 0 
0x04A8	0x6E00      	MOVWF       R0 
0x04AA	0x0E00      	MOVLW       0
0x04AC	0x5853      	SUBWFB      IntToStr_i_L0+1, 0 
0x04AE	0x6E01      	MOVWF       R1 
0x04B0	0x5000      	MOVF        R0, 0 
0x04B2	0x2450      	ADDWF       FARG_IntToStr_output, 0 
0x04B4	0x6EE9      	MOVWF       FSR0L 
0x04B6	0x5001      	MOVF        R1, 0 
0x04B8	0x2051      	ADDWFC      FARG_IntToStr_output+1, 0 
0x04BA	0x6EEA      	MOVWF       FSR0L+1 
0x04BC	0xFFE6CFEE  	MOVFF       POSTINC0, POSTINC1
;__Lib_Conversions.c,212 :: 		
0x04C0	0x0E01      	MOVLW       1
0x04C2	0x5E52      	SUBWF       IntToStr_i_L0, 1 
0x04C4	0x0E00      	MOVLW       0
0x04C6	0x5A53      	SUBWFB      IntToStr_i_L0+1, 1 
;__Lib_Conversions.c,213 :: 		
0x04C8	0xD7DF      	BRA         L_IntToStr38
L_IntToStr39:
;__Lib_Conversions.c,214 :: 		
0x04CA	0xFFE1C050  	MOVFF       FARG_IntToStr_output, FSR1L
0x04CE	0xFFE2C051  	MOVFF       FARG_IntToStr_output+1, FSR1H
0x04D2	0x0E20      	MOVLW       32
0x04D4	0x6EE6      	MOVWF       POSTINC1 
;__Lib_Conversions.c,215 :: 		
0x04D6	0x5054      	MOVF        IntToStr_negative_L0, 0 
0x04D8	0x1055      	IORWF       IntToStr_negative_L0+1, 0 
0x04DA	0xE01A      	BZ          L_IntToStr40
;__Lib_Conversions.c,216 :: 		
0x04DC	0x6A52      	CLRF        IntToStr_i_L0 
0x04DE	0x6A53      	CLRF        IntToStr_i_L0+1 
;__Lib_Conversions.c,217 :: 		
L_IntToStr41:
0x04E0	0x5052      	MOVF        IntToStr_i_L0, 0 
0x04E2	0x2450      	ADDWF       FARG_IntToStr_output, 0 
0x04E4	0x6EE9      	MOVWF       FSR0L 
0x04E6	0x5053      	MOVF        IntToStr_i_L0+1, 0 
0x04E8	0x2051      	ADDWFC      FARG_IntToStr_output+1, 0 
0x04EA	0x6EEA      	MOVWF       FSR0L+1 
0x04EC	0x50EE      	MOVF        POSTINC0, 0 
0x04EE	0x0A20      	XORLW       32
0x04F0	0xE103      	BNZ         L_IntToStr42
0x04F2	0x4A52      	INFSNZ      IntToStr_i_L0, 1 
0x04F4	0x2A53      	INCF        IntToStr_i_L0+1, 1 
0x04F6	0xD7F4      	BRA         L_IntToStr41
L_IntToStr42:
;__Lib_Conversions.c,218 :: 		
0x04F8	0x0E01      	MOVLW       1
0x04FA	0x5E52      	SUBWF       IntToStr_i_L0, 1 
0x04FC	0x0E00      	MOVLW       0
0x04FE	0x5A53      	SUBWFB      IntToStr_i_L0+1, 1 
;__Lib_Conversions.c,219 :: 		
0x0500	0x5052      	MOVF        IntToStr_i_L0, 0 
0x0502	0x2450      	ADDWF       FARG_IntToStr_output, 0 
0x0504	0x6EE1      	MOVWF       FSR1L 
0x0506	0x5053      	MOVF        IntToStr_i_L0+1, 0 
0x0508	0x2051      	ADDWFC      FARG_IntToStr_output+1, 0 
0x050A	0x6EE2      	MOVWF       FSR1L+1 
0x050C	0x0E2D      	MOVLW       45
0x050E	0x6EE6      	MOVWF       POSTINC1 
L_IntToStr40:
;__Lib_Conversions.c,220 :: 		
L_end_IntToStr:
0x0510	0x0012      	RETURN      0
; end of _IntToStr
_main:
0x0512	0xF003ECD6  	CALL        1964, 0
;parteC.c,31 :: 		void main() {
;parteC.c,34 :: 		unsigned short int stato_accensione=0;
0x0516	0x6A44      	CLRF        main_stato_accensione_L0 
0x0518	0x6A45      	CLRF        main_RC0_VAL_L0 
0x051A	0x6A46      	CLRF        main_RC0_OLD_L0 
0x051C	0x0E19      	MOVLW       25
0x051E	0x6E47      	MOVWF       main_setpoint_temperatura_L0 
0x0520	0x6A48      	CLRF        main_RC3_VAL_L0 
0x0522	0x6A49      	CLRF        main_RC3_OLD_L0 
0x0524	0x6A4A      	CLRF        main_RC4_VAL_L0 
0x0526	0x6A4B      	CLRF        main_RC4_OLD_L0 
0x0528	0x6A4C      	CLRF        main_adc_res_V_L0 
0x052A	0x6A4D      	CLRF        main_adc_res_V_L0+1 
;parteC.c,53 :: 		TRISC.RC0=1;  //pulsante di accensione
0x052C	0x8094      	BSF         TRISC, 0 
;parteC.c,54 :: 		ANSELC.RC0=0;
0x052E	0x010F      	MOVLB       15
0x0530	0x913A      	BCF         ANSELC, 0, 1
;parteC.c,58 :: 		TRISC.RC3=1;   // aumenta temperatura
0x0532	0x8694      	BSF         TRISC, 3 
;parteC.c,59 :: 		ANSELC.RC3=0;
0x0534	0x973A      	BCF         ANSELC, 3, 1
;parteC.c,60 :: 		TRISC.RC4=1;   // diminuisci temperatura
0x0536	0x8894      	BSF         TRISC, 4 
;parteC.c,61 :: 		ANSELC.RC4=0;
0x0538	0x993A      	BCF         ANSELC, 4, 1
;parteC.c,63 :: 		Lcd_Init();
0x053A	0xDE5C      	RCALL       _Lcd_Init
;parteC.c,64 :: 		Lcd_Cmd(_LCD_CLEAR);// metti il cursore in posizione uno
0x053C	0x0E01      	MOVLW       1
0x053E	0x6E5F      	MOVWF       FARG_Lcd_Cmd_out_char 
0x0540	0xDD99      	RCALL       _Lcd_Cmd
;parteC.c,65 :: 		Lcd_Cmd(_LCD_CURSOR_OFF);// nacondi il cursore
0x0542	0x0E0C      	MOVLW       12
0x0544	0x6E5F      	MOVWF       FARG_Lcd_Cmd_out_char 
0x0546	0xDD96      	RCALL       _Lcd_Cmd
;parteC.c,66 :: 		Lcd_out(1,1,"SPENTO");
0x0548	0x0E01      	MOVLW       1
0x054A	0x6E4E      	MOVWF       FARG_Lcd_Out_row 
0x054C	0x0E01      	MOVLW       1
0x054E	0x6E4F      	MOVWF       FARG_Lcd_Out_column 
0x0550	0x0E1E      	MOVLW       ?lstr1_parteC
0x0552	0x6E50      	MOVWF       FARG_Lcd_Out_text 
0x0554	0x0E00      	MOVLW       hi_addr(?lstr1_parteC)
0x0556	0x6E51      	MOVWF       FARG_Lcd_Out_text+1 
0x0558	0xDE98      	RCALL       _Lcd_Out
;parteC.c,70 :: 		TRISA.RA0=1;
0x055A	0x8092      	BSF         TRISA, 0 
;parteC.c,71 :: 		ANSELA.RA0=1;
0x055C	0x010F      	MOVLB       15
0x055E	0x8138      	BSF         ANSELA, 0, 1
;parteC.c,73 :: 		ADCON0.CHS0= 0;
0x0560	0x94C2      	BCF         ADCON0, 2 
;parteC.c,74 :: 		ADCON0.CHS1= 0;
0x0562	0x96C2      	BCF         ADCON0, 3 
;parteC.c,75 :: 		ADCON0.CHS2= 0;
0x0564	0x98C2      	BCF         ADCON0, 4 
;parteC.c,76 :: 		ADCON0.CHS3= 0;
0x0566	0x9AC2      	BCF         ADCON0, 5 
;parteC.c,77 :: 		ADCON0.CHS4= 0;
0x0568	0x9CC2      	BCF         ADCON0, 6 
;parteC.c,80 :: 		ADCON2.ADCS0=1;
0x056A	0x80C0      	BSF         ADCON2, 0 
;parteC.c,81 :: 		ADCON2.ADCS1=0;
0x056C	0x92C0      	BCF         ADCON2, 1 
;parteC.c,82 :: 		ADCON2.ADCS2=0;
0x056E	0x94C0      	BCF         ADCON2, 2 
;parteC.c,84 :: 		ADCON2.ACQT0=0;
0x0570	0x96C0      	BCF         ADCON2, 3 
;parteC.c,85 :: 		ADCON2.ACQT1=0;
0x0572	0x98C0      	BCF         ADCON2, 4 
;parteC.c,86 :: 		ADCON2.ACQT2=1;
0x0574	0x8AC0      	BSF         ADCON2, 5 
;parteC.c,88 :: 		ADCON2.ADFM=0; // a sinistra perchè usiamo gli 8 but più significativi
0x0576	0x9EC0      	BCF         ADCON2, 7 
;parteC.c,90 :: 		ADCON2.ADON=1;
0x0578	0x80C0      	BSF         ADCON2, 0 
;parteC.c,93 :: 		TRISE.RE2=1;   // controllo motore :CCP5
0x057A	0x8496      	BSF         TRISE, 2 
;parteC.c,94 :: 		ANSELE.RE2=1;  // è necessaria alta impedenza in ingresso per pilotare il motore quindi spengo buffer d'ingresso
0x057C	0x853C      	BSF         ANSELE, 2, 1
;parteC.c,96 :: 		CCPTMRS1=0; //timer 2
0x057E	0x6B48      	CLRF        CCPTMRS1, 1
;parteC.c,97 :: 		T2CON = 0b00000111;
0x0580	0x0E07      	MOVLW       7
0x0582	0x6EBA      	MOVWF       T2CON 
;parteC.c,99 :: 		PR2=255;
0x0584	0x0EFF      	MOVLW       255
0x0586	0x6EBB      	MOVWF       PR2 
;parteC.c,101 :: 		CCP5CON.CCP5M3=1;
0x0588	0x8754      	BSF         CCP5CON, 3, 1
;parteC.c,102 :: 		CCP5CON.CCP5M2=1;
0x058A	0x8554      	BSF         CCP5CON, 2, 1
;parteC.c,104 :: 		CCPR5L=0; //cominciamo con motore spento
0x058C	0x6B55      	CLRF        CCPR5L, 1
;parteC.c,106 :: 		TRISE.RE2=0;
0x058E	0x9496      	BCF         TRISE, 2 
;parteC.c,109 :: 		ADCON0.ADON=1; // accendo adc
0x0590	0x80C2      	BSF         ADCON0, 0 
;parteC.c,113 :: 		T0CON=0b11000011;
0x0592	0x0EC3      	MOVLW       195
0x0594	0x6ED5      	MOVWF       T0CON 
;parteC.c,114 :: 		INTCON.TMR0IE=1;
0x0596	0x8AF2      	BSF         INTCON, 5 
;parteC.c,115 :: 		INTCON.TMR0IF=0;
0x0598	0x94F2      	BCF         INTCON, 2 
;parteC.c,116 :: 		INTCON.GIE=1;
0x059A	0x8EF2      	BSF         INTCON, 7 
;parteC.c,128 :: 		ADCON0.GO_NOT_DONE=1; //faccio partire la prima conversione del ADC
0x059C	0x82C2      	BSF         ADCON0, 1 
;parteC.c,129 :: 		while(1){
L_main2:
;parteC.c,131 :: 		RC0_VAL=PORTC.RC0;
0x059E	0x0E00      	MOVLW       0
0x05A0	0xB082      	BTFSC       PORTC, 0 
0x05A2	0x0E01      	MOVLW       1
0x05A4	0x6E45      	MOVWF       main_RC0_VAL_L0 
;parteC.c,133 :: 		if (RC0_VAL!=RC0_OLD && RC0_VAL==1){ // notare che entro solo quando il valore cambio quindi come da richiesta LCD è aggiornato solo quanod è necessario
0x05A6	0x5045      	MOVF        main_RC0_VAL_L0, 0 
0x05A8	0x1846      	XORWF       main_RC0_OLD_L0, 0 
0x05AA	0xE026      	BZ          L_main6
0x05AC	0x5045      	MOVF        main_RC0_VAL_L0, 0 
0x05AE	0x0A01      	XORLW       1
0x05B0	0xE123      	BNZ         L_main6
L__main24:
;parteC.c,135 :: 		stato_accensione=!stato_accensione;
0x05B2	0x5244      	MOVF        main_stato_accensione_L0, 1 
0x05B4	0x0E01      	MOVLW       1
0x05B6	0xA4D8      	BTFSS       STATUS, 2 
0x05B8	0x0E00      	MOVLW       0
0x05BA	0x6E01      	MOVWF       R1 
0x05BC	0xF044C001  	MOVFF       R1, main_stato_accensione_L0
;parteC.c,138 :: 		if (stato_accensione==1){
0x05C0	0x5001      	MOVF        R1, 0 
0x05C2	0x0A01      	XORLW       1
0x05C4	0xE10D      	BNZ         L_main7
;parteC.c,141 :: 		Lcd_cmd(_LCD_CLEAR);
0x05C6	0x0E01      	MOVLW       1
0x05C8	0x6E5F      	MOVWF       FARG_Lcd_Cmd_out_char 
0x05CA	0xDD54      	RCALL       _Lcd_Cmd
;parteC.c,142 :: 		Lcd_out(1,1,"ACCESO");
0x05CC	0x0E01      	MOVLW       1
0x05CE	0x6E4E      	MOVWF       FARG_Lcd_Out_row 
0x05D0	0x0E01      	MOVLW       1
0x05D2	0x6E4F      	MOVWF       FARG_Lcd_Out_column 
0x05D4	0x0E25      	MOVLW       ?lstr2_parteC
0x05D6	0x6E50      	MOVWF       FARG_Lcd_Out_text 
0x05D8	0x0E00      	MOVLW       hi_addr(?lstr2_parteC)
0x05DA	0x6E51      	MOVWF       FARG_Lcd_Out_text+1 
0x05DC	0xDE56      	RCALL       _Lcd_Out
;parteC.c,144 :: 		}
0x05DE	0xD00C      	BRA         L_main8
L_main7:
;parteC.c,147 :: 		Lcd_cmd(_LCD_CLEAR);
0x05E0	0x0E01      	MOVLW       1
0x05E2	0x6E5F      	MOVWF       FARG_Lcd_Cmd_out_char 
0x05E4	0xDD47      	RCALL       _Lcd_Cmd
;parteC.c,148 :: 		Lcd_out(1,1,"SPENTO");
0x05E6	0x0E01      	MOVLW       1
0x05E8	0x6E4E      	MOVWF       FARG_Lcd_Out_row 
0x05EA	0x0E01      	MOVLW       1
0x05EC	0x6E4F      	MOVWF       FARG_Lcd_Out_column 
0x05EE	0x0E17      	MOVLW       ?lstr3_parteC
0x05F0	0x6E50      	MOVWF       FARG_Lcd_Out_text 
0x05F2	0x0E00      	MOVLW       hi_addr(?lstr3_parteC)
0x05F4	0x6E51      	MOVWF       FARG_Lcd_Out_text+1 
0x05F6	0xDE49      	RCALL       _Lcd_Out
;parteC.c,149 :: 		}
L_main8:
;parteC.c,150 :: 		}
L_main6:
;parteC.c,151 :: 		RC0_OLD=RC0_VAL;
0x05F8	0xF046C045  	MOVFF       main_RC0_VAL_L0, main_RC0_OLD_L0
;parteC.c,154 :: 		if (stato_accensione==1){
0x05FC	0x5044      	MOVF        main_stato_accensione_L0, 0 
0x05FE	0x0A01      	XORLW       1
0x0600	0xA4D8      	BTFSS       STATUS, 2 
0x0602	0xD0C6      	BRA         L_main9
;parteC.c,156 :: 		RC3_VAL=PORTC.RC3;
0x0604	0x0E00      	MOVLW       0
0x0606	0xB682      	BTFSC       PORTC, 3 
0x0608	0x0E01      	MOVLW       1
0x060A	0x6E48      	MOVWF       main_RC3_VAL_L0 
;parteC.c,157 :: 		RC4_VAL=PORTC.RC4;
0x060C	0x0E00      	MOVLW       0
0x060E	0xB882      	BTFSC       PORTC, 4 
0x0610	0x0E01      	MOVLW       1
0x0612	0x6E4A      	MOVWF       main_RC4_VAL_L0 
;parteC.c,158 :: 		if(RC3_VAL!=RC3_OLD && RC3_VAL==1 && setpoint_temperatura<50 ){ //aumenta
0x0614	0x5048      	MOVF        main_RC3_VAL_L0, 0 
0x0616	0x1849      	XORWF       main_RC3_OLD_L0, 0 
0x0618	0xE007      	BZ          L_main12
0x061A	0x5048      	MOVF        main_RC3_VAL_L0, 0 
0x061C	0x0A01      	XORLW       1
0x061E	0xE104      	BNZ         L_main12
0x0620	0x0E32      	MOVLW       50
0x0622	0x5C47      	SUBWF       main_setpoint_temperatura_L0, 0 
0x0624	0xA0D8      	BTFSS       STATUS, 0 
L__main23:
;parteC.c,159 :: 		setpoint_temperatura+=1;
0x0626	0x2A47      	INCF        main_setpoint_temperatura_L0, 1 
;parteC.c,160 :: 		}
L_main12:
;parteC.c,162 :: 		if(RC4_VAL!=RC4_OLD && RC4_VAL==1 && setpoint_temperatura>10 ){ //diminuisce
0x0628	0x504A      	MOVF        main_RC4_VAL_L0, 0 
0x062A	0x184B      	XORWF       main_RC4_OLD_L0, 0 
0x062C	0xE007      	BZ          L_main15
0x062E	0x504A      	MOVF        main_RC4_VAL_L0, 0 
0x0630	0x0A01      	XORLW       1
0x0632	0xE104      	BNZ         L_main15
0x0634	0x5047      	MOVF        main_setpoint_temperatura_L0, 0 
0x0636	0x080A      	SUBLW       10
0x0638	0xA0D8      	BTFSS       STATUS, 0 
L__main22:
;parteC.c,163 :: 		setpoint_temperatura-=1;
0x063A	0x0647      	DECF        main_setpoint_temperatura_L0, 1 
;parteC.c,164 :: 		}
L_main15:
;parteC.c,165 :: 		RC3_OLD=RC3_VAL;
0x063C	0xF049C048  	MOVFF       main_RC3_VAL_L0, main_RC3_OLD_L0
;parteC.c,166 :: 		RC4_OLD=RC4_VAL;
0x0640	0xF04BC04A  	MOVFF       main_RC4_VAL_L0, main_RC4_OLD_L0
;parteC.c,171 :: 		if(clk>1000){
0x0644	0x0E80      	MOVLW       128
0x0646	0x0A03      	XORLW       3
0x0648	0x6E00      	MOVWF       R0 
0x064A	0x0E80      	MOVLW       128
0x064C	0x1816      	XORWF       _clk+1, 0 
0x064E	0x5C00      	SUBWF       R0, 0 
0x0650	0xE102      	BNZ         L__main28
0x0652	0x5015      	MOVF        _clk, 0 
0x0654	0x08E8      	SUBLW       232
L__main28:
0x0656	0xE266      	BC          L_main16
;parteC.c,174 :: 		clk=0;
0x0658	0x6A15      	CLRF        _clk 
0x065A	0x6A16      	CLRF        _clk+1 
;parteC.c,175 :: 		ADCON0.GO_NOT_DONE=1;
0x065C	0x82C2      	BSF         ADCON0, 1 
;parteC.c,176 :: 		adc_res_V=ADRESH;
0x065E	0xF04CCFC4  	MOVFF       ADRESH, main_adc_res_V_L0
0x0662	0x0E00      	MOVLW       0
0x0664	0x6E4D      	MOVWF       main_adc_res_V_L0+1 
;parteC.c,177 :: 		adc_res_V=adc_res_V*4*5/1000;
0x0666	0xF000C04C  	MOVFF       main_adc_res_V_L0, R0
0x066A	0xF001C04D  	MOVFF       main_adc_res_V_L0+1, R1
0x066E	0x3600      	RLCF        R0, 1 
0x0670	0x9000      	BCF         R0, 0 
0x0672	0x3601      	RLCF        R1, 1 
0x0674	0x3600      	RLCF        R0, 1 
0x0676	0x9000      	BCF         R0, 0 
0x0678	0x3601      	RLCF        R1, 1 
0x067A	0x0E05      	MOVLW       5
0x067C	0x6E04      	MOVWF       R4 
0x067E	0x0E00      	MOVLW       0
0x0680	0x6E05      	MOVWF       R5 
0x0682	0xDE40      	RCALL       _Mul_16X16_U
0x0684	0x0EE8      	MOVLW       232
0x0686	0x6E04      	MOVWF       R4 
0x0688	0x0E03      	MOVLW       3
0x068A	0x6E05      	MOVWF       R5 
0x068C	0xDE63      	RCALL       _Div_16x16_S
0x068E	0xF04CC000  	MOVFF       R0, main_adc_res_V_L0
0x0692	0xF04DC001  	MOVFF       R1, main_adc_res_V_L0+1
;parteC.c,178 :: 		T=adc_res_V*8+10;
0x0696	0x0E03      	MOVLW       3
0x0698	0x6E02      	MOVWF       R2 
0x069A	0xF04EC000  	MOVFF       R0, FARG_abs_x
0x069E	0xF04FC001  	MOVFF       R1, FARG_abs_x+1
0x06A2	0x5002      	MOVF        R2, 0 
L__main29:
0x06A4	0xE005      	BZ          L__main30
0x06A6	0x364E      	RLCF        FARG_abs_x, 1 
0x06A8	0x904E      	BCF         FARG_abs_x, 0 
0x06AA	0x364F      	RLCF        FARG_abs_x+1, 1 
0x06AC	0x0FFF      	ADDLW       255
0x06AE	0xD7FA      	BRA         L__main29
L__main30:
0x06B0	0x0E0A      	MOVLW       10
0x06B2	0x264E      	ADDWF       FARG_abs_x, 1 
;parteC.c,181 :: 		delta_T=abs(T-setpoint_temperatura);
0x06B4	0x5047      	MOVF        main_setpoint_temperatura_L0, 0 
0x06B6	0x5E4E      	SUBWF       FARG_abs_x, 1 
0x06B8	0x6A4F      	CLRF        FARG_abs_x+1 
0x06BA	0x0E00      	MOVLW       0
0x06BC	0x5A4F      	SUBWFB      FARG_abs_x+1, 1 
0x06BE	0xDEAD      	RCALL       _abs
0x06C0	0xF02DC000  	MOVFF       R0, main_delta_T_L0
;parteC.c,182 :: 		if (delta_T<1){
0x06C4	0x0E01      	MOVLW       1
0x06C6	0x5C00      	SUBWF       R0, 0 
0x06C8	0xE205      	BC          L_main17
;parteC.c,183 :: 		CCPR5L=0;
0x06CA	0x010F      	MOVLB       15
0x06CC	0x6B55      	CLRF        CCPR5L, 1
;parteC.c,184 :: 		CCP5CON.DC5B0=0;
0x06CE	0x9954      	BCF         CCP5CON, 4, 1
;parteC.c,185 :: 		CCP5CON.DC5B1=0;
0x06D0	0x9B54      	BCF         CCP5CON, 5, 1
;parteC.c,186 :: 		}
0x06D2	0xD028      	BRA         L_main18
L_main17:
;parteC.c,187 :: 		else if(1<=delta_T<=4) {
0x06D4	0x0E01      	MOVLW       1
0x06D6	0x5C2D      	SUBWF       main_delta_T_L0, 0 
0x06D8	0x0E00      	MOVLW       0
0x06DA	0xB0D8      	BTFSC       STATUS, 0 
0x06DC	0x0E01      	MOVLW       1
0x06DE	0x6E01      	MOVWF       R1 
0x06E0	0x5001      	MOVF        R1, 0 
0x06E2	0x0804      	SUBLW       4
0x06E4	0xE31A      	BNC         L_main19
;parteC.c,188 :: 		sigma=33*delta_T-33;
0x06E6	0x0E21      	MOVLW       33
0x06E8	0x022D      	MULWF       main_delta_T_L0 
0x06EA	0xF000CFF3  	MOVFF       PRODL, R0
0x06EE	0x0E21      	MOVLW       33
0x06F0	0x5C00      	SUBWF       R0, 0 
0x06F2	0x6E04      	MOVWF       R4 
0x06F4	0xF02EC004  	MOVFF       R4, main_sigma_L0
;parteC.c,190 :: 		CCPR5L=(PR2+1)*sigma/100; //sarebbe 4(PR2+1)*sigma/4 perchè considero solo i bit più significativi ma ovvimanete il 4 si semplifica
0x06F8	0x50BB      	MOVF        PR2, 0 
0x06FA	0x0F01      	ADDLW       1
0x06FC	0x6E00      	MOVWF       R0 
0x06FE	0x6A01      	CLRF        R1 
0x0700	0x0E00      	MOVLW       0
0x0702	0x2201      	ADDWFC      R1, 1 
0x0704	0x0E00      	MOVLW       0
0x0706	0x6E05      	MOVWF       R5 
0x0708	0xDDFD      	RCALL       _Mul_16X16_U
0x070A	0x0E64      	MOVLW       100
0x070C	0x6E04      	MOVWF       R4 
0x070E	0x0E00      	MOVLW       0
0x0710	0x6E05      	MOVWF       R5 
0x0712	0xDE20      	RCALL       _Div_16x16_S
0x0714	0xFF55C000  	MOVFF       R0, CCPR5L
;parteC.c,192 :: 		}
0x0718	0xD005      	BRA         L_main20
L_main19:
;parteC.c,194 :: 		CCPR5L=255;
0x071A	0x0EFF      	MOVLW       255
0x071C	0x010F      	MOVLB       15
0x071E	0x6F55      	MOVWF       CCPR5L, 1
;parteC.c,195 :: 		CCP5CON.DC5B0=1;
0x0720	0x8954      	BSF         CCP5CON, 4, 1
;parteC.c,196 :: 		CCP5CON.DC5B1=1;
0x0722	0x8B54      	BSF         CCP5CON, 5, 1
;parteC.c,197 :: 		}
L_main20:
L_main18:
;parteC.c,199 :: 		}
L_main16:
;parteC.c,201 :: 		IntToStr(sigma,setpoint_temperatura_char);
0x0724	0xF04EC02E  	MOVFF       main_sigma_L0, FARG_IntToStr_input
0x0728	0x0E00      	MOVLW       0
0x072A	0x6E4F      	MOVWF       FARG_IntToStr_input+1 
0x072C	0x0E36      	MOVLW       main_setpoint_temperatura_char_L0
0x072E	0x6E50      	MOVWF       FARG_IntToStr_output 
0x0730	0x0E00      	MOVLW       hi_addr(main_setpoint_temperatura_char_L0)
0x0732	0x6E51      	MOVWF       FARG_IntToStr_output+1 
0x0734	0xDE82      	RCALL       _IntToStr
;parteC.c,202 :: 		Lcd_out(2,4,setpoint_temperatura_char);
0x0736	0x0E02      	MOVLW       2
0x0738	0x6E4E      	MOVWF       FARG_Lcd_Out_row 
0x073A	0x0E04      	MOVLW       4
0x073C	0x6E4F      	MOVWF       FARG_Lcd_Out_column 
0x073E	0x0E36      	MOVLW       main_setpoint_temperatura_char_L0
0x0740	0x6E50      	MOVWF       FARG_Lcd_Out_text 
0x0742	0x0E00      	MOVLW       hi_addr(main_setpoint_temperatura_char_L0)
0x0744	0x6E51      	MOVWF       FARG_Lcd_Out_text+1 
0x0746	0xDDA1      	RCALL       _Lcd_Out
;parteC.c,203 :: 		IntToStr(CCPR5L,T_char);
0x0748	0xF04ECF55  	MOVFF       CCPR5L, FARG_IntToStr_input
0x074C	0x0E00      	MOVLW       0
0x074E	0x6E4F      	MOVWF       FARG_IntToStr_input+1 
0x0750	0x0E2F      	MOVLW       main_T_char_L0
0x0752	0x6E50      	MOVWF       FARG_IntToStr_output 
0x0754	0x0E00      	MOVLW       hi_addr(main_T_char_L0)
0x0756	0x6E51      	MOVWF       FARG_IntToStr_output+1 
0x0758	0xDE70      	RCALL       _IntToStr
;parteC.c,204 :: 		Lcd_out(2,1,T_char);
0x075A	0x0E02      	MOVLW       2
0x075C	0x6E4E      	MOVWF       FARG_Lcd_Out_row 
0x075E	0x0E01      	MOVLW       1
0x0760	0x6E4F      	MOVWF       FARG_Lcd_Out_column 
0x0762	0x0E2F      	MOVLW       main_T_char_L0
0x0764	0x6E50      	MOVWF       FARG_Lcd_Out_text 
0x0766	0x0E00      	MOVLW       hi_addr(main_T_char_L0)
0x0768	0x6E51      	MOVWF       FARG_Lcd_Out_text+1 
0x076A	0xDD8F      	RCALL       _Lcd_Out
;parteC.c,205 :: 		IntToStr(delta_T,delta_T_char);
0x076C	0xF04EC02D  	MOVFF       main_delta_T_L0, FARG_IntToStr_input
0x0770	0x0E00      	MOVLW       0
0x0772	0x6E4F      	MOVWF       FARG_IntToStr_input+1 
0x0774	0x0E3D      	MOVLW       main_delta_T_char_L0
0x0776	0x6E50      	MOVWF       FARG_IntToStr_output 
0x0778	0x0E00      	MOVLW       hi_addr(main_delta_T_char_L0)
0x077A	0x6E51      	MOVWF       FARG_IntToStr_output+1 
0x077C	0xDE5E      	RCALL       _IntToStr
;parteC.c,206 :: 		Lcd_out(2,7,delta_T_char);
0x077E	0x0E02      	MOVLW       2
0x0780	0x6E4E      	MOVWF       FARG_Lcd_Out_row 
0x0782	0x0E07      	MOVLW       7
0x0784	0x6E4F      	MOVWF       FARG_Lcd_Out_column 
0x0786	0x0E3D      	MOVLW       main_delta_T_char_L0
0x0788	0x6E50      	MOVWF       FARG_Lcd_Out_text 
0x078A	0x0E00      	MOVLW       hi_addr(main_delta_T_char_L0)
0x078C	0x6E51      	MOVWF       FARG_Lcd_Out_text+1 
0x078E	0xDD7D      	RCALL       _Lcd_Out
;parteC.c,210 :: 		}
L_main9:
;parteC.c,212 :: 		}
0x0790	0xD706      	BRA         L_main2
;parteC.c,213 :: 		}
L_end_main:
0x0792	0xD7FF      	BRA         $+0
; end of _main
0x07AC	0xF015EE10  	LFSR        1, 21
0x07B0	0x0E17      	MOVLW       23
0x07B2	0x6E00      	MOVWF       R0 
0x07B4	0x0E01      	MOVLW       1
0x07B6	0x6E01      	MOVWF       R1 
0x07B8	0x0E94      	MOVLW       148
0x07BA	0x6EF6      	MOVWF       TBLPTR 
0x07BC	0x0E07      	MOVLW       7
0x07BE	0x6EF7      	MOVWF       TBLPTRH 
0x07C0	0x0E00      	MOVLW       0
0x07C2	0x6EF8      	MOVWF       TBLPTRU 
0x07C4	0xF000ECF2  	CALL        484, 0
0x07C8	0x0012      	RETURN      0
;parteC.c,0 :: ?ICS_clk
0x0794	0x0000 ;?ICS_clk+0
; end of ?ICS_clk
;parteC.c,0 :: ?ICS?lstr3_parteC
0x0796	0x5053 ;?ICS?lstr3_parteC+0
0x0798	0x4E45 ;?ICS?lstr3_parteC+2
0x079A	0x4F54 ;?ICS?lstr3_parteC+4
0x079C	0x00 ;?ICS?lstr3_parteC+6
; end of ?ICS?lstr3_parteC
;parteC.c,0 :: ?ICS?lstr1_parteC
0x079D	0x5053 ;?ICS?lstr1_parteC+0
0x079F	0x4E45 ;?ICS?lstr1_parteC+2
0x07A1	0x4F54 ;?ICS?lstr1_parteC+4
0x07A3	0x00 ;?ICS?lstr1_parteC+6
; end of ?ICS?lstr1_parteC
;parteC.c,0 :: ?ICS?lstr2_parteC
0x07A4	0x4341 ;?ICS?lstr2_parteC+0
0x07A6	0x4543 ;?ICS?lstr2_parteC+2
0x07A8	0x4F53 ;?ICS?lstr2_parteC+4
0x07AA	0x00 ;?ICS?lstr2_parteC+6
; end of ?ICS?lstr2_parteC
Symbol List:
//** Routines locations **
//ADDRESS    SIZE    PROCEDURE
//----------------------------------------------
0x0008      [16]    _interrupt
0x0018      [10]    _Delay_50us
0x0022      [22]    _Delay_5500us
0x0038       [6]    _Delay_1us
0x003E      [54]    _Div_16X16_U
0x0074     [124]    _Lcd_Cmd
0x00F0     [144]    _WordToStr
0x0180      [88]    _Div_16x16_S_L
0x01D8      [12]    _Lcd_Chr_CP
0x01E4      [16]    ___CC2DW
0x01F4     [150]    _Lcd_Init
0x028A     [122]    _Lcd_Out
0x0304      [80]    _Mul_16X16_U
0x0354     [198]    _Div_16x16_S
0x041A      [32]    _abs
0x043A     [216]    _IntToStr
0x0512     [642]    _main
//** Variables locations ** 
//ADDRESS    SIZE    VARIABLE
//----------------------------------------------
0x0000       [1]    R0
0x0001       [1]    __Lib_Conversions_Adjust_Hex_tmp_L0
0x0001       [1]    R1
0x0002       [1]    R2
0x0002       [2]    memset_pp_L0
0x0002       [2]    memcpy_dd_L0
0x0002       [2]    strlen_cp_L0
0x0002       [2]    memchr_s_L0
0x0003       [2]    memmove_tt_L0
0x0003       [1]    R3
0x0003       [2]    Ltrim_original_L0
0x0004       [2]    strncat_cp_L0
0x0004       [2]    memcpy_ss_L0
0x0004       [2]    strcpy_cp_L0
0x0004       [1]    R4
0x0004       [2]    strcat_cp_L0
0x0004       [2]    strncpy_cp_L0
0x0005       [2]    LongWordToHex_input_half_L0
0x0005       [1]    R5
0x0005       [2]    LongIntToHex_input_half_L0
0x0005       [2]    memmove_ff_L0
0x0005       [2]    Ltrim_p_L0
0x0006       [1]    R6
0x0007       [1]    R7
0x0008       [1]    R8
0x0009       [1]    R9
0x000A       [1]    R10
0x000B       [1]    R11
0x000C       [1]    R12
0x000D       [1]    R13
0x000E       [1]    R14
0x000F       [1]    R15
0x0010       [1]    R16
0x0011       [1]    R17
0x0012       [1]    R18
0x0013       [1]    R19
0x0014       [1]    R20
0x0015       [2]    _clk
0x0017       [7]    ?lstr3_parteC
0x001E       [7]    ?lstr1_parteC
0x0025       [7]    ?lstr2_parteC
0x002C       [0]    __Lib_Lcd_cmd_status
0x002D       [1]    main_delta_T_L0
0x002E       [1]    main_sigma_L0
0x002F       [7]    main_T_char_L0
0x0036       [7]    main_setpoint_temperatura_char_L0
0x003D       [7]    main_delta_T_char_L0
0x0044       [1]    main_stato_accensione_L0
0x0045       [1]    main_RC0_VAL_L0
0x0046       [1]    main_RC0_OLD_L0
0x0047       [1]    main_setpoint_temperatura_L0
0x0048       [1]    main_RC3_VAL_L0
0x0049       [1]    main_RC3_OLD_L0
0x004A       [1]    main_RC4_VAL_L0
0x004B       [1]    main_RC4_OLD_L0
0x004C       [2]    main_adc_res_V_L0
0x004E       [2]    FARG_IntToStr_input
0x004E       [2]    FARG_abs_x
0x004E       [1]    FARG_Lcd_Out_row
0x004F       [1]    FARG_Lcd_Out_column
0x0050       [2]    FARG_Lcd_Out_text
0x0050       [2]    FARG_IntToStr_output
0x0052       [2]    IntToStr_i_L0
0x0052       [1]    Lcd_Out_i_L0
0x0054       [2]    IntToStr_negative_L0
0x0056       [2]    IntToStr_inword_L0
0x0058       [2]    FARG_WordToStr_input
0x0058       [1]    FARG_Lcd_Chr_CP_out_char
0x005A       [2]    FARG_WordToStr_output
0x005C       [1]    WordToStr_len_L0
0x005D       [2]    FLOC__WordToStr
0x005F       [1]    FARG_Lcd_Cmd_out_char
0x0F38       [1]    ANSELA
0x0F3A       [1]    ANSELC
0x0F3C       [1]    ANSELE
0x0F48       [1]    CCPTMRS1
0x0F54       [1]    CCP5CON
0x0F55       [1]    CCPR5L
0x0F82       [1]    PORTC
0x0F8A       [0]    LCD_D6
0x0F8A       [0]    LCD_D7
0x0F8A       [0]    LCD_D4
0x0F8A       [0]    LCD_D5
0x0F8A       [0]    LATB3_bit
0x0F8A       [0]    LATB2_bit
0x0F8A       [0]    LATB5_bit
0x0F8A       [0]    LATB1_bit
0x0F8A       [0]    LATB4_bit
0x0F8A       [0]    LATB0_bit
0x0F8A       [0]    LCD_RS
0x0F8A       [0]    LCD_EN
0x0F92       [1]    TRISA
0x0F93       [0]    LCD_EN_Direction
0x0F93       [0]    LCD_D5_Direction
0x0F93       [0]    LCD_RS_Direction
0x0F93       [0]    LCD_D6_Direction
0x0F93       [0]    LCD_D4_Direction
0x0F93       [0]    LCD_D7_Direction
0x0F93       [0]    TRISB2_bit
0x0F93       [0]    TRISB0_bit
0x0F93       [0]    TRISB1_bit
0x0F93       [0]    TRISB3_bit
0x0F93       [0]    TRISB4_bit
0x0F93       [0]    TRISB5_bit
0x0F94       [1]    TRISC
0x0F96       [1]    TRISE
0x0FBA       [1]    T2CON
0x0FBB       [1]    PR2
0x0FC0       [1]    ADCON2
0x0FC2       [1]    ADCON0
0x0FC4       [1]    ADRESH
0x0FD5       [1]    T0CON
0x0FD8       [1]    STATUS
0x0FD9       [1]    FSR2L
0x0FDA       [1]    FSR2H
0x0FDE       [1]    POSTINC2
0x0FE0       [1]    BSR
0x0FE1       [1]    FSR1L
0x0FE2       [1]    FSR1H
0x0FE4       [1]    PREINC1
0x0FE6       [1]    POSTINC1
0x0FE7       [1]    INDF1
0x0FE8       [1]    WREG
0x0FE9       [1]    FSR0L
0x0FEA       [1]    FSR0H
0x0FEE       [1]    POSTINC0
0x0FF2       [1]    INTCON
0x0FF3       [1]    PRODL
0x0FF4       [1]    PRODH
0x0FF5       [1]    TABLAT
0x0FF6       [3]    TBLPTR
0x0FF6       [1]    TBLPTRL
0x0FF7       [1]    TBLPTRH
0x0FF8       [1]    TBLPTRU
//** Constants locations ** 
//ADDRESS    SIZE    CONSTANT
//----------------------------------------------
0x0794       [2]    ?ICS_clk
0x0796       [7]    ?ICS?lstr3_parteC
0x079D       [7]    ?ICS?lstr1_parteC
0x07A4       [7]    ?ICS?lstr2_parteC
