;  LST file generated by mikroListExporter - v.2.0 
; Date/Time: 25/05/2021 18:56:23
;----------------------------------------------

;Address Opcode 	ASM
0x0000	0xF001EFC4  	GOTO        904
0x0004	0x0000      	NOP
0x0006	0x0000      	NOP
0x0008	0xF000EF00  	GOTO        0
0x000C	0x0000      	NOP
0x000E	0x0000      	NOP
0x0010	0x0000      	NOP
0x0012	0x0000      	NOP
0x0014	0x0000      	NOP
0x0016	0x0000      	NOP
0x0018	0xD7F3      	BRA         0
_Delay_50us:
;__Lib_Delays.c,19 :: 		void Delay_50us() {
;__Lib_Delays.c,20 :: 		Delay_us(50);
0x001C	0x0E21      	MOVLW       33
0x001E	0x6E0D      	MOVWF       R13, 0
L_Delay_50us2:
0x0020	0x2E0D      	DECFSZ      R13, 1, 0
0x0022	0xD7FE      	BRA         L_Delay_50us2
;__Lib_Delays.c,21 :: 		}
L_end_Delay_50us:
0x0024	0x0012      	RETURN      0
; end of _Delay_50us
_Delay_5500us:
;__Lib_Delays.c,31 :: 		void Delay_5500us() {
;__Lib_Delays.c,32 :: 		Delay_us(5500);
0x0026	0x0E0F      	MOVLW       15
0x0028	0x6E0C      	MOVWF       R12, 0
0x002A	0x0E47      	MOVLW       71
0x002C	0x6E0D      	MOVWF       R13, 0
L_Delay_5500us5:
0x002E	0x2E0D      	DECFSZ      R13, 1, 0
0x0030	0xD7FE      	BRA         L_Delay_5500us5
0x0032	0x2E0C      	DECFSZ      R12, 1, 0
0x0034	0xD7FC      	BRA         L_Delay_5500us5
0x0036	0x0000      	NOP
0x0038	0x0000      	NOP
;__Lib_Delays.c,33 :: 		}
L_end_Delay_5500us:
0x003A	0x0012      	RETURN      0
; end of _Delay_5500us
_Delay_1us:
;__Lib_Delays.c,7 :: 		void Delay_1us() {
;__Lib_Delays.c,8 :: 		Delay_us(1);
0x003C	0x0000      	NOP
0x003E	0x0000      	NOP
;__Lib_Delays.c,9 :: 		}
L_end_Delay_1us:
0x0040	0x0012      	RETURN      0
; end of _Delay_1us
_Div_16X16_U:
;__Lib_Math.c,102 :: 		
;__Lib_Math.c,109 :: 		
0x0042	0x6A08      	CLRF        R8, 0
;__Lib_Math.c,110 :: 		
0x0044	0x6A09      	CLRF        R9, 0
;__Lib_Math.c,111 :: 		
0x0046	0x0E10      	MOVLW       16
;__Lib_Math.c,112 :: 		
0x0048	0x6E0C      	MOVWF       R12, 0
;__Lib_Math.c,113 :: 		
0x004A	0x3401      	RLCF        R1, 0, 0
;__Lib_Math.c,114 :: 		
0x004C	0x3608      	RLCF        R8, 1, 0
;__Lib_Math.c,115 :: 		
0x004E	0x3609      	RLCF        R9, 1, 0
;__Lib_Math.c,116 :: 		
0x0050	0x5004      	MOVF        R4, 0, 0
;__Lib_Math.c,117 :: 		
0x0052	0x5E08      	SUBWF       R8, 1, 0
;__Lib_Math.c,118 :: 		
0x0054	0x5005      	MOVF        R5, 0, 0
;__Lib_Math.c,119 :: 		
0x0056	0xA0D8      	BTFSS       STATUS, 0, 0
;__Lib_Math.c,120 :: 		
0x0058	0x3C05      	INCFSZ      R5, 0, 0
;__Lib_Math.c,121 :: 		
0x005A	0x5E09      	SUBWF       R9, 1, 0
;__Lib_Math.c,122 :: 		
0x005C	0xB0D8      	BTFSC       STATUS, 0, 0
;__Lib_Math.c,123 :: 		
0x005E	0xD007      	BRA         $+16
;__Lib_Math.c,124 :: 		
0x0060	0x5004      	MOVF        R4, 0, 0
;__Lib_Math.c,125 :: 		
0x0062	0x2608      	ADDWF       R8, 1, 0
;__Lib_Math.c,126 :: 		
0x0064	0x5005      	MOVF        R5, 0, 0
;__Lib_Math.c,127 :: 		
0x0066	0xB0D8      	BTFSC       STATUS, 0, 0
;__Lib_Math.c,128 :: 		
0x0068	0x3C05      	INCFSZ      R5, 0, 0
;__Lib_Math.c,129 :: 		
0x006A	0x2609      	ADDWF       R9, 1, 0
;__Lib_Math.c,130 :: 		
0x006C	0x90D8      	BCF         STATUS, 0, 0
;__Lib_Math.c,131 :: 		
0x006E	0x3600      	RLCF        R0, 1, 0
;__Lib_Math.c,132 :: 		
0x0070	0x3601      	RLCF        R1, 1, 0
;__Lib_Math.c,133 :: 		
0x0072	0x2E0C      	DECFSZ      R12, 1, 0
;__Lib_Math.c,134 :: 		
0x0074	0xD7EA      	BRA         $-42
;__Lib_Math.c,136 :: 		
L_end_Div_16X16_U:
0x0076	0x0012      	RETURN      0
; end of _Div_16X16_U
_Lcd_Cmd:
;__Lib_Lcd.c,18 :: 		
;__Lib_Lcd.c,20 :: 		
0x0078	0xBE35      	BTFSC       FARG_Lcd_Cmd_out_char, 7 
0x007A	0xD002      	BRA         L__Lcd_Cmd21
0x007C	0x968A      	BCF         LCD_D7, BitPos(LCD_D7+0) 
0x007E	0xD001      	BRA         L__Lcd_Cmd22
L__Lcd_Cmd21:
0x0080	0x868A      	BSF         LCD_D7, BitPos(LCD_D7+0) 
L__Lcd_Cmd22:
;__Lib_Lcd.c,21 :: 		
0x0082	0xBC35      	BTFSC       FARG_Lcd_Cmd_out_char, 6 
0x0084	0xD002      	BRA         L__Lcd_Cmd23
0x0086	0x948A      	BCF         LCD_D6, BitPos(LCD_D6+0) 
0x0088	0xD001      	BRA         L__Lcd_Cmd24
L__Lcd_Cmd23:
0x008A	0x848A      	BSF         LCD_D6, BitPos(LCD_D6+0) 
L__Lcd_Cmd24:
;__Lib_Lcd.c,22 :: 		
0x008C	0xBA35      	BTFSC       FARG_Lcd_Cmd_out_char, 5 
0x008E	0xD002      	BRA         L__Lcd_Cmd25
0x0090	0x928A      	BCF         LCD_D5, BitPos(LCD_D5+0) 
0x0092	0xD001      	BRA         L__Lcd_Cmd26
L__Lcd_Cmd25:
0x0094	0x828A      	BSF         LCD_D5, BitPos(LCD_D5+0) 
L__Lcd_Cmd26:
;__Lib_Lcd.c,23 :: 		
0x0096	0xB835      	BTFSC       FARG_Lcd_Cmd_out_char, 4 
0x0098	0xD002      	BRA         L__Lcd_Cmd27
0x009A	0x908A      	BCF         LCD_D4, BitPos(LCD_D4+0) 
0x009C	0xD001      	BRA         L__Lcd_Cmd28
L__Lcd_Cmd27:
0x009E	0x808A      	BSF         LCD_D4, BitPos(LCD_D4+0) 
L__Lcd_Cmd28:
;__Lib_Lcd.c,25 :: 		
0x00A0	0xB015      	BTFSC       __Lib_Lcd_cmd_status, BitPos(__Lib_Lcd_cmd_status+0) 
0x00A2	0xD002      	BRA         L__Lcd_Cmd29
0x00A4	0x888A      	BSF         LCD_RS, BitPos(LCD_RS+0) 
0x00A6	0xD001      	BRA         L__Lcd_Cmd30
L__Lcd_Cmd29:
0x00A8	0x988A      	BCF         LCD_RS, BitPos(LCD_RS+0) 
L__Lcd_Cmd30:
;__Lib_Lcd.c,28 :: 		
0x00AA	0x8A8A      	BSF         LCD_EN, BitPos(LCD_EN+0) 
;__Lib_Lcd.c,29 :: 		
0x00AC	0xDFC7      	RCALL       _Delay_1us
;__Lib_Lcd.c,30 :: 		
0x00AE	0x9A8A      	BCF         LCD_EN, BitPos(LCD_EN+0) 
;__Lib_Lcd.c,33 :: 		
0x00B0	0xB635      	BTFSC       FARG_Lcd_Cmd_out_char, 3 
0x00B2	0xD002      	BRA         L__Lcd_Cmd31
0x00B4	0x968A      	BCF         LCD_D7, BitPos(LCD_D7+0) 
0x00B6	0xD001      	BRA         L__Lcd_Cmd32
L__Lcd_Cmd31:
0x00B8	0x868A      	BSF         LCD_D7, BitPos(LCD_D7+0) 
L__Lcd_Cmd32:
;__Lib_Lcd.c,34 :: 		
0x00BA	0xB435      	BTFSC       FARG_Lcd_Cmd_out_char, 2 
0x00BC	0xD002      	BRA         L__Lcd_Cmd33
0x00BE	0x948A      	BCF         LCD_D6, BitPos(LCD_D6+0) 
0x00C0	0xD001      	BRA         L__Lcd_Cmd34
L__Lcd_Cmd33:
0x00C2	0x848A      	BSF         LCD_D6, BitPos(LCD_D6+0) 
L__Lcd_Cmd34:
;__Lib_Lcd.c,35 :: 		
0x00C4	0xB235      	BTFSC       FARG_Lcd_Cmd_out_char, 1 
0x00C6	0xD002      	BRA         L__Lcd_Cmd35
0x00C8	0x928A      	BCF         LCD_D5, BitPos(LCD_D5+0) 
0x00CA	0xD001      	BRA         L__Lcd_Cmd36
L__Lcd_Cmd35:
0x00CC	0x828A      	BSF         LCD_D5, BitPos(LCD_D5+0) 
L__Lcd_Cmd36:
;__Lib_Lcd.c,36 :: 		
0x00CE	0xB035      	BTFSC       FARG_Lcd_Cmd_out_char, 0 
0x00D0	0xD002      	BRA         L__Lcd_Cmd37
0x00D2	0x908A      	BCF         LCD_D4, BitPos(LCD_D4+0) 
0x00D4	0xD001      	BRA         L__Lcd_Cmd38
L__Lcd_Cmd37:
0x00D6	0x808A      	BSF         LCD_D4, BitPos(LCD_D4+0) 
L__Lcd_Cmd38:
;__Lib_Lcd.c,38 :: 		
0x00D8	0xB015      	BTFSC       __Lib_Lcd_cmd_status, BitPos(__Lib_Lcd_cmd_status+0) 
0x00DA	0xD002      	BRA         L__Lcd_Cmd39
0x00DC	0x888A      	BSF         LCD_RS, BitPos(LCD_RS+0) 
0x00DE	0xD001      	BRA         L__Lcd_Cmd40
L__Lcd_Cmd39:
0x00E0	0x988A      	BCF         LCD_RS, BitPos(LCD_RS+0) 
L__Lcd_Cmd40:
;__Lib_Lcd.c,40 :: 		
0x00E2	0x8A8A      	BSF         LCD_EN, BitPos(LCD_EN+0) 
;__Lib_Lcd.c,41 :: 		
0x00E4	0xDFAB      	RCALL       _Delay_1us
;__Lib_Lcd.c,42 :: 		
0x00E6	0x9A8A      	BCF         LCD_EN, BitPos(LCD_EN+0) 
;__Lib_Lcd.c,44 :: 		
0x00E8	0xA015      	BTFSS       __Lib_Lcd_cmd_status, BitPos(__Lib_Lcd_cmd_status+0) 
0x00EA	0xD002      	BRA         L_Lcd_Cmd0
;__Lib_Lcd.c,45 :: 		
0x00EC	0xDF9C      	RCALL       _Delay_5500us
0x00EE	0xD001      	BRA         L_Lcd_Cmd1
L_Lcd_Cmd0:
;__Lib_Lcd.c,47 :: 		
0x00F0	0xDF95      	RCALL       _Delay_50us
L_Lcd_Cmd1:
;__Lib_Lcd.c,48 :: 		
L_end_Lcd_Cmd:
0x00F2	0x0012      	RETURN      0
; end of _Lcd_Cmd
_WordToStr:
;__Lib_Conversions.c,98 :: 		
;__Lib_Conversions.c,103 :: 		
0x00F4	0x6A32      	CLRF        WordToStr_len_L0 
L_WordToStr11:
0x00F6	0x0E05      	MOVLW       5
0x00F8	0x5C32      	SUBWF       WordToStr_len_L0, 0 
0x00FA	0xE20A      	BC          L_WordToStr12
;__Lib_Conversions.c,104 :: 		
0x00FC	0x5032      	MOVF        WordToStr_len_L0, 0 
0x00FE	0x2430      	ADDWF       FARG_WordToStr_output, 0 
0x0100	0x6EE1      	MOVWF       FSR1L 
0x0102	0x0E00      	MOVLW       0
0x0104	0x2031      	ADDWFC      FARG_WordToStr_output+1, 0 
0x0106	0x6EE2      	MOVWF       FSR1L+1 
0x0108	0x0E20      	MOVLW       32
0x010A	0x6EE6      	MOVWF       POSTINC1 
;__Lib_Conversions.c,103 :: 		
0x010C	0x2A32      	INCF        WordToStr_len_L0, 1 
;__Lib_Conversions.c,104 :: 		
0x010E	0xD7F3      	BRA         L_WordToStr11
L_WordToStr12:
;__Lib_Conversions.c,105 :: 		
0x0110	0x5032      	MOVF        WordToStr_len_L0, 0 
0x0112	0x2430      	ADDWF       FARG_WordToStr_output, 0 
0x0114	0x6EE1      	MOVWF       FSR1L 
0x0116	0x0E00      	MOVLW       0
0x0118	0x2031      	ADDWFC      FARG_WordToStr_output+1, 0 
0x011A	0x6EE2      	MOVWF       FSR1L+1 
0x011C	0x6AE6      	CLRF        POSTINC1 
0x011E	0x0632      	DECF        WordToStr_len_L0, 1 
;__Lib_Conversions.c,107 :: 		
L_WordToStr14:
;__Lib_Conversions.c,108 :: 		
0x0120	0x5032      	MOVF        WordToStr_len_L0, 0 
0x0122	0x2430      	ADDWF       FARG_WordToStr_output, 0 
0x0124	0x6E33      	MOVWF       FLOC__WordToStr 
0x0126	0x0E00      	MOVLW       0
0x0128	0x2031      	ADDWFC      FARG_WordToStr_output+1, 0 
0x012A	0x6E34      	MOVWF       FLOC__WordToStr+1 
0x012C	0x0E0A      	MOVLW       10
0x012E	0x6E04      	MOVWF       R4 
0x0130	0x0E00      	MOVLW       0
0x0132	0x6E05      	MOVWF       R5 
0x0134	0xF000C02E  	MOVFF       FARG_WordToStr_input, R0
0x0138	0xF001C02F  	MOVFF       FARG_WordToStr_input+1, R1
0x013C	0xDF82      	RCALL       _Div_16X16_U
0x013E	0xF000C008  	MOVFF       R8, R0
0x0142	0xF001C009  	MOVFF       R9, R1
0x0146	0x0E30      	MOVLW       48
0x0148	0x2600      	ADDWF       R0, 1 
0x014A	0xFFE1C033  	MOVFF       FLOC__WordToStr, FSR1L
0x014E	0xFFE2C034  	MOVFF       FLOC__WordToStr+1, FSR1H
0x0152	0xFFE6C000  	MOVFF       R0, POSTINC1
;__Lib_Conversions.c,109 :: 		
0x0156	0x0E0A      	MOVLW       10
0x0158	0x6E04      	MOVWF       R4 
0x015A	0x0E00      	MOVLW       0
0x015C	0x6E05      	MOVWF       R5 
0x015E	0xF000C02E  	MOVFF       FARG_WordToStr_input, R0
0x0162	0xF001C02F  	MOVFF       FARG_WordToStr_input+1, R1
0x0166	0xDF6D      	RCALL       _Div_16X16_U
0x0168	0xF02EC000  	MOVFF       R0, FARG_WordToStr_input
0x016C	0xF02FC001  	MOVFF       R1, FARG_WordToStr_input+1
;__Lib_Conversions.c,110 :: 		
0x0170	0x0E00      	MOVLW       0
0x0172	0x1801      	XORWF       R1, 0 
0x0174	0xE102      	BNZ         L__WordToStr379
0x0176	0x0E00      	MOVLW       0
0x0178	0x1800      	XORWF       R0, 0 
L__WordToStr379:
0x017A	0xE101      	BNZ         L_WordToStr16
;__Lib_Conversions.c,111 :: 		
0x017C	0xD002      	BRA         L_WordToStr15
L_WordToStr16:
;__Lib_Conversions.c,112 :: 		
0x017E	0x0632      	DECF        WordToStr_len_L0, 1 
;__Lib_Conversions.c,113 :: 		
0x0180	0xD7CF      	BRA         L_WordToStr14
L_WordToStr15:
;__Lib_Conversions.c,114 :: 		
L_end_WordToStr:
0x0182	0x0012      	RETURN      0
; end of _WordToStr
_Lcd_Chr_CP:
;__Lib_Lcd.c,50 :: 		
;__Lib_Lcd.c,52 :: 		
0x0184	0x9015      	BCF         __Lib_Lcd_cmd_status, BitPos(__Lib_Lcd_cmd_status+0) 
;__Lib_Lcd.c,53 :: 		
0x0186	0xF035C02E  	MOVFF       FARG_Lcd_Chr_CP_out_char, FARG_Lcd_Cmd_out_char
0x018A	0xDF76      	RCALL       _Lcd_Cmd
;__Lib_Lcd.c,54 :: 		
0x018C	0x8015      	BSF         __Lib_Lcd_cmd_status, BitPos(__Lib_Lcd_cmd_status+0) 
;__Lib_Lcd.c,55 :: 		
L_end_Lcd_Chr_CP:
0x018E	0x0012      	RETURN      0
; end of _Lcd_Chr_CP
_Lcd_Out:
;__Lib_Lcd.c,184 :: 		
;__Lib_Lcd.c,187 :: 		
0x0190	0xD00F      	BRA         L_Lcd_Out11
;__Lib_Lcd.c,188 :: 		
L_Lcd_Out13:
0x0192	0x0E80      	MOVLW       128
0x0194	0x6E24      	MOVWF       FARG_Lcd_Out_row 
0x0196	0xD019      	BRA         L_Lcd_Out12
;__Lib_Lcd.c,189 :: 		
L_Lcd_Out14:
0x0198	0x0EC0      	MOVLW       192
0x019A	0x6E24      	MOVWF       FARG_Lcd_Out_row 
0x019C	0xD016      	BRA         L_Lcd_Out12
;__Lib_Lcd.c,190 :: 		
L_Lcd_Out15:
0x019E	0x0E94      	MOVLW       148
0x01A0	0x6E24      	MOVWF       FARG_Lcd_Out_row 
0x01A2	0xD013      	BRA         L_Lcd_Out12
;__Lib_Lcd.c,191 :: 		
L_Lcd_Out16:
0x01A4	0x0ED4      	MOVLW       212
0x01A6	0x6E24      	MOVWF       FARG_Lcd_Out_row 
0x01A8	0xD010      	BRA         L_Lcd_Out12
;__Lib_Lcd.c,192 :: 		
L_Lcd_Out17:
0x01AA	0x0E80      	MOVLW       128
0x01AC	0x6E24      	MOVWF       FARG_Lcd_Out_row 
;__Lib_Lcd.c,193 :: 		
0x01AE	0xD00D      	BRA         L_Lcd_Out12
L_Lcd_Out11:
0x01B0	0x5024      	MOVF        FARG_Lcd_Out_row, 0 
0x01B2	0x0A01      	XORLW       1
0x01B4	0xE0EE      	BZ          L_Lcd_Out13
0x01B6	0x5024      	MOVF        FARG_Lcd_Out_row, 0 
0x01B8	0x0A02      	XORLW       2
0x01BA	0xE0EE      	BZ          L_Lcd_Out14
0x01BC	0x5024      	MOVF        FARG_Lcd_Out_row, 0 
0x01BE	0x0A03      	XORLW       3
0x01C0	0xE0EE      	BZ          L_Lcd_Out15
0x01C2	0x5024      	MOVF        FARG_Lcd_Out_row, 0 
0x01C4	0x0A04      	XORLW       4
0x01C6	0xE0EE      	BZ          L_Lcd_Out16
0x01C8	0xD7F0      	BRA         L_Lcd_Out17
L_Lcd_Out12:
;__Lib_Lcd.c,194 :: 		
0x01CA	0x0425      	DECF        FARG_Lcd_Out_column, 0 
0x01CC	0x6E00      	MOVWF       R0 
0x01CE	0x5024      	MOVF        FARG_Lcd_Out_row, 0 
0x01D0	0x2600      	ADDWF       R0, 1 
0x01D2	0xF024C000  	MOVFF       R0, FARG_Lcd_Out_row
;__Lib_Lcd.c,196 :: 		
0x01D6	0xF035C000  	MOVFF       R0, FARG_Lcd_Cmd_out_char
0x01DA	0xDF4E      	RCALL       _Lcd_Cmd
;__Lib_Lcd.c,197 :: 		
0x01DC	0x9015      	BCF         __Lib_Lcd_cmd_status, BitPos(__Lib_Lcd_cmd_status+0) 
;__Lib_Lcd.c,198 :: 		
0x01DE	0x6A28      	CLRF        Lcd_Out_i_L0 
;__Lib_Lcd.c,199 :: 		
L_Lcd_Out18:
0x01E0	0x5028      	MOVF        Lcd_Out_i_L0, 0 
0x01E2	0x2426      	ADDWF       FARG_Lcd_Out_text, 0 
0x01E4	0x6EE9      	MOVWF       FSR0L 
0x01E6	0x0E00      	MOVLW       0
0x01E8	0x2027      	ADDWFC      FARG_Lcd_Out_text+1, 0 
0x01EA	0x6EEA      	MOVWF       FSR0L+1 
0x01EC	0x52EE      	MOVF        POSTINC0, 1 
0x01EE	0xE00B      	BZ          L_Lcd_Out19
;__Lib_Lcd.c,200 :: 		
0x01F0	0x5028      	MOVF        Lcd_Out_i_L0, 0 
0x01F2	0x2426      	ADDWF       FARG_Lcd_Out_text, 0 
0x01F4	0x6EE9      	MOVWF       FSR0L 
0x01F6	0x0E00      	MOVLW       0
0x01F8	0x2027      	ADDWFC      FARG_Lcd_Out_text+1, 0 
0x01FA	0x6EEA      	MOVWF       FSR0L+1 
0x01FC	0xF02ECFEE  	MOVFF       POSTINC0, FARG_Lcd_Chr_CP_out_char
0x0200	0xDFC1      	RCALL       _Lcd_Chr_CP
0x0202	0x2A28      	INCF        Lcd_Out_i_L0, 1 
0x0204	0xD7ED      	BRA         L_Lcd_Out18
L_Lcd_Out19:
;__Lib_Lcd.c,201 :: 		
0x0206	0x8015      	BSF         __Lib_Lcd_cmd_status, BitPos(__Lib_Lcd_cmd_status+0) 
;__Lib_Lcd.c,202 :: 		
L_end_Lcd_Out:
0x0208	0x0012      	RETURN      0
; end of _Lcd_Out
_Lcd_Init:
;__Lib_Lcd.c,84 :: 		
;__Lib_Lcd.c,86 :: 		
0x020A	0x9A93      	BCF         LCD_EN_Direction, BitPos(LCD_EN_Direction+0) 
;__Lib_Lcd.c,87 :: 		
0x020C	0x9893      	BCF         LCD_RS_Direction, BitPos(LCD_RS_Direction+0) 
;__Lib_Lcd.c,88 :: 		
0x020E	0x9093      	BCF         LCD_D4_Direction, BitPos(LCD_D4_Direction+0) 
;__Lib_Lcd.c,89 :: 		
0x0210	0x9293      	BCF         LCD_D5_Direction, BitPos(LCD_D5_Direction+0) 
;__Lib_Lcd.c,90 :: 		
0x0212	0x9493      	BCF         LCD_D6_Direction, BitPos(LCD_D6_Direction+0) 
;__Lib_Lcd.c,91 :: 		
0x0214	0x9693      	BCF         LCD_D7_Direction, BitPos(LCD_D7_Direction+0) 
;__Lib_Lcd.c,93 :: 		
0x0216	0x9A8A      	BCF         LCD_EN, BitPos(LCD_EN+0) 
;__Lib_Lcd.c,94 :: 		
0x0218	0x988A      	BCF         LCD_RS, BitPos(LCD_RS+0) 
;__Lib_Lcd.c,95 :: 		
0x021A	0x968A      	BCF         LCD_D7, BitPos(LCD_D7+0) 
;__Lib_Lcd.c,96 :: 		
0x021C	0x948A      	BCF         LCD_D6, BitPos(LCD_D6+0) 
;__Lib_Lcd.c,97 :: 		
0x021E	0x928A      	BCF         LCD_D5, BitPos(LCD_D5+0) 
;__Lib_Lcd.c,98 :: 		
0x0220	0x908A      	BCF         LCD_D4, BitPos(LCD_D4+0) 
;__Lib_Lcd.c,100 :: 		
0x0222	0xDF01      	RCALL       _Delay_5500us
;__Lib_Lcd.c,101 :: 		
0x0224	0xDF00      	RCALL       _Delay_5500us
;__Lib_Lcd.c,102 :: 		
0x0226	0xDEFF      	RCALL       _Delay_5500us
;__Lib_Lcd.c,105 :: 		
0x0228	0x828A      	BSF         LCD_D5, BitPos(LCD_D5+0) 
;__Lib_Lcd.c,106 :: 		
0x022A	0x808A      	BSF         LCD_D4, BitPos(LCD_D4+0) 
;__Lib_Lcd.c,107 :: 		
0x022C	0x8A8A      	BSF         LCD_EN, BitPos(LCD_EN+0) 
;__Lib_Lcd.c,108 :: 		
0x022E	0xDF06      	RCALL       _Delay_1us
;__Lib_Lcd.c,109 :: 		
0x0230	0x9A8A      	BCF         LCD_EN, BitPos(LCD_EN+0) 
;__Lib_Lcd.c,110 :: 		
0x0232	0xDEF9      	RCALL       _Delay_5500us
;__Lib_Lcd.c,112 :: 		
0x0234	0x8A8A      	BSF         LCD_EN, BitPos(LCD_EN+0) 
;__Lib_Lcd.c,113 :: 		
0x0236	0xDF02      	RCALL       _Delay_1us
;__Lib_Lcd.c,114 :: 		
0x0238	0x9A8A      	BCF         LCD_EN, BitPos(LCD_EN+0) 
;__Lib_Lcd.c,115 :: 		
0x023A	0xDEF5      	RCALL       _Delay_5500us
;__Lib_Lcd.c,117 :: 		
0x023C	0x8A8A      	BSF         LCD_EN, BitPos(LCD_EN+0) 
;__Lib_Lcd.c,118 :: 		
0x023E	0xDEFE      	RCALL       _Delay_1us
;__Lib_Lcd.c,119 :: 		
0x0240	0x9A8A      	BCF         LCD_EN, BitPos(LCD_EN+0) 
;__Lib_Lcd.c,120 :: 		
0x0242	0xDEF1      	RCALL       _Delay_5500us
;__Lib_Lcd.c,123 :: 		
0x0244	0x908A      	BCF         LCD_D4, BitPos(LCD_D4+0) 
;__Lib_Lcd.c,124 :: 		
0x0246	0x8A8A      	BSF         LCD_EN, BitPos(LCD_EN+0) 
;__Lib_Lcd.c,125 :: 		
0x0248	0xDEF9      	RCALL       _Delay_1us
;__Lib_Lcd.c,126 :: 		
0x024A	0x9A8A      	BCF         LCD_EN, BitPos(LCD_EN+0) 
;__Lib_Lcd.c,127 :: 		
0x024C	0xDEEC      	RCALL       _Delay_5500us
;__Lib_Lcd.c,130 :: 		
0x024E	0x8A8A      	BSF         LCD_EN, BitPos(LCD_EN+0) 
;__Lib_Lcd.c,131 :: 		
0x0250	0xDEF5      	RCALL       _Delay_1us
;__Lib_Lcd.c,132 :: 		
0x0252	0x9A8A      	BCF         LCD_EN, BitPos(LCD_EN+0) 
;__Lib_Lcd.c,134 :: 		
0x0254	0x928A      	BCF         LCD_D5, BitPos(LCD_D5+0) 
;__Lib_Lcd.c,135 :: 		
0x0256	0x868A      	BSF         LCD_D7, BitPos(LCD_D7+0) 
;__Lib_Lcd.c,136 :: 		
0x0258	0x8A8A      	BSF         LCD_EN, BitPos(LCD_EN+0) 
;__Lib_Lcd.c,137 :: 		
0x025A	0xDEF0      	RCALL       _Delay_1us
;__Lib_Lcd.c,138 :: 		
0x025C	0x9A8A      	BCF         LCD_EN, BitPos(LCD_EN+0) 
;__Lib_Lcd.c,139 :: 		
0x025E	0xDEE3      	RCALL       _Delay_5500us
;__Lib_Lcd.c,142 :: 		
0x0260	0x968A      	BCF         LCD_D7, BitPos(LCD_D7+0) 
;__Lib_Lcd.c,143 :: 		
0x0262	0x808A      	BSF         LCD_D4, BitPos(LCD_D4+0) 
;__Lib_Lcd.c,144 :: 		
0x0264	0x8A8A      	BSF         LCD_EN, BitPos(LCD_EN+0) 
;__Lib_Lcd.c,145 :: 		
0x0266	0xDEEA      	RCALL       _Delay_1us
;__Lib_Lcd.c,146 :: 		
0x0268	0x9A8A      	BCF         LCD_EN, BitPos(LCD_EN+0) 
;__Lib_Lcd.c,148 :: 		
0x026A	0x908A      	BCF         LCD_D4, BitPos(LCD_D4+0) 
;__Lib_Lcd.c,149 :: 		
0x026C	0x8A8A      	BSF         LCD_EN, BitPos(LCD_EN+0) 
;__Lib_Lcd.c,150 :: 		
0x026E	0xDEE6      	RCALL       _Delay_1us
;__Lib_Lcd.c,151 :: 		
0x0270	0x9A8A      	BCF         LCD_EN, BitPos(LCD_EN+0) 
;__Lib_Lcd.c,152 :: 		
0x0272	0xDED9      	RCALL       _Delay_5500us
;__Lib_Lcd.c,155 :: 		
0x0274	0x8A8A      	BSF         LCD_EN, BitPos(LCD_EN+0) 
;__Lib_Lcd.c,156 :: 		
0x0276	0xDEE2      	RCALL       _Delay_1us
;__Lib_Lcd.c,157 :: 		
0x0278	0x9A8A      	BCF         LCD_EN, BitPos(LCD_EN+0) 
;__Lib_Lcd.c,159 :: 		
0x027A	0x808A      	BSF         LCD_D4, BitPos(LCD_D4+0) 
;__Lib_Lcd.c,160 :: 		
0x027C	0x8A8A      	BSF         LCD_EN, BitPos(LCD_EN+0) 
;__Lib_Lcd.c,161 :: 		
0x027E	0xDEDE      	RCALL       _Delay_1us
;__Lib_Lcd.c,162 :: 		
0x0280	0x9A8A      	BCF         LCD_EN, BitPos(LCD_EN+0) 
;__Lib_Lcd.c,163 :: 		
0x0282	0xDED1      	RCALL       _Delay_5500us
;__Lib_Lcd.c,166 :: 		
0x0284	0x908A      	BCF         LCD_D4, BitPos(LCD_D4+0) 
;__Lib_Lcd.c,167 :: 		
0x0286	0x8A8A      	BSF         LCD_EN, BitPos(LCD_EN+0) 
;__Lib_Lcd.c,168 :: 		
0x0288	0xDED9      	RCALL       _Delay_1us
;__Lib_Lcd.c,169 :: 		
0x028A	0x9A8A      	BCF         LCD_EN, BitPos(LCD_EN+0) 
;__Lib_Lcd.c,171 :: 		
0x028C	0x868A      	BSF         LCD_D7, BitPos(LCD_D7+0) 
;__Lib_Lcd.c,172 :: 		
0x028E	0x848A      	BSF         LCD_D6, BitPos(LCD_D6+0) 
;__Lib_Lcd.c,173 :: 		
0x0290	0x828A      	BSF         LCD_D5, BitPos(LCD_D5+0) 
;__Lib_Lcd.c,174 :: 		
0x0292	0x808A      	BSF         LCD_D4, BitPos(LCD_D4+0) 
;__Lib_Lcd.c,175 :: 		
0x0294	0x8A8A      	BSF         LCD_EN, BitPos(LCD_EN+0) 
;__Lib_Lcd.c,176 :: 		
0x0296	0xDED2      	RCALL       _Delay_1us
;__Lib_Lcd.c,177 :: 		
0x0298	0x9A8A      	BCF         LCD_EN, BitPos(LCD_EN+0) 
;__Lib_Lcd.c,179 :: 		
0x029A	0xDEC5      	RCALL       _Delay_5500us
;__Lib_Lcd.c,181 :: 		
0x029C	0x8015      	BSF         __Lib_Lcd_cmd_status, BitPos(__Lib_Lcd_cmd_status+0) 
;__Lib_Lcd.c,182 :: 		
L_end_Lcd_Init:
0x029E	0x0012      	RETURN      0
; end of _Lcd_Init
___CC2DW:
;__Lib_System.c,21 :: 		
;__Lib_System.c,23 :: 		
_CC2DL_Loop1:
;__Lib_System.c,24 :: 		
0x02A0	0x0009      	TBLRD*+
;__Lib_System.c,25 :: 		
0x02A2	0xFFE6CFF5  	MOVFF       TABLAT, POSTINC1
;__Lib_System.c,26 :: 		
0x02A6	0x0600      	DECF        R0, 1, 0
;__Lib_System.c,27 :: 		
0x02A8	0xE1FB      	BNZ         _CC2DL_Loop1
;__Lib_System.c,28 :: 		
0x02AA	0x0601      	DECF        R1, 1, 0
;__Lib_System.c,29 :: 		
0x02AC	0xE1F9      	BNZ         _CC2DL_Loop1
;__Lib_System.c,31 :: 		
L_end___CC2DW:
0x02AE	0x0012      	RETURN      0
; end of ___CC2DW
_IntToStr:
;__Lib_Conversions.c,195 :: 		
;__Lib_Conversions.c,201 :: 		
0x02B0	0x6A2A      	CLRF        IntToStr_negative_L0 
0x02B2	0x6A2B      	CLRF        IntToStr_negative_L0+1 
;__Lib_Conversions.c,202 :: 		
0x02B4	0xF02CC024  	MOVFF       FARG_IntToStr_input, IntToStr_inword_L0
0x02B8	0xF02DC025  	MOVFF       FARG_IntToStr_input+1, IntToStr_inword_L0+1
;__Lib_Conversions.c,203 :: 		
0x02BC	0x0E80      	MOVLW       128
0x02BE	0x1825      	XORWF       FARG_IntToStr_input+1, 0 
0x02C0	0x6E00      	MOVWF       R0 
0x02C2	0x0E80      	MOVLW       128
0x02C4	0x5C00      	SUBWF       R0, 0 
0x02C6	0xE102      	BNZ         L__IntToStr387
0x02C8	0x0E00      	MOVLW       0
0x02CA	0x5C24      	SUBWF       FARG_IntToStr_input, 0 
L__IntToStr387:
0x02CC	0xE20B      	BC          L_IntToStr37
;__Lib_Conversions.c,204 :: 		
0x02CE	0x0E01      	MOVLW       1
0x02D0	0x6E2A      	MOVWF       IntToStr_negative_L0 
0x02D2	0x0E00      	MOVLW       0
0x02D4	0x6E2B      	MOVWF       IntToStr_negative_L0+1 
;__Lib_Conversions.c,205 :: 		
0x02D6	0x5024      	MOVF        FARG_IntToStr_input, 0 
0x02D8	0x0800      	SUBLW       0
0x02DA	0x6E2C      	MOVWF       IntToStr_inword_L0 
0x02DC	0xF02DC025  	MOVFF       FARG_IntToStr_input+1, IntToStr_inword_L0+1
0x02E0	0x0E00      	MOVLW       0
0x02E2	0x562D      	SUBFWB      IntToStr_inword_L0+1, 1 
;__Lib_Conversions.c,206 :: 		
L_IntToStr37:
;__Lib_Conversions.c,207 :: 		
0x02E4	0xF02EC02C  	MOVFF       IntToStr_inword_L0, FARG_WordToStr_input
0x02E8	0xF02FC02D  	MOVFF       IntToStr_inword_L0+1, FARG_WordToStr_input+1
0x02EC	0xF030C026  	MOVFF       FARG_IntToStr_output, FARG_WordToStr_output
0x02F0	0xF031C027  	MOVFF       FARG_IntToStr_output+1, FARG_WordToStr_output+1
0x02F4	0xDEFF      	RCALL       _WordToStr
;__Lib_Conversions.c,209 :: 		
0x02F6	0x0E06      	MOVLW       6
0x02F8	0x6E28      	MOVWF       IntToStr_i_L0 
0x02FA	0x0E00      	MOVLW       0
0x02FC	0x6E29      	MOVWF       IntToStr_i_L0+1 
;__Lib_Conversions.c,210 :: 		
L_IntToStr38:
0x02FE	0x0E00      	MOVLW       0
0x0300	0x6E00      	MOVWF       R0 
0x0302	0x5029      	MOVF        IntToStr_i_L0+1, 0 
0x0304	0x5C00      	SUBWF       R0, 0 
0x0306	0xE102      	BNZ         L__IntToStr388
0x0308	0x5028      	MOVF        IntToStr_i_L0, 0 
0x030A	0x0800      	SUBLW       0
L__IntToStr388:
0x030C	0xE219      	BC          L_IntToStr39
;__Lib_Conversions.c,211 :: 		
0x030E	0x5028      	MOVF        IntToStr_i_L0, 0 
0x0310	0x2426      	ADDWF       FARG_IntToStr_output, 0 
0x0312	0x6EE1      	MOVWF       FSR1L 
0x0314	0x5029      	MOVF        IntToStr_i_L0+1, 0 
0x0316	0x2027      	ADDWFC      FARG_IntToStr_output+1, 0 
0x0318	0x6EE2      	MOVWF       FSR1L+1 
0x031A	0x0E01      	MOVLW       1
0x031C	0x5C28      	SUBWF       IntToStr_i_L0, 0 
0x031E	0x6E00      	MOVWF       R0 
0x0320	0x0E00      	MOVLW       0
0x0322	0x5829      	SUBWFB      IntToStr_i_L0+1, 0 
0x0324	0x6E01      	MOVWF       R1 
0x0326	0x5000      	MOVF        R0, 0 
0x0328	0x2426      	ADDWF       FARG_IntToStr_output, 0 
0x032A	0x6EE9      	MOVWF       FSR0L 
0x032C	0x5001      	MOVF        R1, 0 
0x032E	0x2027      	ADDWFC      FARG_IntToStr_output+1, 0 
0x0330	0x6EEA      	MOVWF       FSR0L+1 
0x0332	0xFFE6CFEE  	MOVFF       POSTINC0, POSTINC1
;__Lib_Conversions.c,212 :: 		
0x0336	0x0E01      	MOVLW       1
0x0338	0x5E28      	SUBWF       IntToStr_i_L0, 1 
0x033A	0x0E00      	MOVLW       0
0x033C	0x5A29      	SUBWFB      IntToStr_i_L0+1, 1 
;__Lib_Conversions.c,213 :: 		
0x033E	0xD7DF      	BRA         L_IntToStr38
L_IntToStr39:
;__Lib_Conversions.c,214 :: 		
0x0340	0xFFE1C026  	MOVFF       FARG_IntToStr_output, FSR1L
0x0344	0xFFE2C027  	MOVFF       FARG_IntToStr_output+1, FSR1H
0x0348	0x0E20      	MOVLW       32
0x034A	0x6EE6      	MOVWF       POSTINC1 
;__Lib_Conversions.c,215 :: 		
0x034C	0x502A      	MOVF        IntToStr_negative_L0, 0 
0x034E	0x102B      	IORWF       IntToStr_negative_L0+1, 0 
0x0350	0xE01A      	BZ          L_IntToStr40
;__Lib_Conversions.c,216 :: 		
0x0352	0x6A28      	CLRF        IntToStr_i_L0 
0x0354	0x6A29      	CLRF        IntToStr_i_L0+1 
;__Lib_Conversions.c,217 :: 		
L_IntToStr41:
0x0356	0x5028      	MOVF        IntToStr_i_L0, 0 
0x0358	0x2426      	ADDWF       FARG_IntToStr_output, 0 
0x035A	0x6EE9      	MOVWF       FSR0L 
0x035C	0x5029      	MOVF        IntToStr_i_L0+1, 0 
0x035E	0x2027      	ADDWFC      FARG_IntToStr_output+1, 0 
0x0360	0x6EEA      	MOVWF       FSR0L+1 
0x0362	0x50EE      	MOVF        POSTINC0, 0 
0x0364	0x0A20      	XORLW       32
0x0366	0xE103      	BNZ         L_IntToStr42
0x0368	0x4A28      	INFSNZ      IntToStr_i_L0, 1 
0x036A	0x2A29      	INCF        IntToStr_i_L0+1, 1 
0x036C	0xD7F4      	BRA         L_IntToStr41
L_IntToStr42:
;__Lib_Conversions.c,218 :: 		
0x036E	0x0E01      	MOVLW       1
0x0370	0x5E28      	SUBWF       IntToStr_i_L0, 1 
0x0372	0x0E00      	MOVLW       0
0x0374	0x5A29      	SUBWFB      IntToStr_i_L0+1, 1 
;__Lib_Conversions.c,219 :: 		
0x0376	0x5028      	MOVF        IntToStr_i_L0, 0 
0x0378	0x2426      	ADDWF       FARG_IntToStr_output, 0 
0x037A	0x6EE1      	MOVWF       FSR1L 
0x037C	0x5029      	MOVF        IntToStr_i_L0+1, 0 
0x037E	0x2027      	ADDWFC      FARG_IntToStr_output+1, 0 
0x0380	0x6EE2      	MOVWF       FSR1L+1 
0x0382	0x0E2D      	MOVLW       45
0x0384	0x6EE6      	MOVWF       POSTINC1 
L_IntToStr40:
;__Lib_Conversions.c,220 :: 		
L_end_IntToStr:
0x0386	0x0012      	RETURN      0
; end of _IntToStr
_main:
;parte1.c,17 :: 		void main() {
;parte1.c,19 :: 		unsigned short int conteggio=0;
0x0388	0x6A1D      	CLRF        main_conteggio_L0 
0x038A	0x6A1E      	CLRF        main_RD5X_L0 
0x038C	0x6A1F      	CLRF        main_RD6X_L0 
0x038E	0x6A20      	CLRF        main_RD7X_L0 
0x0390	0x6A21      	CLRF        main_RD5_old_L0 
0x0392	0x6A22      	CLRF        main_RD6_old_L0 
0x0394	0x6A23      	CLRF        main_RD7_old_L0 
;parte1.c,32 :: 		TRISD.RD5=1; //incremento
0x0396	0x8A95      	BSF         TRISD, 5 
;parte1.c,33 :: 		TRISD.RD6=1; //decremento
0x0398	0x8C95      	BSF         TRISD, 6 
;parte1.c,34 :: 		TRISD.RD7=1; //azzeramento
0x039A	0x8E95      	BSF         TRISD, 7 
;parte1.c,35 :: 		ANSELD=0;
0x039C	0x010F      	MOVLB       15
0x039E	0x6B3B      	CLRF        ANSELD, 1
;parte1.c,38 :: 		Lcd_Init(); // inizzializza LCD
0x03A0	0xDF34      	RCALL       _Lcd_Init
;parte1.c,39 :: 		Lcd_Cmd(_LCD_CLEAR);// metti il cursore in posizione uno
0x03A2	0x0E01      	MOVLW       1
0x03A4	0x6E35      	MOVWF       FARG_Lcd_Cmd_out_char 
0x03A6	0xDE68      	RCALL       _Lcd_Cmd
;parte1.c,40 :: 		Lcd_Cmd(_LCD_CURSOR_OFF);// nacondi il cursore
0x03A8	0x0E0C      	MOVLW       12
0x03AA	0x6E35      	MOVWF       FARG_Lcd_Cmd_out_char 
0x03AC	0xDE65      	RCALL       _Lcd_Cmd
;parte1.c,41 :: 		Lcd_Out(1,1,conteggio_char);
0x03AE	0x0E01      	MOVLW       1
0x03B0	0x6E24      	MOVWF       FARG_Lcd_Out_row 
0x03B2	0x0E01      	MOVLW       1
0x03B4	0x6E25      	MOVWF       FARG_Lcd_Out_column 
0x03B6	0x0E16      	MOVLW       main_conteggio_char_L0
0x03B8	0x6E26      	MOVWF       FARG_Lcd_Out_text 
0x03BA	0x0E00      	MOVLW       hi_addr(main_conteggio_char_L0)
0x03BC	0x6E27      	MOVWF       FARG_Lcd_Out_text+1 
0x03BE	0xDEE8      	RCALL       _Lcd_Out
;parte1.c,46 :: 		while (1){
L_main0:
;parte1.c,48 :: 		RD5X=PORTD.RD5;
0x03C0	0x0E00      	MOVLW       0
0x03C2	0xBA83      	BTFSC       PORTD, 5 
0x03C4	0x0E01      	MOVLW       1
0x03C6	0x6E1E      	MOVWF       main_RD5X_L0 
;parte1.c,49 :: 		RD6X=PORTD.RD6;
0x03C8	0x0E00      	MOVLW       0
0x03CA	0xBC83      	BTFSC       PORTD, 6 
0x03CC	0x0E01      	MOVLW       1
0x03CE	0x6E1F      	MOVWF       main_RD6X_L0 
;parte1.c,50 :: 		RD7X=PORTD.RD7;
0x03D0	0x0E00      	MOVLW       0
0x03D2	0xBE83      	BTFSC       PORTD, 7 
0x03D4	0x0E01      	MOVLW       1
0x03D6	0x6E20      	MOVWF       main_RD7X_L0 
;parte1.c,52 :: 		if(RD5X && RD5X!=RD5_old && conteggio<255 ){ // aumenta conteggio, NOTA non ho scritto if(PORTD.RD5 && PORTD.RD5!=RD5_old ) perchè avrei letto la porta 2 volte
0x03D8	0x521E      	MOVF        main_RD5X_L0, 1 
0x03DA	0xE007      	BZ          L_main4
0x03DC	0x501E      	MOVF        main_RD5X_L0, 0 
0x03DE	0x1821      	XORWF       main_RD5_old_L0, 0 
0x03E0	0xE004      	BZ          L_main4
0x03E2	0x0EFF      	MOVLW       255
0x03E4	0x5C1D      	SUBWF       main_conteggio_L0, 0 
0x03E6	0xA0D8      	BTFSS       STATUS, 0 
L__main13:
;parte1.c,53 :: 		conteggio+=1;
0x03E8	0x2A1D      	INCF        main_conteggio_L0, 1 
;parte1.c,54 :: 		}
L_main4:
;parte1.c,56 :: 		if(RD6X && RD6X!=RD6_old && conteggio>0 ){ // diminuisci conteggio
0x03EA	0x521F      	MOVF        main_RD6X_L0, 1 
0x03EC	0xE007      	BZ          L_main7
0x03EE	0x501F      	MOVF        main_RD6X_L0, 0 
0x03F0	0x1822      	XORWF       main_RD6_old_L0, 0 
0x03F2	0xE004      	BZ          L_main7
0x03F4	0x501D      	MOVF        main_conteggio_L0, 0 
0x03F6	0x0800      	SUBLW       0
0x03F8	0xA0D8      	BTFSS       STATUS, 0 
L__main12:
;parte1.c,57 :: 		conteggio-=1;
0x03FA	0x061D      	DECF        main_conteggio_L0, 1 
;parte1.c,58 :: 		}
L_main7:
;parte1.c,60 :: 		if(RD7X && RD7X!=RD7_old ){ // azzera conteggio
0x03FC	0x5220      	MOVF        main_RD7X_L0, 1 
0x03FE	0xE004      	BZ          L_main10
0x0400	0x5020      	MOVF        main_RD7X_L0, 0 
0x0402	0x1823      	XORWF       main_RD7_old_L0, 0 
0x0404	0xA4D8      	BTFSS       STATUS, 2 
L__main11:
;parte1.c,61 :: 		conteggio=0;
0x0406	0x6A1D      	CLRF        main_conteggio_L0 
;parte1.c,62 :: 		}
L_main10:
;parte1.c,64 :: 		RD5_old=RD5X;
0x0408	0xF021C01E  	MOVFF       main_RD5X_L0, main_RD5_old_L0
;parte1.c,65 :: 		RD6_old=RD6X;
0x040C	0xF022C01F  	MOVFF       main_RD6X_L0, main_RD6_old_L0
;parte1.c,66 :: 		RD7_old=RD7X;
0x0410	0xF023C020  	MOVFF       main_RD7X_L0, main_RD7_old_L0
;parte1.c,68 :: 		IntToStr(conteggio,conteggio_char);
0x0414	0xF024C01D  	MOVFF       main_conteggio_L0, FARG_IntToStr_input
0x0418	0x0E00      	MOVLW       0
0x041A	0x6E25      	MOVWF       FARG_IntToStr_input+1 
0x041C	0x0E16      	MOVLW       main_conteggio_char_L0
0x041E	0x6E26      	MOVWF       FARG_IntToStr_output 
0x0420	0x0E00      	MOVLW       hi_addr(main_conteggio_char_L0)
0x0422	0x6E27      	MOVWF       FARG_IntToStr_output+1 
0x0424	0xDF45      	RCALL       _IntToStr
;parte1.c,69 :: 		Lcd_Out(1,1,conteggio_char);
0x0426	0x0E01      	MOVLW       1
0x0428	0x6E24      	MOVWF       FARG_Lcd_Out_row 
0x042A	0x0E01      	MOVLW       1
0x042C	0x6E25      	MOVWF       FARG_Lcd_Out_column 
0x042E	0x0E16      	MOVLW       main_conteggio_char_L0
0x0430	0x6E26      	MOVWF       FARG_Lcd_Out_text 
0x0432	0x0E00      	MOVLW       hi_addr(main_conteggio_char_L0)
0x0434	0x6E27      	MOVWF       FARG_Lcd_Out_text+1 
0x0436	0xDEAC      	RCALL       _Lcd_Out
;parte1.c,70 :: 		}
0x0438	0xD7C3      	BRA         L_main0
;parte1.c,71 :: 		}
L_end_main:
0x043A	0xD7FF      	BRA         $+0
; end of _main
Symbol List:
//** Routines locations **
//ADDRESS    SIZE    PROCEDURE
//----------------------------------------------
0x001C      [10]    _Delay_50us
0x0026      [22]    _Delay_5500us
0x003C       [6]    _Delay_1us
0x0042      [54]    _Div_16X16_U
0x0078     [124]    _Lcd_Cmd
0x00F4     [144]    _WordToStr
0x0184      [12]    _Lcd_Chr_CP
0x0190     [122]    _Lcd_Out
0x020A     [150]    _Lcd_Init
0x02A0      [16]    ___CC2DW
0x02B0     [216]    _IntToStr
0x0388     [180]    _main
//** Variables locations ** 
//ADDRESS    SIZE    VARIABLE
//----------------------------------------------
0x0000       [1]    R0
0x0001       [1]    __Lib_Conversions_Adjust_Hex_tmp_L0
0x0001       [1]    R1
0x0002       [2]    strlen_cp_L0
0x0002       [2]    memcpy_dd_L0
0x0002       [2]    memset_pp_L0
0x0002       [2]    memchr_s_L0
0x0002       [1]    R2
0x0003       [1]    R3
0x0003       [2]    Ltrim_original_L0
0x0003       [2]    memmove_tt_L0
0x0004       [2]    strcat_cp_L0
0x0004       [1]    R4
0x0004       [2]    memcpy_ss_L0
0x0004       [2]    strncat_cp_L0
0x0004       [2]    strncpy_cp_L0
0x0004       [2]    strcpy_cp_L0
0x0005       [1]    R5
0x0005       [2]    Ltrim_p_L0
0x0005       [2]    LongWordToHex_input_half_L0
0x0005       [2]    memmove_ff_L0
0x0005       [2]    LongIntToHex_input_half_L0
0x0006       [1]    R6
0x0007       [1]    R7
0x0008       [1]    R8
0x0009       [1]    R9
0x000A       [1]    R10
0x000B       [1]    R11
0x000C       [1]    R12
0x000D       [1]    R13
0x000E       [1]    R14
0x000F       [1]    R15
0x0010       [1]    R16
0x0011       [1]    R17
0x0012       [1]    R18
0x0013       [1]    R19
0x0014       [1]    R20
0x0015       [0]    __Lib_Lcd_cmd_status
0x0016       [7]    main_conteggio_char_L0
0x001D       [1]    main_conteggio_L0
0x001E       [1]    main_RD5X_L0
0x001F       [1]    main_RD6X_L0
0x0020       [1]    main_RD7X_L0
0x0021       [1]    main_RD5_old_L0
0x0022       [1]    main_RD6_old_L0
0x0023       [1]    main_RD7_old_L0
0x0024       [2]    FARG_IntToStr_input
0x0024       [1]    FARG_Lcd_Out_row
0x0025       [1]    FARG_Lcd_Out_column
0x0026       [2]    FARG_IntToStr_output
0x0026       [2]    FARG_Lcd_Out_text
0x0028       [2]    IntToStr_i_L0
0x0028       [1]    Lcd_Out_i_L0
0x002A       [2]    IntToStr_negative_L0
0x002C       [2]    IntToStr_inword_L0
0x002E       [2]    FARG_WordToStr_input
0x002E       [1]    FARG_Lcd_Chr_CP_out_char
0x0030       [2]    FARG_WordToStr_output
0x0032       [1]    WordToStr_len_L0
0x0033       [2]    FLOC__WordToStr
0x0035       [1]    FARG_Lcd_Cmd_out_char
0x0F3B       [1]    ANSELD
0x0F83       [1]    PORTD
0x0F8A       [0]    LCD_EN
0x0F8A       [0]    LCD_RS
0x0F8A       [0]    LCD_D4
0x0F8A       [0]    LATB0_bit
0x0F8A       [0]    LATB4_bit
0x0F8A       [0]    LATB5_bit
0x0F8A       [0]    LATB3_bit
0x0F8A       [0]    LCD_D7
0x0F8A       [0]    LCD_D6
0x0F8A       [0]    LCD_D5
0x0F8A       [0]    LATB2_bit
0x0F8A       [0]    LATB1_bit
0x0F93       [0]    LCD_RS_Direction
0x0F93       [0]    LCD_EN_Direction
0x0F93       [0]    TRISB5_bit
0x0F93       [0]    TRISB0_bit
0x0F93       [0]    TRISB1_bit
0x0F93       [0]    TRISB2_bit
0x0F93       [0]    TRISB4_bit
0x0F93       [0]    TRISB3_bit
0x0F93       [0]    LCD_D7_Direction
0x0F93       [0]    LCD_D4_Direction
0x0F93       [0]    LCD_D5_Direction
0x0F93       [0]    LCD_D6_Direction
0x0F95       [1]    TRISD
0x0FD8       [1]    STATUS
0x0FD9       [1]    FSR2L
0x0FDA       [1]    FSR2H
0x0FDE       [1]    POSTINC2
0x0FE0       [1]    BSR
0x0FE1       [1]    FSR1L
0x0FE2       [1]    FSR1H
0x0FE4       [1]    PREINC1
0x0FE6       [1]    POSTINC1
0x0FE7       [1]    INDF1
0x0FE8       [1]    WREG
0x0FE9       [1]    FSR0L
0x0FEA       [1]    FSR0H
0x0FEE       [1]    POSTINC0
0x0FF3       [1]    PRODL
0x0FF4       [1]    PRODH
0x0FF5       [1]    TABLAT
0x0FF6       [3]    TBLPTR
0x0FF6       [1]    TBLPTRL
0x0FF7       [1]    TBLPTRH
0x0FF8       [1]    TBLPTRU
