;  LST file generated by mikroListExporter - v.2.0 
; Date/Time: 03/06/2021 17:42:35
;----------------------------------------------

;Address Opcode 	ASM
0x0000	0xF002EF53  	GOTO        1190
0x0004	0x0000      	NOP
0x0006	0x0000      	NOP
0x0008	0xF000EF00  	GOTO        0
0x000C	0x0000      	NOP
0x000E	0x0000      	NOP
0x0010	0x0000      	NOP
0x0012	0x0000      	NOP
0x0014	0x0000      	NOP
0x0016	0x0000      	NOP
0x0018	0xD7F3      	BRA         0
_Delay_50us:
;__Lib_Delays.c,19 :: 		void Delay_50us() {
;__Lib_Delays.c,20 :: 		Delay_us(50);
0x001C	0x0E21      	MOVLW       33
0x001E	0x6E0D      	MOVWF       R13, 0
L_Delay_50us2:
0x0020	0x2E0D      	DECFSZ      R13, 1, 0
0x0022	0xD7FE      	BRA         L_Delay_50us2
;__Lib_Delays.c,21 :: 		}
L_end_Delay_50us:
0x0024	0x0012      	RETURN      0
; end of _Delay_50us
_Delay_5500us:
;__Lib_Delays.c,31 :: 		void Delay_5500us() {
;__Lib_Delays.c,32 :: 		Delay_us(5500);
0x0026	0x0E0F      	MOVLW       15
0x0028	0x6E0C      	MOVWF       R12, 0
0x002A	0x0E47      	MOVLW       71
0x002C	0x6E0D      	MOVWF       R13, 0
L_Delay_5500us5:
0x002E	0x2E0D      	DECFSZ      R13, 1, 0
0x0030	0xD7FE      	BRA         L_Delay_5500us5
0x0032	0x2E0C      	DECFSZ      R12, 1, 0
0x0034	0xD7FC      	BRA         L_Delay_5500us5
0x0036	0x0000      	NOP
0x0038	0x0000      	NOP
;__Lib_Delays.c,33 :: 		}
L_end_Delay_5500us:
0x003A	0x0012      	RETURN      0
; end of _Delay_5500us
_Delay_1us:
;__Lib_Delays.c,7 :: 		void Delay_1us() {
;__Lib_Delays.c,8 :: 		Delay_us(1);
0x003C	0x0000      	NOP
0x003E	0x0000      	NOP
;__Lib_Delays.c,9 :: 		}
L_end_Delay_1us:
0x0040	0x0012      	RETURN      0
; end of _Delay_1us
_Div_16X16_U:
;__Lib_Math.c,102 :: 		
;__Lib_Math.c,109 :: 		
0x0042	0x6A08      	CLRF        R8, 0
;__Lib_Math.c,110 :: 		
0x0044	0x6A09      	CLRF        R9, 0
;__Lib_Math.c,111 :: 		
0x0046	0x0E10      	MOVLW       16
;__Lib_Math.c,112 :: 		
0x0048	0x6E0C      	MOVWF       R12, 0
;__Lib_Math.c,113 :: 		
0x004A	0x3401      	RLCF        R1, 0, 0
;__Lib_Math.c,114 :: 		
0x004C	0x3608      	RLCF        R8, 1, 0
;__Lib_Math.c,115 :: 		
0x004E	0x3609      	RLCF        R9, 1, 0
;__Lib_Math.c,116 :: 		
0x0050	0x5004      	MOVF        R4, 0, 0
;__Lib_Math.c,117 :: 		
0x0052	0x5E08      	SUBWF       R8, 1, 0
;__Lib_Math.c,118 :: 		
0x0054	0x5005      	MOVF        R5, 0, 0
;__Lib_Math.c,119 :: 		
0x0056	0xA0D8      	BTFSS       STATUS, 0, 0
;__Lib_Math.c,120 :: 		
0x0058	0x3C05      	INCFSZ      R5, 0, 0
;__Lib_Math.c,121 :: 		
0x005A	0x5E09      	SUBWF       R9, 1, 0
;__Lib_Math.c,122 :: 		
0x005C	0xB0D8      	BTFSC       STATUS, 0, 0
;__Lib_Math.c,123 :: 		
0x005E	0xD007      	BRA         $+16
;__Lib_Math.c,124 :: 		
0x0060	0x5004      	MOVF        R4, 0, 0
;__Lib_Math.c,125 :: 		
0x0062	0x2608      	ADDWF       R8, 1, 0
;__Lib_Math.c,126 :: 		
0x0064	0x5005      	MOVF        R5, 0, 0
;__Lib_Math.c,127 :: 		
0x0066	0xB0D8      	BTFSC       STATUS, 0, 0
;__Lib_Math.c,128 :: 		
0x0068	0x3C05      	INCFSZ      R5, 0, 0
;__Lib_Math.c,129 :: 		
0x006A	0x2609      	ADDWF       R9, 1, 0
;__Lib_Math.c,130 :: 		
0x006C	0x90D8      	BCF         STATUS, 0, 0
;__Lib_Math.c,131 :: 		
0x006E	0x3600      	RLCF        R0, 1, 0
;__Lib_Math.c,132 :: 		
0x0070	0x3601      	RLCF        R1, 1, 0
;__Lib_Math.c,133 :: 		
0x0072	0x2E0C      	DECFSZ      R12, 1, 0
;__Lib_Math.c,134 :: 		
0x0074	0xD7EA      	BRA         $-42
;__Lib_Math.c,136 :: 		
L_end_Div_16X16_U:
0x0076	0x0012      	RETURN      0
; end of _Div_16X16_U
_Lcd_Cmd:
;__Lib_Lcd.c,18 :: 		
;__Lib_Lcd.c,20 :: 		
0x0078	0xBE4C      	BTFSC       FARG_Lcd_Cmd_out_char, 7 
0x007A	0xD002      	BRA         L__Lcd_Cmd21
0x007C	0x968A      	BCF         LCD_D7, BitPos(LCD_D7+0) 
0x007E	0xD001      	BRA         L__Lcd_Cmd22
L__Lcd_Cmd21:
0x0080	0x868A      	BSF         LCD_D7, BitPos(LCD_D7+0) 
L__Lcd_Cmd22:
;__Lib_Lcd.c,21 :: 		
0x0082	0xBC4C      	BTFSC       FARG_Lcd_Cmd_out_char, 6 
0x0084	0xD002      	BRA         L__Lcd_Cmd23
0x0086	0x948A      	BCF         LCD_D6, BitPos(LCD_D6+0) 
0x0088	0xD001      	BRA         L__Lcd_Cmd24
L__Lcd_Cmd23:
0x008A	0x848A      	BSF         LCD_D6, BitPos(LCD_D6+0) 
L__Lcd_Cmd24:
;__Lib_Lcd.c,22 :: 		
0x008C	0xBA4C      	BTFSC       FARG_Lcd_Cmd_out_char, 5 
0x008E	0xD002      	BRA         L__Lcd_Cmd25
0x0090	0x928A      	BCF         LCD_D5, BitPos(LCD_D5+0) 
0x0092	0xD001      	BRA         L__Lcd_Cmd26
L__Lcd_Cmd25:
0x0094	0x828A      	BSF         LCD_D5, BitPos(LCD_D5+0) 
L__Lcd_Cmd26:
;__Lib_Lcd.c,23 :: 		
0x0096	0xB84C      	BTFSC       FARG_Lcd_Cmd_out_char, 4 
0x0098	0xD002      	BRA         L__Lcd_Cmd27
0x009A	0x908A      	BCF         LCD_D4, BitPos(LCD_D4+0) 
0x009C	0xD001      	BRA         L__Lcd_Cmd28
L__Lcd_Cmd27:
0x009E	0x808A      	BSF         LCD_D4, BitPos(LCD_D4+0) 
L__Lcd_Cmd28:
;__Lib_Lcd.c,25 :: 		
0x00A0	0xB02A      	BTFSC       __Lib_Lcd_cmd_status, BitPos(__Lib_Lcd_cmd_status+0) 
0x00A2	0xD002      	BRA         L__Lcd_Cmd29
0x00A4	0x888A      	BSF         LCD_RS, BitPos(LCD_RS+0) 
0x00A6	0xD001      	BRA         L__Lcd_Cmd30
L__Lcd_Cmd29:
0x00A8	0x988A      	BCF         LCD_RS, BitPos(LCD_RS+0) 
L__Lcd_Cmd30:
;__Lib_Lcd.c,28 :: 		
0x00AA	0x8A8A      	BSF         LCD_EN, BitPos(LCD_EN+0) 
;__Lib_Lcd.c,29 :: 		
0x00AC	0xDFC7      	RCALL       _Delay_1us
;__Lib_Lcd.c,30 :: 		
0x00AE	0x9A8A      	BCF         LCD_EN, BitPos(LCD_EN+0) 
;__Lib_Lcd.c,33 :: 		
0x00B0	0xB64C      	BTFSC       FARG_Lcd_Cmd_out_char, 3 
0x00B2	0xD002      	BRA         L__Lcd_Cmd31
0x00B4	0x968A      	BCF         LCD_D7, BitPos(LCD_D7+0) 
0x00B6	0xD001      	BRA         L__Lcd_Cmd32
L__Lcd_Cmd31:
0x00B8	0x868A      	BSF         LCD_D7, BitPos(LCD_D7+0) 
L__Lcd_Cmd32:
;__Lib_Lcd.c,34 :: 		
0x00BA	0xB44C      	BTFSC       FARG_Lcd_Cmd_out_char, 2 
0x00BC	0xD002      	BRA         L__Lcd_Cmd33
0x00BE	0x948A      	BCF         LCD_D6, BitPos(LCD_D6+0) 
0x00C0	0xD001      	BRA         L__Lcd_Cmd34
L__Lcd_Cmd33:
0x00C2	0x848A      	BSF         LCD_D6, BitPos(LCD_D6+0) 
L__Lcd_Cmd34:
;__Lib_Lcd.c,35 :: 		
0x00C4	0xB24C      	BTFSC       FARG_Lcd_Cmd_out_char, 1 
0x00C6	0xD002      	BRA         L__Lcd_Cmd35
0x00C8	0x928A      	BCF         LCD_D5, BitPos(LCD_D5+0) 
0x00CA	0xD001      	BRA         L__Lcd_Cmd36
L__Lcd_Cmd35:
0x00CC	0x828A      	BSF         LCD_D5, BitPos(LCD_D5+0) 
L__Lcd_Cmd36:
;__Lib_Lcd.c,36 :: 		
0x00CE	0xB04C      	BTFSC       FARG_Lcd_Cmd_out_char, 0 
0x00D0	0xD002      	BRA         L__Lcd_Cmd37
0x00D2	0x908A      	BCF         LCD_D4, BitPos(LCD_D4+0) 
0x00D4	0xD001      	BRA         L__Lcd_Cmd38
L__Lcd_Cmd37:
0x00D6	0x808A      	BSF         LCD_D4, BitPos(LCD_D4+0) 
L__Lcd_Cmd38:
;__Lib_Lcd.c,38 :: 		
0x00D8	0xB02A      	BTFSC       __Lib_Lcd_cmd_status, BitPos(__Lib_Lcd_cmd_status+0) 
0x00DA	0xD002      	BRA         L__Lcd_Cmd39
0x00DC	0x888A      	BSF         LCD_RS, BitPos(LCD_RS+0) 
0x00DE	0xD001      	BRA         L__Lcd_Cmd40
L__Lcd_Cmd39:
0x00E0	0x988A      	BCF         LCD_RS, BitPos(LCD_RS+0) 
L__Lcd_Cmd40:
;__Lib_Lcd.c,40 :: 		
0x00E2	0x8A8A      	BSF         LCD_EN, BitPos(LCD_EN+0) 
;__Lib_Lcd.c,41 :: 		
0x00E4	0xDFAB      	RCALL       _Delay_1us
;__Lib_Lcd.c,42 :: 		
0x00E6	0x9A8A      	BCF         LCD_EN, BitPos(LCD_EN+0) 
;__Lib_Lcd.c,44 :: 		
0x00E8	0xA02A      	BTFSS       __Lib_Lcd_cmd_status, BitPos(__Lib_Lcd_cmd_status+0) 
0x00EA	0xD002      	BRA         L_Lcd_Cmd0
;__Lib_Lcd.c,45 :: 		
0x00EC	0xDF9C      	RCALL       _Delay_5500us
0x00EE	0xD001      	BRA         L_Lcd_Cmd1
L_Lcd_Cmd0:
;__Lib_Lcd.c,47 :: 		
0x00F0	0xDF95      	RCALL       _Delay_50us
L_Lcd_Cmd1:
;__Lib_Lcd.c,48 :: 		
L_end_Lcd_Cmd:
0x00F2	0x0012      	RETURN      0
; end of _Lcd_Cmd
_Lcd_Chr_CP:
;__Lib_Lcd.c,50 :: 		
;__Lib_Lcd.c,52 :: 		
0x00F4	0x902A      	BCF         __Lib_Lcd_cmd_status, BitPos(__Lib_Lcd_cmd_status+0) 
;__Lib_Lcd.c,53 :: 		
0x00F6	0xF04CC045  	MOVFF       FARG_Lcd_Chr_CP_out_char, FARG_Lcd_Cmd_out_char
0x00FA	0xDFBE      	RCALL       _Lcd_Cmd
;__Lib_Lcd.c,54 :: 		
0x00FC	0x802A      	BSF         __Lib_Lcd_cmd_status, BitPos(__Lib_Lcd_cmd_status+0) 
;__Lib_Lcd.c,55 :: 		
L_end_Lcd_Chr_CP:
0x00FE	0x0012      	RETURN      0
; end of _Lcd_Chr_CP
_Div_16x16_S_L:
;__Lib_Math.c,139 :: 		
;__Lib_Math.c,146 :: 		
0x0100	0x3401      	RLCF        R1, 0, 0
;__Lib_Math.c,147 :: 		
0x0102	0x3608      	RLCF        R8, 1, 0
;__Lib_Math.c,148 :: 		
0x0104	0x3609      	RLCF        R9, 1, 0
;__Lib_Math.c,149 :: 		
0x0106	0x5004      	MOVF        R4, 0, 0
;__Lib_Math.c,150 :: 		
0x0108	0x5E08      	SUBWF       R8, 1, 0
;__Lib_Math.c,151 :: 		
0x010A	0x5005      	MOVF        R5, 0, 0
;__Lib_Math.c,152 :: 		
0x010C	0xA0D8      	BTFSS       STATUS, 0, 0
;__Lib_Math.c,153 :: 		
0x010E	0x3C05      	INCFSZ      R5, 0, 0
;__Lib_Math.c,154 :: 		
0x0110	0x5E09      	SUBWF       R9, 1, 0
;__Lib_Math.c,155 :: 		
0x0112	0x3600      	RLCF        R0, 1, 0
;__Lib_Math.c,156 :: 		
0x0114	0x3601      	RLCF        R1, 1, 0
;__Lib_Math.c,158 :: 		
0x0116	0x0E0F      	MOVLW       15
;__Lib_Math.c,159 :: 		
0x0118	0x6E0C      	MOVWF       R12, 0
;__Lib_Math.c,161 :: 		
0x011A	0x3401      	RLCF        R1, 0, 0
;__Lib_Math.c,162 :: 		
0x011C	0x3608      	RLCF        R8, 1, 0
;__Lib_Math.c,163 :: 		
0x011E	0x3609      	RLCF        R9, 1, 0
;__Lib_Math.c,164 :: 		
0x0120	0x5004      	MOVF        R4, 0, 0
;__Lib_Math.c,166 :: 		
0x0122	0xA000      	BTFSS       R0, 0, 0
;__Lib_Math.c,167 :: 		
0x0124	0xD006      	BRA         $+14
;__Lib_Math.c,168 :: 		
0x0126	0x5E08      	SUBWF       R8, 1, 0
;__Lib_Math.c,169 :: 		
0x0128	0x5005      	MOVF        R5, 0, 0
;__Lib_Math.c,170 :: 		
0x012A	0xA0D8      	BTFSS       STATUS, 0, 0
;__Lib_Math.c,171 :: 		
0x012C	0x3C05      	INCFSZ      R5, 0, 0
;__Lib_Math.c,172 :: 		
0x012E	0x5E09      	SUBWF       R9, 1, 0
;__Lib_Math.c,173 :: 		
0x0130	0xD005      	BRA         $+12
;__Lib_Math.c,175 :: 		
0x0132	0x2608      	ADDWF       R8, 1, 0
;__Lib_Math.c,176 :: 		
0x0134	0x5005      	MOVF        R5, 0, 0
;__Lib_Math.c,177 :: 		
0x0136	0xB0D8      	BTFSC       STATUS, 0, 0
;__Lib_Math.c,178 :: 		
0x0138	0x3C05      	INCFSZ      R5, 0, 0
;__Lib_Math.c,179 :: 		
0x013A	0x2609      	ADDWF       R9, 1, 0
;__Lib_Math.c,181 :: 		
0x013C	0x3600      	RLCF        R0, 1, 0
;__Lib_Math.c,182 :: 		
0x013E	0x3601      	RLCF        R1, 1, 0
;__Lib_Math.c,184 :: 		
0x0140	0x2E0C      	DECFSZ      R12, 1, 0
;__Lib_Math.c,185 :: 		
0x0142	0xD7EB      	BRA         $-40
;__Lib_Math.c,187 :: 		
0x0144	0xB000      	BTFSC       R0, 0, 0
;__Lib_Math.c,188 :: 		
0x0146	0xD006      	BRA         $+14
;__Lib_Math.c,189 :: 		
0x0148	0x5004      	MOVF        R4, 0, 0
;__Lib_Math.c,190 :: 		
0x014A	0x2608      	ADDWF       R8, 1, 0
;__Lib_Math.c,191 :: 		
0x014C	0x5005      	MOVF        R5, 0, 0
;__Lib_Math.c,192 :: 		
0x014E	0xB0D8      	BTFSC       STATUS, 0, 0
;__Lib_Math.c,193 :: 		
0x0150	0x3C05      	INCFSZ      R5, 0, 0
;__Lib_Math.c,194 :: 		
0x0152	0x2609      	ADDWF       R9, 1, 0
;__Lib_Math.c,195 :: 		
0x0154	0x0000      	NOP
;__Lib_Math.c,197 :: 		
L_end_Div_16x16_S_L:
0x0156	0x0012      	RETURN      0
; end of _Div_16x16_S_L
_WordToStr:
;__Lib_Conversions.c,98 :: 		
;__Lib_Conversions.c,103 :: 		
0x0158	0x6A49      	CLRF        WordToStr_len_L0 
L_WordToStr11:
0x015A	0x0E05      	MOVLW       5
0x015C	0x5C49      	SUBWF       WordToStr_len_L0, 0 
0x015E	0xE20A      	BC          L_WordToStr12
;__Lib_Conversions.c,104 :: 		
0x0160	0x5049      	MOVF        WordToStr_len_L0, 0 
0x0162	0x2447      	ADDWF       FARG_WordToStr_output, 0 
0x0164	0x6EE1      	MOVWF       FSR1L 
0x0166	0x0E00      	MOVLW       0
0x0168	0x2048      	ADDWFC      FARG_WordToStr_output+1, 0 
0x016A	0x6EE2      	MOVWF       FSR1L+1 
0x016C	0x0E20      	MOVLW       32
0x016E	0x6EE6      	MOVWF       POSTINC1 
;__Lib_Conversions.c,103 :: 		
0x0170	0x2A49      	INCF        WordToStr_len_L0, 1 
;__Lib_Conversions.c,104 :: 		
0x0172	0xD7F3      	BRA         L_WordToStr11
L_WordToStr12:
;__Lib_Conversions.c,105 :: 		
0x0174	0x5049      	MOVF        WordToStr_len_L0, 0 
0x0176	0x2447      	ADDWF       FARG_WordToStr_output, 0 
0x0178	0x6EE1      	MOVWF       FSR1L 
0x017A	0x0E00      	MOVLW       0
0x017C	0x2048      	ADDWFC      FARG_WordToStr_output+1, 0 
0x017E	0x6EE2      	MOVWF       FSR1L+1 
0x0180	0x6AE6      	CLRF        POSTINC1 
0x0182	0x0649      	DECF        WordToStr_len_L0, 1 
;__Lib_Conversions.c,107 :: 		
L_WordToStr14:
;__Lib_Conversions.c,108 :: 		
0x0184	0x5049      	MOVF        WordToStr_len_L0, 0 
0x0186	0x2447      	ADDWF       FARG_WordToStr_output, 0 
0x0188	0x6E4A      	MOVWF       FLOC__WordToStr 
0x018A	0x0E00      	MOVLW       0
0x018C	0x2048      	ADDWFC      FARG_WordToStr_output+1, 0 
0x018E	0x6E4B      	MOVWF       FLOC__WordToStr+1 
0x0190	0x0E0A      	MOVLW       10
0x0192	0x6E04      	MOVWF       R4 
0x0194	0x0E00      	MOVLW       0
0x0196	0x6E05      	MOVWF       R5 
0x0198	0xF000C045  	MOVFF       FARG_WordToStr_input, R0
0x019C	0xF001C046  	MOVFF       FARG_WordToStr_input+1, R1
0x01A0	0xDF50      	RCALL       _Div_16X16_U
0x01A2	0xF000C008  	MOVFF       R8, R0
0x01A6	0xF001C009  	MOVFF       R9, R1
0x01AA	0x0E30      	MOVLW       48
0x01AC	0x2600      	ADDWF       R0, 1 
0x01AE	0xFFE1C04A  	MOVFF       FLOC__WordToStr, FSR1L
0x01B2	0xFFE2C04B  	MOVFF       FLOC__WordToStr+1, FSR1H
0x01B6	0xFFE6C000  	MOVFF       R0, POSTINC1
;__Lib_Conversions.c,109 :: 		
0x01BA	0x0E0A      	MOVLW       10
0x01BC	0x6E04      	MOVWF       R4 
0x01BE	0x0E00      	MOVLW       0
0x01C0	0x6E05      	MOVWF       R5 
0x01C2	0xF000C045  	MOVFF       FARG_WordToStr_input, R0
0x01C6	0xF001C046  	MOVFF       FARG_WordToStr_input+1, R1
0x01CA	0xDF3B      	RCALL       _Div_16X16_U
0x01CC	0xF045C000  	MOVFF       R0, FARG_WordToStr_input
0x01D0	0xF046C001  	MOVFF       R1, FARG_WordToStr_input+1
;__Lib_Conversions.c,110 :: 		
0x01D4	0x0E00      	MOVLW       0
0x01D6	0x1801      	XORWF       R1, 0 
0x01D8	0xE102      	BNZ         L__WordToStr379
0x01DA	0x0E00      	MOVLW       0
0x01DC	0x1800      	XORWF       R0, 0 
L__WordToStr379:
0x01DE	0xE101      	BNZ         L_WordToStr16
;__Lib_Conversions.c,111 :: 		
0x01E0	0xD002      	BRA         L_WordToStr15
L_WordToStr16:
;__Lib_Conversions.c,112 :: 		
0x01E2	0x0649      	DECF        WordToStr_len_L0, 1 
;__Lib_Conversions.c,113 :: 		
0x01E4	0xD7CF      	BRA         L_WordToStr14
L_WordToStr15:
;__Lib_Conversions.c,114 :: 		
L_end_WordToStr:
0x01E6	0x0012      	RETURN      0
; end of _WordToStr
_Lcd_Init:
;__Lib_Lcd.c,84 :: 		
;__Lib_Lcd.c,86 :: 		
0x01E8	0x9A93      	BCF         LCD_EN_Direction, BitPos(LCD_EN_Direction+0) 
;__Lib_Lcd.c,87 :: 		
0x01EA	0x9893      	BCF         LCD_RS_Direction, BitPos(LCD_RS_Direction+0) 
;__Lib_Lcd.c,88 :: 		
0x01EC	0x9093      	BCF         LCD_D4_Direction, BitPos(LCD_D4_Direction+0) 
;__Lib_Lcd.c,89 :: 		
0x01EE	0x9293      	BCF         LCD_D5_Direction, BitPos(LCD_D5_Direction+0) 
;__Lib_Lcd.c,90 :: 		
0x01F0	0x9493      	BCF         LCD_D6_Direction, BitPos(LCD_D6_Direction+0) 
;__Lib_Lcd.c,91 :: 		
0x01F2	0x9693      	BCF         LCD_D7_Direction, BitPos(LCD_D7_Direction+0) 
;__Lib_Lcd.c,93 :: 		
0x01F4	0x9A8A      	BCF         LCD_EN, BitPos(LCD_EN+0) 
;__Lib_Lcd.c,94 :: 		
0x01F6	0x988A      	BCF         LCD_RS, BitPos(LCD_RS+0) 
;__Lib_Lcd.c,95 :: 		
0x01F8	0x968A      	BCF         LCD_D7, BitPos(LCD_D7+0) 
;__Lib_Lcd.c,96 :: 		
0x01FA	0x948A      	BCF         LCD_D6, BitPos(LCD_D6+0) 
;__Lib_Lcd.c,97 :: 		
0x01FC	0x928A      	BCF         LCD_D5, BitPos(LCD_D5+0) 
;__Lib_Lcd.c,98 :: 		
0x01FE	0x908A      	BCF         LCD_D4, BitPos(LCD_D4+0) 
;__Lib_Lcd.c,100 :: 		
0x0200	0xDF12      	RCALL       _Delay_5500us
;__Lib_Lcd.c,101 :: 		
0x0202	0xDF11      	RCALL       _Delay_5500us
;__Lib_Lcd.c,102 :: 		
0x0204	0xDF10      	RCALL       _Delay_5500us
;__Lib_Lcd.c,105 :: 		
0x0206	0x828A      	BSF         LCD_D5, BitPos(LCD_D5+0) 
;__Lib_Lcd.c,106 :: 		
0x0208	0x808A      	BSF         LCD_D4, BitPos(LCD_D4+0) 
;__Lib_Lcd.c,107 :: 		
0x020A	0x8A8A      	BSF         LCD_EN, BitPos(LCD_EN+0) 
;__Lib_Lcd.c,108 :: 		
0x020C	0xDF17      	RCALL       _Delay_1us
;__Lib_Lcd.c,109 :: 		
0x020E	0x9A8A      	BCF         LCD_EN, BitPos(LCD_EN+0) 
;__Lib_Lcd.c,110 :: 		
0x0210	0xDF0A      	RCALL       _Delay_5500us
;__Lib_Lcd.c,112 :: 		
0x0212	0x8A8A      	BSF         LCD_EN, BitPos(LCD_EN+0) 
;__Lib_Lcd.c,113 :: 		
0x0214	0xDF13      	RCALL       _Delay_1us
;__Lib_Lcd.c,114 :: 		
0x0216	0x9A8A      	BCF         LCD_EN, BitPos(LCD_EN+0) 
;__Lib_Lcd.c,115 :: 		
0x0218	0xDF06      	RCALL       _Delay_5500us
;__Lib_Lcd.c,117 :: 		
0x021A	0x8A8A      	BSF         LCD_EN, BitPos(LCD_EN+0) 
;__Lib_Lcd.c,118 :: 		
0x021C	0xDF0F      	RCALL       _Delay_1us
;__Lib_Lcd.c,119 :: 		
0x021E	0x9A8A      	BCF         LCD_EN, BitPos(LCD_EN+0) 
;__Lib_Lcd.c,120 :: 		
0x0220	0xDF02      	RCALL       _Delay_5500us
;__Lib_Lcd.c,123 :: 		
0x0222	0x908A      	BCF         LCD_D4, BitPos(LCD_D4+0) 
;__Lib_Lcd.c,124 :: 		
0x0224	0x8A8A      	BSF         LCD_EN, BitPos(LCD_EN+0) 
;__Lib_Lcd.c,125 :: 		
0x0226	0xDF0A      	RCALL       _Delay_1us
;__Lib_Lcd.c,126 :: 		
0x0228	0x9A8A      	BCF         LCD_EN, BitPos(LCD_EN+0) 
;__Lib_Lcd.c,127 :: 		
0x022A	0xDEFD      	RCALL       _Delay_5500us
;__Lib_Lcd.c,130 :: 		
0x022C	0x8A8A      	BSF         LCD_EN, BitPos(LCD_EN+0) 
;__Lib_Lcd.c,131 :: 		
0x022E	0xDF06      	RCALL       _Delay_1us
;__Lib_Lcd.c,132 :: 		
0x0230	0x9A8A      	BCF         LCD_EN, BitPos(LCD_EN+0) 
;__Lib_Lcd.c,134 :: 		
0x0232	0x928A      	BCF         LCD_D5, BitPos(LCD_D5+0) 
;__Lib_Lcd.c,135 :: 		
0x0234	0x868A      	BSF         LCD_D7, BitPos(LCD_D7+0) 
;__Lib_Lcd.c,136 :: 		
0x0236	0x8A8A      	BSF         LCD_EN, BitPos(LCD_EN+0) 
;__Lib_Lcd.c,137 :: 		
0x0238	0xDF01      	RCALL       _Delay_1us
;__Lib_Lcd.c,138 :: 		
0x023A	0x9A8A      	BCF         LCD_EN, BitPos(LCD_EN+0) 
;__Lib_Lcd.c,139 :: 		
0x023C	0xDEF4      	RCALL       _Delay_5500us
;__Lib_Lcd.c,142 :: 		
0x023E	0x968A      	BCF         LCD_D7, BitPos(LCD_D7+0) 
;__Lib_Lcd.c,143 :: 		
0x0240	0x808A      	BSF         LCD_D4, BitPos(LCD_D4+0) 
;__Lib_Lcd.c,144 :: 		
0x0242	0x8A8A      	BSF         LCD_EN, BitPos(LCD_EN+0) 
;__Lib_Lcd.c,145 :: 		
0x0244	0xDEFB      	RCALL       _Delay_1us
;__Lib_Lcd.c,146 :: 		
0x0246	0x9A8A      	BCF         LCD_EN, BitPos(LCD_EN+0) 
;__Lib_Lcd.c,148 :: 		
0x0248	0x908A      	BCF         LCD_D4, BitPos(LCD_D4+0) 
;__Lib_Lcd.c,149 :: 		
0x024A	0x8A8A      	BSF         LCD_EN, BitPos(LCD_EN+0) 
;__Lib_Lcd.c,150 :: 		
0x024C	0xDEF7      	RCALL       _Delay_1us
;__Lib_Lcd.c,151 :: 		
0x024E	0x9A8A      	BCF         LCD_EN, BitPos(LCD_EN+0) 
;__Lib_Lcd.c,152 :: 		
0x0250	0xDEEA      	RCALL       _Delay_5500us
;__Lib_Lcd.c,155 :: 		
0x0252	0x8A8A      	BSF         LCD_EN, BitPos(LCD_EN+0) 
;__Lib_Lcd.c,156 :: 		
0x0254	0xDEF3      	RCALL       _Delay_1us
;__Lib_Lcd.c,157 :: 		
0x0256	0x9A8A      	BCF         LCD_EN, BitPos(LCD_EN+0) 
;__Lib_Lcd.c,159 :: 		
0x0258	0x808A      	BSF         LCD_D4, BitPos(LCD_D4+0) 
;__Lib_Lcd.c,160 :: 		
0x025A	0x8A8A      	BSF         LCD_EN, BitPos(LCD_EN+0) 
;__Lib_Lcd.c,161 :: 		
0x025C	0xDEEF      	RCALL       _Delay_1us
;__Lib_Lcd.c,162 :: 		
0x025E	0x9A8A      	BCF         LCD_EN, BitPos(LCD_EN+0) 
;__Lib_Lcd.c,163 :: 		
0x0260	0xDEE2      	RCALL       _Delay_5500us
;__Lib_Lcd.c,166 :: 		
0x0262	0x908A      	BCF         LCD_D4, BitPos(LCD_D4+0) 
;__Lib_Lcd.c,167 :: 		
0x0264	0x8A8A      	BSF         LCD_EN, BitPos(LCD_EN+0) 
;__Lib_Lcd.c,168 :: 		
0x0266	0xDEEA      	RCALL       _Delay_1us
;__Lib_Lcd.c,169 :: 		
0x0268	0x9A8A      	BCF         LCD_EN, BitPos(LCD_EN+0) 
;__Lib_Lcd.c,171 :: 		
0x026A	0x868A      	BSF         LCD_D7, BitPos(LCD_D7+0) 
;__Lib_Lcd.c,172 :: 		
0x026C	0x848A      	BSF         LCD_D6, BitPos(LCD_D6+0) 
;__Lib_Lcd.c,173 :: 		
0x026E	0x828A      	BSF         LCD_D5, BitPos(LCD_D5+0) 
;__Lib_Lcd.c,174 :: 		
0x0270	0x808A      	BSF         LCD_D4, BitPos(LCD_D4+0) 
;__Lib_Lcd.c,175 :: 		
0x0272	0x8A8A      	BSF         LCD_EN, BitPos(LCD_EN+0) 
;__Lib_Lcd.c,176 :: 		
0x0274	0xDEE3      	RCALL       _Delay_1us
;__Lib_Lcd.c,177 :: 		
0x0276	0x9A8A      	BCF         LCD_EN, BitPos(LCD_EN+0) 
;__Lib_Lcd.c,179 :: 		
0x0278	0xDED6      	RCALL       _Delay_5500us
;__Lib_Lcd.c,181 :: 		
0x027A	0x802A      	BSF         __Lib_Lcd_cmd_status, BitPos(__Lib_Lcd_cmd_status+0) 
;__Lib_Lcd.c,182 :: 		
L_end_Lcd_Init:
0x027C	0x0012      	RETURN      0
; end of _Lcd_Init
___CC2DW:
;__Lib_System.c,21 :: 		
;__Lib_System.c,23 :: 		
_CC2DL_Loop1:
;__Lib_System.c,24 :: 		
0x027E	0x0009      	TBLRD*+
;__Lib_System.c,25 :: 		
0x0280	0xFFE6CFF5  	MOVFF       TABLAT, POSTINC1
;__Lib_System.c,26 :: 		
0x0284	0x0600      	DECF        R0, 1, 0
;__Lib_System.c,27 :: 		
0x0286	0xE1FB      	BNZ         _CC2DL_Loop1
;__Lib_System.c,28 :: 		
0x0288	0x0601      	DECF        R1, 1, 0
;__Lib_System.c,29 :: 		
0x028A	0xE1F9      	BNZ         _CC2DL_Loop1
;__Lib_System.c,31 :: 		
L_end___CC2DW:
0x028C	0x0012      	RETURN      0
; end of ___CC2DW
_Lcd_Out:
;__Lib_Lcd.c,184 :: 		
;__Lib_Lcd.c,187 :: 		
0x028E	0xD00F      	BRA         L_Lcd_Out11
;__Lib_Lcd.c,188 :: 		
L_Lcd_Out13:
0x0290	0x0E80      	MOVLW       128
0x0292	0x6E3B      	MOVWF       FARG_Lcd_Out_row 
0x0294	0xD019      	BRA         L_Lcd_Out12
;__Lib_Lcd.c,189 :: 		
L_Lcd_Out14:
0x0296	0x0EC0      	MOVLW       192
0x0298	0x6E3B      	MOVWF       FARG_Lcd_Out_row 
0x029A	0xD016      	BRA         L_Lcd_Out12
;__Lib_Lcd.c,190 :: 		
L_Lcd_Out15:
0x029C	0x0E94      	MOVLW       148
0x029E	0x6E3B      	MOVWF       FARG_Lcd_Out_row 
0x02A0	0xD013      	BRA         L_Lcd_Out12
;__Lib_Lcd.c,191 :: 		
L_Lcd_Out16:
0x02A2	0x0ED4      	MOVLW       212
0x02A4	0x6E3B      	MOVWF       FARG_Lcd_Out_row 
0x02A6	0xD010      	BRA         L_Lcd_Out12
;__Lib_Lcd.c,192 :: 		
L_Lcd_Out17:
0x02A8	0x0E80      	MOVLW       128
0x02AA	0x6E3B      	MOVWF       FARG_Lcd_Out_row 
;__Lib_Lcd.c,193 :: 		
0x02AC	0xD00D      	BRA         L_Lcd_Out12
L_Lcd_Out11:
0x02AE	0x503B      	MOVF        FARG_Lcd_Out_row, 0 
0x02B0	0x0A01      	XORLW       1
0x02B2	0xE0EE      	BZ          L_Lcd_Out13
0x02B4	0x503B      	MOVF        FARG_Lcd_Out_row, 0 
0x02B6	0x0A02      	XORLW       2
0x02B8	0xE0EE      	BZ          L_Lcd_Out14
0x02BA	0x503B      	MOVF        FARG_Lcd_Out_row, 0 
0x02BC	0x0A03      	XORLW       3
0x02BE	0xE0EE      	BZ          L_Lcd_Out15
0x02C0	0x503B      	MOVF        FARG_Lcd_Out_row, 0 
0x02C2	0x0A04      	XORLW       4
0x02C4	0xE0EE      	BZ          L_Lcd_Out16
0x02C6	0xD7F0      	BRA         L_Lcd_Out17
L_Lcd_Out12:
;__Lib_Lcd.c,194 :: 		
0x02C8	0x043C      	DECF        FARG_Lcd_Out_column, 0 
0x02CA	0x6E00      	MOVWF       R0 
0x02CC	0x503B      	MOVF        FARG_Lcd_Out_row, 0 
0x02CE	0x2600      	ADDWF       R0, 1 
0x02D0	0xF03BC000  	MOVFF       R0, FARG_Lcd_Out_row
;__Lib_Lcd.c,196 :: 		
0x02D4	0xF04CC000  	MOVFF       R0, FARG_Lcd_Cmd_out_char
0x02D8	0xDECF      	RCALL       _Lcd_Cmd
;__Lib_Lcd.c,197 :: 		
0x02DA	0x902A      	BCF         __Lib_Lcd_cmd_status, BitPos(__Lib_Lcd_cmd_status+0) 
;__Lib_Lcd.c,198 :: 		
0x02DC	0x6A3F      	CLRF        Lcd_Out_i_L0 
;__Lib_Lcd.c,199 :: 		
L_Lcd_Out18:
0x02DE	0x503F      	MOVF        Lcd_Out_i_L0, 0 
0x02E0	0x243D      	ADDWF       FARG_Lcd_Out_text, 0 
0x02E2	0x6EE9      	MOVWF       FSR0L 
0x02E4	0x0E00      	MOVLW       0
0x02E6	0x203E      	ADDWFC      FARG_Lcd_Out_text+1, 0 
0x02E8	0x6EEA      	MOVWF       FSR0L+1 
0x02EA	0x52EE      	MOVF        POSTINC0, 1 
0x02EC	0xE00B      	BZ          L_Lcd_Out19
;__Lib_Lcd.c,200 :: 		
0x02EE	0x503F      	MOVF        Lcd_Out_i_L0, 0 
0x02F0	0x243D      	ADDWF       FARG_Lcd_Out_text, 0 
0x02F2	0x6EE9      	MOVWF       FSR0L 
0x02F4	0x0E00      	MOVLW       0
0x02F6	0x203E      	ADDWFC      FARG_Lcd_Out_text+1, 0 
0x02F8	0x6EEA      	MOVWF       FSR0L+1 
0x02FA	0xF045CFEE  	MOVFF       POSTINC0, FARG_Lcd_Chr_CP_out_char
0x02FE	0xDEFA      	RCALL       _Lcd_Chr_CP
0x0300	0x2A3F      	INCF        Lcd_Out_i_L0, 1 
0x0302	0xD7ED      	BRA         L_Lcd_Out18
L_Lcd_Out19:
;__Lib_Lcd.c,201 :: 		
0x0304	0x802A      	BSF         __Lib_Lcd_cmd_status, BitPos(__Lib_Lcd_cmd_status+0) 
;__Lib_Lcd.c,202 :: 		
L_end_Lcd_Out:
0x0306	0x0012      	RETURN      0
; end of _Lcd_Out
_Div_16x16_S:
;__Lib_Math.c,200 :: 		
;__Lib_Math.c,208 :: 		
0x0308	0x5004      	MOVF        R4, 0 
0x030A	0x0A00      	XORLW       0
0x030C	0xE108      	BNZ         L_Div_16x16_S0
;__Lib_Math.c,209 :: 		
0x030E	0x5005      	MOVF        R5, 0 
0x0310	0x0A00      	XORLW       0
0x0312	0xE105      	BNZ         L_Div_16x16_S1
;__Lib_Math.c,210 :: 		
0x0314	0x0EFF      	MOVLW       255
0x0316	0x6E00      	MOVWF       R0 
;__Lib_Math.c,211 :: 		
0x0318	0x0E7F      	MOVLW       127
0x031A	0x6E01      	MOVWF       R1 
;__Lib_Math.c,212 :: 		
0x031C	0xD057      	BRA         L_end_Div_16x16_S
;__Lib_Math.c,213 :: 		
L_Div_16x16_S1:
L_Div_16x16_S0:
;__Lib_Math.c,216 :: 		
0x031E	0x6A0D      	CLRF        R13, 0
;__Lib_Math.c,217 :: 		
0x0320	0x6A09      	CLRF        R9, 0
;__Lib_Math.c,218 :: 		
0x0322	0x6A08      	CLRF        R8, 0
;__Lib_Math.c,219 :: 		
0x0324	0x5001      	MOVF        R1, 0, 0
;__Lib_Math.c,220 :: 		
0x0326	0x1000      	IORWF       R0, 0, 0
;__Lib_Math.c,221 :: 		
0x0328	0xB4D8      	BTFSC       STATUS, 2, 0
;__Lib_Math.c,222 :: 		
0x032A	0x0C00      	RETLW       0
;__Lib_Math.c,224 :: 		
0x032C	0x5001      	MOVF        R1, 0, 0
;__Lib_Math.c,225 :: 		
0x032E	0x1805      	XORWF       R5, 0, 0
;__Lib_Math.c,226 :: 		
0x0330	0x6E0A      	MOVWF       R10, 0
;__Lib_Math.c,227 :: 		
0x0332	0xBE0A      	BTFSC       R10, 7, 0
;__Lib_Math.c,228 :: 		
0x0334	0x1E0D      	COMF        R13, 1, 0
;__Lib_Math.c,230 :: 		
0x0336	0x6A0B      	CLRF        R11, 0
;__Lib_Math.c,232 :: 		
0x0338	0xAE05      	BTFSS       R5, 7, 0
;__Lib_Math.c,233 :: 		
0x033A	0xD005      	BRA         $+12
;__Lib_Math.c,235 :: 		
0x033C	0x1E04      	COMF        R4, 1, 0
;__Lib_Math.c,236 :: 		
0x033E	0x1E05      	COMF        R5, 1, 0
;__Lib_Math.c,237 :: 		
0x0340	0x2A04      	INCF        R4, 1, 0
;__Lib_Math.c,238 :: 		
0x0342	0xB4D8      	BTFSC       STATUS, 2, 0
;__Lib_Math.c,239 :: 		
0x0344	0x2A05      	INCF        R5, 1, 0
;__Lib_Math.c,241 :: 		
0x0346	0xAE01      	BTFSS       R1, 7, 0
;__Lib_Math.c,242 :: 		
0x0348	0xD005      	BRA         $+12
;__Lib_Math.c,244 :: 		
0x034A	0x1E00      	COMF        R0, 1, 0
;__Lib_Math.c,245 :: 		
0x034C	0x1E01      	COMF        R1, 1, 0
;__Lib_Math.c,246 :: 		
0x034E	0x2A00      	INCF        R0, 1, 0
;__Lib_Math.c,247 :: 		
0x0350	0xB4D8      	BTFSC       STATUS, 2, 0
;__Lib_Math.c,248 :: 		
0x0352	0x2A01      	INCF        R1, 1, 0
;__Lib_Math.c,250 :: 		
0x0354	0x5001      	MOVF        R1, 0, 0
;__Lib_Math.c,251 :: 		
0x0356	0x1005      	IORWF       R5, 0, 0
;__Lib_Math.c,252 :: 		
0x0358	0x6E0A      	MOVWF       R10, 0
;__Lib_Math.c,253 :: 		
0x035A	0xBE0A      	BTFSC       R10, 7, 0
;__Lib_Math.c,254 :: 		
0x035C	0xD010      	BRA         $+34
;__Lib_Math.c,256 :: 		
0x035E	0xDED0      	RCALL       _Div_16x16_S_L
;__Lib_Math.c,258 :: 		
0x0360	0xB00B      	BTFSC       R11, 0, 0
;__Lib_Math.c,259 :: 		
0x0362	0xD020      	BRA         $+66
;__Lib_Math.c,261 :: 		
0x0364	0xAE0D      	BTFSS       R13, 7, 0
;__Lib_Math.c,262 :: 		
0x0366	0x0C00      	RETLW       0
;__Lib_Math.c,264 :: 		
0x0368	0x1E00      	COMF        R0, 1, 0
;__Lib_Math.c,265 :: 		
0x036A	0x1E01      	COMF        R1, 1, 0
;__Lib_Math.c,266 :: 		
0x036C	0x2A00      	INCF        R0, 1, 0
;__Lib_Math.c,267 :: 		
0x036E	0xB4D8      	BTFSC       STATUS, 2, 0
;__Lib_Math.c,268 :: 		
0x0370	0x2A01      	INCF        R1, 1, 0
;__Lib_Math.c,270 :: 		
0x0372	0x1E08      	COMF        R8, 1, 0
;__Lib_Math.c,271 :: 		
0x0374	0x1E09      	COMF        R9, 1, 0
;__Lib_Math.c,272 :: 		
0x0376	0x2A08      	INCF        R8, 1, 0
;__Lib_Math.c,273 :: 		
0x0378	0xB4D8      	BTFSC       STATUS, 2, 0
;__Lib_Math.c,274 :: 		
0x037A	0x2A09      	INCF        R9, 1, 0
;__Lib_Math.c,276 :: 		
0x037C	0x0C00      	RETLW       0
;__Lib_Math.c,278 :: 		
0x037E	0xAE05      	BTFSS       R5, 7, 0
;__Lib_Math.c,279 :: 		
0x0380	0xD00D      	BRA         $+28
;__Lib_Math.c,280 :: 		
0x0382	0xBE01      	BTFSC       R1, 7, 0
;__Lib_Math.c,281 :: 		
0x0384	0xD007      	BRA         $+16
;__Lib_Math.c,282 :: 		
0x0386	0x5001      	MOVF        R1, 0, 0
;__Lib_Math.c,283 :: 		
0x0388	0x6E09      	MOVWF       R9, 0
;__Lib_Math.c,284 :: 		
0x038A	0x5000      	MOVF        R0, 0, 0
;__Lib_Math.c,285 :: 		
0x038C	0x6E08      	MOVWF       R8, 0
;__Lib_Math.c,286 :: 		
0x038E	0x6A01      	CLRF        R1, 0
;__Lib_Math.c,287 :: 		
0x0390	0x6A00      	CLRF        R0, 0
;__Lib_Math.c,288 :: 		
0x0392	0xD7E8      	BRA         $-46
;__Lib_Math.c,289 :: 		
0x0394	0x6A01      	CLRF        R1, 0
;__Lib_Math.c,290 :: 		
0x0396	0x6A00      	CLRF        R0, 0
;__Lib_Math.c,291 :: 		
0x0398	0x2A00      	INCF        R0, 1, 0
;__Lib_Math.c,292 :: 		
0x039A	0x0C00      	RETLW       0
;__Lib_Math.c,294 :: 		
0x039C	0x1E01      	COMF        R1, 1, 0
;__Lib_Math.c,295 :: 		
0x039E	0x1E00      	COMF        R0, 1, 0
;__Lib_Math.c,296 :: 		
0x03A0	0x2A0B      	INCF        R11, 1, 0
;__Lib_Math.c,297 :: 		
0x03A2	0xD7DD      	BRA         $-68
;__Lib_Math.c,299 :: 		
0x03A4	0x2A08      	INCF        R8, 1, 0
;__Lib_Math.c,300 :: 		
0x03A6	0xB4D8      	BTFSC       STATUS, 2, 0
;__Lib_Math.c,301 :: 		
0x03A8	0x2A09      	INCF        R9, 1, 0
;__Lib_Math.c,302 :: 		
0x03AA	0x5004      	MOVF        R4, 0, 0
;__Lib_Math.c,303 :: 		
0x03AC	0x5C08      	SUBWF       R8, 0, 0
;__Lib_Math.c,304 :: 		
0x03AE	0xA4D8      	BTFSS       STATUS, 2, 0
;__Lib_Math.c,305 :: 		
0x03B0	0xD7D9      	BRA         $-76
;__Lib_Math.c,306 :: 		
0x03B2	0x5005      	MOVF        R5, 0, 0
;__Lib_Math.c,307 :: 		
0x03B4	0x5C09      	SUBWF       R9, 0, 0
;__Lib_Math.c,308 :: 		
0x03B6	0xA4D8      	BTFSS       STATUS, 2, 0
;__Lib_Math.c,309 :: 		
0x03B8	0xD7D5      	BRA         $-84
;__Lib_Math.c,310 :: 		
0x03BA	0x6A09      	CLRF        R9, 0
;__Lib_Math.c,311 :: 		
0x03BC	0x6A08      	CLRF        R8, 0
;__Lib_Math.c,312 :: 		
0x03BE	0x2A00      	INCF        R0, 1, 0
;__Lib_Math.c,313 :: 		
0x03C0	0xB4D8      	BTFSC       STATUS, 2, 0
;__Lib_Math.c,314 :: 		
0x03C2	0x2A01      	INCF        R1, 1, 0
;__Lib_Math.c,315 :: 		
0x03C4	0xAE01      	BTFSS       R1, 7, 0
;__Lib_Math.c,316 :: 		
0x03C6	0xD7CE      	BRA         $-98
;__Lib_Math.c,317 :: 		
0x03C8	0x0000      	NOP
;__Lib_Math.c,318 :: 		
0x03CA	0x0CFF      	RETLW       255
;__Lib_Math.c,320 :: 		
L_end_Div_16x16_S:
0x03CC	0x0012      	RETURN      0
; end of _Div_16x16_S
_IntToStr:
;__Lib_Conversions.c,195 :: 		
;__Lib_Conversions.c,201 :: 		
0x03CE	0x6A41      	CLRF        IntToStr_negative_L0 
0x03D0	0x6A42      	CLRF        IntToStr_negative_L0+1 
;__Lib_Conversions.c,202 :: 		
0x03D2	0xF043C03B  	MOVFF       FARG_IntToStr_input, IntToStr_inword_L0
0x03D6	0xF044C03C  	MOVFF       FARG_IntToStr_input+1, IntToStr_inword_L0+1
;__Lib_Conversions.c,203 :: 		
0x03DA	0x0E80      	MOVLW       128
0x03DC	0x183C      	XORWF       FARG_IntToStr_input+1, 0 
0x03DE	0x6E00      	MOVWF       R0 
0x03E0	0x0E80      	MOVLW       128
0x03E2	0x5C00      	SUBWF       R0, 0 
0x03E4	0xE102      	BNZ         L__IntToStr387
0x03E6	0x0E00      	MOVLW       0
0x03E8	0x5C3B      	SUBWF       FARG_IntToStr_input, 0 
L__IntToStr387:
0x03EA	0xE20B      	BC          L_IntToStr37
;__Lib_Conversions.c,204 :: 		
0x03EC	0x0E01      	MOVLW       1
0x03EE	0x6E41      	MOVWF       IntToStr_negative_L0 
0x03F0	0x0E00      	MOVLW       0
0x03F2	0x6E42      	MOVWF       IntToStr_negative_L0+1 
;__Lib_Conversions.c,205 :: 		
0x03F4	0x503B      	MOVF        FARG_IntToStr_input, 0 
0x03F6	0x0800      	SUBLW       0
0x03F8	0x6E43      	MOVWF       IntToStr_inword_L0 
0x03FA	0xF044C03C  	MOVFF       FARG_IntToStr_input+1, IntToStr_inword_L0+1
0x03FE	0x0E00      	MOVLW       0
0x0400	0x5644      	SUBFWB      IntToStr_inword_L0+1, 1 
;__Lib_Conversions.c,206 :: 		
L_IntToStr37:
;__Lib_Conversions.c,207 :: 		
0x0402	0xF045C043  	MOVFF       IntToStr_inword_L0, FARG_WordToStr_input
0x0406	0xF046C044  	MOVFF       IntToStr_inword_L0+1, FARG_WordToStr_input+1
0x040A	0xF047C03D  	MOVFF       FARG_IntToStr_output, FARG_WordToStr_output
0x040E	0xF048C03E  	MOVFF       FARG_IntToStr_output+1, FARG_WordToStr_output+1
0x0412	0xDEA2      	RCALL       _WordToStr
;__Lib_Conversions.c,209 :: 		
0x0414	0x0E06      	MOVLW       6
0x0416	0x6E3F      	MOVWF       IntToStr_i_L0 
0x0418	0x0E00      	MOVLW       0
0x041A	0x6E40      	MOVWF       IntToStr_i_L0+1 
;__Lib_Conversions.c,210 :: 		
L_IntToStr38:
0x041C	0x0E00      	MOVLW       0
0x041E	0x6E00      	MOVWF       R0 
0x0420	0x5040      	MOVF        IntToStr_i_L0+1, 0 
0x0422	0x5C00      	SUBWF       R0, 0 
0x0424	0xE102      	BNZ         L__IntToStr388
0x0426	0x503F      	MOVF        IntToStr_i_L0, 0 
0x0428	0x0800      	SUBLW       0
L__IntToStr388:
0x042A	0xE219      	BC          L_IntToStr39
;__Lib_Conversions.c,211 :: 		
0x042C	0x503F      	MOVF        IntToStr_i_L0, 0 
0x042E	0x243D      	ADDWF       FARG_IntToStr_output, 0 
0x0430	0x6EE1      	MOVWF       FSR1L 
0x0432	0x5040      	MOVF        IntToStr_i_L0+1, 0 
0x0434	0x203E      	ADDWFC      FARG_IntToStr_output+1, 0 
0x0436	0x6EE2      	MOVWF       FSR1L+1 
0x0438	0x0E01      	MOVLW       1
0x043A	0x5C3F      	SUBWF       IntToStr_i_L0, 0 
0x043C	0x6E00      	MOVWF       R0 
0x043E	0x0E00      	MOVLW       0
0x0440	0x5840      	SUBWFB      IntToStr_i_L0+1, 0 
0x0442	0x6E01      	MOVWF       R1 
0x0444	0x5000      	MOVF        R0, 0 
0x0446	0x243D      	ADDWF       FARG_IntToStr_output, 0 
0x0448	0x6EE9      	MOVWF       FSR0L 
0x044A	0x5001      	MOVF        R1, 0 
0x044C	0x203E      	ADDWFC      FARG_IntToStr_output+1, 0 
0x044E	0x6EEA      	MOVWF       FSR0L+1 
0x0450	0xFFE6CFEE  	MOVFF       POSTINC0, POSTINC1
;__Lib_Conversions.c,212 :: 		
0x0454	0x0E01      	MOVLW       1
0x0456	0x5E3F      	SUBWF       IntToStr_i_L0, 1 
0x0458	0x0E00      	MOVLW       0
0x045A	0x5A40      	SUBWFB      IntToStr_i_L0+1, 1 
;__Lib_Conversions.c,213 :: 		
0x045C	0xD7DF      	BRA         L_IntToStr38
L_IntToStr39:
;__Lib_Conversions.c,214 :: 		
0x045E	0xFFE1C03D  	MOVFF       FARG_IntToStr_output, FSR1L
0x0462	0xFFE2C03E  	MOVFF       FARG_IntToStr_output+1, FSR1H
0x0466	0x0E20      	MOVLW       32
0x0468	0x6EE6      	MOVWF       POSTINC1 
;__Lib_Conversions.c,215 :: 		
0x046A	0x5041      	MOVF        IntToStr_negative_L0, 0 
0x046C	0x1042      	IORWF       IntToStr_negative_L0+1, 0 
0x046E	0xE01A      	BZ          L_IntToStr40
;__Lib_Conversions.c,216 :: 		
0x0470	0x6A3F      	CLRF        IntToStr_i_L0 
0x0472	0x6A40      	CLRF        IntToStr_i_L0+1 
;__Lib_Conversions.c,217 :: 		
L_IntToStr41:
0x0474	0x503F      	MOVF        IntToStr_i_L0, 0 
0x0476	0x243D      	ADDWF       FARG_IntToStr_output, 0 
0x0478	0x6EE9      	MOVWF       FSR0L 
0x047A	0x5040      	MOVF        IntToStr_i_L0+1, 0 
0x047C	0x203E      	ADDWFC      FARG_IntToStr_output+1, 0 
0x047E	0x6EEA      	MOVWF       FSR0L+1 
0x0480	0x50EE      	MOVF        POSTINC0, 0 
0x0482	0x0A20      	XORLW       32
0x0484	0xE103      	BNZ         L_IntToStr42
0x0486	0x4A3F      	INFSNZ      IntToStr_i_L0, 1 
0x0488	0x2A40      	INCF        IntToStr_i_L0+1, 1 
0x048A	0xD7F4      	BRA         L_IntToStr41
L_IntToStr42:
;__Lib_Conversions.c,218 :: 		
0x048C	0x0E01      	MOVLW       1
0x048E	0x5E3F      	SUBWF       IntToStr_i_L0, 1 
0x0490	0x0E00      	MOVLW       0
0x0492	0x5A40      	SUBWFB      IntToStr_i_L0+1, 1 
;__Lib_Conversions.c,219 :: 		
0x0494	0x503F      	MOVF        IntToStr_i_L0, 0 
0x0496	0x243D      	ADDWF       FARG_IntToStr_output, 0 
0x0498	0x6EE1      	MOVWF       FSR1L 
0x049A	0x5040      	MOVF        IntToStr_i_L0+1, 0 
0x049C	0x203E      	ADDWFC      FARG_IntToStr_output+1, 0 
0x049E	0x6EE2      	MOVWF       FSR1L+1 
0x04A0	0x0E2D      	MOVLW       45
0x04A2	0x6EE6      	MOVWF       POSTINC1 
L_IntToStr40:
;__Lib_Conversions.c,220 :: 		
L_end_IntToStr:
0x04A4	0x0012      	RETURN      0
; end of _IntToStr
_main:
0x04A6	0xF003EC2B  	CALL        1622, 0
;B.c,19 :: 		void main() {
;B.c,21 :: 		unsigned short int stato_accensione=0;
0x04AA	0x6A38      	CLRF        main_stato_accensione_L0 
0x04AC	0x0E01      	MOVLW       1
0x04AE	0x6E39      	MOVWF       main_velocita_motore_L0 
0x04B0	0x6A3A      	CLRF        main_vel_change_L0 
;B.c,38 :: 		TRISC=0b00011001;
0x04B2	0x0E19      	MOVLW       25
0x04B4	0x6E94      	MOVWF       TRISC 
;B.c,39 :: 		ANSELC=0b11100110;
0x04B6	0x0EE6      	MOVLW       230
0x04B8	0x010F      	MOVLB       15
0x04BA	0x6F3A      	MOVWF       ANSELC, 1
;B.c,41 :: 		TRISA.RA4=0;
0x04BC	0x9892      	BCF         TRISA, 4 
;B.c,42 :: 		ANSELA.RA4=1;
0x04BE	0x8938      	BSF         ANSELA, 4, 1
;B.c,44 :: 		TRISD=0;
0x04C0	0x6A95      	CLRF        TRISD 
;B.c,45 :: 		ANSELD=255;
0x04C2	0x0EFF      	MOVLW       255
0x04C4	0x6F3B      	MOVWF       ANSELD, 1
;B.c,46 :: 		LATD=1;
0x04C6	0x0E01      	MOVLW       1
0x04C8	0x6E8C      	MOVWF       LATD 
;B.c,48 :: 		Lcd_init();
0x04CA	0xDE8E      	RCALL       _Lcd_Init
;B.c,49 :: 		Lcd_cmd(_LCD_CLEAR);
0x04CC	0x0E01      	MOVLW       1
0x04CE	0x6E4C      	MOVWF       FARG_Lcd_Cmd_out_char 
0x04D0	0xDDD3      	RCALL       _Lcd_Cmd
;B.c,50 :: 		Lcd_Cmd(_LCD_CURSOR_OFF);
0x04D2	0x0E0C      	MOVLW       12
0x04D4	0x6E4C      	MOVWF       FARG_Lcd_Cmd_out_char 
0x04D6	0xDDD0      	RCALL       _Lcd_Cmd
;B.c,51 :: 		Lcd_Out(1,1,"SPENTO");
0x04D8	0x0E01      	MOVLW       1
0x04DA	0x6E3B      	MOVWF       FARG_Lcd_Out_row 
0x04DC	0x0E01      	MOVLW       1
0x04DE	0x6E3C      	MOVWF       FARG_Lcd_Out_column 
0x04E0	0x0E1C      	MOVLW       ?lstr1_B
0x04E2	0x6E3D      	MOVWF       FARG_Lcd_Out_text 
0x04E4	0x0E00      	MOVLW       hi_addr(?lstr1_B)
0x04E6	0x6E3E      	MOVWF       FARG_Lcd_Out_text+1 
0x04E8	0xDED2      	RCALL       _Lcd_Out
;B.c,55 :: 		TRISE.RE2=1;
0x04EA	0x8496      	BSF         TRISE, 2 
;B.c,56 :: 		ANSELE.RE2=0;
0x04EC	0x010F      	MOVLB       15
0x04EE	0x953C      	BCF         ANSELE, 2, 1
;B.c,58 :: 		CCPTMRS1=0; //timer 2
0x04F0	0x6B48      	CLRF        CCPTMRS1, 1
;B.c,60 :: 		PR2=255;
0x04F2	0x0EFF      	MOVLW       255
0x04F4	0x6EBB      	MOVWF       PR2 
;B.c,62 :: 		CCP5CON.CCP5M3=1;
0x04F6	0x8754      	BSF         CCP5CON, 3, 1
;B.c,63 :: 		CCP5CON.CCP5M2=1;
0x04F8	0x8554      	BSF         CCP5CON, 2, 1
;B.c,65 :: 		CCPR5L=0;
0x04FA	0x6B55      	CLRF        CCPR5L, 1
;B.c,67 :: 		T2CON=0b00000111;
0x04FC	0x0E07      	MOVLW       7
0x04FE	0x6EBA      	MOVWF       T2CON 
;B.c,69 :: 		TRISE.RE2=0;
0x0500	0x9496      	BCF         TRISE, 2 
;B.c,73 :: 		while (1){
L_main0:
;B.c,75 :: 		RC0_new=PORTC.RC0;
0x0502	0x0E00      	MOVLW       0
0x0504	0xB082      	BTFSC       PORTC, 0 
0x0506	0x0E01      	MOVLW       1
0x0508	0x6E2B      	MOVWF       main_RC0_new_L0 
;B.c,77 :: 		if(RC0_new==1 && RC0_new!=RC0_old){  //ACCENSIONE
0x050A	0x502B      	MOVF        main_RC0_new_L0, 0 
0x050C	0x0A01      	XORLW       1
0x050E	0xE12C      	BNZ         L_main4
0x0510	0x502B      	MOVF        main_RC0_new_L0, 0 
0x0512	0x182C      	XORWF       main_RC0_old_L0, 0 
0x0514	0xE029      	BZ          L_main4
L__main20:
;B.c,78 :: 		stato_accensione=!stato_accensione; //cambia stato
0x0516	0x5238      	MOVF        main_stato_accensione_L0, 1 
0x0518	0x0E01      	MOVLW       1
0x051A	0xA4D8      	BTFSS       STATUS, 2 
0x051C	0x0E00      	MOVLW       0
0x051E	0x6E01      	MOVWF       R1 
0x0520	0xF038C001  	MOVFF       R1, main_stato_accensione_L0
;B.c,81 :: 		if (stato_accensione==0){
0x0524	0x5001      	MOVF        R1, 0 
0x0526	0x0A00      	XORLW       0
0x0528	0xE10E      	BNZ         L_main5
;B.c,82 :: 		Lcd_cmd(_LCD_CLEAR);
0x052A	0x0E01      	MOVLW       1
0x052C	0x6E4C      	MOVWF       FARG_Lcd_Cmd_out_char 
0x052E	0xDDA4      	RCALL       _Lcd_Cmd
;B.c,83 :: 		Lcd_Out(1,1,"SPENTO"); //comunica stato
0x0530	0x0E01      	MOVLW       1
0x0532	0x6E3B      	MOVWF       FARG_Lcd_Out_row 
0x0534	0x0E01      	MOVLW       1
0x0536	0x6E3C      	MOVWF       FARG_Lcd_Out_column 
0x0538	0x0E23      	MOVLW       ?lstr2_B
0x053A	0x6E3D      	MOVWF       FARG_Lcd_Out_text 
0x053C	0x0E00      	MOVLW       hi_addr(?lstr2_B)
0x053E	0x6E3E      	MOVWF       FARG_Lcd_Out_text+1 
0x0540	0xDEA6      	RCALL       _Lcd_Out
;B.c,84 :: 		LATE.RE2=0; //spegni motore
0x0542	0x948D      	BCF         LATE, 2 
;B.c,85 :: 		LATA.RA4=0; //spegni led
0x0544	0x9889      	BCF         LATA, 4 
;B.c,86 :: 		}
L_main5:
;B.c,88 :: 		if (stato_accensione==1){
0x0546	0x5038      	MOVF        main_stato_accensione_L0, 0 
0x0548	0x0A01      	XORLW       1
0x054A	0xE10E      	BNZ         L_main6
;B.c,89 :: 		Lcd_cmd(_LCD_CLEAR);
0x054C	0x0E01      	MOVLW       1
0x054E	0x6E4C      	MOVWF       FARG_Lcd_Cmd_out_char 
0x0550	0xDD93      	RCALL       _Lcd_Cmd
;B.c,90 :: 		Lcd_Out(1,1,"ACCESO");//comunica stato
0x0552	0x0E01      	MOVLW       1
0x0554	0x6E3B      	MOVWF       FARG_Lcd_Out_row 
0x0556	0x0E01      	MOVLW       1
0x0558	0x6E3C      	MOVWF       FARG_Lcd_Out_column 
0x055A	0x0E15      	MOVLW       ?lstr3_B
0x055C	0x6E3D      	MOVWF       FARG_Lcd_Out_text 
0x055E	0x0E00      	MOVLW       hi_addr(?lstr3_B)
0x0560	0x6E3E      	MOVWF       FARG_Lcd_Out_text+1 
0x0562	0xDE95      	RCALL       _Lcd_Out
;B.c,91 :: 		LATE.RE2=1;   //accendi motore
0x0564	0x848D      	BSF         LATE, 2 
;B.c,92 :: 		LATA.RA4=1;   //accendi led
0x0566	0x8889      	BSF         LATA, 4 
;B.c,93 :: 		}
L_main6:
;B.c,94 :: 		}
L_main4:
;B.c,96 :: 		RC0_old=RC0_new; //salvo vecchio valore per vedere se cambia
0x0568	0xF02CC02B  	MOVFF       main_RC0_new_L0, main_RC0_old_L0
;B.c,99 :: 		if (stato_accensione==1){
0x056C	0x5038      	MOVF        main_stato_accensione_L0, 0 
0x056E	0x0A01      	XORLW       1
0x0570	0xE165      	BNZ         L_main7
;B.c,101 :: 		RC3_new=PORTC.RC3;
0x0572	0x0E00      	MOVLW       0
0x0574	0xB682      	BTFSC       PORTC, 3 
0x0576	0x0E01      	MOVLW       1
0x0578	0x6E2D      	MOVWF       main_RC3_new_L0 
;B.c,102 :: 		RC4_new=PORTC.RC4;
0x057A	0x0E00      	MOVLW       0
0x057C	0xB882      	BTFSC       PORTC, 4 
0x057E	0x0E01      	MOVLW       1
0x0580	0x6E2F      	MOVWF       main_RC4_new_L0 
;B.c,104 :: 		if (RC3_new==1 && RC3_new!=RC3_old && velocita_motore<8){ //acccendi motore
0x0582	0x502D      	MOVF        main_RC3_new_L0, 0 
0x0584	0x0A01      	XORLW       1
0x0586	0xE10F      	BNZ         L_main10
0x0588	0x502D      	MOVF        main_RC3_new_L0, 0 
0x058A	0x182E      	XORWF       main_RC3_old_L0, 0 
0x058C	0xE00C      	BZ          L_main10
0x058E	0x0E08      	MOVLW       8
0x0590	0x5C39      	SUBWF       main_velocita_motore_L0, 0 
0x0592	0xE209      	BC          L_main10
L__main19:
;B.c,105 :: 		velocita_motore+=1;
0x0594	0x2A39      	INCF        main_velocita_motore_L0, 1 
;B.c,106 :: 		vel_change=1;
0x0596	0x0E01      	MOVLW       1
0x0598	0x6E3A      	MOVWF       main_vel_change_L0 
;B.c,107 :: 		LATD=LATD+2^(velocita_motore);
0x059A	0x0E02      	MOVLW       2
0x059C	0x248C      	ADDWF       LATD, 0 
0x059E	0x6E00      	MOVWF       R0 
0x05A0	0x5039      	MOVF        main_velocita_motore_L0, 0 
0x05A2	0x1800      	XORWF       R0, 0 
0x05A4	0x6E8C      	MOVWF       LATD 
;B.c,108 :: 		}
L_main10:
;B.c,110 :: 		if (RC4_new==1 && RC4_new!=RC4_old && velocita_motore>0){ //spegni motore
0x05A6	0x502F      	MOVF        main_RC4_new_L0, 0 
0x05A8	0x0A01      	XORLW       1
0x05AA	0xE10F      	BNZ         L_main13
0x05AC	0x502F      	MOVF        main_RC4_new_L0, 0 
0x05AE	0x1830      	XORWF       main_RC4_old_L0, 0 
0x05B0	0xE00C      	BZ          L_main13
0x05B2	0x5039      	MOVF        main_velocita_motore_L0, 0 
0x05B4	0x0800      	SUBLW       0
0x05B6	0xE209      	BC          L_main13
L__main18:
;B.c,111 :: 		velocita_motore-=1;
0x05B8	0x0639      	DECF        main_velocita_motore_L0, 1 
;B.c,112 :: 		vel_change=1;
0x05BA	0x0E01      	MOVLW       1
0x05BC	0x6E3A      	MOVWF       main_vel_change_L0 
;B.c,113 :: 		LATD=LATD-2^(velocita_motore);
0x05BE	0x0E02      	MOVLW       2
0x05C0	0x5C8C      	SUBWF       LATD, 0 
0x05C2	0x6E00      	MOVWF       R0 
0x05C4	0x5039      	MOVF        main_velocita_motore_L0, 0 
0x05C6	0x1800      	XORWF       R0, 0 
0x05C8	0x6E8C      	MOVWF       LATD 
;B.c,114 :: 		}
L_main13:
;B.c,115 :: 		RC3_old=RC3_new;
0x05CA	0xF02EC02D  	MOVFF       main_RC3_new_L0, main_RC3_old_L0
;B.c,116 :: 		RC4_old=RC4_new;
0x05CE	0xF030C02F  	MOVFF       main_RC4_new_L0, main_RC4_old_L0
;B.c,118 :: 		IntToStr(velocita_motore,velocita_motore_char);
0x05D2	0xF03BC039  	MOVFF       main_velocita_motore_L0, FARG_IntToStr_input
0x05D6	0x0E00      	MOVLW       0
0x05D8	0x6E3C      	MOVWF       FARG_IntToStr_input+1 
0x05DA	0x0E31      	MOVLW       main_velocita_motore_char_L0
0x05DC	0x6E3D      	MOVWF       FARG_IntToStr_output 
0x05DE	0x0E00      	MOVLW       hi_addr(main_velocita_motore_char_L0)
0x05E0	0x6E3E      	MOVWF       FARG_IntToStr_output+1 
0x05E2	0xDEF5      	RCALL       _IntToStr
;B.c,119 :: 		Lcd_Out(2,1,velocita_motore_char);
0x05E4	0x0E02      	MOVLW       2
0x05E6	0x6E3B      	MOVWF       FARG_Lcd_Out_row 
0x05E8	0x0E01      	MOVLW       1
0x05EA	0x6E3C      	MOVWF       FARG_Lcd_Out_column 
0x05EC	0x0E31      	MOVLW       main_velocita_motore_char_L0
0x05EE	0x6E3D      	MOVWF       FARG_Lcd_Out_text 
0x05F0	0x0E00      	MOVLW       hi_addr(main_velocita_motore_char_L0)
0x05F2	0x6E3E      	MOVWF       FARG_Lcd_Out_text+1 
0x05F4	0xDE4C      	RCALL       _Lcd_Out
;B.c,120 :: 		IntToStr(LATD,velocita_motore_char);
0x05F6	0xF03BCF8C  	MOVFF       LATD, FARG_IntToStr_input
0x05FA	0x0E00      	MOVLW       0
0x05FC	0x6E3C      	MOVWF       FARG_IntToStr_input+1 
0x05FE	0x0E31      	MOVLW       main_velocita_motore_char_L0
0x0600	0x6E3D      	MOVWF       FARG_IntToStr_output 
0x0602	0x0E00      	MOVLW       hi_addr(main_velocita_motore_char_L0)
0x0604	0x6E3E      	MOVWF       FARG_IntToStr_output+1 
0x0606	0xDEE3      	RCALL       _IntToStr
;B.c,121 :: 		Lcd_Out(2,5,velocita_motore_char);
0x0608	0x0E02      	MOVLW       2
0x060A	0x6E3B      	MOVWF       FARG_Lcd_Out_row 
0x060C	0x0E05      	MOVLW       5
0x060E	0x6E3C      	MOVWF       FARG_Lcd_Out_column 
0x0610	0x0E31      	MOVLW       main_velocita_motore_char_L0
0x0612	0x6E3D      	MOVWF       FARG_Lcd_Out_text 
0x0614	0x0E00      	MOVLW       hi_addr(main_velocita_motore_char_L0)
0x0616	0x6E3E      	MOVWF       FARG_Lcd_Out_text+1 
0x0618	0xDE3A      	RCALL       _Lcd_Out
;B.c,123 :: 		if (vel_change==1){
0x061A	0x503A      	MOVF        main_vel_change_L0, 0 
0x061C	0x0A01      	XORLW       1
0x061E	0xE10E      	BNZ         L_main14
;B.c,126 :: 		CCPR5L=PR2*velocita_motore/8;
0x0620	0x50BB      	MOVF        PR2, 0 
0x0622	0x0239      	MULWF       main_velocita_motore_L0 
0x0624	0xF000CFF3  	MOVFF       PRODL, R0
0x0628	0xF001CFF4  	MOVFF       PRODH, R1
0x062C	0x0E08      	MOVLW       8
0x062E	0x6E04      	MOVWF       R4 
0x0630	0x0E00      	MOVLW       0
0x0632	0x6E05      	MOVWF       R5 
0x0634	0xDE69      	RCALL       _Div_16x16_S
0x0636	0xFF55C000  	MOVFF       R0, CCPR5L
;B.c,127 :: 		vel_change=0;
0x063A	0x6A3A      	CLRF        main_vel_change_L0 
;B.c,128 :: 		}
L_main14:
;B.c,133 :: 		}
L_main7:
;B.c,137 :: 		}
0x063C	0xD762      	BRA         L_main0
;B.c,138 :: 		}
L_end_main:
0x063E	0xD7FF      	BRA         $+0
; end of _main
0x0656	0xF015EE10  	LFSR        1, 21
0x065A	0x0E15      	MOVLW       21
0x065C	0x6E00      	MOVWF       R0 
0x065E	0x0E01      	MOVLW       1
0x0660	0x6E01      	MOVWF       R1 
0x0662	0x0E40      	MOVLW       64
0x0664	0x6EF6      	MOVWF       TBLPTR 
0x0666	0x0E06      	MOVLW       6
0x0668	0x6EF7      	MOVWF       TBLPTRH 
0x066A	0x0E00      	MOVLW       0
0x066C	0x6EF8      	MOVWF       TBLPTRU 
0x066E	0xF001EC3F  	CALL        638, 0
0x0672	0x0012      	RETURN      0
;B.c,0 :: ?ICS?lstr3_B
0x0640	0x4341 ;?ICS?lstr3_B+0
0x0642	0x4543 ;?ICS?lstr3_B+2
0x0644	0x4F53 ;?ICS?lstr3_B+4
0x0646	0x00 ;?ICS?lstr3_B+6
; end of ?ICS?lstr3_B
;B.c,0 :: ?ICS?lstr1_B
0x0647	0x5053 ;?ICS?lstr1_B+0
0x0649	0x4E45 ;?ICS?lstr1_B+2
0x064B	0x4F54 ;?ICS?lstr1_B+4
0x064D	0x00 ;?ICS?lstr1_B+6
; end of ?ICS?lstr1_B
;B.c,0 :: ?ICS?lstr2_B
0x064E	0x5053 ;?ICS?lstr2_B+0
0x0650	0x4E45 ;?ICS?lstr2_B+2
0x0652	0x4F54 ;?ICS?lstr2_B+4
0x0654	0x00 ;?ICS?lstr2_B+6
; end of ?ICS?lstr2_B
Symbol List:
//** Routines locations **
//ADDRESS    SIZE    PROCEDURE
//----------------------------------------------
0x001C      [10]    _Delay_50us
0x0026      [22]    _Delay_5500us
0x003C       [6]    _Delay_1us
0x0042      [54]    _Div_16X16_U
0x0078     [124]    _Lcd_Cmd
0x00F4      [12]    _Lcd_Chr_CP
0x0100      [88]    _Div_16x16_S_L
0x0158     [144]    _WordToStr
0x01E8     [150]    _Lcd_Init
0x027E      [16]    ___CC2DW
0x028E     [122]    _Lcd_Out
0x0308     [198]    _Div_16x16_S
0x03CE     [216]    _IntToStr
0x04A6     [410]    _main
//** Variables locations ** 
//ADDRESS    SIZE    VARIABLE
//----------------------------------------------
0x0000       [1]    R0
0x0001       [1]    __Lib_Conversions_Adjust_Hex_tmp_L0
0x0001       [1]    R1
0x0002       [2]    memset_pp_L0
0x0002       [2]    memchr_s_L0
0x0002       [2]    strlen_cp_L0
0x0002       [2]    memcpy_dd_L0
0x0002       [2]    vu_meter_i_L0
0x0002       [1]    R2
0x0003       [2]    Ltrim_original_L0
0x0003       [2]    memmove_tt_L0
0x0003       [1]    R3
0x0004       [1]    R4
0x0004       [2]    strcat_cp_L0
0x0004       [2]    strncpy_cp_L0
0x0004       [2]    strcpy_cp_L0
0x0004       [2]    memcpy_ss_L0
0x0004       [2]    strncat_cp_L0
0x0005       [2]    memmove_ff_L0
0x0005       [2]    Ltrim_p_L0
0x0005       [2]    LongIntToHex_input_half_L0
0x0005       [1]    R5
0x0005       [2]    LongWordToHex_input_half_L0
0x0006       [1]    R6
0x0007       [1]    R7
0x0008       [1]    R8
0x0009       [1]    R9
0x000A       [1]    R10
0x000B       [1]    R11
0x000C       [1]    R12
0x000D       [1]    R13
0x000E       [1]    R14
0x000F       [1]    R15
0x0010       [1]    R16
0x0011       [1]    R17
0x0012       [1]    R18
0x0013       [1]    R19
0x0014       [1]    R20
0x0015       [7]    ?lstr3_B
0x001C       [7]    ?lstr1_B
0x0023       [7]    ?lstr2_B
0x002A       [0]    __Lib_Lcd_cmd_status
0x002B       [1]    main_RC0_new_L0
0x002C       [1]    main_RC0_old_L0
0x002D       [1]    main_RC3_new_L0
0x002E       [1]    main_RC3_old_L0
0x002F       [1]    main_RC4_new_L0
0x0030       [1]    main_RC4_old_L0
0x0031       [7]    main_velocita_motore_char_L0
0x0038       [1]    main_stato_accensione_L0
0x0039       [1]    main_velocita_motore_L0
0x003A       [1]    main_vel_change_L0
0x003B       [1]    FARG_Lcd_Out_row
0x003B       [2]    FARG_IntToStr_input
0x003C       [1]    FARG_Lcd_Out_column
0x003D       [2]    FARG_IntToStr_output
0x003D       [2]    FARG_Lcd_Out_text
0x003F       [1]    Lcd_Out_i_L0
0x003F       [2]    IntToStr_i_L0
0x0041       [2]    IntToStr_negative_L0
0x0043       [2]    IntToStr_inword_L0
0x0045       [2]    FARG_WordToStr_input
0x0045       [1]    FARG_Lcd_Chr_CP_out_char
0x0047       [2]    FARG_WordToStr_output
0x0049       [1]    WordToStr_len_L0
0x004A       [2]    FLOC__WordToStr
0x004C       [1]    FARG_Lcd_Cmd_out_char
0x0F38       [1]    ANSELA
0x0F3A       [1]    ANSELC
0x0F3B       [1]    ANSELD
0x0F3C       [1]    ANSELE
0x0F48       [1]    CCPTMRS1
0x0F54       [1]    CCP5CON
0x0F55       [1]    CCPR5L
0x0F82       [1]    PORTC
0x0F89       [1]    LATA
0x0F8A       [0]    LCD_D4
0x0F8A       [0]    LCD_EN
0x0F8A       [0]    LCD_D5
0x0F8A       [0]    LCD_D7
0x0F8A       [0]    LCD_D6
0x0F8A       [0]    LATB2_bit
0x0F8A       [0]    LATB1_bit
0x0F8A       [0]    LATB0_bit
0x0F8A       [0]    LATB3_bit
0x0F8A       [0]    LCD_RS
0x0F8A       [0]    LATB5_bit
0x0F8A       [0]    LATB4_bit
0x0F8C       [1]    LATD
0x0F8D       [1]    LATE
0x0F92       [1]    TRISA
0x0F93       [0]    LCD_D4_Direction
0x0F93       [0]    LCD_EN_Direction
0x0F93       [0]    LCD_RS_Direction
0x0F93       [0]    LCD_D7_Direction
0x0F93       [0]    LCD_D6_Direction
0x0F93       [0]    LCD_D5_Direction
0x0F93       [0]    TRISB2_bit
0x0F93       [0]    TRISB3_bit
0x0F93       [0]    TRISB0_bit
0x0F93       [0]    TRISB1_bit
0x0F93       [0]    TRISB4_bit
0x0F93       [0]    TRISB5_bit
0x0F94       [1]    TRISC
0x0F95       [1]    TRISD
0x0F96       [1]    TRISE
0x0FBA       [1]    T2CON
0x0FBB       [1]    PR2
0x0FD8       [1]    STATUS
0x0FD9       [1]    FSR2L
0x0FDA       [1]    FSR2H
0x0FDE       [1]    POSTINC2
0x0FE0       [1]    BSR
0x0FE1       [1]    FSR1L
0x0FE2       [1]    FSR1H
0x0FE4       [1]    PREINC1
0x0FE6       [1]    POSTINC1
0x0FE7       [1]    INDF1
0x0FE8       [1]    WREG
0x0FE9       [1]    FSR0L
0x0FEA       [1]    FSR0H
0x0FEE       [1]    POSTINC0
0x0FF3       [1]    PRODL
0x0FF4       [1]    PRODH
0x0FF5       [1]    TABLAT
0x0FF6       [3]    TBLPTR
0x0FF6       [1]    TBLPTRL
0x0FF7       [1]    TBLPTRH
0x0FF8       [1]    TBLPTRU
//** Constants locations ** 
//ADDRESS    SIZE    CONSTANT
//----------------------------------------------
0x0640       [7]    ?ICS?lstr3_B
0x0647       [7]    ?ICS?lstr1_B
0x064E       [7]    ?ICS?lstr2_B
