;  LST file generated by mikroListExporter - v.2.0 
; Date/Time: 03/06/2021 12:23:38
;----------------------------------------------

;Address Opcode 	ASM
0x0000	0xF002EF79  	GOTO        1266
_interrupt:
;parteB.c,172 :: 		void interrupt(){
;parteB.c,173 :: 		INTCON.GIE=0;
0x0008	0x9EF2      	BCF         INTCON, 7 
;parteB.c,174 :: 		if (INTCON.TMR0IF){
0x000A	0xA4F2      	BTFSS       INTCON, 2 
0x000C	0xD003      	BRA         L_interrupt19
;parteB.c,175 :: 		INTCON.TMR0IF=0;
0x000E	0x94F2      	BCF         INTCON, 2 
;parteB.c,176 :: 		clk+=1;//ms
0x0010	0x4A1C      	INFSNZ      _clk, 1 
0x0012	0x2A1D      	INCF        _clk+1, 1 
;parteB.c,178 :: 		}
L_interrupt19:
;parteB.c,180 :: 		INTCON.GIE=1;
0x0014	0x8EF2      	BSF         INTCON, 7 
;parteB.c,181 :: 		}
L_end_interrupt:
L__interrupt31:
0x0016	0x0011      	RETFIE      1
; end of _interrupt
_Delay_50us:
;__Lib_Delays.c,19 :: 		void Delay_50us() {
;__Lib_Delays.c,20 :: 		Delay_us(50);
0x0018	0x0E21      	MOVLW       33
0x001A	0x6E0D      	MOVWF       R13, 0
L_Delay_50us2:
0x001C	0x2E0D      	DECFSZ      R13, 1, 0
0x001E	0xD7FE      	BRA         L_Delay_50us2
;__Lib_Delays.c,21 :: 		}
L_end_Delay_50us:
0x0020	0x0012      	RETURN      0
; end of _Delay_50us
_Delay_5500us:
;__Lib_Delays.c,31 :: 		void Delay_5500us() {
;__Lib_Delays.c,32 :: 		Delay_us(5500);
0x0022	0x0E0F      	MOVLW       15
0x0024	0x6E0C      	MOVWF       R12, 0
0x0026	0x0E47      	MOVLW       71
0x0028	0x6E0D      	MOVWF       R13, 0
L_Delay_5500us5:
0x002A	0x2E0D      	DECFSZ      R13, 1, 0
0x002C	0xD7FE      	BRA         L_Delay_5500us5
0x002E	0x2E0C      	DECFSZ      R12, 1, 0
0x0030	0xD7FC      	BRA         L_Delay_5500us5
0x0032	0x0000      	NOP
0x0034	0x0000      	NOP
;__Lib_Delays.c,33 :: 		}
L_end_Delay_5500us:
0x0036	0x0012      	RETURN      0
; end of _Delay_5500us
_Delay_1us:
;__Lib_Delays.c,7 :: 		void Delay_1us() {
;__Lib_Delays.c,8 :: 		Delay_us(1);
0x0038	0x0000      	NOP
0x003A	0x0000      	NOP
;__Lib_Delays.c,9 :: 		}
L_end_Delay_1us:
0x003C	0x0012      	RETURN      0
; end of _Delay_1us
_Div_16X16_U:
;__Lib_Math.c,102 :: 		
;__Lib_Math.c,109 :: 		
0x003E	0x6A08      	CLRF        R8, 0
;__Lib_Math.c,110 :: 		
0x0040	0x6A09      	CLRF        R9, 0
;__Lib_Math.c,111 :: 		
0x0042	0x0E10      	MOVLW       16
;__Lib_Math.c,112 :: 		
0x0044	0x6E0C      	MOVWF       R12, 0
;__Lib_Math.c,113 :: 		
0x0046	0x3401      	RLCF        R1, 0, 0
;__Lib_Math.c,114 :: 		
0x0048	0x3608      	RLCF        R8, 1, 0
;__Lib_Math.c,115 :: 		
0x004A	0x3609      	RLCF        R9, 1, 0
;__Lib_Math.c,116 :: 		
0x004C	0x5004      	MOVF        R4, 0, 0
;__Lib_Math.c,117 :: 		
0x004E	0x5E08      	SUBWF       R8, 1, 0
;__Lib_Math.c,118 :: 		
0x0050	0x5005      	MOVF        R5, 0, 0
;__Lib_Math.c,119 :: 		
0x0052	0xA0D8      	BTFSS       STATUS, 0, 0
;__Lib_Math.c,120 :: 		
0x0054	0x3C05      	INCFSZ      R5, 0, 0
;__Lib_Math.c,121 :: 		
0x0056	0x5E09      	SUBWF       R9, 1, 0
;__Lib_Math.c,122 :: 		
0x0058	0xB0D8      	BTFSC       STATUS, 0, 0
;__Lib_Math.c,123 :: 		
0x005A	0xD007      	BRA         $+16
;__Lib_Math.c,124 :: 		
0x005C	0x5004      	MOVF        R4, 0, 0
;__Lib_Math.c,125 :: 		
0x005E	0x2608      	ADDWF       R8, 1, 0
;__Lib_Math.c,126 :: 		
0x0060	0x5005      	MOVF        R5, 0, 0
;__Lib_Math.c,127 :: 		
0x0062	0xB0D8      	BTFSC       STATUS, 0, 0
;__Lib_Math.c,128 :: 		
0x0064	0x3C05      	INCFSZ      R5, 0, 0
;__Lib_Math.c,129 :: 		
0x0066	0x2609      	ADDWF       R9, 1, 0
;__Lib_Math.c,130 :: 		
0x0068	0x90D8      	BCF         STATUS, 0, 0
;__Lib_Math.c,131 :: 		
0x006A	0x3600      	RLCF        R0, 1, 0
;__Lib_Math.c,132 :: 		
0x006C	0x3601      	RLCF        R1, 1, 0
;__Lib_Math.c,133 :: 		
0x006E	0x2E0C      	DECFSZ      R12, 1, 0
;__Lib_Math.c,134 :: 		
0x0070	0xD7EA      	BRA         $-42
;__Lib_Math.c,136 :: 		
L_end_Div_16X16_U:
0x0072	0x0012      	RETURN      0
; end of _Div_16X16_U
_Lcd_Cmd:
;__Lib_Lcd.c,18 :: 		
;__Lib_Lcd.c,20 :: 		
0x0074	0xBE57      	BTFSC       FARG_Lcd_Cmd_out_char, 7 
0x0076	0xD002      	BRA         L__Lcd_Cmd21
0x0078	0x968A      	BCF         LCD_D7, BitPos(LCD_D7+0) 
0x007A	0xD001      	BRA         L__Lcd_Cmd22
L__Lcd_Cmd21:
0x007C	0x868A      	BSF         LCD_D7, BitPos(LCD_D7+0) 
L__Lcd_Cmd22:
;__Lib_Lcd.c,21 :: 		
0x007E	0xBC57      	BTFSC       FARG_Lcd_Cmd_out_char, 6 
0x0080	0xD002      	BRA         L__Lcd_Cmd23
0x0082	0x948A      	BCF         LCD_D6, BitPos(LCD_D6+0) 
0x0084	0xD001      	BRA         L__Lcd_Cmd24
L__Lcd_Cmd23:
0x0086	0x848A      	BSF         LCD_D6, BitPos(LCD_D6+0) 
L__Lcd_Cmd24:
;__Lib_Lcd.c,22 :: 		
0x0088	0xBA57      	BTFSC       FARG_Lcd_Cmd_out_char, 5 
0x008A	0xD002      	BRA         L__Lcd_Cmd25
0x008C	0x928A      	BCF         LCD_D5, BitPos(LCD_D5+0) 
0x008E	0xD001      	BRA         L__Lcd_Cmd26
L__Lcd_Cmd25:
0x0090	0x828A      	BSF         LCD_D5, BitPos(LCD_D5+0) 
L__Lcd_Cmd26:
;__Lib_Lcd.c,23 :: 		
0x0092	0xB857      	BTFSC       FARG_Lcd_Cmd_out_char, 4 
0x0094	0xD002      	BRA         L__Lcd_Cmd27
0x0096	0x908A      	BCF         LCD_D4, BitPos(LCD_D4+0) 
0x0098	0xD001      	BRA         L__Lcd_Cmd28
L__Lcd_Cmd27:
0x009A	0x808A      	BSF         LCD_D4, BitPos(LCD_D4+0) 
L__Lcd_Cmd28:
;__Lib_Lcd.c,25 :: 		
0x009C	0xB02C      	BTFSC       __Lib_Lcd_cmd_status, BitPos(__Lib_Lcd_cmd_status+0) 
0x009E	0xD002      	BRA         L__Lcd_Cmd29
0x00A0	0x888A      	BSF         LCD_RS, BitPos(LCD_RS+0) 
0x00A2	0xD001      	BRA         L__Lcd_Cmd30
L__Lcd_Cmd29:
0x00A4	0x988A      	BCF         LCD_RS, BitPos(LCD_RS+0) 
L__Lcd_Cmd30:
;__Lib_Lcd.c,28 :: 		
0x00A6	0x8A8A      	BSF         LCD_EN, BitPos(LCD_EN+0) 
;__Lib_Lcd.c,29 :: 		
0x00A8	0xDFC7      	RCALL       _Delay_1us
;__Lib_Lcd.c,30 :: 		
0x00AA	0x9A8A      	BCF         LCD_EN, BitPos(LCD_EN+0) 
;__Lib_Lcd.c,33 :: 		
0x00AC	0xB657      	BTFSC       FARG_Lcd_Cmd_out_char, 3 
0x00AE	0xD002      	BRA         L__Lcd_Cmd31
0x00B0	0x968A      	BCF         LCD_D7, BitPos(LCD_D7+0) 
0x00B2	0xD001      	BRA         L__Lcd_Cmd32
L__Lcd_Cmd31:
0x00B4	0x868A      	BSF         LCD_D7, BitPos(LCD_D7+0) 
L__Lcd_Cmd32:
;__Lib_Lcd.c,34 :: 		
0x00B6	0xB457      	BTFSC       FARG_Lcd_Cmd_out_char, 2 
0x00B8	0xD002      	BRA         L__Lcd_Cmd33
0x00BA	0x948A      	BCF         LCD_D6, BitPos(LCD_D6+0) 
0x00BC	0xD001      	BRA         L__Lcd_Cmd34
L__Lcd_Cmd33:
0x00BE	0x848A      	BSF         LCD_D6, BitPos(LCD_D6+0) 
L__Lcd_Cmd34:
;__Lib_Lcd.c,35 :: 		
0x00C0	0xB257      	BTFSC       FARG_Lcd_Cmd_out_char, 1 
0x00C2	0xD002      	BRA         L__Lcd_Cmd35
0x00C4	0x928A      	BCF         LCD_D5, BitPos(LCD_D5+0) 
0x00C6	0xD001      	BRA         L__Lcd_Cmd36
L__Lcd_Cmd35:
0x00C8	0x828A      	BSF         LCD_D5, BitPos(LCD_D5+0) 
L__Lcd_Cmd36:
;__Lib_Lcd.c,36 :: 		
0x00CA	0xB057      	BTFSC       FARG_Lcd_Cmd_out_char, 0 
0x00CC	0xD002      	BRA         L__Lcd_Cmd37
0x00CE	0x908A      	BCF         LCD_D4, BitPos(LCD_D4+0) 
0x00D0	0xD001      	BRA         L__Lcd_Cmd38
L__Lcd_Cmd37:
0x00D2	0x808A      	BSF         LCD_D4, BitPos(LCD_D4+0) 
L__Lcd_Cmd38:
;__Lib_Lcd.c,38 :: 		
0x00D4	0xB02C      	BTFSC       __Lib_Lcd_cmd_status, BitPos(__Lib_Lcd_cmd_status+0) 
0x00D6	0xD002      	BRA         L__Lcd_Cmd39
0x00D8	0x888A      	BSF         LCD_RS, BitPos(LCD_RS+0) 
0x00DA	0xD001      	BRA         L__Lcd_Cmd40
L__Lcd_Cmd39:
0x00DC	0x988A      	BCF         LCD_RS, BitPos(LCD_RS+0) 
L__Lcd_Cmd40:
;__Lib_Lcd.c,40 :: 		
0x00DE	0x8A8A      	BSF         LCD_EN, BitPos(LCD_EN+0) 
;__Lib_Lcd.c,41 :: 		
0x00E0	0xDFAB      	RCALL       _Delay_1us
;__Lib_Lcd.c,42 :: 		
0x00E2	0x9A8A      	BCF         LCD_EN, BitPos(LCD_EN+0) 
;__Lib_Lcd.c,44 :: 		
0x00E4	0xA02C      	BTFSS       __Lib_Lcd_cmd_status, BitPos(__Lib_Lcd_cmd_status+0) 
0x00E6	0xD002      	BRA         L_Lcd_Cmd0
;__Lib_Lcd.c,45 :: 		
0x00E8	0xDF9C      	RCALL       _Delay_5500us
0x00EA	0xD001      	BRA         L_Lcd_Cmd1
L_Lcd_Cmd0:
;__Lib_Lcd.c,47 :: 		
0x00EC	0xDF95      	RCALL       _Delay_50us
L_Lcd_Cmd1:
;__Lib_Lcd.c,48 :: 		
L_end_Lcd_Cmd:
0x00EE	0x0012      	RETURN      0
; end of _Lcd_Cmd
_Lcd_Chr_CP:
;__Lib_Lcd.c,50 :: 		
;__Lib_Lcd.c,52 :: 		
0x00F0	0x902C      	BCF         __Lib_Lcd_cmd_status, BitPos(__Lib_Lcd_cmd_status+0) 
;__Lib_Lcd.c,53 :: 		
0x00F2	0xF057C050  	MOVFF       FARG_Lcd_Chr_CP_out_char, FARG_Lcd_Cmd_out_char
0x00F6	0xDFBE      	RCALL       _Lcd_Cmd
;__Lib_Lcd.c,54 :: 		
0x00F8	0x802C      	BSF         __Lib_Lcd_cmd_status, BitPos(__Lib_Lcd_cmd_status+0) 
;__Lib_Lcd.c,55 :: 		
L_end_Lcd_Chr_CP:
0x00FA	0x0012      	RETURN      0
; end of _Lcd_Chr_CP
_WordToStr:
;__Lib_Conversions.c,98 :: 		
;__Lib_Conversions.c,103 :: 		
0x00FC	0x6A54      	CLRF        WordToStr_len_L0 
L_WordToStr11:
0x00FE	0x0E05      	MOVLW       5
0x0100	0x5C54      	SUBWF       WordToStr_len_L0, 0 
0x0102	0xE20A      	BC          L_WordToStr12
;__Lib_Conversions.c,104 :: 		
0x0104	0x5054      	MOVF        WordToStr_len_L0, 0 
0x0106	0x2452      	ADDWF       FARG_WordToStr_output, 0 
0x0108	0x6EE1      	MOVWF       FSR1L 
0x010A	0x0E00      	MOVLW       0
0x010C	0x2053      	ADDWFC      FARG_WordToStr_output+1, 0 
0x010E	0x6EE2      	MOVWF       FSR1L+1 
0x0110	0x0E20      	MOVLW       32
0x0112	0x6EE6      	MOVWF       POSTINC1 
;__Lib_Conversions.c,103 :: 		
0x0114	0x2A54      	INCF        WordToStr_len_L0, 1 
;__Lib_Conversions.c,104 :: 		
0x0116	0xD7F3      	BRA         L_WordToStr11
L_WordToStr12:
;__Lib_Conversions.c,105 :: 		
0x0118	0x5054      	MOVF        WordToStr_len_L0, 0 
0x011A	0x2452      	ADDWF       FARG_WordToStr_output, 0 
0x011C	0x6EE1      	MOVWF       FSR1L 
0x011E	0x0E00      	MOVLW       0
0x0120	0x2053      	ADDWFC      FARG_WordToStr_output+1, 0 
0x0122	0x6EE2      	MOVWF       FSR1L+1 
0x0124	0x6AE6      	CLRF        POSTINC1 
0x0126	0x0654      	DECF        WordToStr_len_L0, 1 
;__Lib_Conversions.c,107 :: 		
L_WordToStr14:
;__Lib_Conversions.c,108 :: 		
0x0128	0x5054      	MOVF        WordToStr_len_L0, 0 
0x012A	0x2452      	ADDWF       FARG_WordToStr_output, 0 
0x012C	0x6E55      	MOVWF       FLOC__WordToStr 
0x012E	0x0E00      	MOVLW       0
0x0130	0x2053      	ADDWFC      FARG_WordToStr_output+1, 0 
0x0132	0x6E56      	MOVWF       FLOC__WordToStr+1 
0x0134	0x0E0A      	MOVLW       10
0x0136	0x6E04      	MOVWF       R4 
0x0138	0x0E00      	MOVLW       0
0x013A	0x6E05      	MOVWF       R5 
0x013C	0xF000C050  	MOVFF       FARG_WordToStr_input, R0
0x0140	0xF001C051  	MOVFF       FARG_WordToStr_input+1, R1
0x0144	0xDF7C      	RCALL       _Div_16X16_U
0x0146	0xF000C008  	MOVFF       R8, R0
0x014A	0xF001C009  	MOVFF       R9, R1
0x014E	0x0E30      	MOVLW       48
0x0150	0x2600      	ADDWF       R0, 1 
0x0152	0xFFE1C055  	MOVFF       FLOC__WordToStr, FSR1L
0x0156	0xFFE2C056  	MOVFF       FLOC__WordToStr+1, FSR1H
0x015A	0xFFE6C000  	MOVFF       R0, POSTINC1
;__Lib_Conversions.c,109 :: 		
0x015E	0x0E0A      	MOVLW       10
0x0160	0x6E04      	MOVWF       R4 
0x0162	0x0E00      	MOVLW       0
0x0164	0x6E05      	MOVWF       R5 
0x0166	0xF000C050  	MOVFF       FARG_WordToStr_input, R0
0x016A	0xF001C051  	MOVFF       FARG_WordToStr_input+1, R1
0x016E	0xDF67      	RCALL       _Div_16X16_U
0x0170	0xF050C000  	MOVFF       R0, FARG_WordToStr_input
0x0174	0xF051C001  	MOVFF       R1, FARG_WordToStr_input+1
;__Lib_Conversions.c,110 :: 		
0x0178	0x0E00      	MOVLW       0
0x017A	0x1801      	XORWF       R1, 0 
0x017C	0xE102      	BNZ         L__WordToStr379
0x017E	0x0E00      	MOVLW       0
0x0180	0x1800      	XORWF       R0, 0 
L__WordToStr379:
0x0182	0xE101      	BNZ         L_WordToStr16
;__Lib_Conversions.c,111 :: 		
0x0184	0xD002      	BRA         L_WordToStr15
L_WordToStr16:
;__Lib_Conversions.c,112 :: 		
0x0186	0x0654      	DECF        WordToStr_len_L0, 1 
;__Lib_Conversions.c,113 :: 		
0x0188	0xD7CF      	BRA         L_WordToStr14
L_WordToStr15:
;__Lib_Conversions.c,114 :: 		
L_end_WordToStr:
0x018A	0x0012      	RETURN      0
; end of _WordToStr
_Div_16x16_S_L:
;__Lib_Math.c,139 :: 		
;__Lib_Math.c,146 :: 		
0x018C	0x3401      	RLCF        R1, 0, 0
;__Lib_Math.c,147 :: 		
0x018E	0x3608      	RLCF        R8, 1, 0
;__Lib_Math.c,148 :: 		
0x0190	0x3609      	RLCF        R9, 1, 0
;__Lib_Math.c,149 :: 		
0x0192	0x5004      	MOVF        R4, 0, 0
;__Lib_Math.c,150 :: 		
0x0194	0x5E08      	SUBWF       R8, 1, 0
;__Lib_Math.c,151 :: 		
0x0196	0x5005      	MOVF        R5, 0, 0
;__Lib_Math.c,152 :: 		
0x0198	0xA0D8      	BTFSS       STATUS, 0, 0
;__Lib_Math.c,153 :: 		
0x019A	0x3C05      	INCFSZ      R5, 0, 0
;__Lib_Math.c,154 :: 		
0x019C	0x5E09      	SUBWF       R9, 1, 0
;__Lib_Math.c,155 :: 		
0x019E	0x3600      	RLCF        R0, 1, 0
;__Lib_Math.c,156 :: 		
0x01A0	0x3601      	RLCF        R1, 1, 0
;__Lib_Math.c,158 :: 		
0x01A2	0x0E0F      	MOVLW       15
;__Lib_Math.c,159 :: 		
0x01A4	0x6E0C      	MOVWF       R12, 0
;__Lib_Math.c,161 :: 		
0x01A6	0x3401      	RLCF        R1, 0, 0
;__Lib_Math.c,162 :: 		
0x01A8	0x3608      	RLCF        R8, 1, 0
;__Lib_Math.c,163 :: 		
0x01AA	0x3609      	RLCF        R9, 1, 0
;__Lib_Math.c,164 :: 		
0x01AC	0x5004      	MOVF        R4, 0, 0
;__Lib_Math.c,166 :: 		
0x01AE	0xA000      	BTFSS       R0, 0, 0
;__Lib_Math.c,167 :: 		
0x01B0	0xD006      	BRA         $+14
;__Lib_Math.c,168 :: 		
0x01B2	0x5E08      	SUBWF       R8, 1, 0
;__Lib_Math.c,169 :: 		
0x01B4	0x5005      	MOVF        R5, 0, 0
;__Lib_Math.c,170 :: 		
0x01B6	0xA0D8      	BTFSS       STATUS, 0, 0
;__Lib_Math.c,171 :: 		
0x01B8	0x3C05      	INCFSZ      R5, 0, 0
;__Lib_Math.c,172 :: 		
0x01BA	0x5E09      	SUBWF       R9, 1, 0
;__Lib_Math.c,173 :: 		
0x01BC	0xD005      	BRA         $+12
;__Lib_Math.c,175 :: 		
0x01BE	0x2608      	ADDWF       R8, 1, 0
;__Lib_Math.c,176 :: 		
0x01C0	0x5005      	MOVF        R5, 0, 0
;__Lib_Math.c,177 :: 		
0x01C2	0xB0D8      	BTFSC       STATUS, 0, 0
;__Lib_Math.c,178 :: 		
0x01C4	0x3C05      	INCFSZ      R5, 0, 0
;__Lib_Math.c,179 :: 		
0x01C6	0x2609      	ADDWF       R9, 1, 0
;__Lib_Math.c,181 :: 		
0x01C8	0x3600      	RLCF        R0, 1, 0
;__Lib_Math.c,182 :: 		
0x01CA	0x3601      	RLCF        R1, 1, 0
;__Lib_Math.c,184 :: 		
0x01CC	0x2E0C      	DECFSZ      R12, 1, 0
;__Lib_Math.c,185 :: 		
0x01CE	0xD7EB      	BRA         $-40
;__Lib_Math.c,187 :: 		
0x01D0	0xB000      	BTFSC       R0, 0, 0
;__Lib_Math.c,188 :: 		
0x01D2	0xD006      	BRA         $+14
;__Lib_Math.c,189 :: 		
0x01D4	0x5004      	MOVF        R4, 0, 0
;__Lib_Math.c,190 :: 		
0x01D6	0x2608      	ADDWF       R8, 1, 0
;__Lib_Math.c,191 :: 		
0x01D8	0x5005      	MOVF        R5, 0, 0
;__Lib_Math.c,192 :: 		
0x01DA	0xB0D8      	BTFSC       STATUS, 0, 0
;__Lib_Math.c,193 :: 		
0x01DC	0x3C05      	INCFSZ      R5, 0, 0
;__Lib_Math.c,194 :: 		
0x01DE	0x2609      	ADDWF       R9, 1, 0
;__Lib_Math.c,195 :: 		
0x01E0	0x0000      	NOP
;__Lib_Math.c,197 :: 		
L_end_Div_16x16_S_L:
0x01E2	0x0012      	RETURN      0
; end of _Div_16x16_S_L
_Lcd_Out:
;__Lib_Lcd.c,184 :: 		
;__Lib_Lcd.c,187 :: 		
0x01E4	0xD00F      	BRA         L_Lcd_Out11
;__Lib_Lcd.c,188 :: 		
L_Lcd_Out13:
0x01E6	0x0E80      	MOVLW       128
0x01E8	0x6E46      	MOVWF       FARG_Lcd_Out_row 
0x01EA	0xD019      	BRA         L_Lcd_Out12
;__Lib_Lcd.c,189 :: 		
L_Lcd_Out14:
0x01EC	0x0EC0      	MOVLW       192
0x01EE	0x6E46      	MOVWF       FARG_Lcd_Out_row 
0x01F0	0xD016      	BRA         L_Lcd_Out12
;__Lib_Lcd.c,190 :: 		
L_Lcd_Out15:
0x01F2	0x0E94      	MOVLW       148
0x01F4	0x6E46      	MOVWF       FARG_Lcd_Out_row 
0x01F6	0xD013      	BRA         L_Lcd_Out12
;__Lib_Lcd.c,191 :: 		
L_Lcd_Out16:
0x01F8	0x0ED4      	MOVLW       212
0x01FA	0x6E46      	MOVWF       FARG_Lcd_Out_row 
0x01FC	0xD010      	BRA         L_Lcd_Out12
;__Lib_Lcd.c,192 :: 		
L_Lcd_Out17:
0x01FE	0x0E80      	MOVLW       128
0x0200	0x6E46      	MOVWF       FARG_Lcd_Out_row 
;__Lib_Lcd.c,193 :: 		
0x0202	0xD00D      	BRA         L_Lcd_Out12
L_Lcd_Out11:
0x0204	0x5046      	MOVF        FARG_Lcd_Out_row, 0 
0x0206	0x0A01      	XORLW       1
0x0208	0xE0EE      	BZ          L_Lcd_Out13
0x020A	0x5046      	MOVF        FARG_Lcd_Out_row, 0 
0x020C	0x0A02      	XORLW       2
0x020E	0xE0EE      	BZ          L_Lcd_Out14
0x0210	0x5046      	MOVF        FARG_Lcd_Out_row, 0 
0x0212	0x0A03      	XORLW       3
0x0214	0xE0EE      	BZ          L_Lcd_Out15
0x0216	0x5046      	MOVF        FARG_Lcd_Out_row, 0 
0x0218	0x0A04      	XORLW       4
0x021A	0xE0EE      	BZ          L_Lcd_Out16
0x021C	0xD7F0      	BRA         L_Lcd_Out17
L_Lcd_Out12:
;__Lib_Lcd.c,194 :: 		
0x021E	0x0447      	DECF        FARG_Lcd_Out_column, 0 
0x0220	0x6E00      	MOVWF       R0 
0x0222	0x5046      	MOVF        FARG_Lcd_Out_row, 0 
0x0224	0x2600      	ADDWF       R0, 1 
0x0226	0xF046C000  	MOVFF       R0, FARG_Lcd_Out_row
;__Lib_Lcd.c,196 :: 		
0x022A	0xF057C000  	MOVFF       R0, FARG_Lcd_Cmd_out_char
0x022E	0xDF22      	RCALL       _Lcd_Cmd
;__Lib_Lcd.c,197 :: 		
0x0230	0x902C      	BCF         __Lib_Lcd_cmd_status, BitPos(__Lib_Lcd_cmd_status+0) 
;__Lib_Lcd.c,198 :: 		
0x0232	0x6A4A      	CLRF        Lcd_Out_i_L0 
;__Lib_Lcd.c,199 :: 		
L_Lcd_Out18:
0x0234	0x504A      	MOVF        Lcd_Out_i_L0, 0 
0x0236	0x2448      	ADDWF       FARG_Lcd_Out_text, 0 
0x0238	0x6EE9      	MOVWF       FSR0L 
0x023A	0x0E00      	MOVLW       0
0x023C	0x2049      	ADDWFC      FARG_Lcd_Out_text+1, 0 
0x023E	0x6EEA      	MOVWF       FSR0L+1 
0x0240	0x52EE      	MOVF        POSTINC0, 1 
0x0242	0xE00B      	BZ          L_Lcd_Out19
;__Lib_Lcd.c,200 :: 		
0x0244	0x504A      	MOVF        Lcd_Out_i_L0, 0 
0x0246	0x2448      	ADDWF       FARG_Lcd_Out_text, 0 
0x0248	0x6EE9      	MOVWF       FSR0L 
0x024A	0x0E00      	MOVLW       0
0x024C	0x2049      	ADDWFC      FARG_Lcd_Out_text+1, 0 
0x024E	0x6EEA      	MOVWF       FSR0L+1 
0x0250	0xF050CFEE  	MOVFF       POSTINC0, FARG_Lcd_Chr_CP_out_char
0x0254	0xDF4D      	RCALL       _Lcd_Chr_CP
0x0256	0x2A4A      	INCF        Lcd_Out_i_L0, 1 
0x0258	0xD7ED      	BRA         L_Lcd_Out18
L_Lcd_Out19:
;__Lib_Lcd.c,201 :: 		
0x025A	0x802C      	BSF         __Lib_Lcd_cmd_status, BitPos(__Lib_Lcd_cmd_status+0) 
;__Lib_Lcd.c,202 :: 		
L_end_Lcd_Out:
0x025C	0x0012      	RETURN      0
; end of _Lcd_Out
_Lcd_Init:
;__Lib_Lcd.c,84 :: 		
;__Lib_Lcd.c,86 :: 		
0x025E	0x9A93      	BCF         LCD_EN_Direction, BitPos(LCD_EN_Direction+0) 
;__Lib_Lcd.c,87 :: 		
0x0260	0x9893      	BCF         LCD_RS_Direction, BitPos(LCD_RS_Direction+0) 
;__Lib_Lcd.c,88 :: 		
0x0262	0x9093      	BCF         LCD_D4_Direction, BitPos(LCD_D4_Direction+0) 
;__Lib_Lcd.c,89 :: 		
0x0264	0x9293      	BCF         LCD_D5_Direction, BitPos(LCD_D5_Direction+0) 
;__Lib_Lcd.c,90 :: 		
0x0266	0x9493      	BCF         LCD_D6_Direction, BitPos(LCD_D6_Direction+0) 
;__Lib_Lcd.c,91 :: 		
0x0268	0x9693      	BCF         LCD_D7_Direction, BitPos(LCD_D7_Direction+0) 
;__Lib_Lcd.c,93 :: 		
0x026A	0x9A8A      	BCF         LCD_EN, BitPos(LCD_EN+0) 
;__Lib_Lcd.c,94 :: 		
0x026C	0x988A      	BCF         LCD_RS, BitPos(LCD_RS+0) 
;__Lib_Lcd.c,95 :: 		
0x026E	0x968A      	BCF         LCD_D7, BitPos(LCD_D7+0) 
;__Lib_Lcd.c,96 :: 		
0x0270	0x948A      	BCF         LCD_D6, BitPos(LCD_D6+0) 
;__Lib_Lcd.c,97 :: 		
0x0272	0x928A      	BCF         LCD_D5, BitPos(LCD_D5+0) 
;__Lib_Lcd.c,98 :: 		
0x0274	0x908A      	BCF         LCD_D4, BitPos(LCD_D4+0) 
;__Lib_Lcd.c,100 :: 		
0x0276	0xDED5      	RCALL       _Delay_5500us
;__Lib_Lcd.c,101 :: 		
0x0278	0xDED4      	RCALL       _Delay_5500us
;__Lib_Lcd.c,102 :: 		
0x027A	0xDED3      	RCALL       _Delay_5500us
;__Lib_Lcd.c,105 :: 		
0x027C	0x828A      	BSF         LCD_D5, BitPos(LCD_D5+0) 
;__Lib_Lcd.c,106 :: 		
0x027E	0x808A      	BSF         LCD_D4, BitPos(LCD_D4+0) 
;__Lib_Lcd.c,107 :: 		
0x0280	0x8A8A      	BSF         LCD_EN, BitPos(LCD_EN+0) 
;__Lib_Lcd.c,108 :: 		
0x0282	0xDEDA      	RCALL       _Delay_1us
;__Lib_Lcd.c,109 :: 		
0x0284	0x9A8A      	BCF         LCD_EN, BitPos(LCD_EN+0) 
;__Lib_Lcd.c,110 :: 		
0x0286	0xDECD      	RCALL       _Delay_5500us
;__Lib_Lcd.c,112 :: 		
0x0288	0x8A8A      	BSF         LCD_EN, BitPos(LCD_EN+0) 
;__Lib_Lcd.c,113 :: 		
0x028A	0xDED6      	RCALL       _Delay_1us
;__Lib_Lcd.c,114 :: 		
0x028C	0x9A8A      	BCF         LCD_EN, BitPos(LCD_EN+0) 
;__Lib_Lcd.c,115 :: 		
0x028E	0xDEC9      	RCALL       _Delay_5500us
;__Lib_Lcd.c,117 :: 		
0x0290	0x8A8A      	BSF         LCD_EN, BitPos(LCD_EN+0) 
;__Lib_Lcd.c,118 :: 		
0x0292	0xDED2      	RCALL       _Delay_1us
;__Lib_Lcd.c,119 :: 		
0x0294	0x9A8A      	BCF         LCD_EN, BitPos(LCD_EN+0) 
;__Lib_Lcd.c,120 :: 		
0x0296	0xDEC5      	RCALL       _Delay_5500us
;__Lib_Lcd.c,123 :: 		
0x0298	0x908A      	BCF         LCD_D4, BitPos(LCD_D4+0) 
;__Lib_Lcd.c,124 :: 		
0x029A	0x8A8A      	BSF         LCD_EN, BitPos(LCD_EN+0) 
;__Lib_Lcd.c,125 :: 		
0x029C	0xDECD      	RCALL       _Delay_1us
;__Lib_Lcd.c,126 :: 		
0x029E	0x9A8A      	BCF         LCD_EN, BitPos(LCD_EN+0) 
;__Lib_Lcd.c,127 :: 		
0x02A0	0xDEC0      	RCALL       _Delay_5500us
;__Lib_Lcd.c,130 :: 		
0x02A2	0x8A8A      	BSF         LCD_EN, BitPos(LCD_EN+0) 
;__Lib_Lcd.c,131 :: 		
0x02A4	0xDEC9      	RCALL       _Delay_1us
;__Lib_Lcd.c,132 :: 		
0x02A6	0x9A8A      	BCF         LCD_EN, BitPos(LCD_EN+0) 
;__Lib_Lcd.c,134 :: 		
0x02A8	0x928A      	BCF         LCD_D5, BitPos(LCD_D5+0) 
;__Lib_Lcd.c,135 :: 		
0x02AA	0x868A      	BSF         LCD_D7, BitPos(LCD_D7+0) 
;__Lib_Lcd.c,136 :: 		
0x02AC	0x8A8A      	BSF         LCD_EN, BitPos(LCD_EN+0) 
;__Lib_Lcd.c,137 :: 		
0x02AE	0xDEC4      	RCALL       _Delay_1us
;__Lib_Lcd.c,138 :: 		
0x02B0	0x9A8A      	BCF         LCD_EN, BitPos(LCD_EN+0) 
;__Lib_Lcd.c,139 :: 		
0x02B2	0xDEB7      	RCALL       _Delay_5500us
;__Lib_Lcd.c,142 :: 		
0x02B4	0x968A      	BCF         LCD_D7, BitPos(LCD_D7+0) 
;__Lib_Lcd.c,143 :: 		
0x02B6	0x808A      	BSF         LCD_D4, BitPos(LCD_D4+0) 
;__Lib_Lcd.c,144 :: 		
0x02B8	0x8A8A      	BSF         LCD_EN, BitPos(LCD_EN+0) 
;__Lib_Lcd.c,145 :: 		
0x02BA	0xDEBE      	RCALL       _Delay_1us
;__Lib_Lcd.c,146 :: 		
0x02BC	0x9A8A      	BCF         LCD_EN, BitPos(LCD_EN+0) 
;__Lib_Lcd.c,148 :: 		
0x02BE	0x908A      	BCF         LCD_D4, BitPos(LCD_D4+0) 
;__Lib_Lcd.c,149 :: 		
0x02C0	0x8A8A      	BSF         LCD_EN, BitPos(LCD_EN+0) 
;__Lib_Lcd.c,150 :: 		
0x02C2	0xDEBA      	RCALL       _Delay_1us
;__Lib_Lcd.c,151 :: 		
0x02C4	0x9A8A      	BCF         LCD_EN, BitPos(LCD_EN+0) 
;__Lib_Lcd.c,152 :: 		
0x02C6	0xDEAD      	RCALL       _Delay_5500us
;__Lib_Lcd.c,155 :: 		
0x02C8	0x8A8A      	BSF         LCD_EN, BitPos(LCD_EN+0) 
;__Lib_Lcd.c,156 :: 		
0x02CA	0xDEB6      	RCALL       _Delay_1us
;__Lib_Lcd.c,157 :: 		
0x02CC	0x9A8A      	BCF         LCD_EN, BitPos(LCD_EN+0) 
;__Lib_Lcd.c,159 :: 		
0x02CE	0x808A      	BSF         LCD_D4, BitPos(LCD_D4+0) 
;__Lib_Lcd.c,160 :: 		
0x02D0	0x8A8A      	BSF         LCD_EN, BitPos(LCD_EN+0) 
;__Lib_Lcd.c,161 :: 		
0x02D2	0xDEB2      	RCALL       _Delay_1us
;__Lib_Lcd.c,162 :: 		
0x02D4	0x9A8A      	BCF         LCD_EN, BitPos(LCD_EN+0) 
;__Lib_Lcd.c,163 :: 		
0x02D6	0xDEA5      	RCALL       _Delay_5500us
;__Lib_Lcd.c,166 :: 		
0x02D8	0x908A      	BCF         LCD_D4, BitPos(LCD_D4+0) 
;__Lib_Lcd.c,167 :: 		
0x02DA	0x8A8A      	BSF         LCD_EN, BitPos(LCD_EN+0) 
;__Lib_Lcd.c,168 :: 		
0x02DC	0xDEAD      	RCALL       _Delay_1us
;__Lib_Lcd.c,169 :: 		
0x02DE	0x9A8A      	BCF         LCD_EN, BitPos(LCD_EN+0) 
;__Lib_Lcd.c,171 :: 		
0x02E0	0x868A      	BSF         LCD_D7, BitPos(LCD_D7+0) 
;__Lib_Lcd.c,172 :: 		
0x02E2	0x848A      	BSF         LCD_D6, BitPos(LCD_D6+0) 
;__Lib_Lcd.c,173 :: 		
0x02E4	0x828A      	BSF         LCD_D5, BitPos(LCD_D5+0) 
;__Lib_Lcd.c,174 :: 		
0x02E6	0x808A      	BSF         LCD_D4, BitPos(LCD_D4+0) 
;__Lib_Lcd.c,175 :: 		
0x02E8	0x8A8A      	BSF         LCD_EN, BitPos(LCD_EN+0) 
;__Lib_Lcd.c,176 :: 		
0x02EA	0xDEA6      	RCALL       _Delay_1us
;__Lib_Lcd.c,177 :: 		
0x02EC	0x9A8A      	BCF         LCD_EN, BitPos(LCD_EN+0) 
;__Lib_Lcd.c,179 :: 		
0x02EE	0xDE99      	RCALL       _Delay_5500us
;__Lib_Lcd.c,181 :: 		
0x02F0	0x802C      	BSF         __Lib_Lcd_cmd_status, BitPos(__Lib_Lcd_cmd_status+0) 
;__Lib_Lcd.c,182 :: 		
L_end_Lcd_Init:
0x02F2	0x0012      	RETURN      0
; end of _Lcd_Init
___CC2DW:
;__Lib_System.c,21 :: 		
;__Lib_System.c,23 :: 		
_CC2DL_Loop1:
;__Lib_System.c,24 :: 		
0x02F4	0x0009      	TBLRD*+
;__Lib_System.c,25 :: 		
0x02F6	0xFFE6CFF5  	MOVFF       TABLAT, POSTINC1
;__Lib_System.c,26 :: 		
0x02FA	0x0600      	DECF        R0, 1, 0
;__Lib_System.c,27 :: 		
0x02FC	0xE1FB      	BNZ         _CC2DL_Loop1
;__Lib_System.c,28 :: 		
0x02FE	0x0601      	DECF        R1, 1, 0
;__Lib_System.c,29 :: 		
0x0300	0xE1F9      	BNZ         _CC2DL_Loop1
;__Lib_System.c,31 :: 		
L_end___CC2DW:
0x0302	0x0012      	RETURN      0
; end of ___CC2DW
_Div_16x16_S:
;__Lib_Math.c,200 :: 		
;__Lib_Math.c,208 :: 		
0x0304	0x5004      	MOVF        R4, 0 
0x0306	0x0A00      	XORLW       0
0x0308	0xE108      	BNZ         L_Div_16x16_S0
;__Lib_Math.c,209 :: 		
0x030A	0x5005      	MOVF        R5, 0 
0x030C	0x0A00      	XORLW       0
0x030E	0xE105      	BNZ         L_Div_16x16_S1
;__Lib_Math.c,210 :: 		
0x0310	0x0EFF      	MOVLW       255
0x0312	0x6E00      	MOVWF       R0 
;__Lib_Math.c,211 :: 		
0x0314	0x0E7F      	MOVLW       127
0x0316	0x6E01      	MOVWF       R1 
;__Lib_Math.c,212 :: 		
0x0318	0xD057      	BRA         L_end_Div_16x16_S
;__Lib_Math.c,213 :: 		
L_Div_16x16_S1:
L_Div_16x16_S0:
;__Lib_Math.c,216 :: 		
0x031A	0x6A0D      	CLRF        R13, 0
;__Lib_Math.c,217 :: 		
0x031C	0x6A09      	CLRF        R9, 0
;__Lib_Math.c,218 :: 		
0x031E	0x6A08      	CLRF        R8, 0
;__Lib_Math.c,219 :: 		
0x0320	0x5001      	MOVF        R1, 0, 0
;__Lib_Math.c,220 :: 		
0x0322	0x1000      	IORWF       R0, 0, 0
;__Lib_Math.c,221 :: 		
0x0324	0xB4D8      	BTFSC       STATUS, 2, 0
;__Lib_Math.c,222 :: 		
0x0326	0x0C00      	RETLW       0
;__Lib_Math.c,224 :: 		
0x0328	0x5001      	MOVF        R1, 0, 0
;__Lib_Math.c,225 :: 		
0x032A	0x1805      	XORWF       R5, 0, 0
;__Lib_Math.c,226 :: 		
0x032C	0x6E0A      	MOVWF       R10, 0
;__Lib_Math.c,227 :: 		
0x032E	0xBE0A      	BTFSC       R10, 7, 0
;__Lib_Math.c,228 :: 		
0x0330	0x1E0D      	COMF        R13, 1, 0
;__Lib_Math.c,230 :: 		
0x0332	0x6A0B      	CLRF        R11, 0
;__Lib_Math.c,232 :: 		
0x0334	0xAE05      	BTFSS       R5, 7, 0
;__Lib_Math.c,233 :: 		
0x0336	0xD005      	BRA         $+12
;__Lib_Math.c,235 :: 		
0x0338	0x1E04      	COMF        R4, 1, 0
;__Lib_Math.c,236 :: 		
0x033A	0x1E05      	COMF        R5, 1, 0
;__Lib_Math.c,237 :: 		
0x033C	0x2A04      	INCF        R4, 1, 0
;__Lib_Math.c,238 :: 		
0x033E	0xB4D8      	BTFSC       STATUS, 2, 0
;__Lib_Math.c,239 :: 		
0x0340	0x2A05      	INCF        R5, 1, 0
;__Lib_Math.c,241 :: 		
0x0342	0xAE01      	BTFSS       R1, 7, 0
;__Lib_Math.c,242 :: 		
0x0344	0xD005      	BRA         $+12
;__Lib_Math.c,244 :: 		
0x0346	0x1E00      	COMF        R0, 1, 0
;__Lib_Math.c,245 :: 		
0x0348	0x1E01      	COMF        R1, 1, 0
;__Lib_Math.c,246 :: 		
0x034A	0x2A00      	INCF        R0, 1, 0
;__Lib_Math.c,247 :: 		
0x034C	0xB4D8      	BTFSC       STATUS, 2, 0
;__Lib_Math.c,248 :: 		
0x034E	0x2A01      	INCF        R1, 1, 0
;__Lib_Math.c,250 :: 		
0x0350	0x5001      	MOVF        R1, 0, 0
;__Lib_Math.c,251 :: 		
0x0352	0x1005      	IORWF       R5, 0, 0
;__Lib_Math.c,252 :: 		
0x0354	0x6E0A      	MOVWF       R10, 0
;__Lib_Math.c,253 :: 		
0x0356	0xBE0A      	BTFSC       R10, 7, 0
;__Lib_Math.c,254 :: 		
0x0358	0xD010      	BRA         $+34
;__Lib_Math.c,256 :: 		
0x035A	0xDF18      	RCALL       _Div_16x16_S_L
;__Lib_Math.c,258 :: 		
0x035C	0xB00B      	BTFSC       R11, 0, 0
;__Lib_Math.c,259 :: 		
0x035E	0xD020      	BRA         $+66
;__Lib_Math.c,261 :: 		
0x0360	0xAE0D      	BTFSS       R13, 7, 0
;__Lib_Math.c,262 :: 		
0x0362	0x0C00      	RETLW       0
;__Lib_Math.c,264 :: 		
0x0364	0x1E00      	COMF        R0, 1, 0
;__Lib_Math.c,265 :: 		
0x0366	0x1E01      	COMF        R1, 1, 0
;__Lib_Math.c,266 :: 		
0x0368	0x2A00      	INCF        R0, 1, 0
;__Lib_Math.c,267 :: 		
0x036A	0xB4D8      	BTFSC       STATUS, 2, 0
;__Lib_Math.c,268 :: 		
0x036C	0x2A01      	INCF        R1, 1, 0
;__Lib_Math.c,270 :: 		
0x036E	0x1E08      	COMF        R8, 1, 0
;__Lib_Math.c,271 :: 		
0x0370	0x1E09      	COMF        R9, 1, 0
;__Lib_Math.c,272 :: 		
0x0372	0x2A08      	INCF        R8, 1, 0
;__Lib_Math.c,273 :: 		
0x0374	0xB4D8      	BTFSC       STATUS, 2, 0
;__Lib_Math.c,274 :: 		
0x0376	0x2A09      	INCF        R9, 1, 0
;__Lib_Math.c,276 :: 		
0x0378	0x0C00      	RETLW       0
;__Lib_Math.c,278 :: 		
0x037A	0xAE05      	BTFSS       R5, 7, 0
;__Lib_Math.c,279 :: 		
0x037C	0xD00D      	BRA         $+28
;__Lib_Math.c,280 :: 		
0x037E	0xBE01      	BTFSC       R1, 7, 0
;__Lib_Math.c,281 :: 		
0x0380	0xD007      	BRA         $+16
;__Lib_Math.c,282 :: 		
0x0382	0x5001      	MOVF        R1, 0, 0
;__Lib_Math.c,283 :: 		
0x0384	0x6E09      	MOVWF       R9, 0
;__Lib_Math.c,284 :: 		
0x0386	0x5000      	MOVF        R0, 0, 0
;__Lib_Math.c,285 :: 		
0x0388	0x6E08      	MOVWF       R8, 0
;__Lib_Math.c,286 :: 		
0x038A	0x6A01      	CLRF        R1, 0
;__Lib_Math.c,287 :: 		
0x038C	0x6A00      	CLRF        R0, 0
;__Lib_Math.c,288 :: 		
0x038E	0xD7E8      	BRA         $-46
;__Lib_Math.c,289 :: 		
0x0390	0x6A01      	CLRF        R1, 0
;__Lib_Math.c,290 :: 		
0x0392	0x6A00      	CLRF        R0, 0
;__Lib_Math.c,291 :: 		
0x0394	0x2A00      	INCF        R0, 1, 0
;__Lib_Math.c,292 :: 		
0x0396	0x0C00      	RETLW       0
;__Lib_Math.c,294 :: 		
0x0398	0x1E01      	COMF        R1, 1, 0
;__Lib_Math.c,295 :: 		
0x039A	0x1E00      	COMF        R0, 1, 0
;__Lib_Math.c,296 :: 		
0x039C	0x2A0B      	INCF        R11, 1, 0
;__Lib_Math.c,297 :: 		
0x039E	0xD7DD      	BRA         $-68
;__Lib_Math.c,299 :: 		
0x03A0	0x2A08      	INCF        R8, 1, 0
;__Lib_Math.c,300 :: 		
0x03A2	0xB4D8      	BTFSC       STATUS, 2, 0
;__Lib_Math.c,301 :: 		
0x03A4	0x2A09      	INCF        R9, 1, 0
;__Lib_Math.c,302 :: 		
0x03A6	0x5004      	MOVF        R4, 0, 0
;__Lib_Math.c,303 :: 		
0x03A8	0x5C08      	SUBWF       R8, 0, 0
;__Lib_Math.c,304 :: 		
0x03AA	0xA4D8      	BTFSS       STATUS, 2, 0
;__Lib_Math.c,305 :: 		
0x03AC	0xD7D9      	BRA         $-76
;__Lib_Math.c,306 :: 		
0x03AE	0x5005      	MOVF        R5, 0, 0
;__Lib_Math.c,307 :: 		
0x03B0	0x5C09      	SUBWF       R9, 0, 0
;__Lib_Math.c,308 :: 		
0x03B2	0xA4D8      	BTFSS       STATUS, 2, 0
;__Lib_Math.c,309 :: 		
0x03B4	0xD7D5      	BRA         $-84
;__Lib_Math.c,310 :: 		
0x03B6	0x6A09      	CLRF        R9, 0
;__Lib_Math.c,311 :: 		
0x03B8	0x6A08      	CLRF        R8, 0
;__Lib_Math.c,312 :: 		
0x03BA	0x2A00      	INCF        R0, 1, 0
;__Lib_Math.c,313 :: 		
0x03BC	0xB4D8      	BTFSC       STATUS, 2, 0
;__Lib_Math.c,314 :: 		
0x03BE	0x2A01      	INCF        R1, 1, 0
;__Lib_Math.c,315 :: 		
0x03C0	0xAE01      	BTFSS       R1, 7, 0
;__Lib_Math.c,316 :: 		
0x03C2	0xD7CE      	BRA         $-98
;__Lib_Math.c,317 :: 		
0x03C4	0x0000      	NOP
;__Lib_Math.c,318 :: 		
0x03C6	0x0CFF      	RETLW       255
;__Lib_Math.c,320 :: 		
L_end_Div_16x16_S:
0x03C8	0x0012      	RETURN      0
; end of _Div_16x16_S
_IntToStr:
;__Lib_Conversions.c,195 :: 		
;__Lib_Conversions.c,201 :: 		
0x03CA	0x6A4C      	CLRF        IntToStr_negative_L0 
0x03CC	0x6A4D      	CLRF        IntToStr_negative_L0+1 
;__Lib_Conversions.c,202 :: 		
0x03CE	0xF04EC046  	MOVFF       FARG_IntToStr_input, IntToStr_inword_L0
0x03D2	0xF04FC047  	MOVFF       FARG_IntToStr_input+1, IntToStr_inword_L0+1
;__Lib_Conversions.c,203 :: 		
0x03D6	0x0E80      	MOVLW       128
0x03D8	0x1847      	XORWF       FARG_IntToStr_input+1, 0 
0x03DA	0x6E00      	MOVWF       R0 
0x03DC	0x0E80      	MOVLW       128
0x03DE	0x5C00      	SUBWF       R0, 0 
0x03E0	0xE102      	BNZ         L__IntToStr387
0x03E2	0x0E00      	MOVLW       0
0x03E4	0x5C46      	SUBWF       FARG_IntToStr_input, 0 
L__IntToStr387:
0x03E6	0xE20B      	BC          L_IntToStr37
;__Lib_Conversions.c,204 :: 		
0x03E8	0x0E01      	MOVLW       1
0x03EA	0x6E4C      	MOVWF       IntToStr_negative_L0 
0x03EC	0x0E00      	MOVLW       0
0x03EE	0x6E4D      	MOVWF       IntToStr_negative_L0+1 
;__Lib_Conversions.c,205 :: 		
0x03F0	0x5046      	MOVF        FARG_IntToStr_input, 0 
0x03F2	0x0800      	SUBLW       0
0x03F4	0x6E4E      	MOVWF       IntToStr_inword_L0 
0x03F6	0xF04FC047  	MOVFF       FARG_IntToStr_input+1, IntToStr_inword_L0+1
0x03FA	0x0E00      	MOVLW       0
0x03FC	0x564F      	SUBFWB      IntToStr_inword_L0+1, 1 
;__Lib_Conversions.c,206 :: 		
L_IntToStr37:
;__Lib_Conversions.c,207 :: 		
0x03FE	0xF050C04E  	MOVFF       IntToStr_inword_L0, FARG_WordToStr_input
0x0402	0xF051C04F  	MOVFF       IntToStr_inword_L0+1, FARG_WordToStr_input+1
0x0406	0xF052C048  	MOVFF       FARG_IntToStr_output, FARG_WordToStr_output
0x040A	0xF053C049  	MOVFF       FARG_IntToStr_output+1, FARG_WordToStr_output+1
0x040E	0xDE76      	RCALL       _WordToStr
;__Lib_Conversions.c,209 :: 		
0x0410	0x0E06      	MOVLW       6
0x0412	0x6E4A      	MOVWF       IntToStr_i_L0 
0x0414	0x0E00      	MOVLW       0
0x0416	0x6E4B      	MOVWF       IntToStr_i_L0+1 
;__Lib_Conversions.c,210 :: 		
L_IntToStr38:
0x0418	0x0E00      	MOVLW       0
0x041A	0x6E00      	MOVWF       R0 
0x041C	0x504B      	MOVF        IntToStr_i_L0+1, 0 
0x041E	0x5C00      	SUBWF       R0, 0 
0x0420	0xE102      	BNZ         L__IntToStr388
0x0422	0x504A      	MOVF        IntToStr_i_L0, 0 
0x0424	0x0800      	SUBLW       0
L__IntToStr388:
0x0426	0xE219      	BC          L_IntToStr39
;__Lib_Conversions.c,211 :: 		
0x0428	0x504A      	MOVF        IntToStr_i_L0, 0 
0x042A	0x2448      	ADDWF       FARG_IntToStr_output, 0 
0x042C	0x6EE1      	MOVWF       FSR1L 
0x042E	0x504B      	MOVF        IntToStr_i_L0+1, 0 
0x0430	0x2049      	ADDWFC      FARG_IntToStr_output+1, 0 
0x0432	0x6EE2      	MOVWF       FSR1L+1 
0x0434	0x0E01      	MOVLW       1
0x0436	0x5C4A      	SUBWF       IntToStr_i_L0, 0 
0x0438	0x6E00      	MOVWF       R0 
0x043A	0x0E00      	MOVLW       0
0x043C	0x584B      	SUBWFB      IntToStr_i_L0+1, 0 
0x043E	0x6E01      	MOVWF       R1 
0x0440	0x5000      	MOVF        R0, 0 
0x0442	0x2448      	ADDWF       FARG_IntToStr_output, 0 
0x0444	0x6EE9      	MOVWF       FSR0L 
0x0446	0x5001      	MOVF        R1, 0 
0x0448	0x2049      	ADDWFC      FARG_IntToStr_output+1, 0 
0x044A	0x6EEA      	MOVWF       FSR0L+1 
0x044C	0xFFE6CFEE  	MOVFF       POSTINC0, POSTINC1
;__Lib_Conversions.c,212 :: 		
0x0450	0x0E01      	MOVLW       1
0x0452	0x5E4A      	SUBWF       IntToStr_i_L0, 1 
0x0454	0x0E00      	MOVLW       0
0x0456	0x5A4B      	SUBWFB      IntToStr_i_L0+1, 1 
;__Lib_Conversions.c,213 :: 		
0x0458	0xD7DF      	BRA         L_IntToStr38
L_IntToStr39:
;__Lib_Conversions.c,214 :: 		
0x045A	0xFFE1C048  	MOVFF       FARG_IntToStr_output, FSR1L
0x045E	0xFFE2C049  	MOVFF       FARG_IntToStr_output+1, FSR1H
0x0462	0x0E20      	MOVLW       32
0x0464	0x6EE6      	MOVWF       POSTINC1 
;__Lib_Conversions.c,215 :: 		
0x0466	0x504C      	MOVF        IntToStr_negative_L0, 0 
0x0468	0x104D      	IORWF       IntToStr_negative_L0+1, 0 
0x046A	0xE01A      	BZ          L_IntToStr40
;__Lib_Conversions.c,216 :: 		
0x046C	0x6A4A      	CLRF        IntToStr_i_L0 
0x046E	0x6A4B      	CLRF        IntToStr_i_L0+1 
;__Lib_Conversions.c,217 :: 		
L_IntToStr41:
0x0470	0x504A      	MOVF        IntToStr_i_L0, 0 
0x0472	0x2448      	ADDWF       FARG_IntToStr_output, 0 
0x0474	0x6EE9      	MOVWF       FSR0L 
0x0476	0x504B      	MOVF        IntToStr_i_L0+1, 0 
0x0478	0x2049      	ADDWFC      FARG_IntToStr_output+1, 0 
0x047A	0x6EEA      	MOVWF       FSR0L+1 
0x047C	0x50EE      	MOVF        POSTINC0, 0 
0x047E	0x0A20      	XORLW       32
0x0480	0xE103      	BNZ         L_IntToStr42
0x0482	0x4A4A      	INFSNZ      IntToStr_i_L0, 1 
0x0484	0x2A4B      	INCF        IntToStr_i_L0+1, 1 
0x0486	0xD7F4      	BRA         L_IntToStr41
L_IntToStr42:
;__Lib_Conversions.c,218 :: 		
0x0488	0x0E01      	MOVLW       1
0x048A	0x5E4A      	SUBWF       IntToStr_i_L0, 1 
0x048C	0x0E00      	MOVLW       0
0x048E	0x5A4B      	SUBWFB      IntToStr_i_L0+1, 1 
;__Lib_Conversions.c,219 :: 		
0x0490	0x504A      	MOVF        IntToStr_i_L0, 0 
0x0492	0x2448      	ADDWF       FARG_IntToStr_output, 0 
0x0494	0x6EE1      	MOVWF       FSR1L 
0x0496	0x504B      	MOVF        IntToStr_i_L0+1, 0 
0x0498	0x2049      	ADDWFC      FARG_IntToStr_output+1, 0 
0x049A	0x6EE2      	MOVWF       FSR1L+1 
0x049C	0x0E2D      	MOVLW       45
0x049E	0x6EE6      	MOVWF       POSTINC1 
L_IntToStr40:
;__Lib_Conversions.c,220 :: 		
L_end_IntToStr:
0x04A0	0x0012      	RETURN      0
; end of _IntToStr
_Mul_16X16_U:
;__Lib_Math.c,440 :: 		
;__Lib_Math.c,447 :: 		
0x04A2	0x6A0B      	CLRF        R11, 0
;__Lib_Math.c,448 :: 		
0x04A4	0x6A0A      	CLRF        R10, 0
;__Lib_Math.c,449 :: 		
0x04A6	0x6A09      	CLRF        R9, 0
;__Lib_Math.c,450 :: 		
0x04A8	0x5000      	MOVF        R0, 0, 0
;__Lib_Math.c,451 :: 		
0x04AA	0x0204      	MULWF       R4, 0
;__Lib_Math.c,453 :: 		
0x04AC	0xF009CFF4  	MOVFF       PRODH, R9
;__Lib_Math.c,454 :: 		
0x04B0	0xF008CFF3  	MOVFF       PRODL, R8
;__Lib_Math.c,455 :: 		
0x04B4	0x5001      	MOVF        R1, 0, 0
;__Lib_Math.c,456 :: 		
0x04B6	0x0205      	MULWF       R5, 0
;__Lib_Math.c,458 :: 		
0x04B8	0xF00BCFF4  	MOVFF       PRODH, R11
;__Lib_Math.c,459 :: 		
0x04BC	0xF00ACFF3  	MOVFF       PRODL, R10
;__Lib_Math.c,460 :: 		
0x04C0	0x5000      	MOVF        R0, 0, 0
;__Lib_Math.c,461 :: 		
0x04C2	0x0205      	MULWF       R5, 0
;__Lib_Math.c,463 :: 		
0x04C4	0x50F3      	MOVF        PRODL, 0, 0
;__Lib_Math.c,464 :: 		
0x04C6	0x2609      	ADDWF       R9, 1, 0
;__Lib_Math.c,465 :: 		
0x04C8	0x50F4      	MOVF        PRODH, 0, 0
;__Lib_Math.c,466 :: 		
0x04CA	0x220A      	ADDWFC      R10, 1, 0
;__Lib_Math.c,467 :: 		
0x04CC	0x6AE8      	CLRF        WREG, 0
;__Lib_Math.c,468 :: 		
0x04CE	0x220B      	ADDWFC      R11, 1, 0
;__Lib_Math.c,469 :: 		
0x04D0	0x5001      	MOVF        R1, 0, 0
;__Lib_Math.c,470 :: 		
0x04D2	0x0204      	MULWF       R4, 0
;__Lib_Math.c,472 :: 		
0x04D4	0x50F3      	MOVF        PRODL, 0, 0
;__Lib_Math.c,473 :: 		
0x04D6	0x2609      	ADDWF       R9, 1, 0
;__Lib_Math.c,474 :: 		
0x04D8	0x50F4      	MOVF        PRODH, 0, 0
;__Lib_Math.c,475 :: 		
0x04DA	0x220A      	ADDWFC      R10, 1, 0
;__Lib_Math.c,476 :: 		
0x04DC	0x6AE8      	CLRF        WREG, 0
;__Lib_Math.c,477 :: 		
0x04DE	0x220B      	ADDWFC      R11, 1, 0
;__Lib_Math.c,479 :: 		
0x04E0	0xF000C008  	MOVFF       R8, R0
;__Lib_Math.c,480 :: 		
0x04E4	0xF001C009  	MOVFF       R9, R1
;__Lib_Math.c,481 :: 		
0x04E8	0xF002C00A  	MOVFF       R10, R2
;__Lib_Math.c,482 :: 		
0x04EC	0xF003C00B  	MOVFF       R11, R3
;__Lib_Math.c,485 :: 		
L_end_Mul_16X16_U:
0x04F0	0x0012      	RETURN      0
; end of _Mul_16X16_U
_main:
0x04F2	0xF003EC94  	CALL        1832, 0
;parteB.c,21 :: 		void main() {
;parteB.c,24 :: 		unsigned short int stato_accensione=0;
0x04F6	0x6A3C      	CLRF        main_stato_accensione_L0 
0x04F8	0x6A3D      	CLRF        main_RC0_VAL_L0 
0x04FA	0x6A3E      	CLRF        main_RC0_OLD_L0 
0x04FC	0x0E19      	MOVLW       25
0x04FE	0x6E3F      	MOVWF       main_setpoint_temperatura_L0 
0x0500	0x6A40      	CLRF        main_RC3_VAL_L0 
0x0502	0x6A41      	CLRF        main_RC3_OLD_L0 
0x0504	0x6A42      	CLRF        main_RC4_VAL_L0 
0x0506	0x6A43      	CLRF        main_RC4_OLD_L0 
0x0508	0x6A44      	CLRF        main_adc_res_V_L0 
0x050A	0x6A45      	CLRF        main_adc_res_V_L0+1 
;parteB.c,40 :: 		TRISC.RC0=1;  //pulsante di accensione
0x050C	0x8094      	BSF         TRISC, 0 
;parteB.c,41 :: 		ANSELC.RC0=0;
0x050E	0x010F      	MOVLB       15
0x0510	0x913A      	BCF         ANSELC, 0, 1
;parteB.c,43 :: 		TRISE.RE2=0;   // controllo motore
0x0512	0x9496      	BCF         TRISE, 2 
;parteB.c,44 :: 		ANSELE.RE2=1;  // è necessaria alta impedenza in ingresso per pilotare il motore quindi spengo buffer d'ingresso
0x0514	0x853C      	BSF         ANSELE, 2, 1
;parteB.c,46 :: 		TRISC.RC3=1;   // aumenta temperatura
0x0516	0x8694      	BSF         TRISC, 3 
;parteB.c,47 :: 		ANSELC.RC3=0;
0x0518	0x973A      	BCF         ANSELC, 3, 1
;parteB.c,48 :: 		TRISC.RC4=1;   // diminuisci temperatura
0x051A	0x8894      	BSF         TRISC, 4 
;parteB.c,49 :: 		ANSELC.RC4=0;
0x051C	0x993A      	BCF         ANSELC, 4, 1
;parteB.c,51 :: 		Lcd_Init();
0x051E	0xDE9F      	RCALL       _Lcd_Init
;parteB.c,52 :: 		Lcd_Cmd(_LCD_CLEAR);// metti il cursore in posizione uno
0x0520	0x0E01      	MOVLW       1
0x0522	0x6E57      	MOVWF       FARG_Lcd_Cmd_out_char 
0x0524	0xDDA7      	RCALL       _Lcd_Cmd
;parteB.c,53 :: 		Lcd_Cmd(_LCD_CURSOR_OFF);// nacondi il cursore
0x0526	0x0E0C      	MOVLW       12
0x0528	0x6E57      	MOVWF       FARG_Lcd_Cmd_out_char 
0x052A	0xDDA4      	RCALL       _Lcd_Cmd
;parteB.c,54 :: 		Lcd_out(1,1,"SPENTO");
0x052C	0x0E01      	MOVLW       1
0x052E	0x6E46      	MOVWF       FARG_Lcd_Out_row 
0x0530	0x0E01      	MOVLW       1
0x0532	0x6E47      	MOVWF       FARG_Lcd_Out_column 
0x0534	0x0E15      	MOVLW       ?lstr1_parteB
0x0536	0x6E48      	MOVWF       FARG_Lcd_Out_text 
0x0538	0x0E00      	MOVLW       hi_addr(?lstr1_parteB)
0x053A	0x6E49      	MOVWF       FARG_Lcd_Out_text+1 
0x053C	0xDE53      	RCALL       _Lcd_Out
;parteB.c,58 :: 		TRISA.RA0=1;
0x053E	0x8092      	BSF         TRISA, 0 
;parteB.c,59 :: 		ANSELA.RA0=1;
0x0540	0x010F      	MOVLB       15
0x0542	0x8138      	BSF         ANSELA, 0, 1
;parteB.c,61 :: 		ADCON0.CHS0= 0;
0x0544	0x94C2      	BCF         ADCON0, 2 
;parteB.c,62 :: 		ADCON0.CHS1= 0;
0x0546	0x96C2      	BCF         ADCON0, 3 
;parteB.c,63 :: 		ADCON0.CHS2= 0;
0x0548	0x98C2      	BCF         ADCON0, 4 
;parteB.c,64 :: 		ADCON0.CHS3= 0;
0x054A	0x9AC2      	BCF         ADCON0, 5 
;parteB.c,65 :: 		ADCON0.CHS4= 0;
0x054C	0x9CC2      	BCF         ADCON0, 6 
;parteB.c,68 :: 		ADCON2.ADCS0=1;
0x054E	0x80C0      	BSF         ADCON2, 0 
;parteB.c,69 :: 		ADCON2.ADCS1=0;
0x0550	0x92C0      	BCF         ADCON2, 1 
;parteB.c,70 :: 		ADCON2.ADCS2=0;
0x0552	0x94C0      	BCF         ADCON2, 2 
;parteB.c,72 :: 		ADCON2.ACQT0=0;
0x0554	0x96C0      	BCF         ADCON2, 3 
;parteB.c,73 :: 		ADCON2.ACQT1=0;
0x0556	0x98C0      	BCF         ADCON2, 4 
;parteB.c,74 :: 		ADCON2.ACQT2=1;
0x0558	0x8AC0      	BSF         ADCON2, 5 
;parteB.c,76 :: 		ADCON2.ADFM=0; // a sinistra perchè usiamo gli 8 but più significativi
0x055A	0x9EC0      	BCF         ADCON2, 7 
;parteB.c,78 :: 		ADCON2.ADON=1;
0x055C	0x80C0      	BSF         ADCON2, 0 
;parteB.c,81 :: 		ADCON0.ADON=1; // accendo adc
0x055E	0x80C2      	BSF         ADCON0, 0 
;parteB.c,85 :: 		T0CON=0b11000011;
0x0560	0x0EC3      	MOVLW       195
0x0562	0x6ED5      	MOVWF       T0CON 
;parteB.c,86 :: 		INTCON.TMR0IE=1;
0x0564	0x8AF2      	BSF         INTCON, 5 
;parteB.c,87 :: 		INTCON.TMR0IF=0;
0x0566	0x94F2      	BCF         INTCON, 2 
;parteB.c,88 :: 		INTCON.GIE=1;
0x0568	0x8EF2      	BSF         INTCON, 7 
;parteB.c,100 :: 		ADCON0.GO_NOT_DONE=1; //faccio partire la prima conversione del ADC
0x056A	0x82C2      	BSF         ADCON0, 1 
;parteB.c,101 :: 		while(1){
L_main0:
;parteB.c,103 :: 		RC0_VAL=PORTC.RC0;
0x056C	0x0E00      	MOVLW       0
0x056E	0xB082      	BTFSC       PORTC, 0 
0x0570	0x0E01      	MOVLW       1
0x0572	0x6E3D      	MOVWF       main_RC0_VAL_L0 
;parteB.c,105 :: 		if (RC0_VAL!=RC0_OLD && RC0_VAL==1){ // notare che entro solo quando il valore cambio quindi come da richiesta LCD è aggiornato solo quanod è necessario
0x0574	0x503D      	MOVF        main_RC0_VAL_L0, 0 
0x0576	0x183E      	XORWF       main_RC0_OLD_L0, 0 
0x0578	0xE026      	BZ          L_main4
0x057A	0x503D      	MOVF        main_RC0_VAL_L0, 0 
0x057C	0x0A01      	XORLW       1
0x057E	0xE123      	BNZ         L_main4
L__main23:
;parteB.c,107 :: 		stato_accensione=!stato_accensione;
0x0580	0x523C      	MOVF        main_stato_accensione_L0, 1 
0x0582	0x0E01      	MOVLW       1
0x0584	0xA4D8      	BTFSS       STATUS, 2 
0x0586	0x0E00      	MOVLW       0
0x0588	0x6E01      	MOVWF       R1 
0x058A	0xF03CC001  	MOVFF       R1, main_stato_accensione_L0
;parteB.c,110 :: 		if (stato_accensione==1){
0x058E	0x5001      	MOVF        R1, 0 
0x0590	0x0A01      	XORLW       1
0x0592	0xE10D      	BNZ         L_main5
;parteB.c,113 :: 		Lcd_cmd(_LCD_CLEAR);
0x0594	0x0E01      	MOVLW       1
0x0596	0x6E57      	MOVWF       FARG_Lcd_Cmd_out_char 
0x0598	0xDD6D      	RCALL       _Lcd_Cmd
;parteB.c,114 :: 		Lcd_out(1,1,"ACCESO");
0x059A	0x0E01      	MOVLW       1
0x059C	0x6E46      	MOVWF       FARG_Lcd_Out_row 
0x059E	0x0E01      	MOVLW       1
0x05A0	0x6E47      	MOVWF       FARG_Lcd_Out_column 
0x05A2	0x0E1E      	MOVLW       ?lstr2_parteB
0x05A4	0x6E48      	MOVWF       FARG_Lcd_Out_text 
0x05A6	0x0E00      	MOVLW       hi_addr(?lstr2_parteB)
0x05A8	0x6E49      	MOVWF       FARG_Lcd_Out_text+1 
0x05AA	0xDE1C      	RCALL       _Lcd_Out
;parteB.c,116 :: 		}
0x05AC	0xD00C      	BRA         L_main6
L_main5:
;parteB.c,119 :: 		Lcd_cmd(_LCD_CLEAR);
0x05AE	0x0E01      	MOVLW       1
0x05B0	0x6E57      	MOVWF       FARG_Lcd_Cmd_out_char 
0x05B2	0xDD60      	RCALL       _Lcd_Cmd
;parteB.c,120 :: 		Lcd_out(1,1,"SPENTO");
0x05B4	0x0E01      	MOVLW       1
0x05B6	0x6E46      	MOVWF       FARG_Lcd_Out_row 
0x05B8	0x0E01      	MOVLW       1
0x05BA	0x6E47      	MOVWF       FARG_Lcd_Out_column 
0x05BC	0x0E25      	MOVLW       ?lstr3_parteB
0x05BE	0x6E48      	MOVWF       FARG_Lcd_Out_text 
0x05C0	0x0E00      	MOVLW       hi_addr(?lstr3_parteB)
0x05C2	0x6E49      	MOVWF       FARG_Lcd_Out_text+1 
0x05C4	0xDE0F      	RCALL       _Lcd_Out
;parteB.c,121 :: 		}
L_main6:
;parteB.c,122 :: 		}
L_main4:
;parteB.c,123 :: 		RC0_OLD=RC0_VAL;
0x05C6	0xF03EC03D  	MOVFF       main_RC0_VAL_L0, main_RC0_OLD_L0
;parteB.c,126 :: 		if (stato_accensione==1){
0x05CA	0x503C      	MOVF        main_stato_accensione_L0, 0 
0x05CC	0x0A01      	XORLW       1
0x05CE	0xA4D8      	BTFSS       STATUS, 2 
0x05D0	0xD09D      	BRA         L_main7
;parteB.c,128 :: 		RC3_VAL=PORTC.RC3;
0x05D2	0x0E00      	MOVLW       0
0x05D4	0xB682      	BTFSC       PORTC, 3 
0x05D6	0x0E01      	MOVLW       1
0x05D8	0x6E40      	MOVWF       main_RC3_VAL_L0 
;parteB.c,129 :: 		RC4_VAL=PORTC.RC4;
0x05DA	0x0E00      	MOVLW       0
0x05DC	0xB882      	BTFSC       PORTC, 4 
0x05DE	0x0E01      	MOVLW       1
0x05E0	0x6E42      	MOVWF       main_RC4_VAL_L0 
;parteB.c,130 :: 		if(RC3_VAL!=RC3_OLD && RC3_VAL==1 && setpoint_temperatura<50 ){ //aumenta
0x05E2	0x5040      	MOVF        main_RC3_VAL_L0, 0 
0x05E4	0x1841      	XORWF       main_RC3_OLD_L0, 0 
0x05E6	0xE007      	BZ          L_main10
0x05E8	0x5040      	MOVF        main_RC3_VAL_L0, 0 
0x05EA	0x0A01      	XORLW       1
0x05EC	0xE104      	BNZ         L_main10
0x05EE	0x0E32      	MOVLW       50
0x05F0	0x5C3F      	SUBWF       main_setpoint_temperatura_L0, 0 
0x05F2	0xA0D8      	BTFSS       STATUS, 0 
L__main22:
;parteB.c,131 :: 		setpoint_temperatura+=1;
0x05F4	0x2A3F      	INCF        main_setpoint_temperatura_L0, 1 
;parteB.c,132 :: 		}
L_main10:
;parteB.c,134 :: 		if(RC4_VAL!=RC4_OLD && RC4_VAL==1 && setpoint_temperatura>10 ){ //diminuisce
0x05F6	0x5042      	MOVF        main_RC4_VAL_L0, 0 
0x05F8	0x1843      	XORWF       main_RC4_OLD_L0, 0 
0x05FA	0xE007      	BZ          L_main13
0x05FC	0x5042      	MOVF        main_RC4_VAL_L0, 0 
0x05FE	0x0A01      	XORLW       1
0x0600	0xE104      	BNZ         L_main13
0x0602	0x503F      	MOVF        main_setpoint_temperatura_L0, 0 
0x0604	0x080A      	SUBLW       10
0x0606	0xA0D8      	BTFSS       STATUS, 0 
L__main21:
;parteB.c,135 :: 		setpoint_temperatura-=1;
0x0608	0x063F      	DECF        main_setpoint_temperatura_L0, 1 
;parteB.c,136 :: 		}
L_main13:
;parteB.c,137 :: 		RC3_OLD=RC3_VAL;
0x060A	0xF041C040  	MOVFF       main_RC3_VAL_L0, main_RC3_OLD_L0
;parteB.c,138 :: 		RC4_OLD=RC4_VAL;
0x060E	0xF043C042  	MOVFF       main_RC4_VAL_L0, main_RC4_OLD_L0
;parteB.c,143 :: 		if(clk>1000){
0x0612	0x0E80      	MOVLW       128
0x0614	0x0A03      	XORLW       3
0x0616	0x6E00      	MOVWF       R0 
0x0618	0x0E80      	MOVLW       128
0x061A	0x181D      	XORWF       _clk+1, 0 
0x061C	0x5C00      	SUBWF       R0, 0 
0x061E	0xE102      	BNZ         L__main25
0x0620	0x501C      	MOVF        _clk, 0 
0x0622	0x08E8      	SUBLW       232
L__main25:
0x0624	0xE24F      	BC          L_main14
;parteB.c,146 :: 		clk=0;
0x0626	0x6A1C      	CLRF        _clk 
0x0628	0x6A1D      	CLRF        _clk+1 
;parteB.c,147 :: 		ADCON0.GO_NOT_DONE=1;
0x062A	0x82C2      	BSF         ADCON0, 1 
;parteB.c,148 :: 		adc_res_V=ADRESH;
0x062C	0xF044CFC4  	MOVFF       ADRESH, main_adc_res_V_L0
0x0630	0x0E00      	MOVLW       0
0x0632	0x6E45      	MOVWF       main_adc_res_V_L0+1 
;parteB.c,149 :: 		adc_res_V=adc_res_V*4*5/1000;
0x0634	0xF000C044  	MOVFF       main_adc_res_V_L0, R0
0x0638	0xF001C045  	MOVFF       main_adc_res_V_L0+1, R1
0x063C	0x3600      	RLCF        R0, 1 
0x063E	0x9000      	BCF         R0, 0 
0x0640	0x3601      	RLCF        R1, 1 
0x0642	0x3600      	RLCF        R0, 1 
0x0644	0x9000      	BCF         R0, 0 
0x0646	0x3601      	RLCF        R1, 1 
0x0648	0x0E05      	MOVLW       5
0x064A	0x6E04      	MOVWF       R4 
0x064C	0x0E00      	MOVLW       0
0x064E	0x6E05      	MOVWF       R5 
0x0650	0xDF28      	RCALL       _Mul_16X16_U
0x0652	0x0EE8      	MOVLW       232
0x0654	0x6E04      	MOVWF       R4 
0x0656	0x0E03      	MOVLW       3
0x0658	0x6E05      	MOVWF       R5 
0x065A	0xDE54      	RCALL       _Div_16x16_S
0x065C	0xF044C000  	MOVFF       R0, main_adc_res_V_L0
0x0660	0xF045C001  	MOVFF       R1, main_adc_res_V_L0+1
;parteB.c,150 :: 		T=adc_res_V*8+10;
0x0664	0x0E03      	MOVLW       3
0x0666	0x6E03      	MOVWF       R3 
0x0668	0xF002C000  	MOVFF       R0, R2
0x066C	0x5003      	MOVF        R3, 0 
L__main26:
0x066E	0xE004      	BZ          L__main27
0x0670	0x3602      	RLCF        R2, 1 
0x0672	0x9002      	BCF         R2, 0 
0x0674	0x0FFF      	ADDLW       255
0x0676	0xD7FB      	BRA         L__main26
L__main27:
0x0678	0x0E0A      	MOVLW       10
0x067A	0x2402      	ADDWF       R2, 0 
0x067C	0x6E03      	MOVWF       R3 
0x067E	0xF02DC003  	MOVFF       R3, main_T_L0
;parteB.c,153 :: 		if (T>setpoint_temperatura+1 || T<setpoint_temperatura-1){
0x0682	0x503F      	MOVF        main_setpoint_temperatura_L0, 0 
0x0684	0x0F01      	ADDLW       1
0x0686	0x6E01      	MOVWF       R1 
0x0688	0x6A02      	CLRF        R2 
0x068A	0x0E00      	MOVLW       0
0x068C	0x2202      	ADDWFC      R2, 1 
0x068E	0x0E80      	MOVLW       128
0x0690	0x1802      	XORWF       R2, 0 
0x0692	0x6E00      	MOVWF       R0 
0x0694	0x0E80      	MOVLW       128
0x0696	0x5C00      	SUBWF       R0, 0 
0x0698	0xE102      	BNZ         L__main28
0x069A	0x5003      	MOVF        R3, 0 
0x069C	0x5C01      	SUBWF       R1, 0 
L__main28:
0x069E	0xE30F      	BNC         L__main20
0x06A0	0x043F      	DECF        main_setpoint_temperatura_L0, 0 
0x06A2	0x6E01      	MOVWF       R1 
0x06A4	0x6A02      	CLRF        R2 
0x06A6	0x0E00      	MOVLW       0
0x06A8	0x5A02      	SUBWFB      R2, 1 
0x06AA	0x0E80      	MOVLW       128
0x06AC	0x6E00      	MOVWF       R0 
0x06AE	0x0E80      	MOVLW       128
0x06B0	0x1802      	XORWF       R2, 0 
0x06B2	0x5C00      	SUBWF       R0, 0 
0x06B4	0xE102      	BNZ         L__main29
0x06B6	0x5001      	MOVF        R1, 0 
0x06B8	0x5C2D      	SUBWF       main_T_L0, 0 
L__main29:
0x06BA	0xE301      	BNC         L__main20
0x06BC	0xD002      	BRA         L_main17
L__main20:
;parteB.c,154 :: 		LATE.RE2=1;
0x06BE	0x848D      	BSF         LATE, 2 
;parteB.c,155 :: 		}
0x06C0	0xD001      	BRA         L_main18
L_main17:
;parteB.c,157 :: 		LATE.RE2=0;
0x06C2	0x948D      	BCF         LATE, 2 
;parteB.c,158 :: 		}
L_main18:
;parteB.c,160 :: 		}
L_main14:
;parteB.c,162 :: 		IntToStr(setpoint_temperatura,setpoint_temperatura_char);
0x06C4	0xF046C03F  	MOVFF       main_setpoint_temperatura_L0, FARG_IntToStr_input
0x06C8	0x0E00      	MOVLW       0
0x06CA	0x6E47      	MOVWF       FARG_IntToStr_input+1 
0x06CC	0x0E35      	MOVLW       main_setpoint_temperatura_char_L0
0x06CE	0x6E48      	MOVWF       FARG_IntToStr_output 
0x06D0	0x0E00      	MOVLW       hi_addr(main_setpoint_temperatura_char_L0)
0x06D2	0x6E49      	MOVWF       FARG_IntToStr_output+1 
0x06D4	0xDE7A      	RCALL       _IntToStr
;parteB.c,163 :: 		Lcd_out(2,3,setpoint_temperatura_char);
0x06D6	0x0E02      	MOVLW       2
0x06D8	0x6E46      	MOVWF       FARG_Lcd_Out_row 
0x06DA	0x0E03      	MOVLW       3
0x06DC	0x6E47      	MOVWF       FARG_Lcd_Out_column 
0x06DE	0x0E35      	MOVLW       main_setpoint_temperatura_char_L0
0x06E0	0x6E48      	MOVWF       FARG_Lcd_Out_text 
0x06E2	0x0E00      	MOVLW       hi_addr(main_setpoint_temperatura_char_L0)
0x06E4	0x6E49      	MOVWF       FARG_Lcd_Out_text+1 
0x06E6	0xDD7E      	RCALL       _Lcd_Out
;parteB.c,164 :: 		IntToStr(T,T_char);
0x06E8	0xF046C02D  	MOVFF       main_T_L0, FARG_IntToStr_input
0x06EC	0x0E00      	MOVLW       0
0x06EE	0x6E47      	MOVWF       FARG_IntToStr_input+1 
0x06F0	0x0E2E      	MOVLW       main_T_char_L0
0x06F2	0x6E48      	MOVWF       FARG_IntToStr_output 
0x06F4	0x0E00      	MOVLW       hi_addr(main_T_char_L0)
0x06F6	0x6E49      	MOVWF       FARG_IntToStr_output+1 
0x06F8	0xDE68      	RCALL       _IntToStr
;parteB.c,165 :: 		Lcd_out(2,1,T_char);
0x06FA	0x0E02      	MOVLW       2
0x06FC	0x6E46      	MOVWF       FARG_Lcd_Out_row 
0x06FE	0x0E01      	MOVLW       1
0x0700	0x6E47      	MOVWF       FARG_Lcd_Out_column 
0x0702	0x0E2E      	MOVLW       main_T_char_L0
0x0704	0x6E48      	MOVWF       FARG_Lcd_Out_text 
0x0706	0x0E00      	MOVLW       hi_addr(main_T_char_L0)
0x0708	0x6E49      	MOVWF       FARG_Lcd_Out_text+1 
0x070A	0xDD6C      	RCALL       _Lcd_Out
;parteB.c,166 :: 		}
L_main7:
;parteB.c,168 :: 		}
0x070C	0xD72F      	BRA         L_main0
;parteB.c,169 :: 		}
L_end_main:
0x070E	0xD7FF      	BRA         $+0
; end of _main
0x0728	0xF015EE10  	LFSR        1, 21
0x072C	0x0E17      	MOVLW       23
0x072E	0x6E00      	MOVWF       R0 
0x0730	0x0E01      	MOVLW       1
0x0732	0x6E01      	MOVWF       R1 
0x0734	0x0E10      	MOVLW       16
0x0736	0x6EF6      	MOVWF       TBLPTR 
0x0738	0x0E07      	MOVLW       7
0x073A	0x6EF7      	MOVWF       TBLPTRH 
0x073C	0x0E00      	MOVLW       0
0x073E	0x6EF8      	MOVWF       TBLPTRU 
0x0740	0xF001EC7A  	CALL        756, 0
0x0744	0x0012      	RETURN      0
;parteB.c,0 :: ?ICS?lstr1_parteB
0x0710	0x5053 ;?ICS?lstr1_parteB+0
0x0712	0x4E45 ;?ICS?lstr1_parteB+2
0x0714	0x4F54 ;?ICS?lstr1_parteB+4
0x0716	0x00 ;?ICS?lstr1_parteB+6
; end of ?ICS?lstr1_parteB
;parteB.c,0 :: ?ICS_clk
0x0717	0x0000 ;?ICS_clk+0
; end of ?ICS_clk
;parteB.c,0 :: ?ICS?lstr2_parteB
0x0719	0x4341 ;?ICS?lstr2_parteB+0
0x071B	0x4543 ;?ICS?lstr2_parteB+2
0x071D	0x4F53 ;?ICS?lstr2_parteB+4
0x071F	0x00 ;?ICS?lstr2_parteB+6
; end of ?ICS?lstr2_parteB
;parteB.c,0 :: ?ICS?lstr3_parteB
0x0720	0x5053 ;?ICS?lstr3_parteB+0
0x0722	0x4E45 ;?ICS?lstr3_parteB+2
0x0724	0x4F54 ;?ICS?lstr3_parteB+4
0x0726	0x00 ;?ICS?lstr3_parteB+6
; end of ?ICS?lstr3_parteB
Symbol List:
//** Routines locations **
//ADDRESS    SIZE    PROCEDURE
//----------------------------------------------
0x0008      [16]    _interrupt
0x0018      [10]    _Delay_50us
0x0022      [22]    _Delay_5500us
0x0038       [6]    _Delay_1us
0x003E      [54]    _Div_16X16_U
0x0074     [124]    _Lcd_Cmd
0x00F0      [12]    _Lcd_Chr_CP
0x00FC     [144]    _WordToStr
0x018C      [88]    _Div_16x16_S_L
0x01E4     [122]    _Lcd_Out
0x025E     [150]    _Lcd_Init
0x02F4      [16]    ___CC2DW
0x0304     [198]    _Div_16x16_S
0x03CA     [216]    _IntToStr
0x04A2      [80]    _Mul_16X16_U
0x04F2     [542]    _main
//** Variables locations ** 
//ADDRESS    SIZE    VARIABLE
//----------------------------------------------
0x0000       [1]    R0
0x0001       [1]    __Lib_Conversions_Adjust_Hex_tmp_L0
0x0001       [1]    R1
0x0002       [2]    memcpy_dd_L0
0x0002       [2]    strlen_cp_L0
0x0002       [2]    memset_pp_L0
0x0002       [2]    memchr_s_L0
0x0002       [1]    R2
0x0003       [2]    Ltrim_original_L0
0x0003       [2]    memmove_tt_L0
0x0003       [1]    R3
0x0004       [2]    strcat_cp_L0
0x0004       [2]    strncpy_cp_L0
0x0004       [2]    memcpy_ss_L0
0x0004       [2]    strcpy_cp_L0
0x0004       [1]    R4
0x0004       [2]    strncat_cp_L0
0x0005       [2]    memmove_ff_L0
0x0005       [1]    R5
0x0005       [2]    LongIntToHex_input_half_L0
0x0005       [2]    LongWordToHex_input_half_L0
0x0005       [2]    Ltrim_p_L0
0x0006       [1]    R6
0x0007       [1]    R7
0x0008       [1]    R8
0x0009       [1]    R9
0x000A       [1]    R10
0x000B       [1]    R11
0x000C       [1]    R12
0x000D       [1]    R13
0x000E       [1]    R14
0x000F       [1]    R15
0x0010       [1]    R16
0x0011       [1]    R17
0x0012       [1]    R18
0x0013       [1]    R19
0x0014       [1]    R20
0x0015       [7]    ?lstr1_parteB
0x001C       [2]    _clk
0x001E       [7]    ?lstr2_parteB
0x0025       [7]    ?lstr3_parteB
0x002C       [0]    __Lib_Lcd_cmd_status
0x002D       [1]    main_T_L0
0x002E       [7]    main_T_char_L0
0x0035       [7]    main_setpoint_temperatura_char_L0
0x003C       [1]    main_stato_accensione_L0
0x003D       [1]    main_RC0_VAL_L0
0x003E       [1]    main_RC0_OLD_L0
0x003F       [1]    main_setpoint_temperatura_L0
0x0040       [1]    main_RC3_VAL_L0
0x0041       [1]    main_RC3_OLD_L0
0x0042       [1]    main_RC4_VAL_L0
0x0043       [1]    main_RC4_OLD_L0
0x0044       [2]    main_adc_res_V_L0
0x0046       [2]    FARG_IntToStr_input
0x0046       [1]    FARG_Lcd_Out_row
0x0047       [1]    FARG_Lcd_Out_column
0x0048       [2]    FARG_IntToStr_output
0x0048       [2]    FARG_Lcd_Out_text
0x004A       [2]    IntToStr_i_L0
0x004A       [1]    Lcd_Out_i_L0
0x004C       [2]    IntToStr_negative_L0
0x004E       [2]    IntToStr_inword_L0
0x0050       [2]    FARG_WordToStr_input
0x0050       [1]    FARG_Lcd_Chr_CP_out_char
0x0052       [2]    FARG_WordToStr_output
0x0054       [1]    WordToStr_len_L0
0x0055       [2]    FLOC__WordToStr
0x0057       [1]    FARG_Lcd_Cmd_out_char
0x0F38       [1]    ANSELA
0x0F3A       [1]    ANSELC
0x0F3C       [1]    ANSELE
0x0F82       [1]    PORTC
0x0F8A       [0]    LATB3_bit
0x0F8A       [0]    LCD_D7
0x0F8A       [0]    LATB1_bit
0x0F8A       [0]    LATB5_bit
0x0F8A       [0]    LCD_D6
0x0F8A       [0]    LCD_RS
0x0F8A       [0]    LATB2_bit
0x0F8A       [0]    LCD_EN
0x0F8A       [0]    LCD_D5
0x0F8A       [0]    LCD_D4
0x0F8A       [0]    LATB4_bit
0x0F8A       [0]    LATB0_bit
0x0F8D       [1]    LATE
0x0F92       [1]    TRISA
0x0F93       [0]    TRISB3_bit
0x0F93       [0]    LCD_D4_Direction
0x0F93       [0]    TRISB0_bit
0x0F93       [0]    LCD_RS_Direction
0x0F93       [0]    TRISB4_bit
0x0F93       [0]    LCD_EN_Direction
0x0F93       [0]    TRISB1_bit
0x0F93       [0]    TRISB2_bit
0x0F93       [0]    LCD_D6_Direction
0x0F93       [0]    LCD_D5_Direction
0x0F93       [0]    TRISB5_bit
0x0F93       [0]    LCD_D7_Direction
0x0F94       [1]    TRISC
0x0F96       [1]    TRISE
0x0FC0       [1]    ADCON2
0x0FC2       [1]    ADCON0
0x0FC4       [1]    ADRESH
0x0FD5       [1]    T0CON
0x0FD8       [1]    STATUS
0x0FD9       [1]    FSR2L
0x0FDA       [1]    FSR2H
0x0FDE       [1]    POSTINC2
0x0FE0       [1]    BSR
0x0FE1       [1]    FSR1L
0x0FE2       [1]    FSR1H
0x0FE4       [1]    PREINC1
0x0FE6       [1]    POSTINC1
0x0FE7       [1]    INDF1
0x0FE8       [1]    WREG
0x0FE9       [1]    FSR0L
0x0FEA       [1]    FSR0H
0x0FEE       [1]    POSTINC0
0x0FF2       [1]    INTCON
0x0FF3       [1]    PRODL
0x0FF4       [1]    PRODH
0x0FF5       [1]    TABLAT
0x0FF6       [3]    TBLPTR
0x0FF6       [1]    TBLPTRL
0x0FF7       [1]    TBLPTRH
0x0FF8       [1]    TBLPTRU
//** Constants locations ** 
//ADDRESS    SIZE    CONSTANT
//----------------------------------------------
0x0710       [7]    ?ICS?lstr1_parteB
0x0717       [2]    ?ICS_clk
0x0719       [7]    ?ICS?lstr2_parteB
0x0720       [7]    ?ICS?lstr3_parteB
